#
# A fatal error has been detected by the Java Runtime Environment:
#
#  SIGBUS (0x7) at pc=0x00007f46c0b20982, pid=23600, tid=139939842307840
#
# JRE version: Java(TM) SE Runtime Environment (7.0_72-b14) (build 1.7.0_72-b14)
# Java VM: Java HotSpot(TM) 64-Bit Server VM (24.72-b04 mixed mode linux-amd64 compressed oops)
# Problematic frame:
# C  [libzip.so+0x4982]  newEntry+0x62
#
# Failed to write core dump. Core dumps have been disabled. To enable core dumping, try "ulimit -c unlimited" before starting Java again
#
# If you would like to submit a bug report, please visit:
#   http://bugreport.sun.com/bugreport/crash.jsp
# The crash happened outside the Java Virtual Machine in native code.
# See problematic frame for where to report the bug.
#

---------------  T H R E A D  ---------------

Current thread (0x00007f466c587000):  JavaThread "Thread-3" [_thread_in_native, id=23663, stack(0x00007f4648873000,0x00007f4648974000)]

siginfo:si_signo=SIGBUS: si_errno=0, si_code=2 (BUS_ADRERR), si_addr=0x00007f46c3942378

Registers:
RAX=0x00007f461c000f70, RBX=0x00007f46bc1718a0, RCX=0x00007f461c000020, RDX=0x00007f461c000f70
RSP=0x00007f4648970520, RBP=0x00007f4648970570, RSI=0x0000000000000000, RDI=0x0000000000000000
R8 =0x0000000000000003, R9 =0x0000000000000005, R10=0x00007f46b9012d6c, R11=0x00007f46c2eb9401
R12=0x00007f46c394235b, R13=0x00007f461c000f70, R14=0x000000005722564e, R15=0x00007f46bc16e3f0
RIP=0x00007f46c0b20982, EFLAGS=0x0000000000010202, CSGSFS=0x0000000000000033, ERR=0x0000000000000004
  TRAPNO=0x000000000000000e

Top of Stack: (sp=0x00007f4648970520)
0x00007f4648970520:   000000077e400c90 00007f4600000000
0x00007f4648970530:   00007f46489705b0 00007f46c269b2ec
0x00007f4648970540:   00007f461c000f70 00007f46bc1718a0
0x00007f4648970550:   00007f46bc16e3f0 00007f466c554740
0x00007f4648970560:   000000005722564e 00007f46489705d0
0x00007f4648970570:   00007f46489705b0 00007f46c0b210b0
0x00007f4648970580:   0000001d489705b0 00007f46489705d0
0x00007f4648970590:   000000000000001d 00007f466c5871e8
0x00007f46489705a0:   00007f46489705d0 00007f4648970aa8
0x00007f46489705b0:   00007f4648970a10 00007f46c0b1feed
0x00007f46489705c0:   0100000000000000 00007f46bc16e3f0
0x00007f46489705d0:   732f32682f67726f 626f4c2f65726f74
0x00007f46489705e0:   2e656761726f7453 0000007373616c63
0x00007f46489705f0:   00007f46c28a6841 00007f46c2da1150
0x00007f4648970600:   00007f46c2d7ef19 00007f46c2dad1c9
0x00007f4648970610:   00007f4648970c30 00007f4648970c20
0x00007f4648970620:   00007f46c2d7ef19 00007f46c28a6858
0x00007f4648970630:   00007f46c28a6841 00007f46c2d7b3da
0x00007f4648970640:   000000007f56c920 0000000000000000
0x00007f4648970650:   00007f4648970780 0000000000000000
0x00007f4648970660:   00000000000000c8 00007f4648970730
0x00007f4648970670:   00007f46489707a0 0000000000000000
0x00007f4648970680:   000000007f5c1c08 00007f4648970750
0x00007f4648970690:   0000000000000000 0000000000000000
0x00007f46489706a0:   000000007f5bd0e0 fffffffffffffffc
0x00007f46489706b0:   0000000a00000000 0000000000000501
0x00007f46489706c0:   0000000000000020 0000000000000000
0x00007f46489706d0:   0000000000000000 00007f4648970be4
0x00007f46489706e0:   0000000000000000 00007f4600000000
0x00007f46489706f0:   0000000000000000 0000000000000000
0x00007f4648970700:   0000000000000000 00007f46c2d7b3da
0x00007f4648970710:   ffffffffffffffff 0000000000000064 

Instructions: (pc=0x00007f46c0b20982)
0x00007f46c0b20962:   00 48 c7 40 28 00 00 00 00 41 80 7f 30 00 0f 84
0x00007f46c0b20972:   8a 02 00 00 4c 8b 63 08 4d 2b 67 28 4d 03 67 18
0x00007f46c0b20982:   41 0f b6 5c 24 1d 41 0f b6 44 24 1c c1 e3 08 09
0x00007f46c0b20992:   c3 41 0f b6 44 24 1e 88 45 bd 41 0f b6 54 24 20 

Register to memory mapping:

RAX=0x00007f461c000f70 is an unknown value
RBX=0x00007f46bc1718a0 is an unknown value
RCX=0x00007f461c000020 is an unknown value
RDX=0x00007f461c000f70 is an unknown value
RSP=0x00007f4648970520 is pointing into the stack for thread: 0x00007f466c587000
RBP=0x00007f4648970570 is pointing into the stack for thread: 0x00007f466c587000
RSI=0x0000000000000000 is an unknown value
RDI=0x0000000000000000 is an unknown value
R8 =0x0000000000000003 is an unknown value
R9 =0x0000000000000005 is an unknown value
R10=0x00007f46b9012d6c is at code_begin+620 in an Interpreter codelet
method entry point (kind = native)  [0x00007f46b9012b00, 0x00007f46b9013360]  2144 bytes
R11=0x00007f46c2eb9401: <offset 0x188401> in /lib/x86_64-linux-gnu/libc.so.6 at 0x00007f46c2d31000
R12=0x00007f46c394235b is an unknown value
R13=0x00007f461c000f70 is an unknown value
R14=0x000000005722564e is an unknown value
R15=0x00007f46bc16e3f0 is an unknown value


Stack: [0x00007f4648873000,0x00007f4648974000],  sp=0x00007f4648970520,  free space=1013k
Native frames: (J=compiled Java code, j=interpreted, Vv=VM code, C=native code)
C  [libzip.so+0x4982]  newEntry+0x62
C  [libzip.so+0x50b0]  ZIP_GetEntry+0xd0
C  [libzip.so+0x3eed]  Java_java_util_zip_ZipFile_getEntry+0xad
j  java.util.zip.ZipFile.getEntry(J[BZ)J+0
j  java.util.zip.ZipFile.getEntry(Ljava/lang/String;)Ljava/util/zip/ZipEntry;+38
j  java.util.jar.JarFile.getEntry(Ljava/lang/String;)Ljava/util/zip/ZipEntry;+2
j  java.util.jar.JarFile.getJarEntry(Ljava/lang/String;)Ljava/util/jar/JarEntry;+2
j  sun.misc.URLClassPath$JarLoader.getResource(Ljava/lang/String;Z)Lsun/misc/Resource;+48
j  sun.misc.URLClassPath.getResource(Ljava/lang/String;Z)Lsun/misc/Resource;+53
j  java.net.URLClassLoader$1.run()Ljava/lang/Class;+26
j  java.net.URLClassLoader$1.run()Ljava/lang/Object;+1
v  ~StubRoutines::call_stub
V  [libjvm.so+0x6000f5]  JavaCalls::call_helper(JavaValue*, methodHandle*, JavaCallArguments*, Thread*)+0x365
V  [libjvm.so+0x5feb58]  JavaCalls::call(JavaValue*, methodHandle, JavaCallArguments*, Thread*)+0x28
V  [libjvm.so+0x6857f4]  JVM_DoPrivileged+0x2a4
j  java.security.AccessController.doPrivileged(Ljava/security/PrivilegedExceptionAction;Ljava/security/AccessControlContext;)Ljava/lang/Object;+0
j  java.net.URLClassLoader.findClass(Ljava/lang/String;)Ljava/lang/Class;+13
j  java.lang.ClassLoader.loadClass(Ljava/lang/String;Z)Ljava/lang/Class;+70
j  sun.misc.Launcher$AppClassLoader.loadClass(Ljava/lang/String;Z)Ljava/lang/Class;+36
j  java.lang.ClassLoader.loadClass(Ljava/lang/String;)Ljava/lang/Class;+3
v  ~StubRoutines::call_stub
V  [libjvm.so+0x6000f5]  JavaCalls::call_helper(JavaValue*, methodHandle*, JavaCallArguments*, Thread*)+0x365
V  [libjvm.so+0x5feb58]  JavaCalls::call(JavaValue*, methodHandle, JavaCallArguments*, Thread*)+0x28
V  [libjvm.so+0x5fee27]  JavaCalls::call_virtual(JavaValue*, KlassHandle, Symbol*, Symbol*, JavaCallArguments*, Thread*)+0x197
V  [libjvm.so+0x5feef6]  JavaCalls::call_virtual(JavaValue*, Handle, KlassHandle, Symbol*, Symbol*, Handle, Thread*)+0x56
V  [libjvm.so+0x923539]  SystemDictionary::load_instance_class(Symbol*, Handle, Thread*)+0x419
V  [libjvm.so+0x923ce1]  SystemDictionary::resolve_instance_class_or_null(Symbol*, Handle, Handle, Thread*)+0x791
V  [libjvm.so+0x924144]  SystemDictionary::resolve_or_null(Symbol*, Handle, Handle, Thread*)+0x54
V  [libjvm.so+0x925224]  SystemDictionary::resolve_or_fail(Symbol*, Handle, Handle, bool, Thread*)+0x34
V  [libjvm.so+0x490f48]  constantPoolOopDesc::klass_at_impl(constantPoolHandle, int, Thread*)+0x278
V  [libjvm.so+0x5f8084]  InterpreterRuntime::_new(JavaThread*, constantPoolOopDesc*, int)+0x74
j  org.h2.engine.Database.getLobStorage()Lorg/h2/store/LobStorage;+8
j  org.h2.engine.Database.close(Z)V+436
j  org.h2.engine.DatabaseCloser.run()V+88
v  ~StubRoutines::call_stub
V  [libjvm.so+0x6000f5]  JavaCalls::call_helper(JavaValue*, methodHandle*, JavaCallArguments*, Thread*)+0x365
V  [libjvm.so+0x5feb58]  JavaCalls::call(JavaValue*, methodHandle, JavaCallArguments*, Thread*)+0x28
V  [libjvm.so+0x5fee27]  JavaCalls::call_virtual(JavaValue*, KlassHandle, Symbol*, Symbol*, JavaCallArguments*, Thread*)+0x197
V  [libjvm.so+0x5fef47]  JavaCalls::call_virtual(JavaValue*, Handle, KlassHandle, Symbol*, Symbol*, Thread*)+0x47
V  [libjvm.so+0x67bf65]  thread_entry(JavaThread*, Thread*)+0xe5
V  [libjvm.so+0x95a08f]  JavaThread::thread_main_inner()+0xdf
V  [libjvm.so+0x95a195]  JavaThread::run()+0xf5
V  [libjvm.so+0x820c28]  java_start(Thread*)+0x108

Java frames: (J=compiled Java code, j=interpreted, Vv=VM code)
j  java.util.zip.ZipFile.getEntry(J[BZ)J+0
j  java.util.zip.ZipFile.getEntry(Ljava/lang/String;)Ljava/util/zip/ZipEntry;+38
j  java.util.jar.JarFile.getEntry(Ljava/lang/String;)Ljava/util/zip/ZipEntry;+2
j  java.util.jar.JarFile.getJarEntry(Ljava/lang/String;)Ljava/util/jar/JarEntry;+2
j  sun.misc.URLClassPath$JarLoader.getResource(Ljava/lang/String;Z)Lsun/misc/Resource;+48
j  sun.misc.URLClassPath.getResource(Ljava/lang/String;Z)Lsun/misc/Resource;+53
j  java.net.URLClassLoader$1.run()Ljava/lang/Class;+26
j  java.net.URLClassLoader$1.run()Ljava/lang/Object;+1
v  ~StubRoutines::call_stub
j  java.security.AccessController.doPrivileged(Ljava/security/PrivilegedExceptionAction;Ljava/security/AccessControlContext;)Ljava/lang/Object;+0
j  java.net.URLClassLoader.findClass(Ljava/lang/String;)Ljava/lang/Class;+13
j  java.lang.ClassLoader.loadClass(Ljava/lang/String;Z)Ljava/lang/Class;+70
j  sun.misc.Launcher$AppClassLoader.loadClass(Ljava/lang/String;Z)Ljava/lang/Class;+36
j  java.lang.ClassLoader.loadClass(Ljava/lang/String;)Ljava/lang/Class;+3
v  ~StubRoutines::call_stub
j  org.h2.engine.Database.getLobStorage()Lorg/h2/store/LobStorage;+8
j  org.h2.engine.Database.close(Z)V+436
j  org.h2.engine.DatabaseCloser.run()V+88
v  ~StubRoutines::call_stub

---------------  P R O C E S S  ---------------

Java Threads: ( => current thread )
=>0x00007f466c587000 JavaThread "Thread-3" [_thread_in_native, id=23663, stack(0x00007f4648873000,0x00007f4648974000)]
  0x00007f466c376000 JavaThread "process reaper" daemon [_thread_in_native, id=23661, stack(0x00007f4648974000,0x00007f46489ad000)]
  0x00007f466c518800 JavaThread "Keep-Alive-Timer" daemon [_thread_blocked, id=23659, stack(0x00007f46557aa000,0x00007f46558ab000)]
  0x00007f466c441800 JavaThread "Direct Clip" daemon [_thread_blocked, id=23648, stack(0x00007f4655efb000,0x00007f4655ffc000)]
  0x00007f466c436800 JavaThread "Direct Clip" daemon [_thread_blocked, id=23645, stack(0x00007f465c090000,0x00007f465c191000)]
  0x00007f466c42b000 JavaThread "Direct Clip" daemon [_thread_blocked, id=23642, stack(0x00007f465c191000,0x00007f465c292000)]
  0x00007f466c422800 JavaThread "Direct Clip" daemon [_thread_blocked, id=23639, stack(0x00007f465df47000,0x00007f465e048000)]
  0x00007f466c41b800 JavaThread "Java Sound Event Dispatcher" daemon [_thread_blocked, id=23637, stack(0x00007f465e048000,0x00007f465e149000)]
  0x00007f466c3a1800 JavaThread "TimerQueue" daemon [_thread_blocked, id=23623, stack(0x00007f465eb60000,0x00007f465ec61000)]
  0x00007f466c126000 JavaThread "Timer-0" [_thread_blocked, id=23621, stack(0x00007f46a4832000,0x00007f46a4933000)]
  0x00007f466c147000 JavaThread "H2 Log Writer PUZZLETIMER" daemon [_thread_blocked, id=23620, stack(0x00007f46a4933000,0x00007f46a4a34000)]
  0x00007f466c066800 JavaThread "H2 File Lock Watchdog /home/aymen/prisma/puzzletimer.lock.db" daemon [_thread_blocked, id=23619, stack(0x00007f46a4e5c000,0x00007f46a4f5d000)]
  0x00007f46bc00a000 JavaThread "DestroyJavaVM" [_thread_blocked, id=23601, stack(0x00007f46c382c000,0x00007f46c392d000)]
  0x00007f46bc260800 JavaThread "AWT-EventQueue-0" [_thread_blocked, id=23617, stack(0x00007f46a4f5d000,0x00007f46a505e000)]
  0x00007f46bc25e800 JavaThread "AWT-Shutdown" [_thread_blocked, id=23616, stack(0x00007f46a505e000,0x00007f46a515f000)]
  0x00007f46bc25b000 JavaThread "AWT-XAWT" daemon [_thread_in_native, id=23615, stack(0x00007f46a515f000,0x00007f46a5260000)]
  0x00007f46bc23b800 JavaThread "Java2D Disposer" daemon [_thread_blocked, id=23614, stack(0x00007f46a5670000,0x00007f46a5771000)]
  0x00007f46bc160000 JavaThread "Service Thread" daemon [_thread_blocked, id=23612, stack(0x00007f46a6f29000,0x00007f46a702a000)]
  0x00007f46bc15d800 JavaThread "C2 CompilerThread1" daemon [_thread_blocked, id=23611, stack(0x00007f46a702a000,0x00007f46a712b000)]
  0x00007f46bc15a800 JavaThread "C2 CompilerThread0" daemon [_thread_blocked, id=23610, stack(0x00007f46a712b000,0x00007f46a722c000)]
  0x00007f46bc158800 JavaThread "Signal Dispatcher" daemon [_thread_blocked, id=23609, stack(0x00007f46a722c000,0x00007f46a732d000)]
  0x00007f46bc137000 JavaThread "Finalizer" daemon [_thread_blocked, id=23608, stack(0x00007f46a75f6000,0x00007f46a76f7000)]
  0x00007f46bc135000 JavaThread "Reference Handler" daemon [_thread_blocked, id=23607, stack(0x00007f46a76f7000,0x00007f46a77f8000)]

Other Threads:
  0x00007f46bc130800 VMThread [stack: 0x00007f46a77f8000,0x00007f46a78f9000] [id=23606]
  0x00007f46bc16a800 WatcherThread [stack: 0x00007f46a6e28000,0x00007f46a6f29000] [id=23613]

VM state:not at safepoint (normal execution)

VM Mutex/Monitor currently owned by a thread: None

Heap
 PSYoungGen      total 69632K, used 37694K [0x00000007d6700000, 0x00000007db000000, 0x0000000800000000)
  eden space 64512K, 50% used [0x00000007d6700000,0x00000007d86d5ad8,0x00000007da600000)
  from space 5120K, 99% used [0x00000007dab00000,0x00000007daff9e30,0x00000007db000000)
  to   space 5120K, 0% used [0x00000007da600000,0x00000007da600000,0x00000007dab00000)
 ParOldGen       total 84992K, used 41925K [0x0000000783600000, 0x0000000788900000, 0x00000007d6700000)
  object space 84992K, 49% used [0x0000000783600000,0x0000000785ef1588,0x0000000788900000)
 PSPermGen       total 24064K, used 23896K [0x000000077e400000, 0x000000077fb80000, 0x0000000783600000)
  object space 24064K, 99% used [0x000000077e400000,0x000000077fb562c8,0x000000077fb80000)

Card table byte_map: [0x00007f46c070d000,0x00007f46c0b1c000] byte_map_base: 0x00007f46bcb1b000

Polling page: 0x00007f46c394f000

Code Cache  [0x00007f46b9000000, 0x00007f46b9270000, 0x00007f46bc000000)
 total_blobs=866 nmethods=261 adapters=558 free_code_cache=47958Kb largest_free_block=49070464

Compilation events (10 events):
Event: 24.993 Thread 0x00007f46bc15d800  265             sun.security.ssl.CipherBox::checkPadding (99 bytes)
Event: 25.001 Thread 0x00007f46bc15d800 nmethod 265 0x00007f46b9087e90 code [0x00007f46b9087fe0, 0x00007f46b90882f8]
Event: 25.466 Thread 0x00007f46bc15a800  267             sun.security.ssl.InputRecord::compareMacTags (60 bytes)
Event: 25.472 Thread 0x00007f46bc15a800 nmethod 267 0x00007f46b9131710 code [0x00007f46b9131860, 0x00007f46b9131a98]
Event: 25.516 Thread 0x00007f46bc15d800  268             sun.nio.cs.UTF_8$Encoder::encodeArrayLoop (489 bytes)
Event: 25.530 Thread 0x00007f46bc15d800 nmethod 268 0x00007f46b912fe90 code [0x00007f46b91300a0, 0x00007f46b9130c90]
Event: 25.569 Thread 0x00007f46bc15a800  269             sun.security.provider.ByteArrayAccess::i2bBig (204 bytes)
Event: 25.573 Thread 0x00007f46bc15a800 nmethod 269 0x00007f46b90b0a90 code [0x00007f46b90b0be0, 0x00007f46b90b0e38]
Event: 25.579 Thread 0x00007f46bc15d800  270             java.net.URI$Parser::scan (73 bytes)
Event: 25.582 Thread 0x00007f46bc15d800 nmethod 270 0x00007f46b90af050 code [0x00007f46b90af1a0, 0x00007f46b90af368]

GC Heap History (4 events):
Event: 0.505 GC heap before
{Heap before GC invocations=1 (full 0):
 PSYoungGen      total 37376K, used 32256K [0x00000007d6700000, 0x00000007d9080000, 0x0000000800000000)
  eden space 32256K, 100% used [0x00000007d6700000,0x00000007d8680000,0x00000007d8680000)
  from space 5120K, 0% used [0x00000007d8b80000,0x00000007d8b80000,0x00000007d9080000)
  to   space 5120K, 0% used [0x00000007d8680000,0x00000007d8680000,0x00000007d8b80000)
 ParOldGen       total 84992K, used 0K [0x0000000783600000, 0x0000000788900000, 0x00000007d6700000)
  object space 84992K, 0% used [0x0000000783600000,0x0000000783600000,0x0000000788900000)
 PSPermGen       total 21504K, used 9044K [0x000000077e400000, 0x000000077f900000, 0x0000000783600000)
  object space 21504K, 42% used [0x000000077e400000,0x000000077ecd53a0,0x000000077f900000)
Event: 0.515 GC heap after
Heap after GC invocations=1 (full 0):
 PSYoungGen      total 37376K, used 5095K [0x00000007d6700000, 0x00000007db000000, 0x0000000800000000)
  eden space 32256K, 0% used [0x00000007d6700000,0x00000007d6700000,0x00000007d8680000)
  from space 5120K, 99% used [0x00000007d8680000,0x00000007d8b79e30,0x00000007d8b80000)
  to   space 5120K, 0% used [0x00000007dab00000,0x00000007dab00000,0x00000007db000000)
 ParOldGen       total 84992K, used 14982K [0x0000000783600000, 0x0000000788900000, 0x00000007d6700000)
  object space 84992K, 17% used [0x0000000783600000,0x00000007844a1a48,0x0000000788900000)
 PSPermGen       total 21504K, used 9044K [0x000000077e400000, 0x000000077f900000, 0x0000000783600000)
  object space 21504K, 42% used [0x000000077e400000,0x000000077ecd53a0,0x000000077f900000)
}
Event: 1.887 GC heap before
{Heap before GC invocations=2 (full 0):
 PSYoungGen      total 37376K, used 37351K [0x00000007d6700000, 0x00000007db000000, 0x0000000800000000)
  eden space 32256K, 100% used [0x00000007d6700000,0x00000007d8680000,0x00000007d8680000)
  from space 5120K, 99% used [0x00000007d8680000,0x00000007d8b79e30,0x00000007d8b80000)
  to   space 5120K, 0% used [0x00000007dab00000,0x00000007dab00000,0x00000007db000000)
 ParOldGen       total 84992K, used 14982K [0x0000000783600000, 0x0000000788900000, 0x00000007d6700000)
  object space 84992K, 17% used [0x0000000783600000,0x00000007844a1a48,0x0000000788900000)
 PSPermGen       total 21504K, used 18071K [0x000000077e400000, 0x000000077f900000, 0x0000000783600000)
  object space 21504K, 84% used [0x000000077e400000,0x000000077f5a5fa0,0x000000077f900000)
Event: 1.902 GC heap after
Heap after GC invocations=2 (full 0):
 PSYoungGen      total 69632K, used 5095K [0x00000007d6700000, 0x00000007db000000, 0x0000000800000000)
  eden space 64512K, 0% used [0x00000007d6700000,0x00000007d6700000,0x00000007da600000)
  from space 5120K, 99% used [0x00000007dab00000,0x00000007daff9e30,0x00000007db000000)
  to   space 5120K, 0% used [0x00000007da600000,0x00000007da600000,0x00000007dab00000)
 ParOldGen       total 84992K, used 41925K [0x0000000783600000, 0x0000000788900000, 0x00000007d6700000)
  object space 84992K, 49% used [0x0000000783600000,0x0000000785ef1588,0x0000000788900000)
 PSPermGen       total 21504K, used 18071K [0x000000077e400000, 0x000000077f900000, 0x0000000783600000)
  object space 21504K, 84% used [0x000000077e400000,0x000000077f5a5fa0,0x000000077f900000)
}

Deoptimization events (10 events):
Event: 2.744 Thread 0x00007f46bc260800 Uncommon trap: reason=class_check action=maybe_recompile pc=0x00007f46b90f1f64 method=java.io.DataInputStream.readChar()C @ 4
Event: 2.744 Thread 0x00007f46bc260800 Uncommon trap: reason=class_check action=maybe_recompile pc=0x00007f46b90f1f64 method=java.io.DataInputStream.readChar()C @ 4
Event: 2.744 Thread 0x00007f46bc260800 Uncommon trap: reason=class_check action=maybe_recompile pc=0x00007f46b90f1f64 method=java.io.DataInputStream.readChar()C @ 4
Event: 2.748 Thread 0x00007f46bc260800 Uncommon trap: reason=class_check action=maybe_recompile pc=0x00007f46b90e0988 method=java.lang.Character.toUpperCaseEx(I)I @ 26
Event: 2.748 Thread 0x00007f46bc260800 Uncommon trap: reason=class_check action=maybe_recompile pc=0x00007f46b90e0988 method=java.lang.Character.toUpperCaseEx(I)I @ 26
Event: 2.749 Thread 0x00007f46bc260800 Uncommon trap: reason=class_check action=maybe_recompile pc=0x00007f46b90e0988 method=java.lang.Character.toUpperCaseEx(I)I @ 26
Event: 2.817 Thread 0x00007f46bc260800 Uncommon trap: reason=unreached action=reinterpret pc=0x00007f46b90de5e4 method=java.util.Arrays.equals([B[B)Z @ 12
Event: 3.249 Thread 0x00007f46bc260800 Uncommon trap: reason=class_check action=maybe_recompile pc=0x00007f46b90eeefc method=java.io.DataInputStream.readInt()I @ 4
Event: 3.382 Thread 0x00007f46bc260800 Uncommon trap: reason=unreached action=reinterpret pc=0x00007f46b9120b48 method=sun.awt.image.ByteInterleavedRaster.getDataElements(IILjava/lang/Object;)Ljava/lang/Object; @ 43
Event: 3.389 Thread 0x00007f46bc260800 Uncommon trap: reason=unreached action=reinterpret pc=0x00007f46b90abbd4 method=javax.swing.JComponent.getClientProperty(Ljava/lang/Object;)Ljava/lang/Object; @ 16

Internal exceptions (10 events):
Event: 2.817 Thread 0x00007f46bc260800 Implicit null exception at 0x00007f46b90de4b8 to 0x00007f46b90de5d1
Event: 3.079 Thread 0x00007f46bc260800 Threw 0x00000007d7ee97a0 at /HUDSON/workspace/7u-2-build-linux-amd64/jdk7u72/1606/hotspot/src/share/vm/prims/jvm.cpp:1281
Event: 3.080 Thread 0x00007f46bc260800 Threw 0x00000007d7ef2358 at /HUDSON/workspace/7u-2-build-linux-amd64/jdk7u72/1606/hotspot/src/share/vm/prims/jvm.cpp:1281
Event: 3.081 Thread 0x00007f46bc260800 Threw 0x00000007d7ef3e30 at /HUDSON/workspace/7u-2-build-linux-amd64/jdk7u72/1606/hotspot/src/share/vm/prims/jvm.cpp:1281
Event: 3.082 Thread 0x00007f46bc260800 Threw 0x00000007d7ef8bf0 at /HUDSON/workspace/7u-2-build-linux-amd64/jdk7u72/1606/hotspot/src/share/vm/prims/jvm.cpp:1281
Event: 3.083 Thread 0x00007f46bc260800 Threw 0x00000007d7f09238 at /HUDSON/workspace/7u-2-build-linux-amd64/jdk7u72/1606/hotspot/src/share/vm/prims/jvm.cpp:1281
Event: 3.382 Thread 0x00007f46bc260800 Implicit null exception at 0x00007f46b9120980 to 0x00007f46b9120b2d
Event: 3.430 Thread 0x00007f46bc260800 Threw 0x00000007d813db30 at /HUDSON/workspace/7u-2-build-linux-amd64/jdk7u72/1606/hotspot/src/share/vm/prims/jni.cpp:743
Event: 22.021 Thread 0x00007f46bc260800 Threw 0x00000007d81531c8 at /HUDSON/workspace/7u-2-build-linux-amd64/jdk7u72/1606/hotspot/src/share/vm/prims/jvm.cpp:1281
Event: 25.585 Thread 0x00007f466c587000 Threw 0x00000007d86354c0 at /HUDSON/workspace/7u-2-build-linux-amd64/jdk7u72/1606/hotspot/src/share/vm/prims/jvm.cpp:1281

Events (10 events):
Event: 25.584 Executing VM operation: Deoptimize done
Event: 25.584 Thread 0x00007f466c376000 Thread added: 0x00007f466c376000
Event: 25.584 Thread 0x00007f466c59e800 Thread added: 0x00007f466c59e800
Event: 25.584 Thread 0x00007f466c587000 Thread added: 0x00007f466c587000
Event: 25.584 loading class 0x00007f46bc1b4160
Event: 25.584 loading class 0x00007f469002e370
Event: 25.584 loading class 0x00007f469002e370 done
Event: 25.584 loading class 0x00007f46bc1b4160 done
Event: 25.585 loading class 0x00007f466c011690
Event: 25.585 loading class 0x00007f466c011690 done


Dynamic libraries:
00400000-00401000 r-xp 00000000 08:07 1065546                            /usr/lib/jvm/java-7-oracle/bin/java
00600000-00601000 rw-p 00000000 08:07 1065546                            /usr/lib/jvm/java-7-oracle/bin/java
018ea000-0190b000 rw-p 00000000 00:00 0                                  [heap]
77e400000-77fb80000 rw-p 00000000 00:00 0 
77fb80000-783600000 rw-p 00000000 00:00 0 
783600000-788900000 rw-p 00000000 00:00 0 
788900000-7d6700000 rw-p 00000000 00:00 0 
7d6700000-7db000000 rw-p 00000000 00:00 0 
7db000000-800000000 rw-p 00000000 00:00 0 
7f4602df9000-7f4608000000 r--p 00000000 08:07 1440605                    /usr/share/icons/gnome/icon-theme.cache
7f4608000000-7f4608021000 rw-p 00000000 00:00 0 
7f4608021000-7f460c000000 ---p 00000000 00:00 0 
7f4610000000-7f4610021000 rw-p 00000000 00:00 0 
7f4610021000-7f4614000000 ---p 00000000 00:00 0 
7f4617fff000-7f461c000000 rw-s 00000000 00:14 1174732                    /run/shm/pulse-shm-3703741912
7f461c000000-7f461c0e6000 rw-p 00000000 00:00 0 
7f461c0e6000-7f4620000000 ---p 00000000 00:00 0 
7f4623fff000-7f4628000000 rw-s 00000000 00:14 1174722                    /run/shm/pulse-shm-4035618521
7f4628000000-7f4628021000 rw-p 00000000 00:00 0 
7f4628021000-7f462c000000 ---p 00000000 00:00 0 
7f462c000000-7f462c021000 rw-p 00000000 00:00 0 
7f462c021000-7f4630000000 ---p 00000000 00:00 0 
7f4630000000-7f4630021000 rw-p 00000000 00:00 0 
7f4630021000-7f4634000000 ---p 00000000 00:00 0 
7f4637fff000-7f463c000000 rw-s 00000000 00:14 1174711                    /run/shm/pulse-shm-486078902
7f463c000000-7f463c021000 rw-p 00000000 00:00 0 
7f463c021000-7f4640000000 ---p 00000000 00:00 0 
7f4640000000-7f4640021000 rw-p 00000000 00:00 0 
7f4640021000-7f4644000000 ---p 00000000 00:00 0 
7f4644000000-7f4644021000 rw-p 00000000 00:00 0 
7f4644021000-7f4648000000 ---p 00000000 00:00 0 
7f4648707000-7f4648873000 rw-p 00000000 00:00 0 
7f4648873000-7f4648876000 ---p 00000000 00:00 0 
7f4648876000-7f4648974000 rw-p 00000000 00:00 0                          [stack:23663]
7f4648974000-7f4648977000 ---p 00000000 00:00 0 
7f4648977000-7f46489ad000 rw-p 00000000 00:00 0                          [stack:23661]
7f46489ad000-7f46489b1000 r-xp 00000000 08:07 1308435                    /usr/lib/x86_64-linux-gnu/gdk-pixbuf-2.0/2.10.0/loaders/libpixbufloader-png.so
7f46489b1000-7f4648bb1000 ---p 00004000 08:07 1308435                    /usr/lib/x86_64-linux-gnu/gdk-pixbuf-2.0/2.10.0/loaders/libpixbufloader-png.so
7f4648bb1000-7f4648bb2000 r--p 00004000 08:07 1308435                    /usr/lib/x86_64-linux-gnu/gdk-pixbuf-2.0/2.10.0/loaders/libpixbufloader-png.so
7f4648bb2000-7f4648bb3000 rw-p 00005000 08:07 1308435                    /usr/lib/x86_64-linux-gnu/gdk-pixbuf-2.0/2.10.0/loaders/libpixbufloader-png.so
7f4648bb3000-7f4648bd4000 r-xp 00000000 08:07 3406347                    /lib/x86_64-linux-gnu/liblzma.so.5.0.0
7f4648bd4000-7f4648dd3000 ---p 00021000 08:07 3406347                    /lib/x86_64-linux-gnu/liblzma.so.5.0.0
7f4648dd3000-7f4648dd4000 r--p 00020000 08:07 3406347                    /lib/x86_64-linux-gnu/liblzma.so.5.0.0
7f4648dd4000-7f4648dd5000 rw-p 00021000 08:07 3406347                    /lib/x86_64-linux-gnu/liblzma.so.5.0.0
7f4648dd5000-7f4648f31000 r-xp 00000000 08:07 789024                     /usr/lib/x86_64-linux-gnu/libxml2.so.2.9.1
7f4648f31000-7f4649130000 ---p 0015c000 08:07 789024                     /usr/lib/x86_64-linux-gnu/libxml2.so.2.9.1
7f4649130000-7f4649138000 r--p 0015b000 08:07 789024                     /usr/lib/x86_64-linux-gnu/libxml2.so.2.9.1
7f4649138000-7f464913a000 rw-p 00163000 08:07 789024                     /usr/lib/x86_64-linux-gnu/libxml2.so.2.9.1
7f464913a000-7f464913b000 rw-p 00000000 00:00 0 
7f464913b000-7f4649173000 r-xp 00000000 08:07 792099                     /usr/lib/x86_64-linux-gnu/libcroco-0.6.so.3.0.1
7f4649173000-7f4649372000 ---p 00038000 08:07 792099                     /usr/lib/x86_64-linux-gnu/libcroco-0.6.so.3.0.1
7f4649372000-7f4649375000 r--p 00037000 08:07 792099                     /usr/lib/x86_64-linux-gnu/libcroco-0.6.so.3.0.1
7f4649375000-7f4649376000 rw-p 0003a000 08:07 792099                     /usr/lib/x86_64-linux-gnu/libcroco-0.6.so.3.0.1
7f4649376000-7f46493aa000 r-xp 00000000 08:07 792848                     /usr/lib/x86_64-linux-gnu/librsvg-2.so.2.40.2
7f46493aa000-7f46495a9000 ---p 00034000 08:07 792848                     /usr/lib/x86_64-linux-gnu/librsvg-2.so.2.40.2
7f46495a9000-7f46495aa000 r--p 00033000 08:07 792848                     /usr/lib/x86_64-linux-gnu/librsvg-2.so.2.40.2
7f46495aa000-7f46495ab000 rw-p 00034000 08:07 792848                     /usr/lib/x86_64-linux-gnu/librsvg-2.so.2.40.2
7f46495ab000-7f46495ad000 r-xp 00000000 08:07 1308439                    /usr/lib/x86_64-linux-gnu/gdk-pixbuf-2.0/2.10.0/loaders/libpixbufloader-svg.so
7f46495ad000-7f46497ac000 ---p 00002000 08:07 1308439                    /usr/lib/x86_64-linux-gnu/gdk-pixbuf-2.0/2.10.0/loaders/libpixbufloader-svg.so
7f46497ac000-7f46497ad000 r--p 00001000 08:07 1308439                    /usr/lib/x86_64-linux-gnu/gdk-pixbuf-2.0/2.10.0/loaders/libpixbufloader-svg.so
7f46497ad000-7f46497ae000 rw-p 00002000 08:07 1308439                    /usr/lib/x86_64-linux-gnu/gdk-pixbuf-2.0/2.10.0/loaders/libpixbufloader-svg.so
7f46497ae000-7f46497af000 ---p 00000000 00:00 0 
7f46497af000-7f4649faf000 rw-p 00000000 00:00 0                          [stack:23651]
7f4649faf000-7f4649fb7000 r-xp 00000000 08:07 3406362                    /lib/x86_64-linux-gnu/libnih-dbus.so.1.0.0
7f4649fb7000-7f464a1b7000 ---p 00008000 08:07 3406362                    /lib/x86_64-linux-gnu/libnih-dbus.so.1.0.0
7f464a1b7000-7f464a1b8000 r--p 00008000 08:07 3406362                    /lib/x86_64-linux-gnu/libnih-dbus.so.1.0.0
7f464a1b8000-7f464a1b9000 rw-p 00009000 08:07 3406362                    /lib/x86_64-linux-gnu/libnih-dbus.so.1.0.0
7f464a1b9000-7f464a1d0000 r-xp 00000000 08:07 3406364                    /lib/x86_64-linux-gnu/libnih.so.1.0.0
7f464a1d0000-7f464a3cf000 ---p 00017000 08:07 3406364                    /lib/x86_64-linux-gnu/libnih.so.1.0.0
7f464a3cf000-7f464a3d0000 r--p 00016000 08:07 3406364                    /lib/x86_64-linux-gnu/libnih.so.1.0.0
7f464a3d0000-7f464a3d1000 rw-p 00017000 08:07 3406364                    /lib/x86_64-linux-gnu/libnih.so.1.0.0
7f464a3d1000-7f464bfff000 r--p 00000000 08:07 1575899                    /usr/share/icons/hicolor/icon-theme.cache
7f464bfff000-7f4650000000 rw-s 00000000 00:14 1173441                    /run/shm/pulse-shm-2776978320
7f4650000000-7f4650021000 rw-p 00000000 00:00 0 
7f4650021000-7f4654000000 ---p 00000000 00:00 0 
7f4654024000-7f4654061000 rw-s 00000000 00:04 20578331                   /SYSV00000000 (deleted)
7f4654061000-7f465407a000 r-xp 00000000 08:07 3402200                    /lib/x86_64-linux-gnu/libcgmanager.so.0.0.0
7f465407a000-7f4654279000 ---p 00019000 08:07 3402200                    /lib/x86_64-linux-gnu/libcgmanager.so.0.0.0
7f4654279000-7f465427b000 r--p 00018000 08:07 3402200                    /lib/x86_64-linux-gnu/libcgmanager.so.0.0.0
7f465427b000-7f465427c000 rw-p 0001a000 08:07 3402200                    /lib/x86_64-linux-gnu/libcgmanager.so.0.0.0
7f465427c000-7f465428c000 r-xp 00000000 08:07 3406448                    /lib/x86_64-linux-gnu/libudev.so.1.3.5
7f465428c000-7f465448b000 ---p 00010000 08:07 3406448                    /lib/x86_64-linux-gnu/libudev.so.1.3.5
7f465448b000-7f465448c000 r--p 0000f000 08:07 3406448                    /lib/x86_64-linux-gnu/libudev.so.1.3.5
7f465448c000-7f465448d000 rw-p 00010000 08:07 3406448                    /lib/x86_64-linux-gnu/libudev.so.1.3.5
7f465448d000-7f46544c1000 r-xp 00000000 08:07 1188185                    /usr/lib/x86_64-linux-gnu/gvfs/libgvfscommon.so
7f46544c1000-7f46546c1000 ---p 00034000 08:07 1188185                    /usr/lib/x86_64-linux-gnu/gvfs/libgvfscommon.so
7f46546c1000-7f46546c6000 r--p 00034000 08:07 1188185                    /usr/lib/x86_64-linux-gnu/gvfs/libgvfscommon.so
7f46546c6000-7f46546c7000 rw-p 00039000 08:07 1188185                    /usr/lib/x86_64-linux-gnu/gvfs/libgvfscommon.so
7f46546c7000-7f46546f6000 r-xp 00000000 08:07 1308452                    /usr/lib/x86_64-linux-gnu/gio/modules/libgvfsdbus.so
7f46546f6000-7f46548f6000 ---p 0002f000 08:07 1308452                    /usr/lib/x86_64-linux-gnu/gio/modules/libgvfsdbus.so
7f46548f6000-7f46548f7000 r--p 0002f000 08:07 1308452                    /usr/lib/x86_64-linux-gnu/gio/modules/libgvfsdbus.so
7f46548f7000-7f46548f8000 rw-p 00030000 08:07 1308452                    /usr/lib/x86_64-linux-gnu/gio/modules/libgvfsdbus.so
7f46548f8000-7f46548f9000 rw-p 00000000 00:00 0 
7f46548f9000-7f46557aa000 r--p 00000000 08:07 1443061                    /usr/share/icons/Mint-X/icon-theme.cache
7f46557aa000-7f46557ad000 ---p 00000000 00:00 0 
7f46557ad000-7f46558ab000 rw-p 00000000 00:00 0                          [stack:23659]
7f46558ab000-7f46558b0000 r-xp 00000000 08:07 3406375                    /lib/x86_64-linux-gnu/libnss_dns-2.19.so
7f46558b0000-7f4655aaf000 ---p 00005000 08:07 3406375                    /lib/x86_64-linux-gnu/libnss_dns-2.19.so
7f4655aaf000-7f4655ab0000 r--p 00004000 08:07 3406375                    /lib/x86_64-linux-gnu/libnss_dns-2.19.so
7f4655ab0000-7f4655ab1000 rw-p 00005000 08:07 3406375                    /lib/x86_64-linux-gnu/libnss_dns-2.19.so
7f4655ab1000-7f4655ab3000 r-xp 00000000 08:07 3406381                    /lib/x86_64-linux-gnu/libnss_mdns4_minimal.so.2
7f4655ab3000-7f4655cb2000 ---p 00002000 08:07 3406381                    /lib/x86_64-linux-gnu/libnss_mdns4_minimal.so.2
7f4655cb2000-7f4655cb3000 r--p 00001000 08:07 3406381                    /lib/x86_64-linux-gnu/libnss_mdns4_minimal.so.2
7f4655cb3000-7f4655cb4000 rw-p 00002000 08:07 3406381                    /lib/x86_64-linux-gnu/libnss_mdns4_minimal.so.2
7f4655cb4000-7f4655ce6000 r-xp 00000000 08:07 1848377                    /usr/lib/jvm/java-7-oracle/jre/lib/amd64/libsunec.so
7f4655ce6000-7f4655ee5000 ---p 00032000 08:07 1848377                    /usr/lib/jvm/java-7-oracle/jre/lib/amd64/libsunec.so
7f4655ee5000-7f4655eeb000 rw-p 00031000 08:07 1848377                    /usr/lib/jvm/java-7-oracle/jre/lib/amd64/libsunec.so
7f4655eeb000-7f4655efb000 rw-p 00000000 00:00 0 
7f4655efb000-7f4655efe000 ---p 00000000 00:00 0 
7f4655efe000-7f4655ffc000 rw-p 00000000 00:00 0                          [stack:23648]
7f4655ffc000-7f4655ffd000 ---p 00000000 00:00 0 
7f4655ffd000-7f46567fd000 rw-p 00000000 00:00 0                          [stack:23647]
7f46567fd000-7f46567fe000 ---p 00000000 00:00 0 
7f46567fe000-7f4656ffe000 rw-p 00000000 00:00 0                          [stack:23644]
7f4656ffe000-7f4656fff000 ---p 00000000 00:00 0 
7f4656fff000-7f46577ff000 rw-p 00000000 00:00 0                          [stack:23641]
7f46577ff000-7f4657800000 ---p 00000000 00:00 0 
7f4657800000-7f4658000000 rw-p 00000000 00:00 0                          [stack:23638]
7f4658000000-7f4658021000 rw-p 00000000 00:00 0 
7f4658021000-7f465c000000 ---p 00000000 00:00 0 
7f465c012000-7f465c072000 rw-s 00000000 00:04 20545562                   /SYSV00000000 (deleted)
7f465c072000-7f465c090000 r--s 00000000 08:07 1313929                    /usr/share/mime/mime.cache
7f465c090000-7f465c093000 ---p 00000000 00:00 0 
7f465c093000-7f465c191000 rw-p 00000000 00:00 0                          [stack:23645]
7f465c191000-7f465c194000 ---p 00000000 00:00 0 
7f465c194000-7f465c292000 rw-p 00000000 00:00 0                          [stack:23642]
7f465c292000-7f465c298000 r-xp 00000000 08:07 1049667                    /usr/lib/x86_64-linux-gnu/alsa-lib/libasound_module_pcm_pulse.so
7f465c298000-7f465c497000 ---p 00006000 08:07 1049667                    /usr/lib/x86_64-linux-gnu/alsa-lib/libasound_module_pcm_pulse.so
7f465c497000-7f465c498000 r--p 00005000 08:07 1049667                    /usr/lib/x86_64-linux-gnu/alsa-lib/libasound_module_pcm_pulse.so
7f465c498000-7f465c499000 rw-p 00006000 08:07 1049667                    /usr/lib/x86_64-linux-gnu/alsa-lib/libasound_module_pcm_pulse.so
7f465c499000-7f465c4a0000 r-xp 00000000 08:07 792714                     /usr/lib/x86_64-linux-gnu/libogg.so.0.8.1
7f465c4a0000-7f465c6a0000 ---p 00007000 08:07 792714                     /usr/lib/x86_64-linux-gnu/libogg.so.0.8.1
7f465c6a0000-7f465c6a1000 r--p 00007000 08:07 792714                     /usr/lib/x86_64-linux-gnu/libogg.so.0.8.1
7f465c6a1000-7f465c6a2000 rw-p 00008000 08:07 792714                     /usr/lib/x86_64-linux-gnu/libogg.so.0.8.1
7f465c6a2000-7f465c6ce000 r-xp 00000000 08:07 793002                     /usr/lib/x86_64-linux-gnu/libvorbis.so.0.4.5
7f465c6ce000-7f465c8cd000 ---p 0002c000 08:07 793002                     /usr/lib/x86_64-linux-gnu/libvorbis.so.0.4.5
7f465c8cd000-7f465c8ce000 r--p 0002b000 08:07 793002                     /usr/lib/x86_64-linux-gnu/libvorbis.so.0.4.5
7f465c8ce000-7f465c8cf000 rw-p 0002c000 08:07 793002                     /usr/lib/x86_64-linux-gnu/libvorbis.so.0.4.5
7f465c8cf000-7f465cb82000 r-xp 00000000 08:07 793004                     /usr/lib/x86_64-linux-gnu/libvorbisenc.so.2.0.8
7f465cb82000-7f465cd81000 ---p 002b3000 08:07 793004                     /usr/lib/x86_64-linux-gnu/libvorbisenc.so.2.0.8
7f465cd81000-7f465cd9d000 r--p 002b2000 08:07 793004                     /usr/lib/x86_64-linux-gnu/libvorbisenc.so.2.0.8
7f465cd9d000-7f465cd9e000 rw-p 002ce000 08:07 793004                     /usr/lib/x86_64-linux-gnu/libvorbisenc.so.2.0.8
7f465cd9e000-7f465cdce000 r-xp 00000000 08:07 788953                     /usr/lib/x86_64-linux-gnu/libFLAC.so.8.3.0
7f465cdce000-7f465cfcd000 ---p 00030000 08:07 788953                     /usr/lib/x86_64-linux-gnu/libFLAC.so.8.3.0
7f465cfcd000-7f465cfce000 r--p 0002f000 08:07 788953                     /usr/lib/x86_64-linux-gnu/libFLAC.so.8.3.0
7f465cfce000-7f465cfcf000 rw-p 00030000 08:07 788953                     /usr/lib/x86_64-linux-gnu/libFLAC.so.8.3.0
7f465cfcf000-7f465cfd4000 r-xp 00000000 08:07 791993                     /usr/lib/x86_64-linux-gnu/libasyncns.so.0.3.1
7f465cfd4000-7f465d1d3000 ---p 00005000 08:07 791993                     /usr/lib/x86_64-linux-gnu/libasyncns.so.0.3.1
7f465d1d3000-7f465d1d4000 r--p 00004000 08:07 791993                     /usr/lib/x86_64-linux-gnu/libasyncns.so.0.3.1
7f465d1d4000-7f465d1d5000 rw-p 00005000 08:07 791993                     /usr/lib/x86_64-linux-gnu/libasyncns.so.0.3.1
7f465d1d5000-7f465d236000 r-xp 00000000 08:07 792895                     /usr/lib/x86_64-linux-gnu/libsndfile.so.1.0.25
7f465d236000-7f465d436000 ---p 00061000 08:07 792895                     /usr/lib/x86_64-linux-gnu/libsndfile.so.1.0.25
7f465d436000-7f465d438000 r--p 00061000 08:07 792895                     /usr/lib/x86_64-linux-gnu/libsndfile.so.1.0.25
7f465d438000-7f465d439000 rw-p 00063000 08:07 792895                     /usr/lib/x86_64-linux-gnu/libsndfile.so.1.0.25
7f465d439000-7f465d43d000 rw-p 00000000 00:00 0 
7f465d43d000-7f465d445000 r-xp 00000000 08:07 3406460                    /lib/x86_64-linux-gnu/libwrap.so.0.7.6
7f465d445000-7f465d644000 ---p 00008000 08:07 3406460                    /lib/x86_64-linux-gnu/libwrap.so.0.7.6
7f465d644000-7f465d645000 r--p 00007000 08:07 3406460                    /lib/x86_64-linux-gnu/libwrap.so.0.7.6
7f465d645000-7f465d646000 rw-p 00008000 08:07 3406460                    /lib/x86_64-linux-gnu/libwrap.so.0.7.6
7f465d646000-7f465d647000 rw-p 00000000 00:00 0 
7f465d647000-7f465d68b000 r-xp 00000000 08:07 3406313                    /lib/x86_64-linux-gnu/libdbus-1.so.3.7.6
7f465d68b000-7f465d88a000 ---p 00044000 08:07 3406313                    /lib/x86_64-linux-gnu/libdbus-1.so.3.7.6
7f465d88a000-7f465d88b000 r--p 00043000 08:07 3406313                    /lib/x86_64-linux-gnu/libdbus-1.so.3.7.6
7f465d88b000-7f465d88c000 rw-p 00044000 08:07 3406313                    /lib/x86_64-linux-gnu/libdbus-1.so.3.7.6
7f465d88c000-7f465d8f2000 r-xp 00000000 08:07 1188242                    /usr/lib/x86_64-linux-gnu/pulseaudio/libpulsecommon-4.0.so
7f465d8f2000-7f465daf1000 ---p 00066000 08:07 1188242                    /usr/lib/x86_64-linux-gnu/pulseaudio/libpulsecommon-4.0.so
7f465daf1000-7f465daf2000 r--p 00065000 08:07 1188242                    /usr/lib/x86_64-linux-gnu/pulseaudio/libpulsecommon-4.0.so
7f465daf2000-7f465daf3000 rw-p 00066000 08:07 1188242                    /usr/lib/x86_64-linux-gnu/pulseaudio/libpulsecommon-4.0.so
7f465daf3000-7f465dafd000 r-xp 00000000 08:07 3402225                    /lib/x86_64-linux-gnu/libjson-c.so.2.0.0
7f465dafd000-7f465dcfc000 ---p 0000a000 08:07 3402225                    /lib/x86_64-linux-gnu/libjson-c.so.2.0.0
7f465dcfc000-7f465dcfd000 r--p 00009000 08:07 3402225                    /lib/x86_64-linux-gnu/libjson-c.so.2.0.0
7f465dcfd000-7f465dcfe000 rw-p 0000a000 08:07 3402225                    /lib/x86_64-linux-gnu/libjson-c.so.2.0.0
7f465dcfe000-7f465dd45000 r-xp 00000000 08:07 792814                     /usr/lib/x86_64-linux-gnu/libpulse.so.0.16.2
7f465dd45000-7f465df45000 ---p 00047000 08:07 792814                     /usr/lib/x86_64-linux-gnu/libpulse.so.0.16.2
7f465df45000-7f465df46000 r--p 00047000 08:07 792814                     /usr/lib/x86_64-linux-gnu/libpulse.so.0.16.2
7f465df46000-7f465df47000 rw-p 00048000 08:07 792814                     /usr/lib/x86_64-linux-gnu/libpulse.so.0.16.2
7f465df47000-7f465df4a000 ---p 00000000 00:00 0 
7f465df4a000-7f465e048000 rw-p 00000000 00:00 0                          [stack:23639]
7f465e048000-7f465e04b000 ---p 00000000 00:00 0 
7f465e04b000-7f465e149000 rw-p 00000000 00:00 0                          [stack:23637]
7f465e149000-7f465e232000 r-xp 00000000 08:07 791985                     /usr/lib/x86_64-linux-gnu/libasound.so.2.0.0
7f465e232000-7f465e431000 ---p 000e9000 08:07 791985                     /usr/lib/x86_64-linux-gnu/libasound.so.2.0.0
7f465e431000-7f465e438000 r--p 000e8000 08:07 791985                     /usr/lib/x86_64-linux-gnu/libasound.so.2.0.0
7f465e438000-7f465e439000 rw-p 000ef000 08:07 791985                     /usr/lib/x86_64-linux-gnu/libasound.so.2.0.0
7f465e44a000-7f465e44c000 rw-p 00000000 00:00 0 
7f465e44c000-7f465e44d000 r--s 00000000 08:07 1196754                    /usr/local/share/mime/mime.cache
7f465e44d000-7f465e44e000 r--p 00000000 08:07 1451042                    /usr/share/locale-langpack/en_GB/LC_MESSAGES/gdk-pixbuf.mo
7f465e44e000-7f465e453000 r--p 00000000 08:07 1315980                    /usr/local/share/icons/hicolor/icon-theme.cache
7f465e453000-7f465e457000 r--s 0002d000 08:07 2230628                    /usr/lib/jvm/java-7-oracle/jre/lib/ext/sunjce_provider.jar
7f465e457000-7f465e458000 r--s 00003000 08:07 2230625                    /usr/lib/jvm/java-7-oracle/jre/lib/ext/sunec.jar
7f465e458000-7f465e467000 r-xp 00000000 08:07 1848355                    /usr/lib/jvm/java-7-oracle/jre/lib/amd64/libjsoundalsa.so
7f465e467000-7f465e666000 ---p 0000f000 08:07 1848355                    /usr/lib/jvm/java-7-oracle/jre/lib/amd64/libjsoundalsa.so
7f465e666000-7f465e667000 rw-p 0000e000 08:07 1848355                    /usr/lib/jvm/java-7-oracle/jre/lib/amd64/libjsoundalsa.so
7f465e667000-7f465e668000 r-xp 00000000 08:07 1848338                    /usr/lib/jvm/java-7-oracle/jre/lib/amd64/libjsound.so
7f465e668000-7f465e867000 ---p 00001000 08:07 1848338                    /usr/lib/jvm/java-7-oracle/jre/lib/amd64/libjsound.so
7f465e867000-7f465e868000 rw-p 00000000 08:07 1848338                    /usr/lib/jvm/java-7-oracle/jre/lib/amd64/libjsound.so
7f465e868000-7f465e87a000 r--s 00000000 08:07 1832421                    /usr/share/fonts/type1/gsfonts/n019044l.pfb
7f465e87a000-7f465e88a000 r--s 00000000 08:07 1832367                    /usr/share/fonts/type1/gsfonts/a010013l.pfb
7f465e88a000-7f465e89b000 r--s 00000000 08:07 1832376                    /usr/share/fonts/type1/gsfonts/a010035l.pfb
7f465e89b000-7f465e8ab000 r--s 00000000 08:07 1832373                    /usr/share/fonts/type1/gsfonts/a010033l.pfb
7f465e8ab000-7f465e8c0000 r--s 00000000 08:07 1832385                    /usr/share/fonts/type1/gsfonts/b018032l.pfb
7f465e8c0000-7f465e8d0000 r--s 00000000 08:07 1832370                    /usr/share/fonts/type1/gsfonts/a010015l.pfb
7f465e8d0000-7f465e8e8000 r--s 00000000 08:07 1832397                    /usr/share/fonts/type1/gsfonts/c059033l.pfb
7f465e8e8000-7f465e8fa000 r--s 00000000 08:07 1832418                    /usr/share/fonts/type1/gsfonts/n019043l.pfb
7f465e8fa000-7f465e90d000 r--s 00000000 08:07 1832382                    /usr/share/fonts/type1/gsfonts/b018015l.pfb
7f465e90d000-7f465e927000 r--s 00000000 08:07 1832391                    /usr/share/fonts/type1/gsfonts/c059013l.pfb
7f465e927000-7f465e93a000 r--s 00000000 08:07 1832427                    /usr/share/fonts/type1/gsfonts/n019064l.pfb
7f465e93a000-7f465e951000 r--s 00000000 08:07 1832469                    /usr/share/fonts/type1/gsfonts/z003034l.pfb
7f465e951000-7f465e95a000 r--s 00000000 08:07 1832466                    /usr/share/fonts/type1/gsfonts/s050000l.pfb
7f465e95a000-7f465e975000 r--s 00000000 08:07 1832394                    /usr/share/fonts/type1/gsfonts/c059016l.pfb
7f465e975000-7f465e987000 r--s 00000000 08:07 1832388                    /usr/share/fonts/type1/gsfonts/b018035l.pfb
7f465e987000-7f465e9a2000 r--s 00000000 08:07 1832454                    /usr/share/fonts/type1/gsfonts/p052003l.pfb
7f465e9a2000-7f465e9b3000 r--s 00000000 08:07 1832424                    /usr/share/fonts/type1/gsfonts/n019063l.pfb
7f465e9b3000-7f465e9cf000 r--s 00000000 08:07 1832463                    /usr/share/fonts/type1/gsfonts/p052024l.pfb
7f465e9cf000-7f465e9ea000 r--s 00000000 08:07 1832457                    /usr/share/fonts/type1/gsfonts/p052004l.pfb
7f465e9ea000-7f465ea05000 r--s 00000000 08:07 1832460                    /usr/share/fonts/type1/gsfonts/p052023l.pfb
7f465ea05000-7f465ea1e000 r--s 00000000 08:07 1832379                    /usr/share/fonts/type1/gsfonts/b018012l.pfb
7f465ea1e000-7f465ea2a000 r--s 00000000 08:07 1832403                    /usr/share/fonts/type1/gsfonts/d050000l.pfb
7f465ea2a000-7f465ea42000 r--s 00000000 08:07 1832400                    /usr/share/fonts/type1/gsfonts/c059036l.pfb
7f465ea42000-7f465ea4b000 r--s 00000000 08:07 1831638                    /usr/share/fonts/X11/Type1/c0648bt_.pfb
7f465ea4b000-7f465ea54000 r--s 00000000 08:07 1831640                    /usr/share/fonts/X11/Type1/c0649bt_.pfb
7f465ea54000-7f465ea5e000 r--s 00000000 08:07 1831626                    /usr/share/fonts/X11/Type1/c0419bt_.pfb
7f465ea5e000-7f465ea68000 r--s 00000000 08:07 1831630                    /usr/share/fonts/X11/Type1/c0583bt_.pfb
7f465ea68000-7f465ea71000 r--s 00000000 08:07 1831636                    /usr/share/fonts/X11/Type1/c0633bt_.pfb
7f465ea71000-7f465ea7b000 r--s 00000000 08:07 1831628                    /usr/share/fonts/X11/Type1/c0582bt_.pfb
7f465ea7b000-7f465ea84000 r--s 00000000 08:07 1831634                    /usr/share/fonts/X11/Type1/c0632bt_.pfb
7f465ea84000-7f465ea8e000 r--s 00000000 08:07 1832472                    /usr/share/fonts/type1/mathml/Symbol.pfb
7f465ea8e000-7f465ea98000 r--s 00000000 08:07 1831632                    /usr/share/fonts/X11/Type1/c0611bt_.pfb
7f465ea98000-7f465eaae000 r--s 00000000 08:07 1832451                    /usr/share/fonts/type1/gsfonts/n022024l.pfb
7f465eaae000-7f465eac6000 r--s 00000000 08:07 1832442                    /usr/share/fonts/type1/gsfonts/n022003l.pfb
7f465eac6000-7f465ead7000 r--s 00000000 08:07 1832415                    /usr/share/fonts/type1/gsfonts/n019024l.pfb
7f465ead7000-7f465eaf0000 r--s 00000000 08:07 1832433                    /usr/share/fonts/type1/gsfonts/n021004l.pfb
7f465eaf0000-7f465eb02000 r--s 00000000 08:07 1832409                    /usr/share/fonts/type1/gsfonts/n019004l.pfb
7f465eb02000-7f465eb1b000 r--s 00000000 08:07 1832445                    /usr/share/fonts/type1/gsfonts/n022004l.pfb
7f465eb1b000-7f465eb34000 r--s 00000000 08:07 1832430                    /usr/share/fonts/type1/gsfonts/n021003l.pfb
7f465eb34000-7f465eb4a000 r--s 00000000 08:07 1832439                    /usr/share/fonts/type1/gsfonts/n021024l.pfb
7f465eb4a000-7f465eb60000 r--s 00000000 08:07 1832448                    /usr/share/fonts/type1/gsfonts/n022023l.pfb
7f465eb60000-7f465eb63000 ---p 00000000 00:00 0 
7f465eb63000-7f465ec61000 rw-p 00000000 00:00 0                          [stack:23623]
7f465ec61000-7f465ecca000 r-xp 00000000 08:07 1848342                    /usr/lib/jvm/java-7-oracle/jre/lib/amd64/libt2k.so
7f465ecca000-7f465eec9000 ---p 00069000 08:07 1848342                    /usr/lib/jvm/java-7-oracle/jre/lib/amd64/libt2k.so
7f465eec9000-7f465eed0000 rw-p 00068000 08:07 1848342                    /usr/lib/jvm/java-7-oracle/jre/lib/amd64/libt2k.so
7f465eed0000-7f465eee0000 rw-p 00000000 00:00 0 
7f465eee0000-7f465eef6000 r-xp 00000000 08:07 3402216                    /lib/x86_64-linux-gnu/libgcc_s.so.1
7f465eef6000-7f465f0f5000 ---p 00016000 08:07 3402216                    /lib/x86_64-linux-gnu/libgcc_s.so.1
7f465f0f5000-7f465f0f6000 rw-p 00015000 08:07 3402216                    /lib/x86_64-linux-gnu/libgcc_s.so.1
7f465f0f6000-7f465f15a000 r-xp 00000000 08:07 1848347                    /usr/lib/jvm/java-7-oracle/jre/lib/amd64/libfontmanager.so
7f465f15a000-7f465f359000 ---p 00064000 08:07 1848347                    /usr/lib/jvm/java-7-oracle/jre/lib/amd64/libfontmanager.so
7f465f359000-7f465f35e000 rw-p 00063000 08:07 1848347                    /usr/lib/jvm/java-7-oracle/jre/lib/amd64/libfontmanager.so
7f465f35e000-7f465f36e000 rw-p 00000000 00:00 0 
7f465f36e000-7f465f39d000 r-xp 00000000 08:07 1308558                    /usr/lib/x86_64-linux-gnu/gtk-2.0/2.10.0/engines/libmurrine.so
7f465f39d000-7f465f59d000 ---p 0002f000 08:07 1308558                    /usr/lib/x86_64-linux-gnu/gtk-2.0/2.10.0/engines/libmurrine.so
7f465f59d000-7f465f59e000 r--p 0002f000 08:07 1308558                    /usr/lib/x86_64-linux-gnu/gtk-2.0/2.10.0/engines/libmurrine.so
7f465f59e000-7f465f59f000 rw-p 00030000 08:07 1308558                    /usr/lib/x86_64-linux-gnu/gtk-2.0/2.10.0/engines/libmurrine.so
7f465f59f000-7f465f5a8000 r-xp 00000000 08:07 1308578                    /usr/lib/x86_64-linux-gnu/gtk-2.0/2.10.0/engines/libpixmap.so
7f465f5a8000-7f465f7a8000 ---p 00009000 08:07 1308578                    /usr/lib/x86_64-linux-gnu/gtk-2.0/2.10.0/engines/libpixmap.so
7f465f7a8000-7f465f7a9000 r--p 00009000 08:07 1308578                    /usr/lib/x86_64-linux-gnu/gtk-2.0/2.10.0/engines/libpixmap.so
7f465f7a9000-7f465f7aa000 rw-p 0000a000 08:07 1308578                    /usr/lib/x86_64-linux-gnu/gtk-2.0/2.10.0/engines/libpixmap.so
7f465f7aa000-7f465f7ab000 r-xp 00000000 08:07 789016                     /usr/lib/x86_64-linux-gnu/libgthread-2.0.so.0.4002.0
7f465f7ab000-7f465f9aa000 ---p 00001000 08:07 789016                     /usr/lib/x86_64-linux-gnu/libgthread-2.0.so.0.4002.0
7f465f9aa000-7f465f9ab000 r--p 00000000 08:07 789016                     /usr/lib/x86_64-linux-gnu/libgthread-2.0.so.0.4002.0
7f465f9ab000-7f465f9ac000 rw-p 00001000 08:07 789016                     /usr/lib/x86_64-linux-gnu/libgthread-2.0.so.0.4002.0
7f465f9ac000-7f465f9b2000 r-xp 00000000 08:07 792117                     /usr/lib/x86_64-linux-gnu/libdatrie.so.1.3.1
7f465f9b2000-7f465fbb1000 ---p 00006000 08:07 792117                     /usr/lib/x86_64-linux-gnu/libdatrie.so.1.3.1
7f465fbb1000-7f465fbb2000 r--p 00005000 08:07 792117                     /usr/lib/x86_64-linux-gnu/libdatrie.so.1.3.1
7f465fbb2000-7f465fbb3000 rw-p 00006000 08:07 792117                     /usr/lib/x86_64-linux-gnu/libdatrie.so.1.3.1
7f465fbb3000-7f465fbcd000 r-xp 00000000 08:07 792390                     /usr/lib/x86_64-linux-gnu/libgraphite2.so.3.0.1
7f465fbcd000-7f465fdcc000 ---p 0001a000 08:07 792390                     /usr/lib/x86_64-linux-gnu/libgraphite2.so.3.0.1
7f465fdcc000-7f465fdce000 r--p 00019000 08:07 792390                     /usr/lib/x86_64-linux-gnu/libgraphite2.so.3.0.1
7f465fdce000-7f465fdcf000 rw-p 0001b000 08:07 792390                     /usr/lib/x86_64-linux-gnu/libgraphite2.so.3.0.1
7f465fdcf000-7f465fe0c000 r-xp 00000000 08:07 3406403                    /lib/x86_64-linux-gnu/libpcre.so.3.13.1
7f465fe0c000-7f466000b000 ---p 0003d000 08:07 3406403                    /lib/x86_64-linux-gnu/libpcre.so.3.13.1
7f466000b000-7f466000c000 r--p 0003c000 08:07 3406403                    /lib/x86_64-linux-gnu/libpcre.so.3.13.1
7f466000c000-7f466000d000 rw-p 0003d000 08:07 3406403                    /lib/x86_64-linux-gnu/libpcre.so.3.13.1
7f466000d000-7f4660014000 r-xp 00000000 08:07 792214                     /usr/lib/x86_64-linux-gnu/libffi.so.6.0.1
7f4660014000-7f4660213000 ---p 00007000 08:07 792214                     /usr/lib/x86_64-linux-gnu/libffi.so.6.0.1
7f4660213000-7f4660214000 r--p 00006000 08:07 792214                     /usr/lib/x86_64-linux-gnu/libffi.so.6.0.1
7f4660214000-7f4660215000 rw-p 00007000 08:07 792214                     /usr/lib/x86_64-linux-gnu/libffi.so.6.0.1
7f4660215000-7f466023c000 r-xp 00000000 08:07 3406321                    /lib/x86_64-linux-gnu/libexpat.so.1.6.0
7f466023c000-7f466043c000 ---p 00027000 08:07 3406321                    /lib/x86_64-linux-gnu/libexpat.so.1.6.0
7f466043c000-7f466043e000 r--p 00027000 08:07 3406321                    /lib/x86_64-linux-gnu/libexpat.so.1.6.0
7f466043e000-7f466043f000 rw-p 00029000 08:07 3406321                    /lib/x86_64-linux-gnu/libexpat.so.1.6.0
7f466043f000-7f4660447000 r-xp 00000000 08:07 792945                     /usr/lib/x86_64-linux-gnu/libthai.so.0.2.0
7f4660447000-7f4660646000 ---p 00008000 08:07 792945                     /usr/lib/x86_64-linux-gnu/libthai.so.0.2.0
7f4660646000-7f4660647000 r--p 00007000 08:07 792945                     /usr/lib/x86_64-linux-gnu/libthai.so.0.2.0
7f4660647000-7f4660648000 rw-p 00008000 08:07 792945                     /usr/lib/x86_64-linux-gnu/libthai.so.0.2.0
7f4660648000-7f466069b000 r-xp 00000000 08:07 785867                     /usr/lib/x86_64-linux-gnu/libharfbuzz.so.0.927.0
7f466069b000-7f466089b000 ---p 00053000 08:07 785867                     /usr/lib/x86_64-linux-gnu/libharfbuzz.so.0.927.0
7f466089b000-7f466089c000 r--p 00053000 08:07 785867                     /usr/lib/x86_64-linux-gnu/libharfbuzz.so.0.927.0
7f466089c000-7f466089d000 rw-p 00054000 08:07 785867                     /usr/lib/x86_64-linux-gnu/libharfbuzz.so.0.927.0
7f466089d000-7f46608b4000 r-xp 00000000 08:07 3401232                    /lib/x86_64-linux-gnu/libresolv-2.19.so
7f46608b4000-7f4660ab4000 ---p 00017000 08:07 3401232                    /lib/x86_64-linux-gnu/libresolv-2.19.so
7f4660ab4000-7f4660ab5000 r--p 00017000 08:07 3401232                    /lib/x86_64-linux-gnu/libresolv-2.19.so
7f4660ab5000-7f4660ab6000 rw-p 00018000 08:07 3401232                    /lib/x86_64-linux-gnu/libresolv-2.19.so
7f4660ab6000-7f4660ab8000 rw-p 00000000 00:00 0 
7f4660ab8000-7f4660ad8000 r-xp 00000000 08:07 3402267                    /lib/x86_64-linux-gnu/libselinux.so.1
7f4660ad8000-7f4660cd7000 ---p 00020000 08:07 3402267                    /lib/x86_64-linux-gnu/libselinux.so.1
7f4660cd7000-7f4660cd8000 r--p 0001f000 08:07 3402267                    /lib/x86_64-linux-gnu/libselinux.so.1
7f4660cd8000-7f4660cd9000 rw-p 00020000 08:07 3402267                    /lib/x86_64-linux-gnu/libselinux.so.1
7f4660cd9000-7f4660cdb000 rw-p 00000000 00:00 0 
7f4660cdb000-7f4660cf3000 r-xp 00000000 08:07 3406463                    /lib/x86_64-linux-gnu/libz.so.1.2.8
7f4660cf3000-7f4660ef2000 ---p 00018000 08:07 3406463                    /lib/x86_64-linux-gnu/libz.so.1.2.8
7f4660ef2000-7f4660ef3000 r--p 00017000 08:07 3406463                    /lib/x86_64-linux-gnu/libz.so.1.2.8
7f4660ef3000-7f4660ef4000 rw-p 00018000 08:07 3406463                    /lib/x86_64-linux-gnu/libz.so.1.2.8
7f4660ef4000-7f4660efc000 r-xp 00000000 08:07 793066                     /usr/lib/x86_64-linux-gnu/libxcb-render.so.0.0.0
7f4660efc000-7f46610fb000 ---p 00008000 08:07 793066                     /usr/lib/x86_64-linux-gnu/libxcb-render.so.0.0.0
7f46610fb000-7f46610fc000 r--p 00007000 08:07 793066                     /usr/lib/x86_64-linux-gnu/libxcb-render.so.0.0.0
7f46610fc000-7f46610fd000 rw-p 00008000 08:07 793066                     /usr/lib/x86_64-linux-gnu/libxcb-render.so.0.0.0
7f46610fd000-7f46610ff000 r-xp 00000000 08:07 793070                     /usr/lib/x86_64-linux-gnu/libxcb-shm.so.0.0.0
7f46610ff000-7f46612fe000 ---p 00002000 08:07 793070                     /usr/lib/x86_64-linux-gnu/libxcb-shm.so.0.0.0
7f46612fe000-7f46612ff000 r--p 00001000 08:07 793070                     /usr/lib/x86_64-linux-gnu/libxcb-shm.so.0.0.0
7f46612ff000-7f4661300000 rw-p 00002000 08:07 793070                     /usr/lib/x86_64-linux-gnu/libxcb-shm.so.0.0.0
7f4661300000-7f4661325000 r-xp 00000000 08:07 3406415                    /lib/x86_64-linux-gnu/libpng12.so.0.50.0
7f4661325000-7f4661524000 ---p 00025000 08:07 3406415                    /lib/x86_64-linux-gnu/libpng12.so.0.50.0
7f4661524000-7f4661525000 r--p 00024000 08:07 3406415                    /lib/x86_64-linux-gnu/libpng12.so.0.50.0
7f4661525000-7f4661526000 rw-p 00025000 08:07 3406415                    /lib/x86_64-linux-gnu/libpng12.so.0.50.0
7f4661526000-7f46615c7000 r-xp 00000000 08:07 792785                     /usr/lib/x86_64-linux-gnu/libpixman-1.so.0.30.2
7f46615c7000-7f46617c7000 ---p 000a1000 08:07 792785                     /usr/lib/x86_64-linux-gnu/libpixman-1.so.0.30.2
7f46617c7000-7f46617ce000 r--p 000a1000 08:07 792785                     /usr/lib/x86_64-linux-gnu/libpixman-1.so.0.30.2
7f46617ce000-7f46617cf000 rw-p 000a8000 08:07 792785                     /usr/lib/x86_64-linux-gnu/libpixman-1.so.0.30.2
7f46617cf000-7f466186c000 r-xp 00000000 08:07 788697                     /usr/lib/x86_64-linux-gnu/libfreetype.so.6.11.1
7f466186c000-7f4661a6b000 ---p 0009d000 08:07 788697                     /usr/lib/x86_64-linux-gnu/libfreetype.so.6.11.1
7f4661a6b000-7f4661a71000 r--p 0009c000 08:07 788697                     /usr/lib/x86_64-linux-gnu/libfreetype.so.6.11.1
7f4661a71000-7f4661a72000 rw-p 000a2000 08:07 788697                     /usr/lib/x86_64-linux-gnu/libfreetype.so.6.11.1
7f4661a72000-7f4661a74000 r-xp 00000000 08:07 791910                     /usr/lib/x86_64-linux-gnu/libXdamage.so.1.1.0
7f4661a74000-7f4661c73000 ---p 00002000 08:07 791910                     /usr/lib/x86_64-linux-gnu/libXdamage.so.1.1.0
7f4661c73000-7f4661c74000 r--p 00001000 08:07 791910                     /usr/lib/x86_64-linux-gnu/libXdamage.so.1.1.0
7f4661c74000-7f4661c75000 rw-p 00002000 08:07 791910                     /usr/lib/x86_64-linux-gnu/libXdamage.so.1.1.0
7f4661c75000-7f4661c77000 r-xp 00000000 08:07 791906                     /usr/lib/x86_64-linux-gnu/libXcomposite.so.1.0.0
7f4661c77000-7f4661e76000 ---p 00002000 08:07 791906                     /usr/lib/x86_64-linux-gnu/libXcomposite.so.1.0.0
7f4661e76000-7f4661e77000 r--p 00001000 08:07 791906                     /usr/lib/x86_64-linux-gnu/libXcomposite.so.1.0.0
7f4661e77000-7f4661e78000 rw-p 00002000 08:07 791906                     /usr/lib/x86_64-linux-gnu/libXcomposite.so.1.0.0
7f4661e78000-7f4661e81000 r-xp 00000000 08:07 791932                     /usr/lib/x86_64-linux-gnu/libXrandr.so.2.2.0
7f4661e81000-7f4662080000 ---p 00009000 08:07 791932                     /usr/lib/x86_64-linux-gnu/libXrandr.so.2.2.0
7f4662080000-7f4662081000 r--p 00008000 08:07 791932                     /usr/lib/x86_64-linux-gnu/libXrandr.so.2.2.0
7f4662081000-7f4662082000 rw-p 00009000 08:07 791932                     /usr/lib/x86_64-linux-gnu/libXrandr.so.2.2.0
7f4662082000-7f4662084000 r-xp 00000000 08:07 791924                     /usr/lib/x86_64-linux-gnu/libXinerama.so.1.0.0
7f4662084000-7f4662283000 ---p 00002000 08:07 791924                     /usr/lib/x86_64-linux-gnu/libXinerama.so.1.0.0
7f4662283000-7f4662284000 r--p 00001000 08:07 791924                     /usr/lib/x86_64-linux-gnu/libXinerama.so.1.0.0
7f4662284000-7f4662285000 rw-p 00002000 08:07 791924                     /usr/lib/x86_64-linux-gnu/libXinerama.so.1.0.0
7f4662285000-7f466238b000 r-xp 00000000 08:07 3402219                    /lib/x86_64-linux-gnu/libglib-2.0.so.0.4002.0
7f466238b000-7f466258a000 ---p 00106000 08:07 3402219                    /lib/x86_64-linux-gnu/libglib-2.0.so.0.4002.0
7f466258a000-7f466258b000 r--p 00105000 08:07 3402219                    /lib/x86_64-linux-gnu/libglib-2.0.so.0.4002.0
7f466258b000-7f466258c000 rw-p 00106000 08:07 3402219                    /lib/x86_64-linux-gnu/libglib-2.0.so.0.4002.0
7f466258c000-7f466258d000 rw-p 00000000 00:00 0 
7f466258d000-7f46625dc000 r-xp 00000000 08:07 789013                     /usr/lib/x86_64-linux-gnu/libgobject-2.0.so.0.4002.0
7f46625dc000-7f46627dc000 ---p 0004f000 08:07 789013                     /usr/lib/x86_64-linux-gnu/libgobject-2.0.so.0.4002.0
7f46627dc000-7f46627dd000 r--p 0004f000 08:07 789013                     /usr/lib/x86_64-linux-gnu/libgobject-2.0.so.0.4002.0
7f46627dd000-7f46627de000 rw-p 00050000 08:07 789013                     /usr/lib/x86_64-linux-gnu/libgobject-2.0.so.0.4002.0
7f46627de000-7f4662818000 r-xp 00000000 08:07 788693                     /usr/lib/x86_64-linux-gnu/libfontconfig.so.1.8.0
7f4662818000-7f4662a17000 ---p 0003a000 08:07 788693                     /usr/lib/x86_64-linux-gnu/libfontconfig.so.1.8.0
7f4662a17000-7f4662a19000 r--p 00039000 08:07 788693                     /usr/lib/x86_64-linux-gnu/libfontconfig.so.1.8.0
7f4662a19000-7f4662a1a000 rw-p 0003b000 08:07 788693                     /usr/lib/x86_64-linux-gnu/libfontconfig.so.1.8.0
7f4662a1a000-7f4662a64000 r-xp 00000000 08:07 785944                     /usr/lib/x86_64-linux-gnu/libpango-1.0.so.0.3600.3
7f4662a64000-7f4662c64000 ---p 0004a000 08:07 785944                     /usr/lib/x86_64-linux-gnu/libpango-1.0.so.0.3600.3
7f4662c64000-7f4662c66000 r--p 0004a000 08:07 785944                     /usr/lib/x86_64-linux-gnu/libpango-1.0.so.0.3600.3
7f4662c66000-7f4662c67000 rw-p 0004c000 08:07 785944                     /usr/lib/x86_64-linux-gnu/libpango-1.0.so.0.3600.3
7f4662c67000-7f4662c7b000 r-xp 00000000 08:07 785957                     /usr/lib/x86_64-linux-gnu/libpangoft2-1.0.so.0.3600.3
7f4662c7b000-7f4662e7a000 ---p 00014000 08:07 785957                     /usr/lib/x86_64-linux-gnu/libpangoft2-1.0.so.0.3600.3
7f4662e7a000-7f4662e7b000 r--p 00013000 08:07 785957                     /usr/lib/x86_64-linux-gnu/libpangoft2-1.0.so.0.3600.3
7f4662e7b000-7f4662e7c000 rw-p 00014000 08:07 785957                     /usr/lib/x86_64-linux-gnu/libpangoft2-1.0.so.0.3600.3
7f4662e7c000-7f4662fe8000 r-xp 00000000 08:07 789018                     /usr/lib/x86_64-linux-gnu/libgio-2.0.so.0.4002.0
7f4662fe8000-7f46631e7000 ---p 0016c000 08:07 789018                     /usr/lib/x86_64-linux-gnu/libgio-2.0.so.0.4002.0
7f46631e7000-7f46631eb000 r--p 0016b000 08:07 789018                     /usr/lib/x86_64-linux-gnu/libgio-2.0.so.0.4002.0
7f46631eb000-7f46631ed000 rw-p 0016f000 08:07 789018                     /usr/lib/x86_64-linux-gnu/libgio-2.0.so.0.4002.0
7f46631ed000-7f46631ef000 rw-p 00000000 00:00 0 
7f46631ef000-7f466320e000 r-xp 00000000 08:07 792312                     /usr/lib/x86_64-linux-gnu/libgdk_pixbuf-2.0.so.0.3000.7
7f466320e000-7f466340e000 ---p 0001f000 08:07 792312                     /usr/lib/x86_64-linux-gnu/libgdk_pixbuf-2.0.so.0.3000.7
7f466340e000-7f466340f000 r--p 0001f000 08:07 792312                     /usr/lib/x86_64-linux-gnu/libgdk_pixbuf-2.0.so.0.3000.7
7f466340f000-7f4663410000 rw-p 00020000 08:07 792312                     /usr/lib/x86_64-linux-gnu/libgdk_pixbuf-2.0.so.0.3000.7
7f4663410000-7f4663516000 r-xp 00000000 08:07 792044                     /usr/lib/x86_64-linux-gnu/libcairo.so.2.11301.0
7f4663516000-7f4663715000 ---p 00106000 08:07 792044                     /usr/lib/x86_64-linux-gnu/libcairo.so.2.11301.0
7f4663715000-7f4663718000 r--p 00105000 08:07 792044                     /usr/lib/x86_64-linux-gnu/libcairo.so.2.11301.0
7f4663718000-7f4663719000 rw-p 00108000 08:07 792044                     /usr/lib/x86_64-linux-gnu/libcairo.so.2.11301.0
7f4663719000-7f466371b000 rw-p 00000000 00:00 0 
7f466371b000-7f466373a000 r-xp 00000000 08:07 791995                     /usr/lib/x86_64-linux-gnu/libatk-1.0.so.0.21009.1
7f466373a000-7f466393a000 ---p 0001f000 08:07 791995                     /usr/lib/x86_64-linux-gnu/libatk-1.0.so.0.21009.1
7f466393a000-7f466393c000 r--p 0001f000 08:07 791995                     /usr/lib/x86_64-linux-gnu/libatk-1.0.so.0.21009.1
7f466393c000-7f466393d000 rw-p 00021000 08:07 791995                     /usr/lib/x86_64-linux-gnu/libatk-1.0.so.0.21009.1
7f466393d000-7f4663948000 r-xp 00000000 08:07 785931                     /usr/lib/x86_64-linux-gnu/libpangocairo-1.0.so.0.3600.3
7f4663948000-7f4663b48000 ---p 0000b000 08:07 785931                     /usr/lib/x86_64-linux-gnu/libpangocairo-1.0.so.0.3600.3
7f4663b48000-7f4663b49000 r--p 0000b000 08:07 785931                     /usr/lib/x86_64-linux-gnu/libpangocairo-1.0.so.0.3600.3
7f4663b49000-7f4663b4a000 rw-p 0000c000 08:07 785931                     /usr/lib/x86_64-linux-gnu/libpangocairo-1.0.so.0.3600.3
7f4663b4a000-7f4663b4d000 r-xp 00000000 08:07 785407                     /usr/lib/x86_64-linux-gnu/libgmodule-2.0.so.0.4002.0
7f4663b4d000-7f4663d4c000 ---p 00003000 08:07 785407                     /usr/lib/x86_64-linux-gnu/libgmodule-2.0.so.0.4002.0
7f4663d4c000-7f4663d4d000 r--p 00002000 08:07 785407                     /usr/lib/x86_64-linux-gnu/libgmodule-2.0.so.0.4002.0
7f4663d4d000-7f4663d4e000 rw-p 00003000 08:07 785407                     /usr/lib/x86_64-linux-gnu/libgmodule-2.0.so.0.4002.0
7f4663d4e000-7f4663dfb000 r-xp 00000000 08:07 789153                     /usr/lib/x86_64-linux-gnu/libgdk-x11-2.0.so.0.2400.23
7f4663dfb000-7f4663ffa000 ---p 000ad000 08:07 789153                     /usr/lib/x86_64-linux-gnu/libgdk-x11-2.0.so.0.2400.23
7f4663ffa000-7f4663ffe000 r--p 000ac000 08:07 789153                     /usr/lib/x86_64-linux-gnu/libgdk-x11-2.0.so.0.2400.23
7f4663ffe000-7f4664000000 rw-p 000b0000 08:07 789153                     /usr/lib/x86_64-linux-gnu/libgdk-x11-2.0.so.0.2400.23
7f4664000000-7f4664021000 rw-p 00000000 00:00 0 
7f4664021000-7f4668000000 ---p 00000000 00:00 0 
7f4668000000-7f4668021000 rw-p 00000000 00:00 0 
7f4668021000-7f466c000000 ---p 00000000 00:00 0 
7f466c000000-7f466c76f000 rw-p 00000000 00:00 0 
7f466c76f000-7f4670000000 ---p 00000000 00:00 0 
7f4670000000-7f4670021000 rw-p 00000000 00:00 0 
7f4670021000-7f4674000000 ---p 00000000 00:00 0 
7f4674000000-7f4674021000 rw-p 00000000 00:00 0 
7f4674021000-7f4678000000 ---p 00000000 00:00 0 
7f4678000000-7f4678021000 rw-p 00000000 00:00 0 
7f4678021000-7f467c000000 ---p 00000000 00:00 0 
7f467c000000-7f467c021000 rw-p 00000000 00:00 0 
7f467c021000-7f4680000000 ---p 00000000 00:00 0 
7f4680000000-7f4680021000 rw-p 00000000 00:00 0 
7f4680021000-7f4684000000 ---p 00000000 00:00 0 
7f4684000000-7f46846c6000 rw-p 00000000 00:00 0 
7f46846c6000-7f4688000000 ---p 00000000 00:00 0 
7f4688000000-7f4688021000 rw-p 00000000 00:00 0 
7f4688021000-7f468c000000 ---p 00000000 00:00 0 
7f468c000000-7f468c021000 rw-p 00000000 00:00 0 
7f468c021000-7f4690000000 ---p 00000000 00:00 0 
7f4690000000-7f4690a16000 rw-p 00000000 00:00 0 
7f4690a16000-7f4694000000 ---p 00000000 00:00 0 
7f4694000000-7f4694021000 rw-p 00000000 00:00 0 
7f4694021000-7f4698000000 ---p 00000000 00:00 0 
7f4698000000-7f4698021000 rw-p 00000000 00:00 0 
7f4698021000-7f469c000000 ---p 00000000 00:00 0 
7f469c000000-7f469c021000 rw-p 00000000 00:00 0 
7f469c021000-7f46a0000000 ---p 00000000 00:00 0 
7f46a0000000-7f46a0021000 rw-p 00000000 00:00 0 
7f46a0021000-7f46a4000000 ---p 00000000 00:00 0 
7f46a4000000-7f46a4003000 r--s 00019000 08:07 1191613                    /usr/lib/jvm/java-7-oracle/jre/lib/jce.jar
7f46a4003000-7f46a4004000 r--p 00000000 08:07 1444249                    /usr/share/locale-langpack/en_GB/LC_MESSAGES/pulseaudio.mo
7f46a4004000-7f46a401b000 r--s 00000000 08:07 1832436                    /usr/share/fonts/type1/gsfonts/n021023l.pfb
7f46a401b000-7f46a4025000 r--s 00000000 08:07 1832472                    /usr/share/fonts/type1/mathml/Symbol.pfb
7f46a4025000-7f46a4036000 r--s 00000000 08:07 1832412                    /usr/share/fonts/type1/gsfonts/n019023l.pfb
7f46a4036000-7f46a404a000 r--s 00000000 08:07 1832406                    /usr/share/fonts/type1/gsfonts/n019003l.pfb
7f46a404a000-7f46a404d000 ---p 00000000 00:00 0 
7f46a404d000-7f46a414b000 rw-p 00000000 00:00 0 
7f46a414b000-7f46a4196000 r--p 00000000 08:07 2225562                    /usr/share/fonts/truetype/noto/NotoSans-Regular.ttf
7f46a4196000-7f46a4197000 r--s 00000000 08:07 915779                     /var/cache/fontconfig/c05880de57d1f5e948fdfacc138775d9-le64.cache-4
7f46a4197000-7f46a41a2000 r--s 00000000 08:07 915778                     /var/cache/fontconfig/945677eb7aeaf62f1d50efc3fb3ec7d8-le64.cache-4
7f46a41a2000-7f46a41a4000 r--s 00000000 08:07 915776                     /var/cache/fontconfig/99e8ed0e538f840c565b6ed5dad60d56-le64.cache-4
7f46a41a4000-7f46a41aa000 r--s 00000000 08:07 915775                     /var/cache/fontconfig/2cd17615ca594fa2959ae173292e504c-le64.cache-4
7f46a41aa000-7f46a41ab000 r--s 00000000 08:07 915774                     /var/cache/fontconfig/e7071f4a29fa870f4323321c154eba04-le64.cache-4
7f46a41ab000-7f46a41ac000 r--s 00000000 08:07 915773                     /var/cache/fontconfig/0d8c3b2ac0904cb8a57a757ad11a4a08-le64.cache-4
7f46a41ac000-7f46a41b3000 r--s 00000000 08:07 915772                     /var/cache/fontconfig/a755afe4a08bf5b97852ceb7400b47bc-le64.cache-4
7f46a41b3000-7f46a41bf000 r--s 00000000 08:07 915771                     /var/cache/fontconfig/6d41288fd70b0be22e8c3a91e032eec0-le64.cache-4
7f46a41bf000-7f46a41d3000 r--s 00000000 08:07 915770                     /var/cache/fontconfig/04aabc0a78ac019cf9454389977116d2-le64.cache-4
7f46a41d3000-7f46a41d4000 r--s 00000000 08:07 915769                     /var/cache/fontconfig/1ac9eb803944fde146138c791f5cc56a-le64.cache-4
7f46a41d4000-7f46a41d8000 r--s 00000000 08:07 915768                     /var/cache/fontconfig/385c0604a188198f04d133e54aba7fe7-le64.cache-4
7f46a41d8000-7f46a41ea000 r--s 00000000 08:07 925136                     /var/cache/fontconfig/0bd3dc0958fa2205aaaa8ebb13e2872b-le64.cache-4
7f46a41ea000-7f46a41ef000 r--s 00000000 08:07 915764                     /var/cache/fontconfig/8801497958630a81b71ace7c5f9b32a8-le64.cache-4
7f46a41ef000-7f46a41f6000 r--s 00000000 08:07 915763                     /var/cache/fontconfig/3047814df9a2f067bd2d96a2b9c36e5a-le64.cache-4
7f46a41f6000-7f46a4625000 r-xp 00000000 08:07 789152                     /usr/lib/x86_64-linux-gnu/libgtk-x11-2.0.so.0.2400.23
7f46a4625000-7f46a4824000 ---p 0042f000 08:07 789152                     /usr/lib/x86_64-linux-gnu/libgtk-x11-2.0.so.0.2400.23
7f46a4824000-7f46a482b000 r--p 0042e000 08:07 789152                     /usr/lib/x86_64-linux-gnu/libgtk-x11-2.0.so.0.2400.23
7f46a482b000-7f46a482f000 rw-p 00435000 08:07 789152                     /usr/lib/x86_64-linux-gnu/libgtk-x11-2.0.so.0.2400.23
7f46a482f000-7f46a4832000 rw-p 00000000 00:00 0 
7f46a4832000-7f46a4835000 ---p 00000000 00:00 0 
7f46a4835000-7f46a4933000 rw-p 00000000 00:00 0                          [stack:23621]
7f46a4933000-7f46a4936000 ---p 00000000 00:00 0 
7f46a4936000-7f46a4a34000 rw-p 00000000 00:00 0                          [stack:23620]
7f46a4a34000-7f46a4a4a000 r-xp 00000000 08:07 1848352                    /usr/lib/jvm/java-7-oracle/jre/lib/amd64/libnet.so
7f46a4a4a000-7f46a4c4a000 ---p 00016000 08:07 1848352                    /usr/lib/jvm/java-7-oracle/jre/lib/amd64/libnet.so
7f46a4c4a000-7f46a4c4b000 rw-p 00016000 08:07 1848352                    /usr/lib/jvm/java-7-oracle/jre/lib/amd64/libnet.so
7f46a4c4b000-7f46a4c5b000 r-xp 00000000 08:07 1848353                    /usr/lib/jvm/java-7-oracle/jre/lib/amd64/libnio.so
7f46a4c5b000-7f46a4e5b000 ---p 00010000 08:07 1848353                    /usr/lib/jvm/java-7-oracle/jre/lib/amd64/libnio.so
7f46a4e5b000-7f46a4e5c000 rw-p 00010000 08:07 1848353                    /usr/lib/jvm/java-7-oracle/jre/lib/amd64/libnio.so
7f46a4e5c000-7f46a4e5f000 ---p 00000000 00:00 0 
7f46a4e5f000-7f46a4f5d000 rw-p 00000000 00:00 0                          [stack:23619]
7f46a4f5d000-7f46a4f60000 ---p 00000000 00:00 0 
7f46a4f60000-7f46a505e000 rw-p 00000000 00:00 0                          [stack:23617]
7f46a505e000-7f46a5061000 ---p 00000000 00:00 0 
7f46a5061000-7f46a515f000 rw-p 00000000 00:00 0                          [stack:23616]
7f46a515f000-7f46a5162000 ---p 00000000 00:00 0 
7f46a5162000-7f46a5260000 rw-p 00000000 00:00 0                          [stack:23615]
7f46a5260000-7f46a5265000 r-xp 00000000 08:07 791916                     /usr/lib/x86_64-linux-gnu/libXfixes.so.3.1.0
7f46a5265000-7f46a5464000 ---p 00005000 08:07 791916                     /usr/lib/x86_64-linux-gnu/libXfixes.so.3.1.0
7f46a5464000-7f46a5465000 r--p 00004000 08:07 791916                     /usr/lib/x86_64-linux-gnu/libXfixes.so.3.1.0
7f46a5465000-7f46a5466000 rw-p 00005000 08:07 791916                     /usr/lib/x86_64-linux-gnu/libXfixes.so.3.1.0
7f46a5466000-7f46a546f000 r-xp 00000000 08:07 791908                     /usr/lib/x86_64-linux-gnu/libXcursor.so.1.0.2
7f46a546f000-7f46a566e000 ---p 00009000 08:07 791908                     /usr/lib/x86_64-linux-gnu/libXcursor.so.1.0.2
7f46a566e000-7f46a566f000 r--p 00008000 08:07 791908                     /usr/lib/x86_64-linux-gnu/libXcursor.so.1.0.2
7f46a566f000-7f46a5670000 rw-p 00009000 08:07 791908                     /usr/lib/x86_64-linux-gnu/libXcursor.so.1.0.2
7f46a5670000-7f46a5673000 ---p 00000000 00:00 0 
7f46a5673000-7f46a5771000 rw-p 00000000 00:00 0                          [stack:23614]
7f46a5771000-7f46a5776000 r-xp 00000000 08:07 791912                     /usr/lib/x86_64-linux-gnu/libXdmcp.so.6.0.0
7f46a5776000-7f46a5975000 ---p 00005000 08:07 791912                     /usr/lib/x86_64-linux-gnu/libXdmcp.so.6.0.0
7f46a5975000-7f46a5976000 r--p 00004000 08:07 791912                     /usr/lib/x86_64-linux-gnu/libXdmcp.so.6.0.0
7f46a5976000-7f46a5977000 rw-p 00005000 08:07 791912                     /usr/lib/x86_64-linux-gnu/libXdmcp.so.6.0.0
7f46a5977000-7f46a5979000 r-xp 00000000 08:07 791901                     /usr/lib/x86_64-linux-gnu/libXau.so.6.0.0
7f46a5979000-7f46a5b79000 ---p 00002000 08:07 791901                     /usr/lib/x86_64-linux-gnu/libXau.so.6.0.0
7f46a5b79000-7f46a5b7a000 r--p 00002000 08:07 791901                     /usr/lib/x86_64-linux-gnu/libXau.so.6.0.0
7f46a5b7a000-7f46a5b7b000 rw-p 00003000 08:07 791901                     /usr/lib/x86_64-linux-gnu/libXau.so.6.0.0
7f46a5b7b000-7f46a5b98000 r-xp 00000000 08:07 793084                     /usr/lib/x86_64-linux-gnu/libxcb.so.1.1.0
7f46a5b98000-7f46a5d98000 ---p 0001d000 08:07 793084                     /usr/lib/x86_64-linux-gnu/libxcb.so.1.1.0
7f46a5d98000-7f46a5d99000 r--p 0001d000 08:07 793084                     /usr/lib/x86_64-linux-gnu/libxcb.so.1.1.0
7f46a5d99000-7f46a5d9a000 rw-p 0001e000 08:07 793084                     /usr/lib/x86_64-linux-gnu/libxcb.so.1.1.0
7f46a5d9a000-7f46a5da9000 r-xp 00000000 08:07 791922                     /usr/lib/x86_64-linux-gnu/libXi.so.6.1.0
7f46a5da9000-7f46a5fa8000 ---p 0000f000 08:07 791922                     /usr/lib/x86_64-linux-gnu/libXi.so.6.1.0
7f46a5fa8000-7f46a5fa9000 r--p 0000e000 08:07 791922                     /usr/lib/x86_64-linux-gnu/libXi.so.6.1.0
7f46a5fa9000-7f46a5faa000 rw-p 0000f000 08:07 791922                     /usr/lib/x86_64-linux-gnu/libXi.so.6.1.0
7f46a5faa000-7f46a5faf000 r-xp 00000000 08:07 791940                     /usr/lib/x86_64-linux-gnu/libXtst.so.6.1.0
7f46a5faf000-7f46a61ae000 ---p 00005000 08:07 791940                     /usr/lib/x86_64-linux-gnu/libXtst.so.6.1.0
7f46a61ae000-7f46a61af000 r--p 00004000 08:07 791940                     /usr/lib/x86_64-linux-gnu/libXtst.so.6.1.0
7f46a61af000-7f46a61b0000 rw-p 00005000 08:07 791940                     /usr/lib/x86_64-linux-gnu/libXtst.so.6.1.0
7f46a61b0000-7f46a61b9000 r-xp 00000000 08:07 791934                     /usr/lib/x86_64-linux-gnu/libXrender.so.1.3.0
7f46a61b9000-7f46a63b8000 ---p 00009000 08:07 791934                     /usr/lib/x86_64-linux-gnu/libXrender.so.1.3.0
7f46a63b8000-7f46a63b9000 r--p 00008000 08:07 791934                     /usr/lib/x86_64-linux-gnu/libXrender.so.1.3.0
7f46a63b9000-7f46a63ba000 rw-p 00009000 08:07 791934                     /usr/lib/x86_64-linux-gnu/libXrender.so.1.3.0
7f46a63ba000-7f46a64ea000 r-xp 00000000 08:07 791897                     /usr/lib/x86_64-linux-gnu/libX11.so.6.3.0
7f46a64ea000-7f46a66ea000 ---p 00130000 08:07 791897                     /usr/lib/x86_64-linux-gnu/libX11.so.6.3.0
7f46a66ea000-7f46a66eb000 r--p 00130000 08:07 791897                     /usr/lib/x86_64-linux-gnu/libX11.so.6.3.0
7f46a66eb000-7f46a66ef000 rw-p 00131000 08:07 791897                     /usr/lib/x86_64-linux-gnu/libX11.so.6.3.0
7f46a66ef000-7f46a6700000 r-xp 00000000 08:07 791914                     /usr/lib/x86_64-linux-gnu/libXext.so.6.4.0
7f46a6700000-7f46a68ff000 ---p 00011000 08:07 791914                     /usr/lib/x86_64-linux-gnu/libXext.so.6.4.0
7f46a68ff000-7f46a6900000 r--p 00010000 08:07 791914                     /usr/lib/x86_64-linux-gnu/libXext.so.6.4.0
7f46a6900000-7f46a6901000 rw-p 00011000 08:07 791914                     /usr/lib/x86_64-linux-gnu/libXext.so.6.4.0
7f46a6901000-7f46a6951000 r-xp 00000000 08:07 2096777                    /usr/lib/jvm/java-7-oracle/jre/lib/amd64/xawt/libmawt.so
7f46a6951000-7f46a6b51000 ---p 00050000 08:07 2096777                    /usr/lib/jvm/java-7-oracle/jre/lib/amd64/xawt/libmawt.so
7f46a6b51000-7f46a6b55000 rw-p 00050000 08:07 2096777                    /usr/lib/jvm/java-7-oracle/jre/lib/amd64/xawt/libmawt.so
7f46a6b55000-7f46a6b56000 rw-p 00000000 00:00 0 
7f46a6b56000-7f46a6bf8000 r-xp 00000000 08:07 1848330                    /usr/lib/jvm/java-7-oracle/jre/lib/amd64/libawt.so
7f46a6bf8000-7f46a6df8000 ---p 000a2000 08:07 1848330                    /usr/lib/jvm/java-7-oracle/jre/lib/amd64/libawt.so
7f46a6df8000-7f46a6e04000 rw-p 000a2000 08:07 1848330                    /usr/lib/jvm/java-7-oracle/jre/lib/amd64/libawt.so
7f46a6e04000-7f46a6e28000 rw-p 00000000 00:00 0 
7f46a6e28000-7f46a6e29000 ---p 00000000 00:00 0 
7f46a6e29000-7f46a6f29000 rw-p 00000000 00:00 0                          [stack:23613]
7f46a6f29000-7f46a6f2c000 ---p 00000000 00:00 0 
7f46a6f2c000-7f46a702a000 rw-p 00000000 00:00 0                          [stack:23612]
7f46a702a000-7f46a702d000 ---p 00000000 00:00 0 
7f46a702d000-7f46a712b000 rw-p 00000000 00:00 0                          [stack:23611]
7f46a712b000-7f46a712e000 ---p 00000000 00:00 0 
7f46a712e000-7f46a722c000 rw-p 00000000 00:00 0                          [stack:23610]
7f46a722c000-7f46a722f000 ---p 00000000 00:00 0 
7f46a722f000-7f46a732d000 rw-p 00000000 00:00 0                          [stack:23609]
7f46a732d000-7f46a75f6000 r--p 00000000 08:07 790289                     /usr/lib/locale/locale-archive
7f46a75f6000-7f46a75f9000 ---p 00000000 00:00 0 
7f46a75f9000-7f46a76f7000 rw-p 00000000 00:00 0                          [stack:23608]
7f46a76f7000-7f46a76fa000 ---p 00000000 00:00 0 
7f46a76fa000-7f46a77f8000 rw-p 00000000 00:00 0                          [stack:23607]
7f46a77f8000-7f46a77f9000 ---p 00000000 00:00 0 
7f46a77f9000-7f46a8000000 rw-p 00000000 00:00 0                          [stack:23606]
7f46a8000000-7f46a8021000 rw-p 00000000 00:00 0 
7f46a8021000-7f46ac000000 ---p 00000000 00:00 0 
7f46ac000000-7f46ac021000 rw-p 00000000 00:00 0 
7f46ac021000-7f46b0000000 ---p 00000000 00:00 0 
7f46b0000000-7f46b0021000 rw-p 00000000 00:00 0 
7f46b0021000-7f46b4000000 ---p 00000000 00:00 0 
7f46b4000000-7f46b4001000 r--s 00000000 08:07 915767                     /var/cache/fontconfig/dc05db6664285cc2f12bf69c139ae4c3-le64.cache-4
7f46b4001000-7f46b4007000 r--s 00000000 08:07 915760                     /var/cache/fontconfig/b47c4e1ecd0709278f4910c18777a504-le64.cache-4
7f46b4007000-7f46b401a000 r--s 00000000 08:07 915759                     /var/cache/fontconfig/d52a8644073d54c13679302ca1180695-le64.cache-4
7f46b401a000-7f46b4023000 r--s 00000000 08:07 915758                     /var/cache/fontconfig/3f7329c5293ffd510edef78f73874cfd-le64.cache-4
7f46b4023000-7f46b402e000 r--s 00000000 08:07 915757                     /var/cache/fontconfig/d589a48862398ed80a3d6066f4f56f4c-le64.cache-4
7f46b402e000-7f46b4881000 rw-p 00000000 00:00 0 
7f46b4881000-7f46b4a41000 r--s 039ea000 08:07 1191636                    /usr/lib/jvm/java-7-oracle/jre/lib/rt.jar
7f46b4a41000-7f46b9000000 rw-p 00000000 00:00 0 
7f46b9000000-7f46b9270000 rwxp 00000000 00:00 0 
7f46b9270000-7f46bc265000 rw-p 00000000 00:00 0 
7f46bc265000-7f46c0000000 ---p 00000000 00:00 0 
7f46c0000000-7f46c0002000 r--s 00000000 08:07 915766                     /var/cache/fontconfig/767a8244fc0220cfb567a839d0392e0b-le64.cache-4
7f46c0002000-7f46c0003000 r--s 00000000 08:07 919955                     /var/cache/fontconfig/4794a0821666d79190d59a36cb4f44b5-le64.cache-4
7f46c0003000-7f46c0004000 r--s 00000000 08:07 915762                     /var/cache/fontconfig/56cf4f4769d0f4abc89a4895d7bd3ae1-le64.cache-4
7f46c0004000-7f46c0005000 r--s 00000000 08:07 915761                     /var/cache/fontconfig/b9d506c9ac06c20b433354fa67a72993-le64.cache-4
7f46c0005000-7f46c0008000 r--s 00000000 08:07 915744                     /var/cache/fontconfig/e13b20fdb08344e0e664864cc2ede53d-le64.cache-4
7f46c0008000-7f46c000c000 r--s 00000000 08:07 925135                     /var/cache/fontconfig/7ef2298fde41cc6eeb7af42e48b7d293-le64.cache-4
7f46c000c000-7f46c000e000 r--p 00000000 08:07 1443941                    /usr/share/locale-langpack/en_GB/LC_MESSAGES/glib20.mo
7f46c000e000-7f46c0015000 r--s 00000000 08:07 1188006                    /usr/lib/x86_64-linux-gnu/gconv/gconv-modules.cache
7f46c0015000-7f46c0019000 r--p 00000000 08:07 1450818                    /usr/share/locale-langpack/en_GB/LC_MESSAGES/gtk20-properties.mo
7f46c0019000-7f46c001e000 r--s 0008a000 08:07 1191600                    /usr/lib/jvm/java-7-oracle/jre/lib/jsse.jar
7f46c001e000-7f46c0047000 rw-p 00000000 00:00 0 
7f46c0047000-7f46c0048000 ---p 00000000 00:00 0 
7f46c0048000-7f46c0148000 rw-p 00000000 00:00 0                          [stack:23605]
7f46c0148000-7f46c0149000 ---p 00000000 00:00 0 
7f46c0149000-7f46c0249000 rw-p 00000000 00:00 0                          [stack:23604]
7f46c0249000-7f46c024a000 ---p 00000000 00:00 0 
7f46c024a000-7f46c034a000 rw-p 00000000 00:00 0                          [stack:23603]
7f46c034a000-7f46c034b000 ---p 00000000 00:00 0 
7f46c034b000-7f46c0457000 rw-p 00000000 00:00 0                          [stack:23602]
7f46c0457000-7f46c0474000 rw-p 00000000 00:00 0 
7f46c0474000-7f46c049e000 rw-p 00000000 00:00 0 
7f46c049e000-7f46c070d000 rw-p 00000000 00:00 0 
7f46c070d000-7f46c0719000 rw-p 00000000 00:00 0 
7f46c0719000-7f46c0736000 rw-p 00000000 00:00 0 
7f46c0736000-7f46c0760000 rw-p 00000000 00:00 0 
7f46c0760000-7f46c09ce000 rw-p 00000000 00:00 0 
7f46c09ce000-7f46c09f3000 rw-p 00000000 00:00 0 
7f46c09f3000-7f46c0b1b000 rw-p 00000000 00:00 0 
7f46c0b1b000-7f46c0b1c000 rw-p 00000000 00:00 0 
7f46c0b1c000-7f46c0b36000 r-xp 00000000 08:07 1848363                    /usr/lib/jvm/java-7-oracle/jre/lib/amd64/libzip.so
7f46c0b36000-7f46c0d36000 ---p 0001a000 08:07 1848363                    /usr/lib/jvm/java-7-oracle/jre/lib/amd64/libzip.so
7f46c0d36000-7f46c0d37000 rw-p 0001a000 08:07 1848363                    /usr/lib/jvm/java-7-oracle/jre/lib/amd64/libzip.so
7f46c0d37000-7f46c0d42000 r-xp 00000000 08:07 3406421                    /lib/x86_64-linux-gnu/libnss_files-2.19.so
7f46c0d42000-7f46c0f41000 ---p 0000b000 08:07 3406421                    /lib/x86_64-linux-gnu/libnss_files-2.19.so
7f46c0f41000-7f46c0f42000 r--p 0000a000 08:07 3406421                    /lib/x86_64-linux-gnu/libnss_files-2.19.so
7f46c0f42000-7f46c0f43000 rw-p 0000b000 08:07 3406421                    /lib/x86_64-linux-gnu/libnss_files-2.19.so
7f46c0f43000-7f46c0f4e000 r-xp 00000000 08:07 3406573                    /lib/x86_64-linux-gnu/libnss_nis-2.19.so
7f46c0f4e000-7f46c114d000 ---p 0000b000 08:07 3406573                    /lib/x86_64-linux-gnu/libnss_nis-2.19.so
7f46c114d000-7f46c114e000 r--p 0000a000 08:07 3406573                    /lib/x86_64-linux-gnu/libnss_nis-2.19.so
7f46c114e000-7f46c114f000 rw-p 0000b000 08:07 3406573                    /lib/x86_64-linux-gnu/libnss_nis-2.19.so
7f46c114f000-7f46c1166000 r-xp 00000000 08:07 3406371                    /lib/x86_64-linux-gnu/libnsl-2.19.so
7f46c1166000-7f46c1365000 ---p 00017000 08:07 3406371                    /lib/x86_64-linux-gnu/libnsl-2.19.so
7f46c1365000-7f46c1366000 r--p 00016000 08:07 3406371                    /lib/x86_64-linux-gnu/libnsl-2.19.so
7f46c1366000-7f46c1367000 rw-p 00017000 08:07 3406371                    /lib/x86_64-linux-gnu/libnsl-2.19.so
7f46c1367000-7f46c1369000 rw-p 00000000 00:00 0 
7f46c1369000-7f46c1372000 r-xp 00000000 08:07 3406444                    /lib/x86_64-linux-gnu/libnss_compat-2.19.so
7f46c1372000-7f46c1571000 ---p 00009000 08:07 3406444                    /lib/x86_64-linux-gnu/libnss_compat-2.19.so
7f46c1571000-7f46c1572000 r--p 00008000 08:07 3406444                    /lib/x86_64-linux-gnu/libnss_compat-2.19.so
7f46c1572000-7f46c1573000 rw-p 00009000 08:07 3406444                    /lib/x86_64-linux-gnu/libnss_compat-2.19.so
7f46c1573000-7f46c159c000 r-xp 00000000 08:07 1848348                    /usr/lib/jvm/java-7-oracle/jre/lib/amd64/libjava.so
7f46c159c000-7f46c179c000 ---p 00029000 08:07 1848348                    /usr/lib/jvm/java-7-oracle/jre/lib/amd64/libjava.so
7f46c179c000-7f46c179e000 rw-p 00029000 08:07 1848348                    /usr/lib/jvm/java-7-oracle/jre/lib/amd64/libjava.so
7f46c179e000-7f46c17ab000 r-xp 00000000 08:07 1848334                    /usr/lib/jvm/java-7-oracle/jre/lib/amd64/libverify.so
7f46c17ab000-7f46c19aa000 ---p 0000d000 08:07 1848334                    /usr/lib/jvm/java-7-oracle/jre/lib/amd64/libverify.so
7f46c19aa000-7f46c19ac000 rw-p 0000c000 08:07 1848334                    /usr/lib/jvm/java-7-oracle/jre/lib/amd64/libverify.so
7f46c19ac000-7f46c19b3000 r-xp 00000000 08:07 3406576                    /lib/x86_64-linux-gnu/librt-2.19.so
7f46c19b3000-7f46c1bb2000 ---p 00007000 08:07 3406576                    /lib/x86_64-linux-gnu/librt-2.19.so
7f46c1bb2000-7f46c1bb3000 r--p 00006000 08:07 3406576                    /lib/x86_64-linux-gnu/librt-2.19.so
7f46c1bb3000-7f46c1bb4000 rw-p 00007000 08:07 3406576                    /lib/x86_64-linux-gnu/librt-2.19.so
7f46c1bb4000-7f46c1cb9000 r-xp 00000000 08:07 3406369                    /lib/x86_64-linux-gnu/libm-2.19.so
7f46c1cb9000-7f46c1eb8000 ---p 00105000 08:07 3406369                    /lib/x86_64-linux-gnu/libm-2.19.so
7f46c1eb8000-7f46c1eb9000 r--p 00104000 08:07 3406369                    /lib/x86_64-linux-gnu/libm-2.19.so
7f46c1eb9000-7f46c1eba000 rw-p 00105000 08:07 3406369                    /lib/x86_64-linux-gnu/libm-2.19.so
7f46c1eba000-7f46c2a2d000 r-xp 00000000 08:07 1990491                    /usr/lib/jvm/java-7-oracle/jre/lib/amd64/server/libjvm.so
7f46c2a2d000-7f46c2c2c000 ---p 00b73000 08:07 1990491                    /usr/lib/jvm/java-7-oracle/jre/lib/amd64/server/libjvm.so
7f46c2c2c000-7f46c2cf0000 rw-p 00b72000 08:07 1990491                    /usr/lib/jvm/java-7-oracle/jre/lib/amd64/server/libjvm.so
7f46c2cf0000-7f46c2d31000 rw-p 00000000 00:00 0 
7f46c2d31000-7f46c2eec000 r-xp 00000000 08:07 3406574                    /lib/x86_64-linux-gnu/libc-2.19.so
7f46c2eec000-7f46c30ec000 ---p 001bb000 08:07 3406574                    /lib/x86_64-linux-gnu/libc-2.19.so
7f46c30ec000-7f46c30f0000 r--p 001bb000 08:07 3406574                    /lib/x86_64-linux-gnu/libc-2.19.so
7f46c30f0000-7f46c30f2000 rw-p 001bf000 08:07 3406574                    /lib/x86_64-linux-gnu/libc-2.19.so
7f46c30f2000-7f46c30f7000 rw-p 00000000 00:00 0 
7f46c30f7000-7f46c30fa000 r-xp 00000000 08:07 3406429                    /lib/x86_64-linux-gnu/libdl-2.19.so
7f46c30fa000-7f46c32f9000 ---p 00003000 08:07 3406429                    /lib/x86_64-linux-gnu/libdl-2.19.so
7f46c32f9000-7f46c32fa000 r--p 00002000 08:07 3406429                    /lib/x86_64-linux-gnu/libdl-2.19.so
7f46c32fa000-7f46c32fb000 rw-p 00003000 08:07 3406429                    /lib/x86_64-linux-gnu/libdl-2.19.so
7f46c32fb000-7f46c3311000 r-xp 00000000 08:07 1709828                    /usr/lib/jvm/java-7-oracle/lib/amd64/jli/libjli.so
7f46c3311000-7f46c3511000 ---p 00016000 08:07 1709828                    /usr/lib/jvm/java-7-oracle/lib/amd64/jli/libjli.so
7f46c3511000-7f46c3512000 rw-p 00016000 08:07 1709828                    /usr/lib/jvm/java-7-oracle/lib/amd64/jli/libjli.so
7f46c3512000-7f46c352b000 r-xp 00000000 08:07 3406385                    /lib/x86_64-linux-gnu/libpthread-2.19.so
7f46c352b000-7f46c372a000 ---p 00019000 08:07 3406385                    /lib/x86_64-linux-gnu/libpthread-2.19.so
7f46c372a000-7f46c372b000 r--p 00018000 08:07 3406385                    /lib/x86_64-linux-gnu/libpthread-2.19.so
7f46c372b000-7f46c372c000 rw-p 00019000 08:07 3406385                    /lib/x86_64-linux-gnu/libpthread-2.19.so
7f46c372c000-7f46c3730000 rw-p 00000000 00:00 0 
7f46c3730000-7f46c3753000 r-xp 00000000 08:07 3406456                    /lib/x86_64-linux-gnu/ld-2.19.so
7f46c3753000-7f46c3754000 r--s 00000000 08:07 915756                     /var/cache/fontconfig/0c9eb80ebd1c36541ebe2852d3bb0c49-le64.cache-4
7f46c3754000-7f46c3756000 r--p 00000000 08:07 1450727                    /usr/share/locale-langpack/en_GB/LC_MESSAGES/gtk20.mo
7f46c3756000-7f46c3760000 r--s 00251000 08:07 1191624                    /usr/lib/jvm/java-7-oracle/jre/lib/resources.jar
7f46c3760000-7f46c3761000 r--p 00000000 08:07 1443489                    /usr/share/locale-langpack/en_GB/LC_MESSAGES/libc.mo
7f46c3761000-7f46c376c000 r--s 0037c000 08:07 1191637                    /usr/lib/jvm/java-7-oracle/jre/lib/charsets.jar
7f46c376c000-7f46c3776000 rw-p 00000000 00:00 0 
7f46c3776000-7f46c382c000 rw-p 00000000 00:00 0 
7f46c382c000-7f46c382f000 ---p 00000000 00:00 0 
7f46c382f000-7f46c3931000 rw-p 00000000 00:00 0                          [stack:23601]
7f46c3931000-7f46c3946000 r--s 001c6000 08:09 14026829                   /home/aymen/prisma/out/artifacts/prisma_jar/prisma.jar
7f46c3946000-7f46c394e000 rw-s 00000000 08:07 654124                     /tmp/hsperfdata_aymen/23600
7f46c394e000-7f46c394f000 rw-p 00000000 00:00 0 
7f46c394f000-7f46c3950000 r--p 00000000 00:00 0 
7f46c3950000-7f46c3952000 rw-p 00000000 00:00 0 
7f46c3952000-7f46c3953000 r--p 00022000 08:07 3406456                    /lib/x86_64-linux-gnu/ld-2.19.so
7f46c3953000-7f46c3954000 rw-p 00023000 08:07 3406456                    /lib/x86_64-linux-gnu/ld-2.19.so
7f46c3954000-7f46c3955000 rw-p 00000000 00:00 0 
7fff54a02000-7fff54a23000 rw-p 00000000 00:00 0                          [stack]
7fff54beb000-7fff54bed000 r-xp 00000000 00:00 0                          [vdso]
ffffffffff600000-ffffffffff601000 r-xp 00000000 00:00 0                  [vsyscall]

VM Arguments:
jvm_args: -Dfile.encoding=UTF-8 
java_command: /home/aymen/prisma/out/artifacts/prisma_jar/prisma.jar
Launcher Type: SUN_STANDARD

Environment Variables:
CLASSPATH=/home/aymen/IntelliJ/bin/../lib/bootstrap.jar:/home/aymen/IntelliJ/bin/../lib/extensions.jar:/home/aymen/IntelliJ/bin/../lib/util.jar:/home/aymen/IntelliJ/bin/../lib/jdom.jar:/home/aymen/IntelliJ/bin/../lib/log4j.jar:/home/aymen/IntelliJ/bin/../lib/trove4j.jar:/home/aymen/IntelliJ/bin/../lib/jna.jar:/usr/lib/jvm/java-7-oracle/lib/tools.jar
PATH=/usr/local/sbin:/usr/local/bin:/usr/sbin:/usr/bin:/sbin:/bin:/usr/games:/usr/local/games
USERNAME=aymen
LD_LIBRARY_PATH=/home/aymen/IntelliJ/bin:
SHELL=/bin/bash
DISPLAY=:0.0

Signal Handlers:
SIGSEGV: [libjvm.so+0x9a1a10], sa_mask[0]=0x7ffbfeff, sa_flags=0x10000004
SIGBUS: [libjvm.so+0x9a1a10], sa_mask[0]=0x7ffbfeff, sa_flags=0x10000004
SIGFPE: [libjvm.so+0x81bae0], sa_mask[0]=0x7ffbfeff, sa_flags=0x10000004
SIGPIPE: SIG_IGN, sa_mask[0]=0x00001000, sa_flags=0x10000000
SIGXFSZ: [libjvm.so+0x81bae0], sa_mask[0]=0x7ffbfeff, sa_flags=0x10000004
SIGILL: [libjvm.so+0x81bae0], sa_mask[0]=0x7ffbfeff, sa_flags=0x10000004
SIGUSR1: SIG_DFL, sa_mask[0]=0x00000000, sa_flags=0x00000000
SIGUSR2: [libjvm.so+0x81d2e0], sa_mask[0]=0x00000004, sa_flags=0x10000004
SIGHUP: [libjvm.so+0x81e400], sa_mask[0]=0x7ffbfeff, sa_flags=0x10000004
SIGINT: [libjvm.so+0x81e400], sa_mask[0]=0x7ffbfeff, sa_flags=0x10000004
SIGTERM: [libjvm.so+0x81e400], sa_mask[0]=0x7ffbfeff, sa_flags=0x10000004
SIGQUIT: [libjvm.so+0x81e400], sa_mask[0]=0x7ffbfeff, sa_flags=0x10000004


---------------  S Y S T E M  ---------------

OS:jessie/sid

uname:Linux 3.13.0-24-generic #46-Ubuntu SMP Thu Apr 10 19:11:08 UTC 2014 x86_64
libc:glibc 2.19 NPTL 2.19 
rlimit: STACK 8192k, CORE 0k, NPROC 63503, NOFILE 4096, AS infinity
load average:1.00 0.97 0.69

/proc/meminfo:
MemTotal:        8159508 kB
MemFree:         2266340 kB
Buffers:          183860 kB
Cached:          1656728 kB
SwapCached:            0 kB
Active:          4471528 kB
Inactive:        1094464 kB
Active(anon):    3727680 kB
Inactive(anon):    53996 kB
Active(file):     743848 kB
Inactive(file):  1040468 kB
Unevictable:           0 kB
Mlocked:               0 kB
SwapTotal:             0 kB
SwapFree:              0 kB
Dirty:             25036 kB
Writeback:             0 kB
AnonPages:       3725732 kB
Mapped:           384372 kB
Shmem:             55960 kB
Slab:             154272 kB
SReclaimable:     111244 kB
SUnreclaim:        43028 kB
KernelStack:        7056 kB
PageTables:        69932 kB
NFS_Unstable:          0 kB
Bounce:                0 kB
WritebackTmp:          0 kB
CommitLimit:     4079752 kB
Committed_AS:   10131916 kB
VmallocTotal:   34359738367 kB
VmallocUsed:      336180 kB
VmallocChunk:   34359357616 kB
HardwareCorrupted:     0 kB
AnonHugePages:   1681408 kB
HugePages_Total:       0
HugePages_Free:        0
HugePages_Rsvd:        0
HugePages_Surp:        0
Hugepagesize:       2048 kB
DirectMap4k:       82984 kB
DirectMap2M:     8288256 kB


CPU:total 4 (4 cores per cpu, 1 threads per core) family 6 model 42 stepping 7, cmov, cx8, fxsr, mmx, sse, sse2, sse3, ssse3, sse4.1, sse4.2, popcnt, avx, aes, tsc, tscinvbit

/proc/cpuinfo:
processor	: 0
vendor_id	: GenuineIntel
cpu family	: 6
model		: 42
model name	: Intel(R) Core(TM) i5-2320 CPU @ 3.00GHz
stepping	: 7
microcode	: 0x1a
cpu MHz		: 3001.000
cache size	: 6144 KB
physical id	: 0
siblings	: 4
core id		: 0
cpu cores	: 4
apicid		: 0
initial apicid	: 0
fpu		: yes
fpu_exception	: yes
cpuid level	: 13
wp		: yes
flags		: fpu vme de pse tsc msr pae mce cx8 apic sep mtrr pge mca cmov pat pse36 clflush dts acpi mmx fxsr sse sse2 ss ht tm pbe syscall nx rdtscp lm constant_tsc arch_perfmon pebs bts rep_good nopl xtopology nonstop_tsc aperfmperf eagerfpu pni pclmulqdq dtes64 monitor ds_cpl vmx est tm2 ssse3 cx16 xtpr pdcm pcid sse4_1 sse4_2 popcnt tsc_deadline_timer aes xsave avx lahf_lm ida arat epb xsaveopt pln pts dtherm tpr_shadow vnmi flexpriority ept vpid
bogomips	: 5986.53
clflush size	: 64
cache_alignment	: 64
address sizes	: 36 bits physical, 48 bits virtual
power management:

processor	: 1
vendor_id	: GenuineIntel
cpu family	: 6
model		: 42
model name	: Intel(R) Core(TM) i5-2320 CPU @ 3.00GHz
stepping	: 7
microcode	: 0x1a
cpu MHz		: 1900.000
cache size	: 6144 KB
physical id	: 0
siblings	: 4
core id		: 1
cpu cores	: 4
apicid		: 2
initial apicid	: 2
fpu		: yes
fpu_exception	: yes
cpuid level	: 13
wp		: yes
flags		: fpu vme de pse tsc msr pae mce cx8 apic sep mtrr pge mca cmov pat pse36 clflush dts acpi mmx fxsr sse sse2 ss ht tm pbe syscall nx rdtscp lm constant_tsc arch_perfmon pebs bts rep_good nopl xtopology nonstop_tsc aperfmperf eagerfpu pni pclmulqdq dtes64 monitor ds_cpl vmx est tm2 ssse3 cx16 xtpr pdcm pcid sse4_1 sse4_2 popcnt tsc_deadline_timer aes xsave avx lahf_lm ida arat epb xsaveopt pln pts dtherm tpr_shadow vnmi flexpriority ept vpid
bogomips	: 5986.53
clflush size	: 64
cache_alignment	: 64
address sizes	: 36 bits physical, 48 bits virtual
power management:

processor	: 2
vendor_id	: GenuineIntel
cpu family	: 6
model		: 42
model name	: Intel(R) Core(TM) i5-2320 CPU @ 3.00GHz
stepping	: 7
microcode	: 0x1a
cpu MHz		: 1600.000
cache size	: 6144 KB
physical id	: 0
siblings	: 4
core id		: 2
cpu cores	: 4
apicid		: 4
initial apicid	: 4
fpu		: yes
fpu_exception	: yes
cpuid level	: 13
wp		: yes
flags		: fpu vme de pse tsc msr pae mce cx8 apic sep mtrr pge mca cmov pat pse36 clflush dts acpi mmx fxsr sse sse2 ss ht tm pbe syscall nx rdtscp lm constant_tsc arch_perfmon pebs bts rep_good nopl xtopology nonstop_tsc aperfmperf eagerfpu pni pclmulqdq dtes64 monitor ds_cpl vmx est tm2 ssse3 cx16 xtpr pdcm pcid sse4_1 sse4_2 popcnt tsc_deadline_timer aes xsave avx lahf_lm ida arat epb xsaveopt pln pts dtherm tpr_shadow vnmi flexpriority ept vpid
bogomips	: 5986.53
clflush size	: 64
cache_alignment	: 64
address sizes	: 36 bits physical, 48 bits virtual
power management:

processor	: 3
vendor_id	: GenuineIntel
cpu family	: 6
model		: 42
model name	: Intel(R) Core(TM) i5-2320 CPU @ 3.00GHz
stepping	: 7
microcode	: 0x1a
cpu MHz		: 1700.000
cache size	: 6144 KB
physical id	: 0
siblings	: 4
core id		: 3
cpu cores	: 4
apicid		: 6
initial apicid	: 6
fpu		: yes
fpu_exception	: yes
cpuid level	: 13
wp		: yes
flags		: fpu vme de pse tsc msr pae mce cx8 apic sep mtrr pge mca cmov pat pse36 clflush dts acpi mmx fxsr sse sse2 ss ht tm pbe syscall nx rdtscp lm constant_tsc arch_perfmon pebs bts rep_good nopl xtopology nonstop_tsc aperfmperf eagerfpu pni pclmulqdq dtes64 monitor ds_cpl vmx est tm2 ssse3 cx16 xtpr pdcm pcid sse4_1 sse4_2 popcnt tsc_deadline_timer aes xsave avx lahf_lm ida arat epb xsaveopt pln pts dtherm tpr_shadow vnmi flexpriority ept vpid
bogomips	: 5986.53
clflush size	: 64
cache_alignment	: 64
address sizes	: 36 bits physical, 48 bits virtual
power management:



Memory: 4k page, physical 8159508k(2266092k free), swap 0k(0k free)

vm_info: Java HotSpot(TM) 64-Bit Server VM (24.72-b04) for linux-amd64 JRE (1.7.0_72-b14), built on Sep 26 2014 18:20:41 by "java_re" with gcc 4.3.0 20080428 (Red Hat 4.3.0-8)

time: Sat Jan  3 20:11:44 2015
elapsed time: 25 seconds

