#
# A fatal error has been detected by the Java Runtime Environment:
#
#  SIGSEGV (0xb) at pc=0x00007f2195e66602, pid=5012, tid=139781683721984
#
# JRE version: Java(TM) SE Runtime Environment (7.0_76-b13) (build 1.7.0_76-b13)
# Java VM: Java HotSpot(TM) 64-Bit Server VM (24.76-b04 mixed mode linux-amd64 compressed oops)
# Problematic frame:
# C  [libc.so.6+0x152602]  __nss_hosts_lookup+0x1a7f2
#
# Failed to write core dump. Core dumps have been disabled. To enable core dumping, try "ulimit -c unlimited" before starting Java again
#
# If you would like to submit a bug report, please visit:
#   http://bugreport.java.com/bugreport/crash.jsp
# The crash happened outside the Java Virtual Machine in native code.
# See problematic frame for where to report the bug.
#

---------------  T H R E A D  ---------------

Current thread (0x00007f2138466800):  JavaThread "Thread-3" [_thread_in_native, id=5072, stack(0x00007f21758ab000,0x00007f21759ac000)]

siginfo:si_signo=SIGSEGV: si_errno=0, si_code=1 (SEGV_MAPERR), si_addr=0x00007f2196938000

Registers:
RAX=0x00007f20e8011590, RBX=0x0000000000005073, RCX=0x0000000000005053, RDX=0x00000000000009d3
RSP=0x00007f21759a8418, RBP=0x00007f21759a8470, RSI=0x00007f2196937fc0, RDI=0x00007f20e8015b30
R8 =0x00007f20e8011590, R9 =0x00000000ae922490, R10=0x00007f20e8000078, R11=0x00007f2195e9c801
R12=0x00007f2196925a2e, R13=0x00007f20e8002cb0, R14=0x0000000000007361, R15=0x00007f219016e3b0
RIP=0x00007f2195e66602, EFLAGS=0x0000000000010202, CSGSFS=0x0000000000000033, ERR=0x0000000000000004
  TRAPNO=0x000000000000000e

Top of Stack: (sp=0x00007f21759a8418)
0x00007f21759a8418:   00007f218f9d1bce 000000077e400c90
0x00007f21759a8428:   5073612100000000 0000000000006c63
0x00007f21759a8438:   0000000073000808 00007f20e8002cb0
0x00007f21759a8448:   00007f2190171880 00007f219016e3b0
0x00007f21759a8458:   00007f213839cee0 000000005722564e
0x00007f21759a8468:   00007f21759a84d0 00007f21759a84b0
0x00007f21759a8478:   00007f218f9d20b0 0000001d759a84b0
0x00007f21759a8488:   00007f21759a84d0 000000000000001d
0x00007f21759a8498:   00007f21384669e8 00007f21759a84d0
0x00007f21759a84a8:   00007f21759a89a8 00007f21759a8910
0x00007f21759a84b8:   00007f218f9d0eed 0100000000000000
0x00007f21759a84c8:   00007f219016e3b0 732f32682f67726f
0x00007f21759a84d8:   626f4c2f65726f74 2e656761726f7453
0x00007f21759a84e8:   0000007373616c63 00007f2195888b41
0x00007f21759a84f8:   00007f2195d84260 00007f2195d62029
0x00007f21759a8508:   00007f2195d902d9 00007f21759a8b30
0x00007f21759a8518:   00007f21759a8b20 00007f2195d62029
0x00007f21759a8528:   00007f2195888b58 00007f2195888b41
0x00007f21759a8538:   00007f2195d5e4ea 000000007f523a40
0x00007f21759a8548:   0000000000000000 00007f21759a8680
0x00007f21759a8558:   0000000000000000 00000000000000c8
0x00007f21759a8568:   00007f21759a8630 00007f21759a86a0
0x00007f21759a8578:   0000000000000000 000000007f577410
0x00007f21759a8588:   00007f21759a8650 0000000000000000
0x00007f21759a8598:   0000000000000000 000000007f572778
0x00007f21759a85a8:   fffffffffffffffc 0000000a00000000
0x00007f21759a85b8:   0000000000000518 0000000000000020
0x00007f21759a85c8:   0000000000000000 0000000000000000
0x00007f21759a85d8:   00007f21759a8ae4 0000000000000000
0x00007f21759a85e8:   00007f2100000000 0000000000000000
0x00007f21759a85f8:   0000000000000000 0000000000000000
0x00007f21759a8608:   00007f2195d5e4ea ffffffffffffffff 

Instructions: (pc=0x00007f2195e66602)
0x00007f2195e665e2:   18 87 80 02 00 00 48 81 ea 80 00 00 00 f3 0f 6f
0x00007f2195e665f2:   06 f3 0f 6f 4e 10 f3 0f 6f 56 20 f3 0f 6f 5e 30
0x00007f2195e66602:   f3 0f 6f 66 40 f3 0f 6f 6e 50 f3 0f 6f 76 60 f3
0x00007f2195e66612:   0f 6f 7e 70 66 0f 7f 07 66 0f 7f 4f 10 66 0f 7f 

Register to memory mapping:

RAX=0x00007f20e8011590 is an unknown value
RBX=0x0000000000005073 is an unknown value
RCX=0x0000000000005053 is an unknown value
RDX=0x00000000000009d3 is an unknown value
RSP=0x00007f21759a8418 is pointing into the stack for thread: 0x00007f2138466800
RBP=0x00007f21759a8470 is pointing into the stack for thread: 0x00007f2138466800
RSI=0x00007f2196937fc0 is an unknown value
RDI=0x00007f20e8015b30 is an unknown value
R8 =0x00007f20e8011590 is an unknown value
R9 =0x00000000ae922490 is an unknown value
R10=0x00007f20e8000078 is an unknown value
R11=0x00007f2195e9c801: <offset 0x188801> in /lib/x86_64-linux-gnu/libc.so.6 at 0x00007f2195d14000
R12=0x00007f2196925a2e is an unknown value
R13=0x00007f20e8002cb0 is an unknown value
R14=0x0000000000007361 is an unknown value
R15=0x00007f219016e3b0 is an unknown value


Stack: [0x00007f21758ab000,0x00007f21759ac000],  sp=0x00007f21759a8418,  free space=1013k
Native frames: (J=compiled Java code, j=interpreted, Vv=VM code, C=native code)
C  [libc.so.6+0x152602]  __nss_hosts_lookup+0x1a7f2
C  [libzip.so+0x50b0]  ZIP_GetEntry+0xd0
C  [libzip.so+0x3eed]  Java_java_util_zip_ZipFile_getEntry+0xad
j  java.util.zip.ZipFile.getEntry(J[BZ)J+0
j  java.util.zip.ZipFile.getEntry(Ljava/lang/String;)Ljava/util/zip/ZipEntry;+38
j  java.util.jar.JarFile.getEntry(Ljava/lang/String;)Ljava/util/zip/ZipEntry;+2
j  java.util.jar.JarFile.getJarEntry(Ljava/lang/String;)Ljava/util/jar/JarEntry;+2
j  sun.misc.URLClassPath$JarLoader.getResource(Ljava/lang/String;Z)Lsun/misc/Resource;+48
j  sun.misc.URLClassPath.getResource(Ljava/lang/String;Z)Lsun/misc/Resource;+53
j  java.net.URLClassLoader$1.run()Ljava/lang/Class;+26
j  java.net.URLClassLoader$1.run()Ljava/lang/Object;+1
v  ~StubRoutines::call_stub
V  [libjvm.so+0x600e95]  JavaCalls::call_helper(JavaValue*, methodHandle*, JavaCallArguments*, Thread*)+0x365
V  [libjvm.so+0x5ff8f8]  JavaCalls::call(JavaValue*, methodHandle, JavaCallArguments*, Thread*)+0x28
V  [libjvm.so+0x685f84]  JVM_DoPrivileged+0x2a4
j  java.security.AccessController.doPrivileged(Ljava/security/PrivilegedExceptionAction;Ljava/security/AccessControlContext;)Ljava/lang/Object;+0
j  java.net.URLClassLoader.findClass(Ljava/lang/String;)Ljava/lang/Class;+13
j  java.lang.ClassLoader.loadClass(Ljava/lang/String;Z)Ljava/lang/Class;+70
j  sun.misc.Launcher$AppClassLoader.loadClass(Ljava/lang/String;Z)Ljava/lang/Class;+36
j  java.lang.ClassLoader.loadClass(Ljava/lang/String;)Ljava/lang/Class;+3
v  ~StubRoutines::call_stub
V  [libjvm.so+0x600e95]  JavaCalls::call_helper(JavaValue*, methodHandle*, JavaCallArguments*, Thread*)+0x365
V  [libjvm.so+0x5ff8f8]  JavaCalls::call(JavaValue*, methodHandle, JavaCallArguments*, Thread*)+0x28
V  [libjvm.so+0x5ffbc7]  JavaCalls::call_virtual(JavaValue*, KlassHandle, Symbol*, Symbol*, JavaCallArguments*, Thread*)+0x197
V  [libjvm.so+0x5ffc96]  JavaCalls::call_virtual(JavaValue*, Handle, KlassHandle, Symbol*, Symbol*, Handle, Thread*)+0x56
V  [libjvm.so+0x925599]  SystemDictionary::load_instance_class(Symbol*, Handle, Thread*)+0x419
V  [libjvm.so+0x925d41]  SystemDictionary::resolve_instance_class_or_null(Symbol*, Handle, Handle, Thread*)+0x791
V  [libjvm.so+0x9261a4]  SystemDictionary::resolve_or_null(Symbol*, Handle, Handle, Thread*)+0x54
V  [libjvm.so+0x927284]  SystemDictionary::resolve_or_fail(Symbol*, Handle, Handle, bool, Thread*)+0x34
V  [libjvm.so+0x491968]  constantPoolOopDesc::klass_at_impl(constantPoolHandle, int, Thread*)+0x278
V  [libjvm.so+0x5f8e24]  InterpreterRuntime::_new(JavaThread*, constantPoolOopDesc*, int)+0x74
j  org.h2.engine.Database.getLobStorage()Lorg/h2/store/LobStorage;+8
j  org.h2.engine.Database.close(Z)V+436
j  org.h2.engine.DatabaseCloser.run()V+88
v  ~StubRoutines::call_stub
V  [libjvm.so+0x600e95]  JavaCalls::call_helper(JavaValue*, methodHandle*, JavaCallArguments*, Thread*)+0x365
V  [libjvm.so+0x5ff8f8]  JavaCalls::call(JavaValue*, methodHandle, JavaCallArguments*, Thread*)+0x28
V  [libjvm.so+0x5ffbc7]  JavaCalls::call_virtual(JavaValue*, KlassHandle, Symbol*, Symbol*, JavaCallArguments*, Thread*)+0x197
V  [libjvm.so+0x5ffce7]  JavaCalls::call_virtual(JavaValue*, Handle, KlassHandle, Symbol*, Symbol*, Thread*)+0x47
V  [libjvm.so+0x67e805]  thread_entry(JavaThread*, Thread*)+0xe5
V  [libjvm.so+0x95c0ff]  JavaThread::thread_main_inner()+0xdf
V  [libjvm.so+0x95c205]  JavaThread::run()+0xf5
V  [libjvm.so+0x821ca8]  java_start(Thread*)+0x108

Java frames: (J=compiled Java code, j=interpreted, Vv=VM code)
j  java.util.zip.ZipFile.getEntry(J[BZ)J+0
j  java.util.zip.ZipFile.getEntry(Ljava/lang/String;)Ljava/util/zip/ZipEntry;+38
j  java.util.jar.JarFile.getEntry(Ljava/lang/String;)Ljava/util/zip/ZipEntry;+2
j  java.util.jar.JarFile.getJarEntry(Ljava/lang/String;)Ljava/util/jar/JarEntry;+2
j  sun.misc.URLClassPath$JarLoader.getResource(Ljava/lang/String;Z)Lsun/misc/Resource;+48
j  sun.misc.URLClassPath.getResource(Ljava/lang/String;Z)Lsun/misc/Resource;+53
j  java.net.URLClassLoader$1.run()Ljava/lang/Class;+26
j  java.net.URLClassLoader$1.run()Ljava/lang/Object;+1
v  ~StubRoutines::call_stub
j  java.security.AccessController.doPrivileged(Ljava/security/PrivilegedExceptionAction;Ljava/security/AccessControlContext;)Ljava/lang/Object;+0
j  java.net.URLClassLoader.findClass(Ljava/lang/String;)Ljava/lang/Class;+13
j  java.lang.ClassLoader.loadClass(Ljava/lang/String;Z)Ljava/lang/Class;+70
j  sun.misc.Launcher$AppClassLoader.loadClass(Ljava/lang/String;Z)Ljava/lang/Class;+36
j  java.lang.ClassLoader.loadClass(Ljava/lang/String;)Ljava/lang/Class;+3
v  ~StubRoutines::call_stub
j  org.h2.engine.Database.getLobStorage()Lorg/h2/store/LobStorage;+8
j  org.h2.engine.Database.close(Z)V+436
j  org.h2.engine.DatabaseCloser.run()V+88
v  ~StubRoutines::call_stub

---------------  P R O C E S S  ---------------

Java Threads: ( => current thread )
=>0x00007f2138466800 JavaThread "Thread-3" [_thread_in_native, id=5072, stack(0x00007f21758ab000,0x00007f21759ac000)]
  0x00007f2138466000 JavaThread "process reaper" daemon [_thread_in_native, id=5071, stack(0x00007f217ee8b000,0x00007f217eec4000)]
  0x00007f213835c800 JavaThread "Keep-Alive-Timer" daemon [_thread_blocked, id=5063, stack(0x00007f217ec18000,0x00007f217ed19000)]
  0x00007f21382f1000 JavaThread "Direct Clip" daemon [_thread_blocked, id=5061, stack(0x00007f217ed19000,0x00007f217ee1a000)]
  0x00007f21382eb800 JavaThread "Direct Clip" daemon [_thread_blocked, id=5058, stack(0x00007f217c08a000,0x00007f217c18b000)]
  0x00007f21382e0800 JavaThread "Direct Clip" daemon [_thread_blocked, id=5055, stack(0x00007f217e05b000,0x00007f217e15c000)]
  0x00007f21382d7800 JavaThread "Direct Clip" daemon [_thread_blocked, id=5052, stack(0x00007f217e15c000,0x00007f217e25d000)]
  0x00007f21382c6000 JavaThread "Java Sound Event Dispatcher" daemon [_thread_blocked, id=5050, stack(0x00007f217e3c9000,0x00007f217e4ca000)]
  0x00007f213825d000 JavaThread "TimerQueue" daemon [_thread_blocked, id=5036, stack(0x00007f217eec4000,0x00007f217efc5000)]
  0x00007f213823b000 JavaThread "Image Fetcher 0" daemon [_thread_blocked, id=5035, stack(0x00007f217efc5000,0x00007f217f0c6000)]
  0x00007f2138150800 JavaThread "Timer-0" [_thread_blocked, id=5034, stack(0x00007f217f7d4000,0x00007f217f8d5000)]
  0x00007f2138152800 JavaThread "H2 Log Writer PUZZLETIMER" daemon [_thread_blocked, id=5033, stack(0x00007f217f8d5000,0x00007f217f9d6000)]
  0x00007f2138054800 JavaThread "H2 File Lock Watchdog /home/aymen/prisma/puzzletimer.lock.db" daemon [_thread_blocked, id=5032, stack(0x00007f217fdfe000,0x00007f217feff000)]
  0x00007f219000a000 JavaThread "DestroyJavaVM" [_thread_blocked, id=5014, stack(0x00007f219680e000,0x00007f219690f000)]
  0x00007f2190260800 JavaThread "AWT-EventQueue-0" [_thread_blocked, id=5030, stack(0x00007f217feff000,0x00007f2180000000)]
  0x00007f219025e800 JavaThread "AWT-Shutdown" [_thread_blocked, id=5029, stack(0x00007f2184066000,0x00007f2184167000)]
  0x00007f219025b000 JavaThread "AWT-XAWT" daemon [_thread_in_native, id=5028, stack(0x00007f2184167000,0x00007f2184268000)]
  0x00007f219023c000 JavaThread "Java2D Disposer" daemon [_thread_blocked, id=5027, stack(0x00007f2184678000,0x00007f2184779000)]
  0x00007f219015f800 JavaThread "Service Thread" daemon [_thread_blocked, id=5025, stack(0x00007f2185f51000,0x00007f2186052000)]
  0x00007f219015d800 JavaThread "C2 CompilerThread1" daemon [_thread_blocked, id=5024, stack(0x00007f2186052000,0x00007f2186153000)]
  0x00007f219015a800 JavaThread "C2 CompilerThread0" daemon [_thread_blocked, id=5023, stack(0x00007f2186153000,0x00007f2186254000)]
  0x00007f2190158800 JavaThread "Signal Dispatcher" daemon [_thread_blocked, id=5022, stack(0x00007f2186254000,0x00007f2186355000)]
  0x00007f2190137000 JavaThread "Finalizer" daemon [_thread_blocked, id=5021, stack(0x00007f218661e000,0x00007f218671f000)]
  0x00007f2190135000 JavaThread "Reference Handler" daemon [_thread_blocked, id=5020, stack(0x00007f218671f000,0x00007f2186820000)]

Other Threads:
  0x00007f2190130800 VMThread [stack: 0x00007f2186820000,0x00007f2186921000] [id=5019]
  0x00007f219016a800 WatcherThread [stack: 0x00007f2185e50000,0x00007f2185f51000] [id=5026]

VM state:not at safepoint (normal execution)

VM Mutex/Monitor currently owned by a thread: None

Heap
 PSYoungGen      total 37376K, used 29204K [0x00000007d6700000, 0x00000007d9080000, 0x0000000800000000)
  eden space 32256K, 74% used [0x00000007d6700000,0x00000007d7e89170,0x00000007d8680000)
  from space 5120K, 99% used [0x00000007d8b80000,0x00000007d907bf60,0x00000007d9080000)
  to   space 5120K, 0% used [0x00000007d8680000,0x00000007d8680000,0x00000007d8b80000)
 ParOldGen       total 84992K, used 4082K [0x0000000783600000, 0x0000000788900000, 0x00000007d6700000)
  object space 84992K, 4% used [0x0000000783600000,0x00000007839fcbf0,0x0000000788900000)
 PSPermGen       total 23552K, used 23388K [0x000000077e400000, 0x000000077fb00000, 0x0000000783600000)
  object space 23552K, 99% used [0x000000077e400000,0x000000077fad7070,0x000000077fb00000)

Card table byte_map: [0x00007f218c5be000,0x00007f218c9cd000] byte_map_base: 0x00007f21889cc000

Polling page: 0x00007f2196932000

Code Cache  [0x00007f218c9cd000, 0x00007f218cc3d000, 0x00007f218f9cd000)
 total_blobs=860 nmethods=269 adapters=544 free_code_cache=47965Kb largest_free_block=49092032

Compilation events (10 events):
Event: 4.550 Thread 0x00007f219015a800 nmethod 271 0x00007f218caf7510 code [0x00007f218caf76a0, 0x00007f218caf79d8]
Event: 4.550 Thread 0x00007f219015d800 nmethod 273 0x00007f218caf0a50 code [0x00007f218caf0bc0, 0x00007f218caf0db8]
Event: 4.976 Thread 0x00007f219015a800  275             sun.security.ssl.InputRecord::compareMacTags (60 bytes)
Event: 4.981 Thread 0x00007f219015a800 nmethod 275 0x00007f218caf7d10 code [0x00007f218caf7e60, 0x00007f218caf8098]
Event: 5.042 Thread 0x00007f219015d800  276             sun.nio.cs.UTF_8$Encoder::encodeArrayLoop (489 bytes)
Event: 5.058 Thread 0x00007f219015d800 nmethod 276 0x00007f218caf5d50 code [0x00007f218caf5f60, 0x00007f218caf6b50]
Event: 5.083 Thread 0x00007f219015a800  277             sun.security.provider.ByteArrayAccess::i2bBig (204 bytes)
Event: 5.088 Thread 0x00007f219015a800 nmethod 277 0x00007f218caf86d0 code [0x00007f218caf8820, 0x00007f218caf8a78]
Event: 5.122 Thread 0x00007f219015d800  278             java.net.URI$Parser::scan (73 bytes)
Event: 5.125 Thread 0x00007f219015d800 nmethod 278 0x00007f218cacff90 code [0x00007f218cad00e0, 0x00007f218cad02a8]

GC Heap History (4 events):
Event: 0.571 GC heap before
{Heap before GC invocations=1 (full 0):
 PSYoungGen      total 37376K, used 32256K [0x00000007d6700000, 0x00000007d9080000, 0x0000000800000000)
  eden space 32256K, 100% used [0x00000007d6700000,0x00000007d8680000,0x00000007d8680000)
  from space 5120K, 0% used [0x00000007d8b80000,0x00000007d8b80000,0x00000007d9080000)
  to   space 5120K, 0% used [0x00000007d8680000,0x00000007d8680000,0x00000007d8b80000)
 ParOldGen       total 84992K, used 0K [0x0000000783600000, 0x0000000788900000, 0x00000007d6700000)
  object space 84992K, 0% used [0x0000000783600000,0x0000000783600000,0x0000000788900000)
 PSPermGen       total 21504K, used 9040K [0x000000077e400000, 0x000000077f900000, 0x0000000783600000)
  object space 21504K, 42% used [0x000000077e400000,0x000000077ecd4100,0x000000077f900000)
Event: 0.576 GC heap after
Heap after GC invocations=1 (full 0):
 PSYoungGen      total 37376K, used 5119K [0x00000007d6700000, 0x00000007d9080000, 0x0000000800000000)
  eden space 32256K, 0% used [0x00000007d6700000,0x00000007d6700000,0x00000007d8680000)
  from space 5120K, 99% used [0x00000007d8680000,0x00000007d8b7fd68,0x00000007d8b80000)
  to   space 5120K, 0% used [0x00000007d8b80000,0x00000007d8b80000,0x00000007d9080000)
 ParOldGen       total 84992K, used 1212K [0x0000000783600000, 0x0000000788900000, 0x00000007d6700000)
  object space 84992K, 1% used [0x0000000783600000,0x000000078372f2f8,0x0000000788900000)
 PSPermGen       total 21504K, used 9040K [0x000000077e400000, 0x000000077f900000, 0x0000000783600000)
  object space 21504K, 42% used [0x000000077e400000,0x000000077ecd4100,0x000000077f900000)
}
Event: 1.361 GC heap before
{Heap before GC invocations=2 (full 0):
 PSYoungGen      total 37376K, used 37375K [0x00000007d6700000, 0x00000007d9080000, 0x0000000800000000)
  eden space 32256K, 100% used [0x00000007d6700000,0x00000007d8680000,0x00000007d8680000)
  from space 5120K, 99% used [0x00000007d8680000,0x00000007d8b7fd68,0x00000007d8b80000)
  to   space 5120K, 0% used [0x00000007d8b80000,0x00000007d8b80000,0x00000007d9080000)
 ParOldGen       total 84992K, used 1212K [0x0000000783600000, 0x0000000788900000, 0x00000007d6700000)
  object space 84992K, 1% used [0x0000000783600000,0x000000078372f2f8,0x0000000788900000)
 PSPermGen       total 21504K, used 18333K [0x000000077e400000, 0x000000077f900000, 0x0000000783600000)
  object space 21504K, 85% used [0x000000077e400000,0x000000077f5e7478,0x000000077f900000)
Event: 1.370 GC heap after
Heap after GC invocations=2 (full 0):
 PSYoungGen      total 37376K, used 5103K [0x00000007d6700000, 0x00000007d9080000, 0x0000000800000000)
  eden space 32256K, 0% used [0x00000007d6700000,0x00000007d6700000,0x00000007d8680000)
  from space 5120K, 99% used [0x00000007d8b80000,0x00000007d907bf60,0x00000007d9080000)
  to   space 5120K, 0% used [0x00000007d8680000,0x00000007d8680000,0x00000007d8b80000)
 ParOldGen       total 84992K, used 4082K [0x0000000783600000, 0x0000000788900000, 0x00000007d6700000)
  object space 84992K, 4% used [0x0000000783600000,0x00000007839fcbf0,0x0000000788900000)
 PSPermGen       total 21504K, used 18333K [0x000000077e400000, 0x000000077f900000, 0x0000000783600000)
  object space 21504K, 85% used [0x000000077e400000,0x000000077f5e7478,0x000000077f900000)
}

Deoptimization events (10 events):
Event: 1.897 Thread 0x00007f2190260800 Uncommon trap: reason=unloaded action=reinterpret pc=0x00007f218ca890b4 method=java.lang.String.toLowerCase(Ljava/util/Locale;)Ljava/lang/String; @ 233
Event: 1.904 Thread 0x00007f2190260800 Uncommon trap: reason=class_check action=maybe_recompile pc=0x00007f218cab8164 method=java.io.DataInputStream.readChar()C @ 4
Event: 1.904 Thread 0x00007f2190260800 Uncommon trap: reason=class_check action=maybe_recompile pc=0x00007f218cab8164 method=java.io.DataInputStream.readChar()C @ 4
Event: 1.904 Thread 0x00007f2190260800 Uncommon trap: reason=class_check action=maybe_recompile pc=0x00007f218cab8164 method=java.io.DataInputStream.readChar()C @ 4
Event: 1.904 Thread 0x00007f2190260800 Uncommon trap: reason=class_check action=maybe_recompile pc=0x00007f218cab8164 method=java.io.DataInputStream.readChar()C @ 4
Event: 1.908 Thread 0x00007f2190260800 Uncommon trap: reason=class_check action=maybe_recompile pc=0x00007f218caa62c8 method=java.lang.Character.toUpperCaseEx(I)I @ 26
Event: 1.908 Thread 0x00007f2190260800 Uncommon trap: reason=class_check action=maybe_recompile pc=0x00007f218caa62c8 method=java.lang.Character.toUpperCaseEx(I)I @ 26
Event: 1.910 Thread 0x00007f2190260800 Uncommon trap: reason=class_check action=maybe_recompile pc=0x00007f218caa62c8 method=java.lang.Character.toUpperCaseEx(I)I @ 26
Event: 1.987 Thread 0x00007f2190260800 Uncommon trap: reason=unreached action=reinterpret pc=0x00007f218caacb64 method=java.util.Arrays.equals([B[B)Z @ 12
Event: 2.363 Thread 0x00007f2190260800 Uncommon trap: reason=class_check action=maybe_recompile pc=0x00007f218cab5c3c method=java.io.DataInputStream.readInt()I @ 4

Internal exceptions (10 events):
Event: 1.582 Thread 0x00007f2190260800 Implicit null exception at 0x00007f218caade18 to 0x00007f218caae751
Event: 1.987 Thread 0x00007f2190260800 Implicit null exception at 0x00007f218caaca38 to 0x00007f218caacb51
Event: 2.212 Thread 0x00007f2190260800 Threw 0x00000007d76d9770 at /HUDSON/workspace/7u-2-build-linux-amd64/jdk7u76/1941/hotspot/src/share/vm/prims/jvm.cpp:1304
Event: 2.212 Thread 0x00007f2190260800 Threw 0x00000007d76e2328 at /HUDSON/workspace/7u-2-build-linux-amd64/jdk7u76/1941/hotspot/src/share/vm/prims/jvm.cpp:1304
Event: 2.212 Thread 0x00007f2190260800 Threw 0x00000007d76e3e00 at /HUDSON/workspace/7u-2-build-linux-amd64/jdk7u76/1941/hotspot/src/share/vm/prims/jvm.cpp:1304
Event: 2.213 Thread 0x00007f2190260800 Threw 0x00000007d76e8bc0 at /HUDSON/workspace/7u-2-build-linux-amd64/jdk7u76/1941/hotspot/src/share/vm/prims/jvm.cpp:1304
Event: 2.214 Thread 0x00007f2190260800 Threw 0x00000007d76f9208 at /HUDSON/workspace/7u-2-build-linux-amd64/jdk7u76/1941/hotspot/src/share/vm/prims/jvm.cpp:1304
Event: 2.494 Thread 0x00007f2190260800 Threw 0x00000007d79ca1f0 at /HUDSON/workspace/7u-2-build-linux-amd64/jdk7u76/1941/hotspot/src/share/vm/prims/jni.cpp:743
Event: 3.272 Thread 0x00007f2190260800 Threw 0x00000007d79d5510 at /HUDSON/workspace/7u-2-build-linux-amd64/jdk7u76/1941/hotspot/src/share/vm/prims/jvm.cpp:1304
Event: 5.129 Thread 0x00007f2138466800 Threw 0x00000007d7e39598 at /HUDSON/workspace/7u-2-build-linux-amd64/jdk7u76/1941/hotspot/src/share/vm/prims/jvm.cpp:1304

Events (10 events):
Event: 5.127 loading class 0x00007f215c4c4070
Event: 5.127 loading class 0x00007f215c4c4070 done
Event: 5.127 loading class 0x00007f2150467890
Event: 5.127 loading class 0x00007f2150467890 done
Event: 5.127 Executing VM operation: Deoptimize
Event: 5.127 Executing VM operation: Deoptimize done
Event: 5.129 Thread 0x00007f2138466000 Thread added: 0x00007f2138466000
Event: 5.129 Thread 0x00007f2138466800 Thread added: 0x00007f2138466800
Event: 5.129 loading class 0x00007f2138011690
Event: 5.129 loading class 0x00007f2138011690 done


Dynamic libraries:
00400000-00401000 r-xp 00000000 08:07 1450419                            /usr/lib/jvm/java-7-oracle/bin/java
00600000-00601000 rw-p 00000000 08:07 1450419                            /usr/lib/jvm/java-7-oracle/bin/java
0259d000-025be000 rw-p 00000000 00:00 0                                  [heap]
77e400000-77fb00000 rw-p 00000000 00:00 0 
77fb00000-783600000 rw-p 00000000 00:00 0 
783600000-788900000 rw-p 00000000 00:00 0 
788900000-7d6700000 rw-p 00000000 00:00 0 
7d6700000-7d9080000 rw-p 00000000 00:00 0 
7d9080000-800000000 rw-p 00000000 00:00 0 
7f20e0000000-7f20e0021000 rw-p 00000000 00:00 0 
7f20e0021000-7f20e4000000 ---p 00000000 00:00 0 
7f20e8000000-7f20e810a000 rw-p 00000000 00:00 0 
7f20e810a000-7f20ec000000 ---p 00000000 00:00 0 
7f20effff000-7f20f4000000 rw-s 00000000 00:14 133243                     /run/shm/pulse-shm-3371688014
7f20f4000000-7f20f4021000 rw-p 00000000 00:00 0 
7f20f4021000-7f20f8000000 ---p 00000000 00:00 0 
7f20fbfff000-7f2100000000 rw-s 00000000 00:14 132368                     /run/shm/pulse-shm-414580108
7f2100000000-7f2100021000 rw-p 00000000 00:00 0 
7f2100021000-7f2104000000 ---p 00000000 00:00 0 
7f2104000000-7f2104021000 rw-p 00000000 00:00 0 
7f2104021000-7f2108000000 ---p 00000000 00:00 0 
7f2108000000-7f2108021000 rw-p 00000000 00:00 0 
7f2108021000-7f210c000000 ---p 00000000 00:00 0 
7f210ffff000-7f2114000000 rw-s 00000000 00:14 133231                     /run/shm/pulse-shm-706049420
7f2114000000-7f2114021000 rw-p 00000000 00:00 0 
7f2114021000-7f2118000000 ---p 00000000 00:00 0 
7f2118000000-7f2118021000 rw-p 00000000 00:00 0 
7f2118021000-7f211c000000 ---p 00000000 00:00 0 
7f211c000000-7f211c021000 rw-p 00000000 00:00 0 
7f211c021000-7f2120000000 ---p 00000000 00:00 0 
7f2123fff000-7f2128000000 rw-s 00000000 00:14 131033                     /run/shm/pulse-shm-3832223429
7f2128000000-7f2128021000 rw-p 00000000 00:00 0 
7f2128021000-7f212c000000 ---p 00000000 00:00 0 
7f212c000000-7f212c021000 rw-p 00000000 00:00 0 
7f212c021000-7f2130000000 ---p 00000000 00:00 0 
7f2130000000-7f2130021000 rw-p 00000000 00:00 0 
7f2130021000-7f2134000000 ---p 00000000 00:00 0 
7f2134000000-7f2134021000 rw-p 00000000 00:00 0 
7f2134021000-7f2138000000 ---p 00000000 00:00 0 
7f2138000000-7f2138564000 rw-p 00000000 00:00 0 
7f2138564000-7f213c000000 ---p 00000000 00:00 0 
7f213c000000-7f213c021000 rw-p 00000000 00:00 0 
7f213c021000-7f2140000000 ---p 00000000 00:00 0 
7f2140000000-7f2140021000 rw-p 00000000 00:00 0 
7f2140021000-7f2144000000 ---p 00000000 00:00 0 
7f2144000000-7f2144021000 rw-p 00000000 00:00 0 
7f2144021000-7f2148000000 ---p 00000000 00:00 0 
7f2148000000-7f2148021000 rw-p 00000000 00:00 0 
7f2148021000-7f214c000000 ---p 00000000 00:00 0 
7f214c000000-7f214c021000 rw-p 00000000 00:00 0 
7f214c021000-7f2150000000 ---p 00000000 00:00 0 
7f2150000000-7f21506ab000 rw-p 00000000 00:00 0 
7f21506ab000-7f2154000000 ---p 00000000 00:00 0 
7f2154000000-7f2154021000 rw-p 00000000 00:00 0 
7f2154021000-7f2158000000 ---p 00000000 00:00 0 
7f2158000000-7f2158021000 rw-p 00000000 00:00 0 
7f2158021000-7f215c000000 ---p 00000000 00:00 0 
7f215c000000-7f215ca4d000 rw-p 00000000 00:00 0 
7f215ca4d000-7f2160000000 ---p 00000000 00:00 0 
7f2160000000-7f2160021000 rw-p 00000000 00:00 0 
7f2160021000-7f2164000000 ---p 00000000 00:00 0 
7f2164000000-7f2164021000 rw-p 00000000 00:00 0 
7f2164021000-7f2168000000 ---p 00000000 00:00 0 
7f2168000000-7f2168021000 rw-p 00000000 00:00 0 
7f2168021000-7f216c000000 ---p 00000000 00:00 0 
7f216c000000-7f216c021000 rw-p 00000000 00:00 0 
7f216c021000-7f2170000000 ---p 00000000 00:00 0 
7f2170000000-7f2170021000 rw-p 00000000 00:00 0 
7f2170021000-7f2174000000 ---p 00000000 00:00 0 
7f217563d000-7f21757aa000 rw-p 00000000 00:00 0 
7f21757aa000-7f21757ad000 ---p 00000000 00:00 0 
7f21757ad000-7f21758ab000 rw-p 00000000 00:00 0 
7f21758ab000-7f21758ae000 ---p 00000000 00:00 0 
7f21758ae000-7f21759ac000 rw-p 00000000 00:00 0                          [stack:5072]
7f21759ac000-7f21759b1000 r-xp 00000000 08:07 3406304                    /lib/x86_64-linux-gnu/libnss_dns-2.19.so
7f21759b1000-7f2175bb0000 ---p 00005000 08:07 3406304                    /lib/x86_64-linux-gnu/libnss_dns-2.19.so
7f2175bb0000-7f2175bb1000 r--p 00004000 08:07 3406304                    /lib/x86_64-linux-gnu/libnss_dns-2.19.so
7f2175bb1000-7f2175bb2000 rw-p 00005000 08:07 3406304                    /lib/x86_64-linux-gnu/libnss_dns-2.19.so
7f2175bb2000-7f2175bb4000 r-xp 00000000 08:07 3406381                    /lib/x86_64-linux-gnu/libnss_mdns4_minimal.so.2
7f2175bb4000-7f2175db3000 ---p 00002000 08:07 3406381                    /lib/x86_64-linux-gnu/libnss_mdns4_minimal.so.2
7f2175db3000-7f2175db4000 r--p 00001000 08:07 3406381                    /lib/x86_64-linux-gnu/libnss_mdns4_minimal.so.2
7f2175db4000-7f2175db5000 rw-p 00002000 08:07 3406381                    /lib/x86_64-linux-gnu/libnss_mdns4_minimal.so.2
7f2175db5000-7f2175de7000 r-xp 00000000 08:07 1709483                    /usr/lib/jvm/java-7-oracle/jre/lib/amd64/libsunec.so
7f2175de7000-7f2175fe6000 ---p 00032000 08:07 1709483                    /usr/lib/jvm/java-7-oracle/jre/lib/amd64/libsunec.so
7f2175fe6000-7f2175fec000 rw-p 00031000 08:07 1709483                    /usr/lib/jvm/java-7-oracle/jre/lib/amd64/libsunec.so
7f2175fec000-7f2175ffc000 rw-p 00000000 00:00 0 
7f2175ffc000-7f2175ffd000 ---p 00000000 00:00 0 
7f2175ffd000-7f21767fd000 rw-p 00000000 00:00 0                          [stack:5060]
7f21767fd000-7f21767fe000 ---p 00000000 00:00 0 
7f21767fe000-7f2176ffe000 rw-p 00000000 00:00 0                          [stack:5057]
7f2176ffe000-7f2176fff000 ---p 00000000 00:00 0 
7f2176fff000-7f21777ff000 rw-p 00000000 00:00 0                          [stack:5054]
7f21777ff000-7f2177800000 ---p 00000000 00:00 0 
7f2177800000-7f2178000000 rw-p 00000000 00:00 0                          [stack:5051]
7f2178000000-7f2178021000 rw-p 00000000 00:00 0 
7f2178021000-7f217c000000 ---p 00000000 00:00 0 
7f217c08a000-7f217c08d000 ---p 00000000 00:00 0 
7f217c08d000-7f217c18b000 rw-p 00000000 00:00 0                          [stack:5058]
7f217c18b000-7f217c191000 r-xp 00000000 08:07 1049667                    /usr/lib/x86_64-linux-gnu/alsa-lib/libasound_module_pcm_pulse.so
7f217c191000-7f217c390000 ---p 00006000 08:07 1049667                    /usr/lib/x86_64-linux-gnu/alsa-lib/libasound_module_pcm_pulse.so
7f217c390000-7f217c391000 r--p 00005000 08:07 1049667                    /usr/lib/x86_64-linux-gnu/alsa-lib/libasound_module_pcm_pulse.so
7f217c391000-7f217c392000 rw-p 00006000 08:07 1049667                    /usr/lib/x86_64-linux-gnu/alsa-lib/libasound_module_pcm_pulse.so
7f217c392000-7f217c3a9000 r-xp 00000000 08:07 3406374                    /lib/x86_64-linux-gnu/libresolv-2.19.so
7f217c3a9000-7f217c5a9000 ---p 00017000 08:07 3406374                    /lib/x86_64-linux-gnu/libresolv-2.19.so
7f217c5a9000-7f217c5aa000 r--p 00017000 08:07 3406374                    /lib/x86_64-linux-gnu/libresolv-2.19.so
7f217c5aa000-7f217c5ab000 rw-p 00018000 08:07 3406374                    /lib/x86_64-linux-gnu/libresolv-2.19.so
7f217c5ab000-7f217c5ad000 rw-p 00000000 00:00 0 
7f217c5ad000-7f217c5b4000 r-xp 00000000 08:07 792714                     /usr/lib/x86_64-linux-gnu/libogg.so.0.8.1
7f217c5b4000-7f217c7b4000 ---p 00007000 08:07 792714                     /usr/lib/x86_64-linux-gnu/libogg.so.0.8.1
7f217c7b4000-7f217c7b5000 r--p 00007000 08:07 792714                     /usr/lib/x86_64-linux-gnu/libogg.so.0.8.1
7f217c7b5000-7f217c7b6000 rw-p 00008000 08:07 792714                     /usr/lib/x86_64-linux-gnu/libogg.so.0.8.1
7f217c7b6000-7f217c7e2000 r-xp 00000000 08:07 793002                     /usr/lib/x86_64-linux-gnu/libvorbis.so.0.4.5
7f217c7e2000-7f217c9e1000 ---p 0002c000 08:07 793002                     /usr/lib/x86_64-linux-gnu/libvorbis.so.0.4.5
7f217c9e1000-7f217c9e2000 r--p 0002b000 08:07 793002                     /usr/lib/x86_64-linux-gnu/libvorbis.so.0.4.5
7f217c9e2000-7f217c9e3000 rw-p 0002c000 08:07 793002                     /usr/lib/x86_64-linux-gnu/libvorbis.so.0.4.5
7f217c9e3000-7f217cc96000 r-xp 00000000 08:07 793004                     /usr/lib/x86_64-linux-gnu/libvorbisenc.so.2.0.8
7f217cc96000-7f217ce95000 ---p 002b3000 08:07 793004                     /usr/lib/x86_64-linux-gnu/libvorbisenc.so.2.0.8
7f217ce95000-7f217ceb1000 r--p 002b2000 08:07 793004                     /usr/lib/x86_64-linux-gnu/libvorbisenc.so.2.0.8
7f217ceb1000-7f217ceb2000 rw-p 002ce000 08:07 793004                     /usr/lib/x86_64-linux-gnu/libvorbisenc.so.2.0.8
7f217ceb2000-7f217cee2000 r-xp 00000000 08:07 788953                     /usr/lib/x86_64-linux-gnu/libFLAC.so.8.3.0
7f217cee2000-7f217d0e1000 ---p 00030000 08:07 788953                     /usr/lib/x86_64-linux-gnu/libFLAC.so.8.3.0
7f217d0e1000-7f217d0e2000 r--p 0002f000 08:07 788953                     /usr/lib/x86_64-linux-gnu/libFLAC.so.8.3.0
7f217d0e2000-7f217d0e3000 rw-p 00030000 08:07 788953                     /usr/lib/x86_64-linux-gnu/libFLAC.so.8.3.0
7f217d0e3000-7f217d0e8000 r-xp 00000000 08:07 791993                     /usr/lib/x86_64-linux-gnu/libasyncns.so.0.3.1
7f217d0e8000-7f217d2e7000 ---p 00005000 08:07 791993                     /usr/lib/x86_64-linux-gnu/libasyncns.so.0.3.1
7f217d2e7000-7f217d2e8000 r--p 00004000 08:07 791993                     /usr/lib/x86_64-linux-gnu/libasyncns.so.0.3.1
7f217d2e8000-7f217d2e9000 rw-p 00005000 08:07 791993                     /usr/lib/x86_64-linux-gnu/libasyncns.so.0.3.1
7f217d2e9000-7f217d34a000 r-xp 00000000 08:07 792895                     /usr/lib/x86_64-linux-gnu/libsndfile.so.1.0.25
7f217d34a000-7f217d54a000 ---p 00061000 08:07 792895                     /usr/lib/x86_64-linux-gnu/libsndfile.so.1.0.25
7f217d54a000-7f217d54c000 r--p 00061000 08:07 792895                     /usr/lib/x86_64-linux-gnu/libsndfile.so.1.0.25
7f217d54c000-7f217d54d000 rw-p 00063000 08:07 792895                     /usr/lib/x86_64-linux-gnu/libsndfile.so.1.0.25
7f217d54d000-7f217d551000 rw-p 00000000 00:00 0 
7f217d551000-7f217d559000 r-xp 00000000 08:07 3406460                    /lib/x86_64-linux-gnu/libwrap.so.0.7.6
7f217d559000-7f217d758000 ---p 00008000 08:07 3406460                    /lib/x86_64-linux-gnu/libwrap.so.0.7.6
7f217d758000-7f217d759000 r--p 00007000 08:07 3406460                    /lib/x86_64-linux-gnu/libwrap.so.0.7.6
7f217d759000-7f217d75a000 rw-p 00008000 08:07 3406460                    /lib/x86_64-linux-gnu/libwrap.so.0.7.6
7f217d75a000-7f217d75b000 rw-p 00000000 00:00 0 
7f217d75b000-7f217d79f000 r-xp 00000000 08:07 3406313                    /lib/x86_64-linux-gnu/libdbus-1.so.3.7.6
7f217d79f000-7f217d99e000 ---p 00044000 08:07 3406313                    /lib/x86_64-linux-gnu/libdbus-1.so.3.7.6
7f217d99e000-7f217d99f000 r--p 00043000 08:07 3406313                    /lib/x86_64-linux-gnu/libdbus-1.so.3.7.6
7f217d99f000-7f217d9a0000 rw-p 00044000 08:07 3406313                    /lib/x86_64-linux-gnu/libdbus-1.so.3.7.6
7f217d9a0000-7f217da06000 r-xp 00000000 08:07 1188242                    /usr/lib/x86_64-linux-gnu/pulseaudio/libpulsecommon-4.0.so
7f217da06000-7f217dc05000 ---p 00066000 08:07 1188242                    /usr/lib/x86_64-linux-gnu/pulseaudio/libpulsecommon-4.0.so
7f217dc05000-7f217dc06000 r--p 00065000 08:07 1188242                    /usr/lib/x86_64-linux-gnu/pulseaudio/libpulsecommon-4.0.so
7f217dc06000-7f217dc07000 rw-p 00066000 08:07 1188242                    /usr/lib/x86_64-linux-gnu/pulseaudio/libpulsecommon-4.0.so
7f217dc07000-7f217dc11000 r-xp 00000000 08:07 3402225                    /lib/x86_64-linux-gnu/libjson-c.so.2.0.0
7f217dc11000-7f217de10000 ---p 0000a000 08:07 3402225                    /lib/x86_64-linux-gnu/libjson-c.so.2.0.0
7f217de10000-7f217de11000 r--p 00009000 08:07 3402225                    /lib/x86_64-linux-gnu/libjson-c.so.2.0.0
7f217de11000-7f217de12000 rw-p 0000a000 08:07 3402225                    /lib/x86_64-linux-gnu/libjson-c.so.2.0.0
7f217de12000-7f217de59000 r-xp 00000000 08:07 792814                     /usr/lib/x86_64-linux-gnu/libpulse.so.0.16.2
7f217de59000-7f217e059000 ---p 00047000 08:07 792814                     /usr/lib/x86_64-linux-gnu/libpulse.so.0.16.2
7f217e059000-7f217e05a000 r--p 00047000 08:07 792814                     /usr/lib/x86_64-linux-gnu/libpulse.so.0.16.2
7f217e05a000-7f217e05b000 rw-p 00048000 08:07 792814                     /usr/lib/x86_64-linux-gnu/libpulse.so.0.16.2
7f217e05b000-7f217e05e000 ---p 00000000 00:00 0 
7f217e05e000-7f217e15c000 rw-p 00000000 00:00 0                          [stack:5055]
7f217e15c000-7f217e15f000 ---p 00000000 00:00 0 
7f217e15f000-7f217e25d000 rw-p 00000000 00:00 0                          [stack:5052]
7f217e25d000-7f217e25e000 r--s 00000000 08:07 915779                     /var/cache/fontconfig/c05880de57d1f5e948fdfacc138775d9-le64.cache-4
7f217e25e000-7f217e269000 r--s 00000000 08:07 915778                     /var/cache/fontconfig/945677eb7aeaf62f1d50efc3fb3ec7d8-le64.cache-4
7f217e269000-7f217e26b000 r--s 00000000 08:07 915776                     /var/cache/fontconfig/99e8ed0e538f840c565b6ed5dad60d56-le64.cache-4
7f217e26b000-7f217e271000 r--s 00000000 08:07 915775                     /var/cache/fontconfig/2cd17615ca594fa2959ae173292e504c-le64.cache-4
7f217e271000-7f217e272000 r--s 00000000 08:07 915774                     /var/cache/fontconfig/e7071f4a29fa870f4323321c154eba04-le64.cache-4
7f217e272000-7f217e273000 r--s 00000000 08:07 915773                     /var/cache/fontconfig/0d8c3b2ac0904cb8a57a757ad11a4a08-le64.cache-4
7f217e273000-7f217e27a000 r--s 00000000 08:07 915772                     /var/cache/fontconfig/a755afe4a08bf5b97852ceb7400b47bc-le64.cache-4
7f217e27a000-7f217e286000 r--s 00000000 08:07 915771                     /var/cache/fontconfig/6d41288fd70b0be22e8c3a91e032eec0-le64.cache-4
7f217e286000-7f217e29a000 r--s 00000000 08:07 915770                     /var/cache/fontconfig/04aabc0a78ac019cf9454389977116d2-le64.cache-4
7f217e29a000-7f217e29b000 r--s 00000000 08:07 915769                     /var/cache/fontconfig/1ac9eb803944fde146138c791f5cc56a-le64.cache-4
7f217e29b000-7f217e29f000 r--s 00000000 08:07 915768                     /var/cache/fontconfig/385c0604a188198f04d133e54aba7fe7-le64.cache-4
7f217e29f000-7f217e2a1000 r--s 00000000 08:07 915766                     /var/cache/fontconfig/767a8244fc0220cfb567a839d0392e0b-le64.cache-4
7f217e2a1000-7f217e2b3000 r--s 00000000 08:07 925136                     /var/cache/fontconfig/0bd3dc0958fa2205aaaa8ebb13e2872b-le64.cache-4
7f217e2b3000-7f217e2b8000 r--s 00000000 08:07 915764                     /var/cache/fontconfig/8801497958630a81b71ace7c5f9b32a8-le64.cache-4
7f217e2b8000-7f217e2bf000 r--s 00000000 08:07 915763                     /var/cache/fontconfig/3047814df9a2f067bd2d96a2b9c36e5a-le64.cache-4
7f217e2bf000-7f217e2d2000 r--s 00000000 08:07 915759                     /var/cache/fontconfig/d52a8644073d54c13679302ca1180695-le64.cache-4
7f217e3c9000-7f217e3cc000 ---p 00000000 00:00 0 
7f217e3cc000-7f217e4ca000 rw-p 00000000 00:00 0                          [stack:5050]
7f217e4ca000-7f217e5b3000 r-xp 00000000 08:07 791985                     /usr/lib/x86_64-linux-gnu/libasound.so.2.0.0
7f217e5b3000-7f217e7b2000 ---p 000e9000 08:07 791985                     /usr/lib/x86_64-linux-gnu/libasound.so.2.0.0
7f217e7b2000-7f217e7b9000 r--p 000e8000 08:07 791985                     /usr/lib/x86_64-linux-gnu/libasound.so.2.0.0
7f217e7b9000-7f217e7ba000 rw-p 000ef000 08:07 791985                     /usr/lib/x86_64-linux-gnu/libasound.so.2.0.0
7f217e7d2000-7f217e7d9000 r--s 00000000 08:07 1192272                    /usr/lib/x86_64-linux-gnu/gconv/gconv-modules.cache
7f217e7d9000-7f217e7da000 r--p 00000000 08:07 1444249                    /usr/share/locale-langpack/en_GB/LC_MESSAGES/pulseaudio.mo
7f217e7da000-7f217e7e9000 r-xp 00000000 08:07 1709459                    /usr/lib/jvm/java-7-oracle/jre/lib/amd64/libjsoundalsa.so
7f217e7e9000-7f217e9e8000 ---p 0000f000 08:07 1709459                    /usr/lib/jvm/java-7-oracle/jre/lib/amd64/libjsoundalsa.so
7f217e9e8000-7f217e9e9000 rw-p 0000e000 08:07 1709459                    /usr/lib/jvm/java-7-oracle/jre/lib/amd64/libjsoundalsa.so
7f217e9e9000-7f217e9ea000 r-xp 00000000 08:07 1709434                    /usr/lib/jvm/java-7-oracle/jre/lib/amd64/libjsound.so
7f217e9ea000-7f217ebe9000 ---p 00001000 08:07 1709434                    /usr/lib/jvm/java-7-oracle/jre/lib/amd64/libjsound.so
7f217ebe9000-7f217ebea000 rw-p 00000000 08:07 1709434                    /usr/lib/jvm/java-7-oracle/jre/lib/amd64/libjsound.so
7f217ec18000-7f217ec1b000 ---p 00000000 00:00 0 
7f217ec1b000-7f217ed19000 rw-p 00000000 00:00 0                          [stack:5063]
7f217ed19000-7f217ed1c000 ---p 00000000 00:00 0 
7f217ed1c000-7f217ee1a000 rw-p 00000000 00:00 0                          [stack:5061]
7f217ee1a000-7f217ee1b000 r--s 00000000 08:07 915767                     /var/cache/fontconfig/dc05db6664285cc2f12bf69c139ae4c3-le64.cache-4
7f217ee1b000-7f217ee1c000 r--s 00000000 08:07 919955                     /var/cache/fontconfig/4794a0821666d79190d59a36cb4f44b5-le64.cache-4
7f217ee1c000-7f217ee22000 r--s 00000000 08:07 915760                     /var/cache/fontconfig/b47c4e1ecd0709278f4910c18777a504-le64.cache-4
7f217ee22000-7f217ee2b000 r--s 00000000 08:07 915758                     /var/cache/fontconfig/3f7329c5293ffd510edef78f73874cfd-le64.cache-4
7f217ee2b000-7f217ee36000 r--s 00000000 08:07 915757                     /var/cache/fontconfig/d589a48862398ed80a3d6066f4f56f4c-le64.cache-4
7f217ee36000-7f217ee3a000 r--s 00000000 08:07 925135                     /var/cache/fontconfig/7ef2298fde41cc6eeb7af42e48b7d293-le64.cache-4
7f217ee8b000-7f217ee8e000 ---p 00000000 00:00 0 
7f217ee8e000-7f217eec4000 rw-p 00000000 00:00 0                          [stack:5071]
7f217eec4000-7f217eec7000 ---p 00000000 00:00 0 
7f217eec7000-7f217efc5000 rw-p 00000000 00:00 0                          [stack:5036]
7f217efc5000-7f217efc8000 ---p 00000000 00:00 0 
7f217efc8000-7f217f0c6000 rw-p 00000000 00:00 0                          [stack:5035]
7f217f0c6000-7f217f12f000 r-xp 00000000 08:07 1709442                    /usr/lib/jvm/java-7-oracle/jre/lib/amd64/libt2k.so
7f217f12f000-7f217f32e000 ---p 00069000 08:07 1709442                    /usr/lib/jvm/java-7-oracle/jre/lib/amd64/libt2k.so
7f217f32e000-7f217f335000 rw-p 00068000 08:07 1709442                    /usr/lib/jvm/java-7-oracle/jre/lib/amd64/libt2k.so
7f217f335000-7f217f345000 rw-p 00000000 00:00 0 
7f217f345000-7f217f35b000 r-xp 00000000 08:07 3402216                    /lib/x86_64-linux-gnu/libgcc_s.so.1
7f217f35b000-7f217f55a000 ---p 00016000 08:07 3402216                    /lib/x86_64-linux-gnu/libgcc_s.so.1
7f217f55a000-7f217f55b000 rw-p 00015000 08:07 3402216                    /lib/x86_64-linux-gnu/libgcc_s.so.1
7f217f55b000-7f217f5c0000 r-xp 00000000 08:07 1709447                    /usr/lib/jvm/java-7-oracle/jre/lib/amd64/libfontmanager.so
7f217f5c0000-7f217f7bf000 ---p 00065000 08:07 1709447                    /usr/lib/jvm/java-7-oracle/jre/lib/amd64/libfontmanager.so
7f217f7bf000-7f217f7c3000 rw-p 00064000 08:07 1709447                    /usr/lib/jvm/java-7-oracle/jre/lib/amd64/libfontmanager.so
7f217f7c3000-7f217f7d4000 rw-p 00000000 00:00 0 
7f217f7d4000-7f217f7d7000 ---p 00000000 00:00 0 
7f217f7d7000-7f217f8d5000 rw-p 00000000 00:00 0                          [stack:5034]
7f217f8d5000-7f217f8d8000 ---p 00000000 00:00 0 
7f217f8d8000-7f217f9d6000 rw-p 00000000 00:00 0                          [stack:5033]
7f217f9d6000-7f217f9ec000 r-xp 00000000 08:07 1709454                    /usr/lib/jvm/java-7-oracle/jre/lib/amd64/libnet.so
7f217f9ec000-7f217fbec000 ---p 00016000 08:07 1709454                    /usr/lib/jvm/java-7-oracle/jre/lib/amd64/libnet.so
7f217fbec000-7f217fbed000 rw-p 00016000 08:07 1709454                    /usr/lib/jvm/java-7-oracle/jre/lib/amd64/libnet.so
7f217fbed000-7f217fbfd000 r-xp 00000000 08:07 1709457                    /usr/lib/jvm/java-7-oracle/jre/lib/amd64/libnio.so
7f217fbfd000-7f217fdfd000 ---p 00010000 08:07 1709457                    /usr/lib/jvm/java-7-oracle/jre/lib/amd64/libnio.so
7f217fdfd000-7f217fdfe000 rw-p 00010000 08:07 1709457                    /usr/lib/jvm/java-7-oracle/jre/lib/amd64/libnio.so
7f217fdfe000-7f217fe01000 ---p 00000000 00:00 0 
7f217fe01000-7f217feff000 rw-p 00000000 00:00 0                          [stack:5032]
7f217feff000-7f217ff02000 ---p 00000000 00:00 0 
7f217ff02000-7f2180000000 rw-p 00000000 00:00 0                          [stack:5030]
7f2180000000-7f2180021000 rw-p 00000000 00:00 0 
7f2180021000-7f2184000000 ---p 00000000 00:00 0 
7f218401f000-7f2184066000 rw-s 00000000 00:04 2293771                    /SYSV00000000 (deleted)
7f2184066000-7f2184069000 ---p 00000000 00:00 0 
7f2184069000-7f2184167000 rw-p 00000000 00:00 0                          [stack:5029]
7f2184167000-7f218416a000 ---p 00000000 00:00 0 
7f218416a000-7f2184268000 rw-p 00000000 00:00 0                          [stack:5028]
7f2184268000-7f218426d000 r-xp 00000000 08:07 791916                     /usr/lib/x86_64-linux-gnu/libXfixes.so.3.1.0
7f218426d000-7f218446c000 ---p 00005000 08:07 791916                     /usr/lib/x86_64-linux-gnu/libXfixes.so.3.1.0
7f218446c000-7f218446d000 r--p 00004000 08:07 791916                     /usr/lib/x86_64-linux-gnu/libXfixes.so.3.1.0
7f218446d000-7f218446e000 rw-p 00005000 08:07 791916                     /usr/lib/x86_64-linux-gnu/libXfixes.so.3.1.0
7f218446e000-7f2184477000 r-xp 00000000 08:07 791908                     /usr/lib/x86_64-linux-gnu/libXcursor.so.1.0.2
7f2184477000-7f2184676000 ---p 00009000 08:07 791908                     /usr/lib/x86_64-linux-gnu/libXcursor.so.1.0.2
7f2184676000-7f2184677000 r--p 00008000 08:07 791908                     /usr/lib/x86_64-linux-gnu/libXcursor.so.1.0.2
7f2184677000-7f2184678000 rw-p 00009000 08:07 791908                     /usr/lib/x86_64-linux-gnu/libXcursor.so.1.0.2
7f2184678000-7f218467b000 ---p 00000000 00:00 0 
7f218467b000-7f2184779000 rw-p 00000000 00:00 0                          [stack:5027]
7f2184779000-7f218477e000 r-xp 00000000 08:07 791912                     /usr/lib/x86_64-linux-gnu/libXdmcp.so.6.0.0
7f218477e000-7f218497d000 ---p 00005000 08:07 791912                     /usr/lib/x86_64-linux-gnu/libXdmcp.so.6.0.0
7f218497d000-7f218497e000 r--p 00004000 08:07 791912                     /usr/lib/x86_64-linux-gnu/libXdmcp.so.6.0.0
7f218497e000-7f218497f000 rw-p 00005000 08:07 791912                     /usr/lib/x86_64-linux-gnu/libXdmcp.so.6.0.0
7f218497f000-7f2184981000 r-xp 00000000 08:07 791901                     /usr/lib/x86_64-linux-gnu/libXau.so.6.0.0
7f2184981000-7f2184b81000 ---p 00002000 08:07 791901                     /usr/lib/x86_64-linux-gnu/libXau.so.6.0.0
7f2184b81000-7f2184b82000 r--p 00002000 08:07 791901                     /usr/lib/x86_64-linux-gnu/libXau.so.6.0.0
7f2184b82000-7f2184b83000 rw-p 00003000 08:07 791901                     /usr/lib/x86_64-linux-gnu/libXau.so.6.0.0
7f2184b83000-7f2184ba0000 r-xp 00000000 08:07 793084                     /usr/lib/x86_64-linux-gnu/libxcb.so.1.1.0
7f2184ba0000-7f2184da0000 ---p 0001d000 08:07 793084                     /usr/lib/x86_64-linux-gnu/libxcb.so.1.1.0
7f2184da0000-7f2184da1000 r--p 0001d000 08:07 793084                     /usr/lib/x86_64-linux-gnu/libxcb.so.1.1.0
7f2184da1000-7f2184da2000 rw-p 0001e000 08:07 793084                     /usr/lib/x86_64-linux-gnu/libxcb.so.1.1.0
7f2184da2000-7f2184db1000 r-xp 00000000 08:07 791922                     /usr/lib/x86_64-linux-gnu/libXi.so.6.1.0
7f2184db1000-7f2184fb0000 ---p 0000f000 08:07 791922                     /usr/lib/x86_64-linux-gnu/libXi.so.6.1.0
7f2184fb0000-7f2184fb1000 r--p 0000e000 08:07 791922                     /usr/lib/x86_64-linux-gnu/libXi.so.6.1.0
7f2184fb1000-7f2184fb2000 rw-p 0000f000 08:07 791922                     /usr/lib/x86_64-linux-gnu/libXi.so.6.1.0
7f2184fb2000-7f2184fb7000 r-xp 00000000 08:07 791940                     /usr/lib/x86_64-linux-gnu/libXtst.so.6.1.0
7f2184fb7000-7f21851b6000 ---p 00005000 08:07 791940                     /usr/lib/x86_64-linux-gnu/libXtst.so.6.1.0
7f21851b6000-7f21851b7000 r--p 00004000 08:07 791940                     /usr/lib/x86_64-linux-gnu/libXtst.so.6.1.0
7f21851b7000-7f21851b8000 rw-p 00005000 08:07 791940                     /usr/lib/x86_64-linux-gnu/libXtst.so.6.1.0
7f21851b8000-7f21851c1000 r-xp 00000000 08:07 791934                     /usr/lib/x86_64-linux-gnu/libXrender.so.1.3.0
7f21851c1000-7f21853c0000 ---p 00009000 08:07 791934                     /usr/lib/x86_64-linux-gnu/libXrender.so.1.3.0
7f21853c0000-7f21853c1000 r--p 00008000 08:07 791934                     /usr/lib/x86_64-linux-gnu/libXrender.so.1.3.0
7f21853c1000-7f21853c2000 rw-p 00009000 08:07 791934                     /usr/lib/x86_64-linux-gnu/libXrender.so.1.3.0
7f21853c2000-7f21854f2000 r-xp 00000000 08:07 791897                     /usr/lib/x86_64-linux-gnu/libX11.so.6.3.0
7f21854f2000-7f21856f2000 ---p 00130000 08:07 791897                     /usr/lib/x86_64-linux-gnu/libX11.so.6.3.0
7f21856f2000-7f21856f3000 r--p 00130000 08:07 791897                     /usr/lib/x86_64-linux-gnu/libX11.so.6.3.0
7f21856f3000-7f21856f7000 rw-p 00131000 08:07 791897                     /usr/lib/x86_64-linux-gnu/libX11.so.6.3.0
7f21856f7000-7f2185708000 r-xp 00000000 08:07 791914                     /usr/lib/x86_64-linux-gnu/libXext.so.6.4.0
7f2185708000-7f2185907000 ---p 00011000 08:07 791914                     /usr/lib/x86_64-linux-gnu/libXext.so.6.4.0
7f2185907000-7f2185908000 r--p 00010000 08:07 791914                     /usr/lib/x86_64-linux-gnu/libXext.so.6.4.0
7f2185908000-7f2185909000 rw-p 00011000 08:07 791914                     /usr/lib/x86_64-linux-gnu/libXext.so.6.4.0
7f2185909000-7f218590a000 r--s 00000000 08:07 915762                     /var/cache/fontconfig/56cf4f4769d0f4abc89a4895d7bd3ae1-le64.cache-4
7f218590a000-7f218590b000 r--s 00000000 08:07 915761                     /var/cache/fontconfig/b9d506c9ac06c20b433354fa67a72993-le64.cache-4
7f218591f000-7f2185921000 rw-p 00000000 00:00 0 
7f2185921000-7f2185925000 r--s 0002d000 08:07 1709536                    /usr/lib/jvm/java-7-oracle/jre/lib/ext/sunjce_provider.jar
7f2185925000-7f2185926000 r--s 00003000 08:07 1709533                    /usr/lib/jvm/java-7-oracle/jre/lib/ext/sunec.jar
7f2185926000-7f2185929000 r--s 00019000 08:07 1450777                    /usr/lib/jvm/java-7-oracle/jre/lib/jce.jar
7f2185929000-7f2185979000 r-xp 00000000 08:07 1709461                    /usr/lib/jvm/java-7-oracle/jre/lib/amd64/xawt/libmawt.so
7f2185979000-7f2185b79000 ---p 00050000 08:07 1709461                    /usr/lib/jvm/java-7-oracle/jre/lib/amd64/xawt/libmawt.so
7f2185b79000-7f2185b7d000 rw-p 00050000 08:07 1709461                    /usr/lib/jvm/java-7-oracle/jre/lib/amd64/xawt/libmawt.so
7f2185b7d000-7f2185b7e000 rw-p 00000000 00:00 0 
7f2185b7e000-7f2185c20000 r-xp 00000000 08:07 1709426                    /usr/lib/jvm/java-7-oracle/jre/lib/amd64/libawt.so
7f2185c20000-7f2185e20000 ---p 000a2000 08:07 1709426                    /usr/lib/jvm/java-7-oracle/jre/lib/amd64/libawt.so
7f2185e20000-7f2185e2c000 rw-p 000a2000 08:07 1709426                    /usr/lib/jvm/java-7-oracle/jre/lib/amd64/libawt.so
7f2185e2c000-7f2185e50000 rw-p 00000000 00:00 0 
7f2185e50000-7f2185e51000 ---p 00000000 00:00 0 
7f2185e51000-7f2185f51000 rw-p 00000000 00:00 0                          [stack:5026]
7f2185f51000-7f2185f54000 ---p 00000000 00:00 0 
7f2185f54000-7f2186052000 rw-p 00000000 00:00 0                          [stack:5025]
7f2186052000-7f2186055000 ---p 00000000 00:00 0 
7f2186055000-7f2186153000 rw-p 00000000 00:00 0                          [stack:5024]
7f2186153000-7f2186156000 ---p 00000000 00:00 0 
7f2186156000-7f2186254000 rw-p 00000000 00:00 0                          [stack:5023]
7f2186254000-7f2186257000 ---p 00000000 00:00 0 
7f2186257000-7f2186355000 rw-p 00000000 00:00 0                          [stack:5022]
7f2186355000-7f218661e000 r--p 00000000 08:07 790289                     /usr/lib/locale/locale-archive
7f218661e000-7f2186621000 ---p 00000000 00:00 0 
7f2186621000-7f218671f000 rw-p 00000000 00:00 0                          [stack:5021]
7f218671f000-7f2186722000 ---p 00000000 00:00 0 
7f2186722000-7f2186820000 rw-p 00000000 00:00 0                          [stack:5020]
7f2186820000-7f2186821000 ---p 00000000 00:00 0 
7f2186821000-7f218787b000 rw-p 00000000 00:00 0                          [stack:5019]
7f218787b000-7f2187a3a000 r--s 039f0000 08:07 1450832                    /usr/lib/jvm/java-7-oracle/jre/lib/rt.jar
7f2187a3a000-7f218c022000 rw-p 00000000 00:00 0 
7f218c022000-7f218c023000 ---p 00000000 00:00 0 
7f218c023000-7f218c123000 rw-p 00000000 00:00 0                          [stack:5018]
7f218c123000-7f218c124000 ---p 00000000 00:00 0 
7f218c124000-7f218c224000 rw-p 00000000 00:00 0                          [stack:5017]
7f218c224000-7f218c225000 ---p 00000000 00:00 0 
7f218c225000-7f218c34f000 rw-p 00000000 00:00 0                          [stack:5016]
7f218c34f000-7f218c5be000 rw-p 00000000 00:00 0 
7f218c5be000-7f218c5ca000 rw-p 00000000 00:00 0 
7f218c5ca000-7f218c5e7000 rw-p 00000000 00:00 0 
7f218c5e7000-7f218c611000 rw-p 00000000 00:00 0 
7f218c611000-7f218c87f000 rw-p 00000000 00:00 0 
7f218c87f000-7f218c895000 rw-p 00000000 00:00 0 
7f218c895000-7f218c9cc000 rw-p 00000000 00:00 0 
7f218c9cc000-7f218c9cd000 rw-p 00000000 00:00 0 
7f218c9cd000-7f218cc3d000 rwxp 00000000 00:00 0 
7f218cc3d000-7f218f9cd000 rw-p 00000000 00:00 0 
7f218f9cd000-7f218f9e7000 r-xp 00000000 08:07 1709469                    /usr/lib/jvm/java-7-oracle/jre/lib/amd64/libzip.so
7f218f9e7000-7f218fbe7000 ---p 0001a000 08:07 1709469                    /usr/lib/jvm/java-7-oracle/jre/lib/amd64/libzip.so
7f218fbe7000-7f218fbe8000 rw-p 0001a000 08:07 1709469                    /usr/lib/jvm/java-7-oracle/jre/lib/amd64/libzip.so
7f218fbe8000-7f218fbf3000 r-xp 00000000 08:07 3406420                    /lib/x86_64-linux-gnu/libnss_files-2.19.so
7f218fbf3000-7f218fdf2000 ---p 0000b000 08:07 3406420                    /lib/x86_64-linux-gnu/libnss_files-2.19.so
7f218fdf2000-7f218fdf3000 r--p 0000a000 08:07 3406420                    /lib/x86_64-linux-gnu/libnss_files-2.19.so
7f218fdf3000-7f218fdf4000 rw-p 0000b000 08:07 3406420                    /lib/x86_64-linux-gnu/libnss_files-2.19.so
7f218fdf4000-7f218fdff000 r-xp 00000000 08:07 3406378                    /lib/x86_64-linux-gnu/libnss_nis-2.19.so
7f218fdff000-7f218fffe000 ---p 0000b000 08:07 3406378                    /lib/x86_64-linux-gnu/libnss_nis-2.19.so
7f218fffe000-7f218ffff000 r--p 0000a000 08:07 3406378                    /lib/x86_64-linux-gnu/libnss_nis-2.19.so
7f218ffff000-7f2190000000 rw-p 0000b000 08:07 3406378                    /lib/x86_64-linux-gnu/libnss_nis-2.19.so
7f2190000000-7f2190265000 rw-p 00000000 00:00 0 
7f2190265000-7f2194000000 ---p 00000000 00:00 0 
7f2194000000-7f2194001000 r--s 00000000 08:07 915756                     /var/cache/fontconfig/0c9eb80ebd1c36541ebe2852d3bb0c49-le64.cache-4
7f2194001000-7f2194005000 r--s 0008b000 08:07 1450757                    /usr/lib/jvm/java-7-oracle/jre/lib/jsse.jar
7f2194005000-7f2194006000 ---p 00000000 00:00 0 
7f2194006000-7f2194112000 rw-p 00000000 00:00 0                          [stack:5015]
7f2194112000-7f219412f000 rw-p 00000000 00:00 0 
7f219412f000-7f2194146000 r-xp 00000000 08:07 3406350                    /lib/x86_64-linux-gnu/libnsl-2.19.so
7f2194146000-7f2194345000 ---p 00017000 08:07 3406350                    /lib/x86_64-linux-gnu/libnsl-2.19.so
7f2194345000-7f2194346000 r--p 00016000 08:07 3406350                    /lib/x86_64-linux-gnu/libnsl-2.19.so
7f2194346000-7f2194347000 rw-p 00017000 08:07 3406350                    /lib/x86_64-linux-gnu/libnsl-2.19.so
7f2194347000-7f2194349000 rw-p 00000000 00:00 0 
7f2194349000-7f2194352000 r-xp 00000000 08:07 3406330                    /lib/x86_64-linux-gnu/libnss_compat-2.19.so
7f2194352000-7f2194551000 ---p 00009000 08:07 3406330                    /lib/x86_64-linux-gnu/libnss_compat-2.19.so
7f2194551000-7f2194552000 r--p 00008000 08:07 3406330                    /lib/x86_64-linux-gnu/libnss_compat-2.19.so
7f2194552000-7f2194553000 rw-p 00009000 08:07 3406330                    /lib/x86_64-linux-gnu/libnss_compat-2.19.so
7f2194553000-7f219457c000 r-xp 00000000 08:07 1709448                    /usr/lib/jvm/java-7-oracle/jre/lib/amd64/libjava.so
7f219457c000-7f219477c000 ---p 00029000 08:07 1709448                    /usr/lib/jvm/java-7-oracle/jre/lib/amd64/libjava.so
7f219477c000-7f219477e000 rw-p 00029000 08:07 1709448                    /usr/lib/jvm/java-7-oracle/jre/lib/amd64/libjava.so
7f219477e000-7f219478b000 r-xp 00000000 08:07 1709430                    /usr/lib/jvm/java-7-oracle/jre/lib/amd64/libverify.so
7f219478b000-7f219498a000 ---p 0000d000 08:07 1709430                    /usr/lib/jvm/java-7-oracle/jre/lib/amd64/libverify.so
7f219498a000-7f219498c000 rw-p 0000c000 08:07 1709430                    /usr/lib/jvm/java-7-oracle/jre/lib/amd64/libverify.so
7f219498c000-7f2194993000 r-xp 00000000 08:07 3402315                    /lib/x86_64-linux-gnu/librt-2.19.so
7f2194993000-7f2194b92000 ---p 00007000 08:07 3402315                    /lib/x86_64-linux-gnu/librt-2.19.so
7f2194b92000-7f2194b93000 r--p 00006000 08:07 3402315                    /lib/x86_64-linux-gnu/librt-2.19.so
7f2194b93000-7f2194b94000 rw-p 00007000 08:07 3402315                    /lib/x86_64-linux-gnu/librt-2.19.so
7f2194b94000-7f2194c99000 r-xp 00000000 08:07 3406348                    /lib/x86_64-linux-gnu/libm-2.19.so
7f2194c99000-7f2194e98000 ---p 00105000 08:07 3406348                    /lib/x86_64-linux-gnu/libm-2.19.so
7f2194e98000-7f2194e99000 r--p 00104000 08:07 3406348                    /lib/x86_64-linux-gnu/libm-2.19.so
7f2194e99000-7f2194e9a000 rw-p 00105000 08:07 3406348                    /lib/x86_64-linux-gnu/libm-2.19.so
7f2194e9a000-7f2195a0f000 r-xp 00000000 08:07 1709440                    /usr/lib/jvm/java-7-oracle/jre/lib/amd64/server/libjvm.so
7f2195a0f000-7f2195c0f000 ---p 00b75000 08:07 1709440                    /usr/lib/jvm/java-7-oracle/jre/lib/amd64/server/libjvm.so
7f2195c0f000-7f2195cd3000 rw-p 00b75000 08:07 1709440                    /usr/lib/jvm/java-7-oracle/jre/lib/amd64/server/libjvm.so
7f2195cd3000-7f2195d14000 rw-p 00000000 00:00 0 
7f2195d14000-7f2195ecf000 r-xp 00000000 08:07 3402312                    /lib/x86_64-linux-gnu/libc-2.19.so
7f2195ecf000-7f21960cf000 ---p 001bb000 08:07 3402312                    /lib/x86_64-linux-gnu/libc-2.19.so
7f21960cf000-7f21960d3000 r--p 001bb000 08:07 3402312                    /lib/x86_64-linux-gnu/libc-2.19.so
7f21960d3000-7f21960d5000 rw-p 001bf000 08:07 3402312                    /lib/x86_64-linux-gnu/libc-2.19.so
7f21960d5000-7f21960da000 rw-p 00000000 00:00 0 
7f21960da000-7f21960dd000 r-xp 00000000 08:07 3406316                    /lib/x86_64-linux-gnu/libdl-2.19.so
7f21960dd000-7f21962dc000 ---p 00003000 08:07 3406316                    /lib/x86_64-linux-gnu/libdl-2.19.so
7f21962dc000-7f21962dd000 r--p 00002000 08:07 3406316                    /lib/x86_64-linux-gnu/libdl-2.19.so
7f21962dd000-7f21962de000 rw-p 00003000 08:07 3406316                    /lib/x86_64-linux-gnu/libdl-2.19.so
7f21962de000-7f21962f4000 r-xp 00000000 08:07 1314641                    /usr/lib/jvm/java-7-oracle/lib/amd64/jli/libjli.so
7f21962f4000-7f21964f4000 ---p 00016000 08:07 1314641                    /usr/lib/jvm/java-7-oracle/lib/amd64/jli/libjli.so
7f21964f4000-7f21964f5000 rw-p 00016000 08:07 1314641                    /usr/lib/jvm/java-7-oracle/lib/amd64/jli/libjli.so
7f21964f5000-7f219650e000 r-xp 00000000 08:07 3406388                    /lib/x86_64-linux-gnu/libpthread-2.19.so
7f219650e000-7f219670d000 ---p 00019000 08:07 3406388                    /lib/x86_64-linux-gnu/libpthread-2.19.so
7f219670d000-7f219670e000 r--p 00018000 08:07 3406388                    /lib/x86_64-linux-gnu/libpthread-2.19.so
7f219670e000-7f219670f000 rw-p 00019000 08:07 3406388                    /lib/x86_64-linux-gnu/libpthread-2.19.so
7f219670f000-7f2196713000 rw-p 00000000 00:00 0 
7f2196713000-7f2196736000 r-xp 00000000 08:07 3402261                    /lib/x86_64-linux-gnu/ld-2.19.so
7f2196736000-7f2196739000 r--s 00000000 08:07 915744                     /var/cache/fontconfig/e13b20fdb08344e0e664864cc2ede53d-le64.cache-4
7f2196739000-7f2196743000 r--s 00251000 08:07 1450806                    /usr/lib/jvm/java-7-oracle/jre/lib/resources.jar
7f2196743000-7f219674e000 r--s 0037c000 08:07 1450833                    /usr/lib/jvm/java-7-oracle/jre/lib/charsets.jar
7f219674e000-7f2196758000 rw-p 00000000 00:00 0 
7f2196758000-7f219680e000 rw-p 00000000 00:00 0 
7f219680e000-7f2196811000 ---p 00000000 00:00 0 
7f2196811000-7f2196913000 rw-p 00000000 00:00 0                          [stack:5014]
7f2196913000-7f2196914000 r--p 00000000 08:07 1443489                    /usr/share/locale-langpack/en_GB/LC_MESSAGES/libc.mo
7f2196914000-7f2196929000 r--s 001c6000 08:09 14026828                   /home/aymen/prisma/out/artifacts/prisma_jar/prisma.jar
7f2196929000-7f2196931000 rw-s 00000000 08:07 654113                     /tmp/hsperfdata_aymen/5012
7f2196931000-7f2196932000 rw-p 00000000 00:00 0 
7f2196932000-7f2196933000 r--p 00000000 00:00 0 
7f2196933000-7f2196935000 rw-p 00000000 00:00 0 
7f2196935000-7f2196936000 r--p 00022000 08:07 3402261                    /lib/x86_64-linux-gnu/ld-2.19.so
7f2196936000-7f2196937000 rw-p 00023000 08:07 3402261                    /lib/x86_64-linux-gnu/ld-2.19.so
7f2196937000-7f2196938000 rw-p 00000000 00:00 0 
7fff42de2000-7fff42e03000 rw-p 00000000 00:00 0                          [stack]
7fff42e0d000-7fff42e0f000 r-xp 00000000 00:00 0                          [vdso]
ffffffffff600000-ffffffffff601000 r-xp 00000000 00:00 0                  [vsyscall]

VM Arguments:
jvm_args: -Dfile.encoding=UTF-8 
java_command: /home/aymen/prisma/out/artifacts/prisma_jar/prisma.jar
Launcher Type: SUN_STANDARD

Environment Variables:
CLASSPATH=/home/aymen/IntelliJ/bin/../lib/bootstrap.jar:/home/aymen/IntelliJ/bin/../lib/extensions.jar:/home/aymen/IntelliJ/bin/../lib/util.jar:/home/aymen/IntelliJ/bin/../lib/jdom.jar:/home/aymen/IntelliJ/bin/../lib/log4j.jar:/home/aymen/IntelliJ/bin/../lib/trove4j.jar:/home/aymen/IntelliJ/bin/../lib/jna.jar:/usr/lib/jvm/java-7-oracle/lib/tools.jar
PATH=/usr/local/sbin:/usr/local/bin:/usr/sbin:/usr/bin:/sbin:/bin:/usr/games:/usr/local/games
USERNAME=aymen
LD_LIBRARY_PATH=/home/aymen/IntelliJ/bin:
SHELL=/bin/bash
DISPLAY=:0.0

Signal Handlers:
SIGSEGV: [libjvm.so+0x9a3bd0], sa_mask[0]=0x7ffbfeff, sa_flags=0x10000004
SIGBUS: [libjvm.so+0x9a3bd0], sa_mask[0]=0x7ffbfeff, sa_flags=0x10000004
SIGFPE: [libjvm.so+0x81cb60], sa_mask[0]=0x7ffbfeff, sa_flags=0x10000004
SIGPIPE: [libjvm.so+0x81cb60], sa_mask[0]=0x7ffbfeff, sa_flags=0x10000004
SIGXFSZ: [libjvm.so+0x81cb60], sa_mask[0]=0x7ffbfeff, sa_flags=0x10000004
SIGILL: [libjvm.so+0x81cb60], sa_mask[0]=0x7ffbfeff, sa_flags=0x10000004
SIGUSR1: SIG_DFL, sa_mask[0]=0x00000000, sa_flags=0x00000000
SIGUSR2: [libjvm.so+0x81e360], sa_mask[0]=0x00000004, sa_flags=0x10000004
SIGHUP: [libjvm.so+0x81f480], sa_mask[0]=0x7ffbfeff, sa_flags=0x10000004
SIGINT: [libjvm.so+0x81f480], sa_mask[0]=0x7ffbfeff, sa_flags=0x10000004
SIGTERM: [libjvm.so+0x81f480], sa_mask[0]=0x7ffbfeff, sa_flags=0x10000004
SIGQUIT: [libjvm.so+0x81f480], sa_mask[0]=0x7ffbfeff, sa_flags=0x10000004


---------------  S Y S T E M  ---------------

OS:jessie/sid

uname:Linux 3.13.0-24-generic #46-Ubuntu SMP Thu Apr 10 19:11:08 UTC 2014 x86_64
libc:glibc 2.19 NPTL 2.19 
rlimit: STACK 8192k, CORE 0k, NPROC 63503, NOFILE 4096, AS infinity
load average:0.96 0.56 0.43

/proc/meminfo:
MemTotal:        8159508 kB
MemFree:         4583292 kB
Buffers:          168856 kB
Cached:          1214368 kB
SwapCached:            0 kB
Active:          2462760 kB
Inactive:         842472 kB
Active(anon):    1924724 kB
Inactive(anon):    40564 kB
Active(file):     538036 kB
Inactive(file):   801908 kB
Unevictable:           0 kB
Mlocked:               0 kB
SwapTotal:             0 kB
SwapFree:              0 kB
Dirty:             14512 kB
Writeback:             0 kB
AnonPages:       1923084 kB
Mapped:           271464 kB
Shmem:             42204 kB
Slab:             127208 kB
SReclaimable:      94400 kB
SUnreclaim:        32808 kB
KernelStack:        5504 kB
PageTables:        41784 kB
NFS_Unstable:          0 kB
Bounce:                0 kB
WritebackTmp:          0 kB
CommitLimit:     4079752 kB
Committed_AS:    5590128 kB
VmallocTotal:   34359738367 kB
VmallocUsed:      336180 kB
VmallocChunk:   34359328168 kB
HardwareCorrupted:     0 kB
AnonHugePages:    933888 kB
HugePages_Total:       0
HugePages_Free:        0
HugePages_Rsvd:        0
HugePages_Surp:        0
Hugepagesize:       2048 kB
DirectMap4k:       87080 kB
DirectMap2M:     8284160 kB


CPU:total 4 (4 cores per cpu, 1 threads per core) family 6 model 42 stepping 7, cmov, cx8, fxsr, mmx, sse, sse2, sse3, ssse3, sse4.1, sse4.2, popcnt, avx, aes, tsc, tscinvbit

/proc/cpuinfo:
processor	: 0
vendor_id	: GenuineIntel
cpu family	: 6
model		: 42
model name	: Intel(R) Core(TM) i5-2320 CPU @ 3.00GHz
stepping	: 7
microcode	: 0x1a
cpu MHz		: 3001.000
cache size	: 6144 KB
physical id	: 0
siblings	: 4
core id		: 0
cpu cores	: 4
apicid		: 0
initial apicid	: 0
fpu		: yes
fpu_exception	: yes
cpuid level	: 13
wp		: yes
flags		: fpu vme de pse tsc msr pae mce cx8 apic sep mtrr pge mca cmov pat pse36 clflush dts acpi mmx fxsr sse sse2 ss ht tm pbe syscall nx rdtscp lm constant_tsc arch_perfmon pebs bts rep_good nopl xtopology nonstop_tsc aperfmperf eagerfpu pni pclmulqdq dtes64 monitor ds_cpl vmx est tm2 ssse3 cx16 xtpr pdcm pcid sse4_1 sse4_2 popcnt tsc_deadline_timer aes xsave avx lahf_lm ida arat epb xsaveopt pln pts dtherm tpr_shadow vnmi flexpriority ept vpid
bogomips	: 5986.50
clflush size	: 64
cache_alignment	: 64
address sizes	: 36 bits physical, 48 bits virtual
power management:

processor	: 1
vendor_id	: GenuineIntel
cpu family	: 6
model		: 42
model name	: Intel(R) Core(TM) i5-2320 CPU @ 3.00GHz
stepping	: 7
microcode	: 0x1a
cpu MHz		: 3001.000
cache size	: 6144 KB
physical id	: 0
siblings	: 4
core id		: 1
cpu cores	: 4
apicid		: 2
initial apicid	: 2
fpu		: yes
fpu_exception	: yes
cpuid level	: 13
wp		: yes
flags		: fpu vme de pse tsc msr pae mce cx8 apic sep mtrr pge mca cmov pat pse36 clflush dts acpi mmx fxsr sse sse2 ss ht tm pbe syscall nx rdtscp lm constant_tsc arch_perfmon pebs bts rep_good nopl xtopology nonstop_tsc aperfmperf eagerfpu pni pclmulqdq dtes64 monitor ds_cpl vmx est tm2 ssse3 cx16 xtpr pdcm pcid sse4_1 sse4_2 popcnt tsc_deadline_timer aes xsave avx lahf_lm ida arat epb xsaveopt pln pts dtherm tpr_shadow vnmi flexpriority ept vpid
bogomips	: 5986.50
clflush size	: 64
cache_alignment	: 64
address sizes	: 36 bits physical, 48 bits virtual
power management:

processor	: 2
vendor_id	: GenuineIntel
cpu family	: 6
model		: 42
model name	: Intel(R) Core(TM) i5-2320 CPU @ 3.00GHz
stepping	: 7
microcode	: 0x1a
cpu MHz		: 3001.000
cache size	: 6144 KB
physical id	: 0
siblings	: 4
core id		: 2
cpu cores	: 4
apicid		: 4
initial apicid	: 4
fpu		: yes
fpu_exception	: yes
cpuid level	: 13
wp		: yes
flags		: fpu vme de pse tsc msr pae mce cx8 apic sep mtrr pge mca cmov pat pse36 clflush dts acpi mmx fxsr sse sse2 ss ht tm pbe syscall nx rdtscp lm constant_tsc arch_perfmon pebs bts rep_good nopl xtopology nonstop_tsc aperfmperf eagerfpu pni pclmulqdq dtes64 monitor ds_cpl vmx est tm2 ssse3 cx16 xtpr pdcm pcid sse4_1 sse4_2 popcnt tsc_deadline_timer aes xsave avx lahf_lm ida arat epb xsaveopt pln pts dtherm tpr_shadow vnmi flexpriority ept vpid
bogomips	: 5986.50
clflush size	: 64
cache_alignment	: 64
address sizes	: 36 bits physical, 48 bits virtual
power management:

processor	: 3
vendor_id	: GenuineIntel
cpu family	: 6
model		: 42
model name	: Intel(R) Core(TM) i5-2320 CPU @ 3.00GHz
stepping	: 7
microcode	: 0x1a
cpu MHz		: 1600.000
cache size	: 6144 KB
physical id	: 0
siblings	: 4
core id		: 3
cpu cores	: 4
apicid		: 6
initial apicid	: 6
fpu		: yes
fpu_exception	: yes
cpuid level	: 13
wp		: yes
flags		: fpu vme de pse tsc msr pae mce cx8 apic sep mtrr pge mca cmov pat pse36 clflush dts acpi mmx fxsr sse sse2 ss ht tm pbe syscall nx rdtscp lm constant_tsc arch_perfmon pebs bts rep_good nopl xtopology nonstop_tsc aperfmperf eagerfpu pni pclmulqdq dtes64 monitor ds_cpl vmx est tm2 ssse3 cx16 xtpr pdcm pcid sse4_1 sse4_2 popcnt tsc_deadline_timer aes xsave avx lahf_lm ida arat epb xsaveopt pln pts dtherm tpr_shadow vnmi flexpriority ept vpid
bogomips	: 5986.50
clflush size	: 64
cache_alignment	: 64
address sizes	: 36 bits physical, 48 bits virtual
power management:



Memory: 4k page, physical 8159508k(4583292k free), swap 0k(0k free)

vm_info: Java HotSpot(TM) 64-Bit Server VM (24.76-b04) for linux-amd64 JRE (1.7.0_76-b13), built on Dec 18 2014 16:58:39 by "java_re" with gcc 4.3.0 20080428 (Red Hat 4.3.0-8)

time: Sat Jan 24 09:54:09 2015
elapsed time: 5 seconds

