#
# A fatal error has been detected by the Java Runtime Environment:
#
#  SIGBUS (0x7) at pc=0x00007f6446b86982, pid=22637, tid=140068328761088
#
# JRE version: Java(TM) SE Runtime Environment (7.0_76-b13) (build 1.7.0_76-b13)
# Java VM: Java HotSpot(TM) 64-Bit Server VM (24.76-b04 mixed mode linux-amd64 compressed oops)
# Problematic frame:
# C  [libzip.so+0x4982]  newEntry+0x62
#
# Failed to write core dump. Core dumps have been disabled. To enable core dumping, try "ulimit -c unlimited" before starting Java again
#
# If you would like to submit a bug report, please visit:
#   http://bugreport.java.com/bugreport/crash.jsp
# The crash happened outside the Java Virtual Machine in native code.
# See problematic frame for where to report the bug.
#

---------------  T H R E A D  ---------------

Current thread (0x00007f6440261000):  JavaThread "AWT-EventQueue-0" [_thread_in_native, id=22654, stack(0x00007f6432eae000,0x00007f6432faf000)]

siginfo:si_signo=SIGBUS: si_errno=0, si_code=2 (BUS_ADRERR), si_addr=0x00007f644999bc88

Registers:
RAX=0x00007f63ec303ff0, RBX=0x00007f64401767d0, RCX=0x00007f63ec000020, RDX=0x00007f63ec303ff0
RSP=0x00007f6432faa500, RBP=0x00007f6432faa550, RSI=0x00007f63ec000038, RDI=0x00007f63ec306200
R8 =0x0000000000000003, R9 =0x0000000000003fff, R10=0x00007f643d012d6c, R11=0x00007f6448f225d0
R12=0x00007f644999bc6b, R13=0x00007f63ec303ff0, R14=0x000000002adcd342, R15=0x00007f6440176400
RIP=0x00007f6446b86982, EFLAGS=0x0000000000010202, CSGSFS=0x0000000000000033, ERR=0x0000000000000004
  TRAPNO=0x000000000000000e

Top of Stack: (sp=0x00007f6432faa500)
0x00007f6432faa500:   000000077e400c90 00007f6400000000
0x00007f6432faa510:   00007f6432faa590 00007f644870238c
0x00007f6432faa520:   00007f63ec303ff0 00007f64401767d0
0x00007f6432faa530:   00007f6440176400 00007f63ec304040
0x00007f6432faa540:   000000002adcd342 00007f6432faa5b0
0x00007f6432faa550:   00007f6432faa590 00007f6446b870b0
0x00007f6432faa560:   0000002632faa590 00007f6432faa5b0
0x00007f6432faa570:   0000000000000026 00007f64402611e8
0x00007f6432faa580:   00007f6432faa5b0 00007f6432faaa88
0x00007f6432faa590:   00007f6432faa9f0 00007f6446b85eed
0x00007f6432faa5a0:   01007f6432faa5c0 00007f6440176400
0x00007f6432faa5b0:   7a7a75702f6d6f63 2f72656d6974656c
0x00007f6432faa5c0:   6e69614d2f697567 303224656d617246
0x00007f6432faa5d0:   00007373616c632e 00007f6448e0a260
0x00007f6432faa5e0:   00007f6448de8029 00007f6448e162d9
0x00007f6432faa5f0:   00007f6432faac10 00007f6432faac00
0x00007f6432faa600:   00007f6448de8029 00007f644890eb58
0x00007f6432faa610:   00007f644890eb41 00007f6448de44ea
0x00007f6432faa620:   464e492d7f583f38 656369767265732f
0x00007f6432faa630:   00007f6432faa760 61732e6400000000
0x00007f6432faa640:   70732e64656c706d 00007f6432faa710
0x00007f6432faa650:   00007f6432faa780 0000000000000800
0x00007f6432faa660:   000000007fa39fd8 00007f6432faa730
0x00007f6432faa670:   0000000000000000 00007f6400000000
0x00007f6432faa680:   000000007f9d5a60 fffffffffffffffc
0x00007f6432faa690:   0000000a00000000 0000000000000518
0x00007f6432faa6a0:   0000000000000020 0000000000000000
0x00007f6432faa6b0:   0000000000000000 00007f6432faabc4
0x00007f6432faa6c0:   0000000000000000 00007f6400000000
0x00007f6432faa6d0:   0000000000000000 0000000000000000
0x00007f6432faa6e0:   0000000000000000 00007f6448de44ea
0x00007f6432faa6f0:   ffffffffffffffff 0000000000000064 

Instructions: (pc=0x00007f6446b86982)
0x00007f6446b86962:   00 48 c7 40 28 00 00 00 00 41 80 7f 30 00 0f 84
0x00007f6446b86972:   8a 02 00 00 4c 8b 63 08 4d 2b 67 28 4d 03 67 18
0x00007f6446b86982:   41 0f b6 5c 24 1d 41 0f b6 44 24 1c c1 e3 08 09
0x00007f6446b86992:   c3 41 0f b6 44 24 1e 88 45 bd 41 0f b6 54 24 20 

Register to memory mapping:

RAX=0x00007f63ec303ff0 is an unknown value
RBX=0x00007f64401767d0 is an unknown value
RCX=0x00007f63ec000020 is an unknown value
RDX=0x00007f63ec303ff0 is an unknown value
RSP=0x00007f6432faa500 is pointing into the stack for thread: 0x00007f6440261000
RBP=0x00007f6432faa550 is pointing into the stack for thread: 0x00007f6440261000
RSI=0x00007f63ec000038 is an unknown value
RDI=0x00007f63ec306200 is an unknown value
R8 =0x0000000000000003 is an unknown value
R9 =0x0000000000003fff is an unknown value
R10=0x00007f643d012d6c is at code_begin+620 in an Interpreter codelet
method entry point (kind = native)  [0x00007f643d012b00, 0x00007f643d013360]  2144 bytes
R11=0x00007f6448f225d0: <offset 0x1885d0> in /lib/x86_64-linux-gnu/libc.so.6 at 0x00007f6448d9a000
R12=0x00007f644999bc6b is an unknown value
R13=0x00007f63ec303ff0 is an unknown value
R14=0x000000002adcd342 is an unknown value
R15=0x00007f6440176400 is an unknown value


Stack: [0x00007f6432eae000,0x00007f6432faf000],  sp=0x00007f6432faa500,  free space=1009k
Native frames: (J=compiled Java code, j=interpreted, Vv=VM code, C=native code)
C  [libzip.so+0x4982]  newEntry+0x62
C  [libzip.so+0x50b0]  ZIP_GetEntry+0xd0
C  [libzip.so+0x3eed]  Java_java_util_zip_ZipFile_getEntry+0xad
j  java.util.zip.ZipFile.getEntry(J[BZ)J+0
j  java.util.zip.ZipFile.getEntry(Ljava/lang/String;)Ljava/util/zip/ZipEntry;+38
j  java.util.jar.JarFile.getEntry(Ljava/lang/String;)Ljava/util/zip/ZipEntry;+2
j  java.util.jar.JarFile.getJarEntry(Ljava/lang/String;)Ljava/util/jar/JarEntry;+2
j  sun.misc.URLClassPath$JarLoader.getResource(Ljava/lang/String;Z)Lsun/misc/Resource;+48
j  sun.misc.URLClassPath.getResource(Ljava/lang/String;Z)Lsun/misc/Resource;+53
j  java.net.URLClassLoader$1.run()Ljava/lang/Class;+26
j  java.net.URLClassLoader$1.run()Ljava/lang/Object;+1
v  ~StubRoutines::call_stub
V  [libjvm.so+0x600e95]  JavaCalls::call_helper(JavaValue*, methodHandle*, JavaCallArguments*, Thread*)+0x365
V  [libjvm.so+0x5ff8f8]  JavaCalls::call(JavaValue*, methodHandle, JavaCallArguments*, Thread*)+0x28
V  [libjvm.so+0x685f84]  JVM_DoPrivileged+0x2a4
j  java.security.AccessController.doPrivileged(Ljava/security/PrivilegedExceptionAction;Ljava/security/AccessControlContext;)Ljava/lang/Object;+0
j  java.net.URLClassLoader.findClass(Ljava/lang/String;)Ljava/lang/Class;+13
j  java.lang.ClassLoader.loadClass(Ljava/lang/String;Z)Ljava/lang/Class;+70
j  sun.misc.Launcher$AppClassLoader.loadClass(Ljava/lang/String;Z)Ljava/lang/Class;+36
j  java.lang.ClassLoader.loadClass(Ljava/lang/String;)Ljava/lang/Class;+3
v  ~StubRoutines::call_stub
V  [libjvm.so+0x600e95]  JavaCalls::call_helper(JavaValue*, methodHandle*, JavaCallArguments*, Thread*)+0x365
V  [libjvm.so+0x5ff8f8]  JavaCalls::call(JavaValue*, methodHandle, JavaCallArguments*, Thread*)+0x28
V  [libjvm.so+0x5ffbc7]  JavaCalls::call_virtual(JavaValue*, KlassHandle, Symbol*, Symbol*, JavaCallArguments*, Thread*)+0x197
V  [libjvm.so+0x5ffc96]  JavaCalls::call_virtual(JavaValue*, Handle, KlassHandle, Symbol*, Symbol*, Handle, Thread*)+0x56
V  [libjvm.so+0x925599]  SystemDictionary::load_instance_class(Symbol*, Handle, Thread*)+0x419
V  [libjvm.so+0x925d41]  SystemDictionary::resolve_instance_class_or_null(Symbol*, Handle, Handle, Thread*)+0x791
V  [libjvm.so+0x9261a4]  SystemDictionary::resolve_or_null(Symbol*, Handle, Handle, Thread*)+0x54
V  [libjvm.so+0x927284]  SystemDictionary::resolve_or_fail(Symbol*, Handle, Handle, bool, Thread*)+0x34
V  [libjvm.so+0x491968]  constantPoolOopDesc::klass_at_impl(constantPoolHandle, int, Thread*)+0x278
V  [libjvm.so+0x5f8e24]  InterpreterRuntime::_new(JavaThread*, constantPoolOopDesc*, int)+0x74
j  com.puzzletimer.gui.MainFrame.<init>(Lcom/puzzletimer/state/MessageManager;Lcom/puzzletimer/state/ConfigurationManager;Lcom/puzzletimer/state/TimerManager;Lcom/puzzletimer/puzzles/PuzzleProvider;Lcom/puzzletimer/state/ColorManager;Lcom/puzzletimer/parsers/ScrambleParserProvider;Lcom/puzzletimer/scramblers/ScramblerProvider;Lcom/puzzletimer/tips/TipProvider;Lcom/puzzletimer/state/CategoryManager;Lcom/puzzletimer/state/ScrambleManager;Lcom/puzzletimer/state/SolutionManager;Lcom/puzzletimer/state/SessionManager;)V+845
j  com.puzzletimer.Main$7.run()V+102
j  java.awt.event.InvocationEvent.dispatch()V+47
j  java.awt.EventQueue.dispatchEventImpl(Ljava/awt/AWTEvent;Ljava/lang/Object;)V+21
j  java.awt.EventQueue.access$300(Ljava/awt/EventQueue;Ljava/awt/AWTEvent;Ljava/lang/Object;)V+3
j  java.awt.EventQueue$3.run()Ljava/lang/Void;+12
j  java.awt.EventQueue$3.run()Ljava/lang/Object;+1
v  ~StubRoutines::call_stub
V  [libjvm.so+0x600e95]  JavaCalls::call_helper(JavaValue*, methodHandle*, JavaCallArguments*, Thread*)+0x365
V  [libjvm.so+0x5ff8f8]  JavaCalls::call(JavaValue*, methodHandle, JavaCallArguments*, Thread*)+0x28
V  [libjvm.so+0x685f84]  JVM_DoPrivileged+0x2a4
j  java.security.AccessController.doPrivileged(Ljava/security/PrivilegedAction;Ljava/security/AccessControlContext;)Ljava/lang/Object;+0
j  java.security.ProtectionDomain$1.doIntersectionPrivilege(Ljava/security/PrivilegedAction;Ljava/security/AccessControlContext;Ljava/security/AccessControlContext;)Ljava/lang/Object;+28
j  java.awt.EventQueue.dispatchEvent(Ljava/awt/AWTEvent;)V+46
j  java.awt.EventDispatchThread.pumpOneEventForFilters(I)V+245
j  java.awt.EventDispatchThread.pumpEventsForFilter(ILjava/awt/Conditional;Ljava/awt/EventFilter;)V+35
j  java.awt.EventDispatchThread.pumpEventsForHierarchy(ILjava/awt/Conditional;Ljava/awt/Component;)V+11
j  java.awt.EventDispatchThread.pumpEvents(ILjava/awt/Conditional;)V+4
j  java.awt.EventDispatchThread.pumpEvents(Ljava/awt/Conditional;)V+3
j  java.awt.EventDispatchThread.run()V+9
v  ~StubRoutines::call_stub
V  [libjvm.so+0x600e95]  JavaCalls::call_helper(JavaValue*, methodHandle*, JavaCallArguments*, Thread*)+0x365
V  [libjvm.so+0x5ff8f8]  JavaCalls::call(JavaValue*, methodHandle, JavaCallArguments*, Thread*)+0x28
V  [libjvm.so+0x5ffbc7]  JavaCalls::call_virtual(JavaValue*, KlassHandle, Symbol*, Symbol*, JavaCallArguments*, Thread*)+0x197
V  [libjvm.so+0x5ffce7]  JavaCalls::call_virtual(JavaValue*, Handle, KlassHandle, Symbol*, Symbol*, Thread*)+0x47
V  [libjvm.so+0x67e805]  thread_entry(JavaThread*, Thread*)+0xe5
V  [libjvm.so+0x95c0ff]  JavaThread::thread_main_inner()+0xdf
V  [libjvm.so+0x95c205]  JavaThread::run()+0xf5
V  [libjvm.so+0x821ca8]  java_start(Thread*)+0x108

Java frames: (J=compiled Java code, j=interpreted, Vv=VM code)
j  java.util.zip.ZipFile.getEntry(J[BZ)J+0
j  java.util.zip.ZipFile.getEntry(Ljava/lang/String;)Ljava/util/zip/ZipEntry;+38
j  java.util.jar.JarFile.getEntry(Ljava/lang/String;)Ljava/util/zip/ZipEntry;+2
j  java.util.jar.JarFile.getJarEntry(Ljava/lang/String;)Ljava/util/jar/JarEntry;+2
j  sun.misc.URLClassPath$JarLoader.getResource(Ljava/lang/String;Z)Lsun/misc/Resource;+48
j  sun.misc.URLClassPath.getResource(Ljava/lang/String;Z)Lsun/misc/Resource;+53
j  java.net.URLClassLoader$1.run()Ljava/lang/Class;+26
j  java.net.URLClassLoader$1.run()Ljava/lang/Object;+1
v  ~StubRoutines::call_stub
j  java.security.AccessController.doPrivileged(Ljava/security/PrivilegedExceptionAction;Ljava/security/AccessControlContext;)Ljava/lang/Object;+0
j  java.net.URLClassLoader.findClass(Ljava/lang/String;)Ljava/lang/Class;+13
j  java.lang.ClassLoader.loadClass(Ljava/lang/String;Z)Ljava/lang/Class;+70
j  sun.misc.Launcher$AppClassLoader.loadClass(Ljava/lang/String;Z)Ljava/lang/Class;+36
j  java.lang.ClassLoader.loadClass(Ljava/lang/String;)Ljava/lang/Class;+3
v  ~StubRoutines::call_stub
j  com.puzzletimer.gui.MainFrame.<init>(Lcom/puzzletimer/state/MessageManager;Lcom/puzzletimer/state/ConfigurationManager;Lcom/puzzletimer/state/TimerManager;Lcom/puzzletimer/puzzles/PuzzleProvider;Lcom/puzzletimer/state/ColorManager;Lcom/puzzletimer/parsers/ScrambleParserProvider;Lcom/puzzletimer/scramblers/ScramblerProvider;Lcom/puzzletimer/tips/TipProvider;Lcom/puzzletimer/state/CategoryManager;Lcom/puzzletimer/state/ScrambleManager;Lcom/puzzletimer/state/SolutionManager;Lcom/puzzletimer/state/SessionManager;)V+845
j  com.puzzletimer.Main$7.run()V+102
j  java.awt.event.InvocationEvent.dispatch()V+47
j  java.awt.EventQueue.dispatchEventImpl(Ljava/awt/AWTEvent;Ljava/lang/Object;)V+21
j  java.awt.EventQueue.access$300(Ljava/awt/EventQueue;Ljava/awt/AWTEvent;Ljava/lang/Object;)V+3
j  java.awt.EventQueue$3.run()Ljava/lang/Void;+12
j  java.awt.EventQueue$3.run()Ljava/lang/Object;+1
v  ~StubRoutines::call_stub
j  java.security.AccessController.doPrivileged(Ljava/security/PrivilegedAction;Ljava/security/AccessControlContext;)Ljava/lang/Object;+0
j  java.security.ProtectionDomain$1.doIntersectionPrivilege(Ljava/security/PrivilegedAction;Ljava/security/AccessControlContext;Ljava/security/AccessControlContext;)Ljava/lang/Object;+28
j  java.awt.EventQueue.dispatchEvent(Ljava/awt/AWTEvent;)V+46
j  java.awt.EventDispatchThread.pumpOneEventForFilters(I)V+245
j  java.awt.EventDispatchThread.pumpEventsForFilter(ILjava/awt/Conditional;Ljava/awt/EventFilter;)V+35
j  java.awt.EventDispatchThread.pumpEventsForHierarchy(ILjava/awt/Conditional;Ljava/awt/Component;)V+11
j  java.awt.EventDispatchThread.pumpEvents(ILjava/awt/Conditional;)V+4
j  java.awt.EventDispatchThread.pumpEvents(Ljava/awt/Conditional;)V+3
j  java.awt.EventDispatchThread.run()V+9
v  ~StubRoutines::call_stub

---------------  P R O C E S S  ---------------

Java Threads: ( => current thread )
  0x00007f63ec302000 JavaThread "Direct Clip" daemon [_thread_blocked, id=22697, stack(0x00007f642869a000,0x00007f642879b000)]
  0x00007f63ec1ba000 JavaThread "Direct Clip" daemon [_thread_blocked, id=22694, stack(0x00007f6430524000,0x00007f6430625000)]
  0x00007f63ec1ed800 JavaThread "Direct Clip" daemon [_thread_blocked, id=22691, stack(0x00007f6430625000,0x00007f6430726000)]
  0x00007f63ec1db000 JavaThread "Direct Clip" daemon [_thread_blocked, id=22688, stack(0x00007f643087e000,0x00007f643097f000)]
  0x00007f63ec1d5800 JavaThread "Java Sound Event Dispatcher" daemon [_thread_blocked, id=22686, stack(0x00007f6431305000,0x00007f6431406000)]
  0x00007f63ec2d2000 JavaThread "TimerQueue" daemon [_thread_blocked, id=22671, stack(0x00007f6431406000,0x00007f6431507000)]
  0x00007f63ec337000 JavaThread "Timer-0" [_thread_blocked, id=22670, stack(0x00007f6431507000,0x00007f6431608000)]
  0x00007f63ec334800 JavaThread "Thread-4" [_thread_in_native, id=22669, stack(0x00007f6431608000,0x00007f6431709000)]
  0x00007f63ec195800 JavaThread "Image Fetcher 0" daemon [_thread_blocked, id=22660, stack(0x00007f6431c01000,0x00007f6431d02000)]
  0x00007f63ec165800 JavaThread "Keep-Alive-Timer" daemon [_thread_blocked, id=22659, stack(0x00007f6431d02000,0x00007f6431e03000)]
  0x00007f63ec14d800 JavaThread "H2 Log Writer PUZZLETIMER" daemon [_thread_blocked, id=22657, stack(0x00007f6432884000,0x00007f6432985000)]
  0x00007f63ec033800 JavaThread "H2 File Lock Watchdog /home/aymen/prisma/puzzletimer.lock.db" daemon [_thread_blocked, id=22656, stack(0x00007f6432dad000,0x00007f6432eae000)]
  0x00007f644000a000 JavaThread "DestroyJavaVM" [_thread_blocked, id=22638, stack(0x00007f6449894000,0x00007f6449995000)]
=>0x00007f6440261000 JavaThread "AWT-EventQueue-0" [_thread_in_native, id=22654, stack(0x00007f6432eae000,0x00007f6432faf000)]
  0x00007f644025f000 JavaThread "AWT-Shutdown" [_thread_blocked, id=22653, stack(0x00007f6432faf000,0x00007f64330b0000)]
  0x00007f644025b800 JavaThread "AWT-XAWT" daemon [_thread_in_native, id=22652, stack(0x00007f64330b0000,0x00007f64331b1000)]
  0x00007f644023c000 JavaThread "Java2D Disposer" daemon [_thread_blocked, id=22651, stack(0x00007f64380a6000,0x00007f64381a7000)]
  0x00007f6440168000 JavaThread "Service Thread" daemon [_thread_blocked, id=22649, stack(0x00007f64440bc000,0x00007f64441bd000)]
  0x00007f6440165800 JavaThread "C2 CompilerThread1" daemon [_thread_blocked, id=22648, stack(0x00007f64441bd000,0x00007f64442be000)]
  0x00007f6440162800 JavaThread "C2 CompilerThread0" daemon [_thread_blocked, id=22647, stack(0x00007f64442be000,0x00007f64443bf000)]
  0x00007f6440160800 JavaThread "Signal Dispatcher" daemon [_thread_blocked, id=22646, stack(0x00007f64443bf000,0x00007f64444c0000)]
  0x00007f6440137000 JavaThread "Finalizer" daemon [_thread_blocked, id=22645, stack(0x00007f6444789000,0x00007f644488a000)]
  0x00007f6440135000 JavaThread "Reference Handler" daemon [_thread_blocked, id=22644, stack(0x00007f644488a000,0x00007f644498b000)]

Other Threads:
  0x00007f6440130800 VMThread [stack: 0x00007f644498b000,0x00007f6444a8c000] [id=22643]
  0x00007f6440172800 WatcherThread [stack: 0x00007f6438e1f000,0x00007f6438f20000] [id=22650]

VM state:not at safepoint (normal execution)

VM Mutex/Monitor currently owned by a thread: None

Heap
 PSYoungGen      total 37376K, used 34331K [0x00000007d6700000, 0x00000007d9080000, 0x0000000800000000)
  eden space 32256K, 90% used [0x00000007d6700000,0x00000007d8386e78,0x00000007d8680000)
  from space 5120K, 99% used [0x00000007d8b80000,0x00000007d907ff78,0x00000007d9080000)
  to   space 5120K, 0% used [0x00000007d8680000,0x00000007d8680000,0x00000007d8b80000)
 ParOldGen       total 84992K, used 6217K [0x0000000783600000, 0x0000000788900000, 0x00000007d6700000)
  object space 84992K, 7% used [0x0000000783600000,0x0000000783c124c8,0x0000000788900000)
 PSPermGen       total 23552K, used 23254K [0x000000077e400000, 0x000000077fb00000, 0x0000000783600000)
  object space 23552K, 98% used [0x000000077e400000,0x000000077fab5880,0x000000077fb00000)

Card table byte_map: [0x00007f6446773000,0x00007f6446b82000] byte_map_base: 0x00007f6442b81000

Polling page: 0x00007f64499b8000

Code Cache  [0x00007f643d000000, 0x00007f643d270000, 0x00007f6440000000)
 total_blobs=844 nmethods=258 adapters=539 free_code_cache=47974Kb largest_free_block=49065792

Compilation events (10 events):
Event: 5.468 Thread 0x00007f6440162800 nmethod 273 0x00007f643d111510 code [0x00007f643d111640, 0x00007f643d1116d8]
Event: 5.468 Thread 0x00007f6440165800 nmethod 272 0x00007f643d0d96d0 code [0x00007f643d0d9820, 0x00007f643d0d9978]
Event: 5.480 Thread 0x00007f6440162800  274             sun.misc.Service::parseLine (239 bytes)
Event: 5.507 Thread 0x00007f6440162800 nmethod 274 0x00007f643d11ce50 code [0x00007f643d11d0c0, 0x00007f643d11e240]
Event: 5.527 Thread 0x00007f6440165800  275             sun.security.ssl.CipherBox::checkPadding (99 bytes)
Event: 5.533 Thread 0x00007f6440165800 nmethod 275 0x00007f643d0770d0 code [0x00007f643d077220, 0x00007f643d0774d8]
Event: 5.557 Thread 0x00007f6440162800  276             java.lang.StringBuilder::<init> (7 bytes)
Event: 5.558 Thread 0x00007f6440162800 nmethod 276 0x00007f643d076dd0 code [0x00007f643d076f20, 0x00007f643d077018]
Event: 5.631 Thread 0x00007f6440165800  277             sun.security.provider.ByteArrayAccess::b2iBig64 (614 bytes)
Event: 5.634 Thread 0x00007f6440165800 nmethod 277 0x00007f643d0c40d0 code [0x00007f643d0c4220, 0x00007f643d0c4438]

GC Heap History (4 events):
Event: 1.602 GC heap before
{Heap before GC invocations=1 (full 0):
 PSYoungGen      total 37376K, used 32256K [0x00000007d6700000, 0x00000007d9080000, 0x0000000800000000)
  eden space 32256K, 100% used [0x00000007d6700000,0x00000007d8680000,0x00000007d8680000)
  from space 5120K, 0% used [0x00000007d8b80000,0x00000007d8b80000,0x00000007d9080000)
  to   space 5120K, 0% used [0x00000007d8680000,0x00000007d8680000,0x00000007d8b80000)
 ParOldGen       total 84992K, used 0K [0x0000000783600000, 0x0000000788900000, 0x00000007d6700000)
  object space 84992K, 0% used [0x0000000783600000,0x0000000783600000,0x0000000788900000)
 PSPermGen       total 21504K, used 15079K [0x000000077e400000, 0x000000077f900000, 0x0000000783600000)
  object space 21504K, 70% used [0x000000077e400000,0x000000077f2b9c40,0x000000077f900000)
Event: 1.609 GC heap after
Heap after GC invocations=1 (full 0):
 PSYoungGen      total 37376K, used 5104K [0x00000007d6700000, 0x00000007d9080000, 0x0000000800000000)
  eden space 32256K, 0% used [0x00000007d6700000,0x00000007d6700000,0x00000007d8680000)
  from space 5120K, 99% used [0x00000007d8680000,0x00000007d8b7c0e8,0x00000007d8b80000)
  to   space 5120K, 0% used [0x00000007d8b80000,0x00000007d8b80000,0x00000007d9080000)
 ParOldGen       total 84992K, used 2604K [0x0000000783600000, 0x0000000788900000, 0x00000007d6700000)
  object space 84992K, 3% used [0x0000000783600000,0x000000078388b0e0,0x0000000788900000)
 PSPermGen       total 21504K, used 15079K [0x000000077e400000, 0x000000077f900000, 0x0000000783600000)
  object space 21504K, 70% used [0x000000077e400000,0x000000077f2b9c40,0x000000077f900000)
}
Event: 4.614 GC heap before
{Heap before GC invocations=2 (full 0):
 PSYoungGen      total 37376K, used 37360K [0x00000007d6700000, 0x00000007d9080000, 0x0000000800000000)
  eden space 32256K, 100% used [0x00000007d6700000,0x00000007d8680000,0x00000007d8680000)
  from space 5120K, 99% used [0x00000007d8680000,0x00000007d8b7c0e8,0x00000007d8b80000)
  to   space 5120K, 0% used [0x00000007d8b80000,0x00000007d8b80000,0x00000007d9080000)
 ParOldGen       total 84992K, used 2604K [0x0000000783600000, 0x0000000788900000, 0x00000007d6700000)
  object space 84992K, 3% used [0x0000000783600000,0x000000078388b0e0,0x0000000788900000)
 PSPermGen       total 21504K, used 18732K [0x000000077e400000, 0x000000077f900000, 0x0000000783600000)
  object space 21504K, 87% used [0x000000077e400000,0x000000077f64b250,0x000000077f900000)
Event: 4.622 GC heap after
Heap after GC invocations=2 (full 0):
 PSYoungGen      total 37376K, used 5119K [0x00000007d6700000, 0x00000007d9080000, 0x0000000800000000)
  eden space 32256K, 0% used [0x00000007d6700000,0x00000007d6700000,0x00000007d8680000)
  from space 5120K, 99% used [0x00000007d8b80000,0x00000007d907ff78,0x00000007d9080000)
  to   space 5120K, 0% used [0x00000007d8680000,0x00000007d8680000,0x00000007d8b80000)
 ParOldGen       total 84992K, used 6217K [0x0000000783600000, 0x0000000788900000, 0x00000007d6700000)
  object space 84992K, 7% used [0x0000000783600000,0x0000000783c124c8,0x0000000788900000)
 PSPermGen       total 21504K, used 18732K [0x000000077e400000, 0x000000077f900000, 0x0000000783600000)
  object space 21504K, 87% used [0x000000077e400000,0x000000077f64b250,0x000000077f900000)
}

Deoptimization events (10 events):
Event: 1.625 Thread 0x00007f6440261000 Uncommon trap: reason=class_check action=maybe_recompile pc=0x00007f643d077f44 method=java.lang.String.equals(Ljava/lang/Object;)Z @ 8
Event: 1.625 Thread 0x00007f6440261000 Uncommon trap: reason=class_check action=maybe_recompile pc=0x00007f643d077f44 method=java.lang.String.equals(Ljava/lang/Object;)Z @ 8
Event: 1.625 Thread 0x00007f6440261000 Uncommon trap: reason=class_check action=maybe_recompile pc=0x00007f643d077f44 method=java.lang.String.equals(Ljava/lang/Object;)Z @ 8
Event: 4.640 Thread 0x00007f6440261000 Uncommon trap: reason=unreached action=reinterpret pc=0x00007f643d0f9b70 method=com.puzzletimer.solvers.RubiksPocketCubeSolver.initialize()V @ 348
Event: 4.775 Thread 0x00007f6440261000 Uncommon trap: reason=unreached action=reinterpret pc=0x00007f643d09c148 method=java.util.HashMap.getEntry(Ljava/lang/Object;)Ljava/util/HashMap$Entry; @ 10
Event: 5.170 Thread 0x00007f6440261000 Uncommon trap: reason=bimorphic action=maybe_recompile pc=0x00007f643d10dabc method=java.lang.ThreadLocal.get()Ljava/lang/Object; @ 6
Event: 5.528 Thread 0x00007f63ec334800 Uncommon trap: reason=bimorphic action=maybe_recompile pc=0x00007f643d10dabc method=java.lang.ThreadLocal.get()Ljava/lang/Object; @ 6
Event: 5.528 Thread 0x00007f63ec334800 Uncommon trap: reason=unreached action=reinterpret pc=0x00007f643d087808 method=java.lang.ThreadLocal$ThreadLocalMap.getEntry(Ljava/lang/ThreadLocal;)Ljava/lang/ThreadLocal$ThreadLocalMap$Entry; @ 21
Event: 5.528 Thread 0x00007f63ec334800 Uncommon trap: reason=bimorphic action=maybe_recompile pc=0x00007f643d10dabc method=java.lang.ThreadLocal.get()Ljava/lang/Object; @ 6
Event: 5.528 Thread 0x00007f63ec334800 Uncommon trap: reason=bimorphic action=maybe_recompile pc=0x00007f643d10dabc method=java.lang.ThreadLocal.get()Ljava/lang/Object; @ 6

Internal exceptions (10 events):
Event: 5.251 Thread 0x00007f6440261000 Threw 0x00000007d7baa2d8 at /HUDSON/workspace/7u-2-build-linux-amd64/jdk7u76/1941/hotspot/src/share/vm/prims/jvm.cpp:1304
Event: 5.251 Thread 0x00007f6440261000 Threw 0x00000007d7bacbb0 at /HUDSON/workspace/7u-2-build-linux-amd64/jdk7u76/1941/hotspot/src/share/vm/prims/jvm.cpp:1304
Event: 5.251 Thread 0x00007f6440261000 Threw 0x00000007d7baf618 at /HUDSON/workspace/7u-2-build-linux-amd64/jdk7u76/1941/hotspot/src/share/vm/prims/jvm.cpp:1304
Event: 5.251 Thread 0x00007f6440261000 Threw 0x00000007d7bb1e90 at /HUDSON/workspace/7u-2-build-linux-amd64/jdk7u76/1941/hotspot/src/share/vm/prims/jvm.cpp:1304
Event: 5.252 Thread 0x00007f6440261000 Threw 0x00000007d7bb4520 at /HUDSON/workspace/7u-2-build-linux-amd64/jdk7u76/1941/hotspot/src/share/vm/prims/jvm.cpp:1304
Event: 5.252 Thread 0x00007f6440261000 Threw 0x00000007d7bb6bc8 at /HUDSON/workspace/7u-2-build-linux-amd64/jdk7u76/1941/hotspot/src/share/vm/prims/jvm.cpp:1304
Event: 5.252 Thread 0x00007f6440261000 Threw 0x00000007d7bb9268 at /HUDSON/workspace/7u-2-build-linux-amd64/jdk7u76/1941/hotspot/src/share/vm/prims/jvm.cpp:1304
Event: 5.283 Thread 0x00007f6440261000 Threw 0x00000007d7c44828 at /HUDSON/workspace/7u-2-build-linux-amd64/jdk7u76/1941/hotspot/src/share/vm/prims/jvm.cpp:1304
Event: 5.528 Thread 0x00007f63ec334800 Implicit null exception at 0x00007f643d087755 to 0x00007f643d0877ed
Event: 5.785 Thread 0x00007f6440261000 Threw 0x00000007d83798d8 at /HUDSON/workspace/7u-2-build-linux-amd64/jdk7u76/1941/hotspot/src/share/vm/prims/jvm.cpp:1304

Events (10 events):
Event: 5.528 Thread 0x00007f63ec334800 DEOPT PACKING pc=0x00007f643d10dabc sp=0x00007f6431707560
Event: 5.528 Thread 0x00007f63ec334800 DEOPT UNPACKING pc=0x00007f643d039445 sp=0x00007f6431707528 mode 2
Event: 5.528 Thread 0x00007f63ec334800 Uncommon trap: trap_request=0xffffffc6 fr.pc=0x00007f643d10dabc
Event: 5.528 Thread 0x00007f63ec334800 DEOPT PACKING pc=0x00007f643d10dabc sp=0x00007f6431707560
Event: 5.528 Thread 0x00007f63ec334800 DEOPT UNPACKING pc=0x00007f643d039445 sp=0x00007f6431707528 mode 2
Event: 5.631 Executing VM operation: RevokeBias
Event: 5.631 Executing VM operation: RevokeBias done
Event: 5.635 Thread 0x00007f6440165800 flushing nmethod 0x00007f643d077bd0
Event: 5.785 loading class 0x00007f63ec3787b0
Event: 5.785 loading class 0x00007f63ec3787b0 done


Dynamic libraries:
00400000-00401000 r-xp 00000000 08:07 1450419                            /usr/lib/jvm/java-7-oracle/bin/java
00600000-00601000 rw-p 00000000 08:07 1450419                            /usr/lib/jvm/java-7-oracle/bin/java
00ea1000-00ec2000 rw-p 00000000 00:00 0                                  [heap]
77e400000-77fb00000 rw-p 00000000 00:00 0 
77fb00000-783600000 rw-p 00000000 00:00 0 
783600000-788900000 rw-p 00000000 00:00 0 
788900000-7d6700000 rw-p 00000000 00:00 0 
7d6700000-7d9080000 rw-p 00000000 00:00 0 
7d9080000-800000000 rw-p 00000000 00:00 0 
7f639bfff000-7f63a0000000 rw-s 00000000 00:14 756796                     /run/shm/pulse-shm-1886686090
7f63a0000000-7f63a0021000 rw-p 00000000 00:00 0 
7f63a0021000-7f63a4000000 ---p 00000000 00:00 0 
7f63a7fff000-7f63ac000000 rw-s 00000000 00:14 756292                     /run/shm/pulse-shm-3187858111
7f63ac000000-7f63ac021000 rw-p 00000000 00:00 0 
7f63ac021000-7f63b0000000 ---p 00000000 00:00 0 
7f63b0000000-7f63b0021000 rw-p 00000000 00:00 0 
7f63b0021000-7f63b4000000 ---p 00000000 00:00 0 
7f63b4000000-7f63b4021000 rw-p 00000000 00:00 0 
7f63b4021000-7f63b8000000 ---p 00000000 00:00 0 
7f63bbfff000-7f63c0000000 rw-s 00000000 00:14 756282                     /run/shm/pulse-shm-25012072
7f63c0000000-7f63c0021000 rw-p 00000000 00:00 0 
7f63c0021000-7f63c4000000 ---p 00000000 00:00 0 
7f63c77fe000-7f63c77ff000 ---p 00000000 00:00 0 
7f63c77ff000-7f63c7fff000 rw-p 00000000 00:00 0 
7f63c7fff000-7f63cc000000 rw-s 00000000 00:14 756272                     /run/shm/pulse-shm-1704138561
7f63cc000000-7f63cc021000 rw-p 00000000 00:00 0 
7f63cc021000-7f63d0000000 ---p 00000000 00:00 0 
7f63d0000000-7f63d0021000 rw-p 00000000 00:00 0 
7f63d0021000-7f63d4000000 ---p 00000000 00:00 0 
7f63d4000000-7f63d4021000 rw-p 00000000 00:00 0 
7f63d4021000-7f63d8000000 ---p 00000000 00:00 0 
7f63d8000000-7f63d8021000 rw-p 00000000 00:00 0 
7f63d8021000-7f63dc000000 ---p 00000000 00:00 0 
7f63dc000000-7f63dc021000 rw-p 00000000 00:00 0 
7f63dc021000-7f63e0000000 ---p 00000000 00:00 0 
7f63e0000000-7f63e0021000 rw-p 00000000 00:00 0 
7f63e0021000-7f63e4000000 ---p 00000000 00:00 0 
7f63e4000000-7f63e4021000 rw-p 00000000 00:00 0 
7f63e4021000-7f63e8000000 ---p 00000000 00:00 0 
7f63e8000000-7f63e8021000 rw-p 00000000 00:00 0 
7f63e8021000-7f63ec000000 ---p 00000000 00:00 0 
7f63ec000000-7f63ec4e7000 rw-p 00000000 00:00 0 
7f63ec4e7000-7f63f0000000 ---p 00000000 00:00 0 
7f63f0000000-7f63f0021000 rw-p 00000000 00:00 0 
7f63f0021000-7f63f4000000 ---p 00000000 00:00 0 
7f63f4000000-7f63f4021000 rw-p 00000000 00:00 0 
7f63f4021000-7f63f8000000 ---p 00000000 00:00 0 
7f63f8000000-7f63f8021000 rw-p 00000000 00:00 0 
7f63f8021000-7f63fc000000 ---p 00000000 00:00 0 
7f63fc000000-7f63fc021000 rw-p 00000000 00:00 0 
7f63fc021000-7f6400000000 ---p 00000000 00:00 0 
7f6400000000-7f6400021000 rw-p 00000000 00:00 0 
7f6400021000-7f6404000000 ---p 00000000 00:00 0 
7f6404000000-7f64045fa000 rw-p 00000000 00:00 0 
7f64045fa000-7f6408000000 ---p 00000000 00:00 0 
7f6408000000-7f6408021000 rw-p 00000000 00:00 0 
7f6408021000-7f640c000000 ---p 00000000 00:00 0 
7f640c000000-7f640c021000 rw-p 00000000 00:00 0 
7f640c021000-7f6410000000 ---p 00000000 00:00 0 
7f6410000000-7f6410c5f000 rw-p 00000000 00:00 0 
7f6410c5f000-7f6414000000 ---p 00000000 00:00 0 
7f6414000000-7f6414021000 rw-p 00000000 00:00 0 
7f6414021000-7f6418000000 ---p 00000000 00:00 0 
7f6418000000-7f6418021000 rw-p 00000000 00:00 0 
7f6418021000-7f641c000000 ---p 00000000 00:00 0 
7f641c000000-7f641c021000 rw-p 00000000 00:00 0 
7f641c021000-7f6420000000 ---p 00000000 00:00 0 
7f6420000000-7f6420021000 rw-p 00000000 00:00 0 
7f6420021000-7f6424000000 ---p 00000000 00:00 0 
7f6424000000-7f6424021000 rw-p 00000000 00:00 0 
7f6424021000-7f6428000000 ---p 00000000 00:00 0 
7f642842c000-7f6428599000 rw-p 00000000 00:00 0 
7f6428599000-7f642859c000 ---p 00000000 00:00 0 
7f642859c000-7f642869a000 rw-p 00000000 00:00 0 
7f642869a000-7f642869d000 ---p 00000000 00:00 0 
7f642869d000-7f642879b000 rw-p 00000000 00:00 0                          [stack:22697]
7f642879b000-7f642879c000 ---p 00000000 00:00 0 
7f642879c000-7f6428f9c000 rw-p 00000000 00:00 0                          [stack:22696]
7f6428f9c000-7f6428f9d000 ---p 00000000 00:00 0 
7f6428f9d000-7f642979d000 rw-p 00000000 00:00 0                          [stack:22693]
7f642979d000-7f642979e000 ---p 00000000 00:00 0 
7f642979e000-7f6429f9e000 rw-p 00000000 00:00 0                          [stack:22690]
7f6429f9e000-7f6429f9f000 ---p 00000000 00:00 0 
7f6429f9f000-7f642a79f000 rw-p 00000000 00:00 0                          [stack:22687]
7f642a79f000-7f642a7a5000 r-xp 00000000 08:07 1049667                    /usr/lib/x86_64-linux-gnu/alsa-lib/libasound_module_pcm_pulse.so
7f642a7a5000-7f642a9a4000 ---p 00006000 08:07 1049667                    /usr/lib/x86_64-linux-gnu/alsa-lib/libasound_module_pcm_pulse.so
7f642a9a4000-7f642a9a5000 r--p 00005000 08:07 1049667                    /usr/lib/x86_64-linux-gnu/alsa-lib/libasound_module_pcm_pulse.so
7f642a9a5000-7f642a9a6000 rw-p 00006000 08:07 1049667                    /usr/lib/x86_64-linux-gnu/alsa-lib/libasound_module_pcm_pulse.so
7f642a9a6000-7f642a9ad000 r-xp 00000000 08:07 792714                     /usr/lib/x86_64-linux-gnu/libogg.so.0.8.1
7f642a9ad000-7f642abad000 ---p 00007000 08:07 792714                     /usr/lib/x86_64-linux-gnu/libogg.so.0.8.1
7f642abad000-7f642abae000 r--p 00007000 08:07 792714                     /usr/lib/x86_64-linux-gnu/libogg.so.0.8.1
7f642abae000-7f642abaf000 rw-p 00008000 08:07 792714                     /usr/lib/x86_64-linux-gnu/libogg.so.0.8.1
7f642abaf000-7f642abdb000 r-xp 00000000 08:07 793002                     /usr/lib/x86_64-linux-gnu/libvorbis.so.0.4.5
7f642abdb000-7f642adda000 ---p 0002c000 08:07 793002                     /usr/lib/x86_64-linux-gnu/libvorbis.so.0.4.5
7f642adda000-7f642addb000 r--p 0002b000 08:07 793002                     /usr/lib/x86_64-linux-gnu/libvorbis.so.0.4.5
7f642addb000-7f642addc000 rw-p 0002c000 08:07 793002                     /usr/lib/x86_64-linux-gnu/libvorbis.so.0.4.5
7f642addc000-7f642b08f000 r-xp 00000000 08:07 793004                     /usr/lib/x86_64-linux-gnu/libvorbisenc.so.2.0.8
7f642b08f000-7f642b28e000 ---p 002b3000 08:07 793004                     /usr/lib/x86_64-linux-gnu/libvorbisenc.so.2.0.8
7f642b28e000-7f642b2aa000 r--p 002b2000 08:07 793004                     /usr/lib/x86_64-linux-gnu/libvorbisenc.so.2.0.8
7f642b2aa000-7f642b2ab000 rw-p 002ce000 08:07 793004                     /usr/lib/x86_64-linux-gnu/libvorbisenc.so.2.0.8
7f642b2ab000-7f642b2db000 r-xp 00000000 08:07 788953                     /usr/lib/x86_64-linux-gnu/libFLAC.so.8.3.0
7f642b2db000-7f642b4da000 ---p 00030000 08:07 788953                     /usr/lib/x86_64-linux-gnu/libFLAC.so.8.3.0
7f642b4da000-7f642b4db000 r--p 0002f000 08:07 788953                     /usr/lib/x86_64-linux-gnu/libFLAC.so.8.3.0
7f642b4db000-7f642b4dc000 rw-p 00030000 08:07 788953                     /usr/lib/x86_64-linux-gnu/libFLAC.so.8.3.0
7f642b4dc000-7f642b4e1000 r-xp 00000000 08:07 791993                     /usr/lib/x86_64-linux-gnu/libasyncns.so.0.3.1
7f642b4e1000-7f642b6e0000 ---p 00005000 08:07 791993                     /usr/lib/x86_64-linux-gnu/libasyncns.so.0.3.1
7f642b6e0000-7f642b6e1000 r--p 00004000 08:07 791993                     /usr/lib/x86_64-linux-gnu/libasyncns.so.0.3.1
7f642b6e1000-7f642b6e2000 rw-p 00005000 08:07 791993                     /usr/lib/x86_64-linux-gnu/libasyncns.so.0.3.1
7f642b6e2000-7f642b743000 r-xp 00000000 08:07 792895                     /usr/lib/x86_64-linux-gnu/libsndfile.so.1.0.25
7f642b743000-7f642b943000 ---p 00061000 08:07 792895                     /usr/lib/x86_64-linux-gnu/libsndfile.so.1.0.25
7f642b943000-7f642b945000 r--p 00061000 08:07 792895                     /usr/lib/x86_64-linux-gnu/libsndfile.so.1.0.25
7f642b945000-7f642b946000 rw-p 00063000 08:07 792895                     /usr/lib/x86_64-linux-gnu/libsndfile.so.1.0.25
7f642b946000-7f642b94a000 rw-p 00000000 00:00 0 
7f642b94a000-7f642b952000 r-xp 00000000 08:07 3406460                    /lib/x86_64-linux-gnu/libwrap.so.0.7.6
7f642b952000-7f642bb51000 ---p 00008000 08:07 3406460                    /lib/x86_64-linux-gnu/libwrap.so.0.7.6
7f642bb51000-7f642bb52000 r--p 00007000 08:07 3406460                    /lib/x86_64-linux-gnu/libwrap.so.0.7.6
7f642bb52000-7f642bb53000 rw-p 00008000 08:07 3406460                    /lib/x86_64-linux-gnu/libwrap.so.0.7.6
7f642bb53000-7f642bb54000 rw-p 00000000 00:00 0 
7f642bb54000-7f642bb98000 r-xp 00000000 08:07 3406313                    /lib/x86_64-linux-gnu/libdbus-1.so.3.7.6
7f642bb98000-7f642bd97000 ---p 00044000 08:07 3406313                    /lib/x86_64-linux-gnu/libdbus-1.so.3.7.6
7f642bd97000-7f642bd98000 r--p 00043000 08:07 3406313                    /lib/x86_64-linux-gnu/libdbus-1.so.3.7.6
7f642bd98000-7f642bd99000 rw-p 00044000 08:07 3406313                    /lib/x86_64-linux-gnu/libdbus-1.so.3.7.6
7f642bd99000-7f642bdff000 r-xp 00000000 08:07 1188242                    /usr/lib/x86_64-linux-gnu/pulseaudio/libpulsecommon-4.0.so
7f642bdff000-7f642bffe000 ---p 00066000 08:07 1188242                    /usr/lib/x86_64-linux-gnu/pulseaudio/libpulsecommon-4.0.so
7f642bffe000-7f642bfff000 r--p 00065000 08:07 1188242                    /usr/lib/x86_64-linux-gnu/pulseaudio/libpulsecommon-4.0.so
7f642bfff000-7f642c000000 rw-p 00066000 08:07 1188242                    /usr/lib/x86_64-linux-gnu/pulseaudio/libpulsecommon-4.0.so
7f642c000000-7f642c021000 rw-p 00000000 00:00 0 
7f642c021000-7f6430000000 ---p 00000000 00:00 0 
7f64300d0000-7f64300da000 r-xp 00000000 08:07 3402225                    /lib/x86_64-linux-gnu/libjson-c.so.2.0.0
7f64300da000-7f64302d9000 ---p 0000a000 08:07 3402225                    /lib/x86_64-linux-gnu/libjson-c.so.2.0.0
7f64302d9000-7f64302da000 r--p 00009000 08:07 3402225                    /lib/x86_64-linux-gnu/libjson-c.so.2.0.0
7f64302da000-7f64302db000 rw-p 0000a000 08:07 3402225                    /lib/x86_64-linux-gnu/libjson-c.so.2.0.0
7f64302db000-7f6430322000 r-xp 00000000 08:07 792814                     /usr/lib/x86_64-linux-gnu/libpulse.so.0.16.2
7f6430322000-7f6430522000 ---p 00047000 08:07 792814                     /usr/lib/x86_64-linux-gnu/libpulse.so.0.16.2
7f6430522000-7f6430523000 r--p 00047000 08:07 792814                     /usr/lib/x86_64-linux-gnu/libpulse.so.0.16.2
7f6430523000-7f6430524000 rw-p 00048000 08:07 792814                     /usr/lib/x86_64-linux-gnu/libpulse.so.0.16.2
7f6430524000-7f6430527000 ---p 00000000 00:00 0 
7f6430527000-7f6430625000 rw-p 00000000 00:00 0                          [stack:22694]
7f6430625000-7f6430628000 ---p 00000000 00:00 0 
7f6430628000-7f6430726000 rw-p 00000000 00:00 0                          [stack:22691]
7f6430726000-7f6430727000 r--s 00000000 08:07 915779                     /var/cache/fontconfig/c05880de57d1f5e948fdfacc138775d9-le64.cache-4
7f6430727000-7f6430732000 r--s 00000000 08:07 915778                     /var/cache/fontconfig/945677eb7aeaf62f1d50efc3fb3ec7d8-le64.cache-4
7f6430732000-7f6430734000 r--s 00000000 08:07 915776                     /var/cache/fontconfig/99e8ed0e538f840c565b6ed5dad60d56-le64.cache-4
7f6430734000-7f643073a000 r--s 00000000 08:07 915775                     /var/cache/fontconfig/2cd17615ca594fa2959ae173292e504c-le64.cache-4
7f643073a000-7f643073b000 r--s 00000000 08:07 915774                     /var/cache/fontconfig/e7071f4a29fa870f4323321c154eba04-le64.cache-4
7f643073b000-7f643073c000 r--s 00000000 08:07 915773                     /var/cache/fontconfig/0d8c3b2ac0904cb8a57a757ad11a4a08-le64.cache-4
7f643073c000-7f6430743000 r--s 00000000 08:07 915772                     /var/cache/fontconfig/a755afe4a08bf5b97852ceb7400b47bc-le64.cache-4
7f6430743000-7f643074f000 r--s 00000000 08:07 915771                     /var/cache/fontconfig/6d41288fd70b0be22e8c3a91e032eec0-le64.cache-4
7f643074f000-7f6430763000 r--s 00000000 08:07 915770                     /var/cache/fontconfig/04aabc0a78ac019cf9454389977116d2-le64.cache-4
7f6430763000-7f6430764000 r--s 00000000 08:07 915769                     /var/cache/fontconfig/1ac9eb803944fde146138c791f5cc56a-le64.cache-4
7f6430764000-7f6430768000 r--s 00000000 08:07 915768                     /var/cache/fontconfig/385c0604a188198f04d133e54aba7fe7-le64.cache-4
7f6430768000-7f6430769000 r--s 00000000 08:07 915767                     /var/cache/fontconfig/dc05db6664285cc2f12bf69c139ae4c3-le64.cache-4
7f6430769000-7f643077b000 r--s 00000000 08:07 925136                     /var/cache/fontconfig/0bd3dc0958fa2205aaaa8ebb13e2872b-le64.cache-4
7f643077b000-7f6430780000 r--s 00000000 08:07 915764                     /var/cache/fontconfig/8801497958630a81b71ace7c5f9b32a8-le64.cache-4
7f6430780000-7f6430787000 r--s 00000000 08:07 915763                     /var/cache/fontconfig/3047814df9a2f067bd2d96a2b9c36e5a-le64.cache-4
7f643087e000-7f6430881000 ---p 00000000 00:00 0 
7f6430881000-7f643097f000 rw-p 00000000 00:00 0                          [stack:22688]
7f643097f000-7f6430a68000 r-xp 00000000 08:07 791985                     /usr/lib/x86_64-linux-gnu/libasound.so.2.0.0
7f6430a68000-7f6430c67000 ---p 000e9000 08:07 791985                     /usr/lib/x86_64-linux-gnu/libasound.so.2.0.0
7f6430c67000-7f6430c6e000 r--p 000e8000 08:07 791985                     /usr/lib/x86_64-linux-gnu/libasound.so.2.0.0
7f6430c6e000-7f6430c6f000 rw-p 000ef000 08:07 791985                     /usr/lib/x86_64-linux-gnu/libasound.so.2.0.0
7f6430c85000-7f6430c87000 rw-p 00000000 00:00 0 
7f6430c87000-7f6430c8e000 r--s 00000000 08:07 1192272                    /usr/lib/x86_64-linux-gnu/gconv/gconv-modules.cache
7f6430c8e000-7f6430c8f000 r--p 00000000 08:07 1444249                    /usr/share/locale-langpack/en_GB/LC_MESSAGES/pulseaudio.mo
7f6430c8f000-7f6430c9e000 r-xp 00000000 08:07 1709459                    /usr/lib/jvm/java-7-oracle/jre/lib/amd64/libjsoundalsa.so
7f6430c9e000-7f6430e9d000 ---p 0000f000 08:07 1709459                    /usr/lib/jvm/java-7-oracle/jre/lib/amd64/libjsoundalsa.so
7f6430e9d000-7f6430e9e000 rw-p 0000e000 08:07 1709459                    /usr/lib/jvm/java-7-oracle/jre/lib/amd64/libjsoundalsa.so
7f6430e9e000-7f6430e9f000 r-xp 00000000 08:07 1709434                    /usr/lib/jvm/java-7-oracle/jre/lib/amd64/libjsound.so
7f6430e9f000-7f643109e000 ---p 00001000 08:07 1709434                    /usr/lib/jvm/java-7-oracle/jre/lib/amd64/libjsound.so
7f643109e000-7f643109f000 rw-p 00000000 08:07 1709434                    /usr/lib/jvm/java-7-oracle/jre/lib/amd64/libjsound.so
7f643109f000-7f64310b1000 r--s 00000000 08:07 1832421                    /usr/share/fonts/type1/gsfonts/n019044l.pfb
7f64310b1000-7f64310c1000 r--s 00000000 08:07 1832367                    /usr/share/fonts/type1/gsfonts/a010013l.pfb
7f64310c1000-7f64310d2000 r--s 00000000 08:07 1832376                    /usr/share/fonts/type1/gsfonts/a010035l.pfb
7f64310d2000-7f64310e2000 r--s 00000000 08:07 1832373                    /usr/share/fonts/type1/gsfonts/a010033l.pfb
7f64310e2000-7f64310f7000 r--s 00000000 08:07 1832385                    /usr/share/fonts/type1/gsfonts/b018032l.pfb
7f64310f7000-7f6431107000 r--s 00000000 08:07 1832370                    /usr/share/fonts/type1/gsfonts/a010015l.pfb
7f6431107000-7f643111f000 r--s 00000000 08:07 1832397                    /usr/share/fonts/type1/gsfonts/c059033l.pfb
7f643111f000-7f6431131000 r--s 00000000 08:07 1832418                    /usr/share/fonts/type1/gsfonts/n019043l.pfb
7f6431131000-7f6431144000 r--s 00000000 08:07 1832382                    /usr/share/fonts/type1/gsfonts/b018015l.pfb
7f6431144000-7f643115e000 r--s 00000000 08:07 1832391                    /usr/share/fonts/type1/gsfonts/c059013l.pfb
7f643115e000-7f6431171000 r--s 00000000 08:07 1832427                    /usr/share/fonts/type1/gsfonts/n019064l.pfb
7f6431171000-7f6431188000 r--s 00000000 08:07 1832469                    /usr/share/fonts/type1/gsfonts/z003034l.pfb
7f6431188000-7f6431191000 r--s 00000000 08:07 1832466                    /usr/share/fonts/type1/gsfonts/s050000l.pfb
7f6431191000-7f64311ac000 r--s 00000000 08:07 1832394                    /usr/share/fonts/type1/gsfonts/c059016l.pfb
7f64311ac000-7f64311be000 r--s 00000000 08:07 1832388                    /usr/share/fonts/type1/gsfonts/b018035l.pfb
7f64311be000-7f64311d9000 r--s 00000000 08:07 1832454                    /usr/share/fonts/type1/gsfonts/p052003l.pfb
7f64311d9000-7f64311ea000 r--s 00000000 08:07 1832424                    /usr/share/fonts/type1/gsfonts/n019063l.pfb
7f64311ea000-7f6431206000 r--s 00000000 08:07 1832463                    /usr/share/fonts/type1/gsfonts/p052024l.pfb
7f6431206000-7f6431221000 r--s 00000000 08:07 1832457                    /usr/share/fonts/type1/gsfonts/p052004l.pfb
7f6431221000-7f643123c000 r--s 00000000 08:07 1832460                    /usr/share/fonts/type1/gsfonts/p052023l.pfb
7f643123c000-7f6431255000 r--s 00000000 08:07 1832379                    /usr/share/fonts/type1/gsfonts/b018012l.pfb
7f6431255000-7f6431261000 r--s 00000000 08:07 1832403                    /usr/share/fonts/type1/gsfonts/d050000l.pfb
7f6431261000-7f6431279000 r--s 00000000 08:07 1832400                    /usr/share/fonts/type1/gsfonts/c059036l.pfb
7f6431279000-7f6431282000 r--s 00000000 08:07 1831638                    /usr/share/fonts/X11/Type1/c0648bt_.pfb
7f6431282000-7f643128b000 r--s 00000000 08:07 1831640                    /usr/share/fonts/X11/Type1/c0649bt_.pfb
7f643128b000-7f6431295000 r--s 00000000 08:07 1831626                    /usr/share/fonts/X11/Type1/c0419bt_.pfb
7f6431295000-7f643129f000 r--s 00000000 08:07 1831630                    /usr/share/fonts/X11/Type1/c0583bt_.pfb
7f643129f000-7f64312a8000 r--s 00000000 08:07 1831636                    /usr/share/fonts/X11/Type1/c0633bt_.pfb
7f64312a8000-7f64312b2000 r--s 00000000 08:07 1831628                    /usr/share/fonts/X11/Type1/c0582bt_.pfb
7f64312b2000-7f64312bb000 r--s 00000000 08:07 1831634                    /usr/share/fonts/X11/Type1/c0632bt_.pfb
7f64312bb000-7f64312c5000 r--s 00000000 08:07 1832472                    /usr/share/fonts/type1/mathml/Symbol.pfb
7f64312c5000-7f64312cf000 r--s 00000000 08:07 1831632                    /usr/share/fonts/X11/Type1/c0611bt_.pfb
7f64312cf000-7f64312d1000 r--s 00000000 08:07 915766                     /var/cache/fontconfig/767a8244fc0220cfb567a839d0392e0b-le64.cache-4
7f64312d1000-7f64312e4000 r--s 00000000 08:07 915759                     /var/cache/fontconfig/d52a8644073d54c13679302ca1180695-le64.cache-4
7f64312e4000-7f64312ef000 r--s 00000000 08:07 915757                     /var/cache/fontconfig/d589a48862398ed80a3d6066f4f56f4c-le64.cache-4
7f64312ef000-7f6431305000 r--s 00000000 08:07 1832451                    /usr/share/fonts/type1/gsfonts/n022024l.pfb
7f6431305000-7f6431308000 ---p 00000000 00:00 0 
7f6431308000-7f6431406000 rw-p 00000000 00:00 0                          [stack:22686]
7f6431406000-7f6431409000 ---p 00000000 00:00 0 
7f6431409000-7f6431507000 rw-p 00000000 00:00 0                          [stack:22671]
7f6431507000-7f643150a000 ---p 00000000 00:00 0 
7f643150a000-7f6431608000 rw-p 00000000 00:00 0                          [stack:22670]
7f6431608000-7f643160b000 ---p 00000000 00:00 0 
7f643160b000-7f6431709000 rw-p 00000000 00:00 0                          [stack:22669]
7f6431709000-7f6431772000 r-xp 00000000 08:07 1709442                    /usr/lib/jvm/java-7-oracle/jre/lib/amd64/libt2k.so
7f6431772000-7f6431971000 ---p 00069000 08:07 1709442                    /usr/lib/jvm/java-7-oracle/jre/lib/amd64/libt2k.so
7f6431971000-7f6431978000 rw-p 00068000 08:07 1709442                    /usr/lib/jvm/java-7-oracle/jre/lib/amd64/libt2k.so
7f6431978000-7f6431988000 rw-p 00000000 00:00 0 
7f6431988000-7f64319ed000 r-xp 00000000 08:07 1709447                    /usr/lib/jvm/java-7-oracle/jre/lib/amd64/libfontmanager.so
7f64319ed000-7f6431bec000 ---p 00065000 08:07 1709447                    /usr/lib/jvm/java-7-oracle/jre/lib/amd64/libfontmanager.so
7f6431bec000-7f6431bf0000 rw-p 00064000 08:07 1709447                    /usr/lib/jvm/java-7-oracle/jre/lib/amd64/libfontmanager.so
7f6431bf0000-7f6431c01000 rw-p 00000000 00:00 0 
7f6431c01000-7f6431c04000 ---p 00000000 00:00 0 
7f6431c04000-7f6431d02000 rw-p 00000000 00:00 0                          [stack:22660]
7f6431d02000-7f6431d05000 ---p 00000000 00:00 0 
7f6431d05000-7f6431e03000 rw-p 00000000 00:00 0                          [stack:22659]
7f6431e03000-7f6431e1a000 r-xp 00000000 08:07 3406374                    /lib/x86_64-linux-gnu/libresolv-2.19.so
7f6431e1a000-7f643201a000 ---p 00017000 08:07 3406374                    /lib/x86_64-linux-gnu/libresolv-2.19.so
7f643201a000-7f643201b000 r--p 00017000 08:07 3406374                    /lib/x86_64-linux-gnu/libresolv-2.19.so
7f643201b000-7f643201c000 rw-p 00018000 08:07 3406374                    /lib/x86_64-linux-gnu/libresolv-2.19.so
7f643201c000-7f643201e000 rw-p 00000000 00:00 0 
7f643201e000-7f6432023000 r-xp 00000000 08:07 3406304                    /lib/x86_64-linux-gnu/libnss_dns-2.19.so
7f6432023000-7f6432222000 ---p 00005000 08:07 3406304                    /lib/x86_64-linux-gnu/libnss_dns-2.19.so
7f6432222000-7f6432223000 r--p 00004000 08:07 3406304                    /lib/x86_64-linux-gnu/libnss_dns-2.19.so
7f6432223000-7f6432224000 rw-p 00005000 08:07 3406304                    /lib/x86_64-linux-gnu/libnss_dns-2.19.so
7f6432224000-7f6432226000 r-xp 00000000 08:07 3406381                    /lib/x86_64-linux-gnu/libnss_mdns4_minimal.so.2
7f6432226000-7f6432425000 ---p 00002000 08:07 3406381                    /lib/x86_64-linux-gnu/libnss_mdns4_minimal.so.2
7f6432425000-7f6432426000 r--p 00001000 08:07 3406381                    /lib/x86_64-linux-gnu/libnss_mdns4_minimal.so.2
7f6432426000-7f6432427000 rw-p 00002000 08:07 3406381                    /lib/x86_64-linux-gnu/libnss_mdns4_minimal.so.2
7f6432427000-7f643243d000 r-xp 00000000 08:07 3402216                    /lib/x86_64-linux-gnu/libgcc_s.so.1
7f643243d000-7f643263c000 ---p 00016000 08:07 3402216                    /lib/x86_64-linux-gnu/libgcc_s.so.1
7f643263c000-7f643263d000 rw-p 00015000 08:07 3402216                    /lib/x86_64-linux-gnu/libgcc_s.so.1
7f643263d000-7f643266f000 r-xp 00000000 08:07 1709483                    /usr/lib/jvm/java-7-oracle/jre/lib/amd64/libsunec.so
7f643266f000-7f643286e000 ---p 00032000 08:07 1709483                    /usr/lib/jvm/java-7-oracle/jre/lib/amd64/libsunec.so
7f643286e000-7f6432874000 rw-p 00031000 08:07 1709483                    /usr/lib/jvm/java-7-oracle/jre/lib/amd64/libsunec.so
7f6432874000-7f6432884000 rw-p 00000000 00:00 0 
7f6432884000-7f6432887000 ---p 00000000 00:00 0 
7f6432887000-7f6432985000 rw-p 00000000 00:00 0                          [stack:22657]
7f6432985000-7f643299b000 r-xp 00000000 08:07 1709454                    /usr/lib/jvm/java-7-oracle/jre/lib/amd64/libnet.so
7f643299b000-7f6432b9b000 ---p 00016000 08:07 1709454                    /usr/lib/jvm/java-7-oracle/jre/lib/amd64/libnet.so
7f6432b9b000-7f6432b9c000 rw-p 00016000 08:07 1709454                    /usr/lib/jvm/java-7-oracle/jre/lib/amd64/libnet.so
7f6432b9c000-7f6432bac000 r-xp 00000000 08:07 1709457                    /usr/lib/jvm/java-7-oracle/jre/lib/amd64/libnio.so
7f6432bac000-7f6432dac000 ---p 00010000 08:07 1709457                    /usr/lib/jvm/java-7-oracle/jre/lib/amd64/libnio.so
7f6432dac000-7f6432dad000 rw-p 00010000 08:07 1709457                    /usr/lib/jvm/java-7-oracle/jre/lib/amd64/libnio.so
7f6432dad000-7f6432db0000 ---p 00000000 00:00 0 
7f6432db0000-7f6432eae000 rw-p 00000000 00:00 0                          [stack:22656]
7f6432eae000-7f6432eb1000 ---p 00000000 00:00 0 
7f6432eb1000-7f6432faf000 rw-p 00000000 00:00 0                          [stack:22654]
7f6432faf000-7f6432fb2000 ---p 00000000 00:00 0 
7f6432fb2000-7f64330b0000 rw-p 00000000 00:00 0                          [stack:22653]
7f64330b0000-7f64330b3000 ---p 00000000 00:00 0 
7f64330b3000-7f64331b1000 rw-p 00000000 00:00 0                          [stack:22652]
7f64331b1000-7f64331b6000 r-xp 00000000 08:07 791916                     /usr/lib/x86_64-linux-gnu/libXfixes.so.3.1.0
7f64331b6000-7f64333b5000 ---p 00005000 08:07 791916                     /usr/lib/x86_64-linux-gnu/libXfixes.so.3.1.0
7f64333b5000-7f64333b6000 r--p 00004000 08:07 791916                     /usr/lib/x86_64-linux-gnu/libXfixes.so.3.1.0
7f64333b6000-7f64333b7000 rw-p 00005000 08:07 791916                     /usr/lib/x86_64-linux-gnu/libXfixes.so.3.1.0
7f64333b7000-7f64333c0000 r-xp 00000000 08:07 791908                     /usr/lib/x86_64-linux-gnu/libXcursor.so.1.0.2
7f64333c0000-7f64335bf000 ---p 00009000 08:07 791908                     /usr/lib/x86_64-linux-gnu/libXcursor.so.1.0.2
7f64335bf000-7f64335c0000 r--p 00008000 08:07 791908                     /usr/lib/x86_64-linux-gnu/libXcursor.so.1.0.2
7f64335c0000-7f64335c1000 rw-p 00009000 08:07 791908                     /usr/lib/x86_64-linux-gnu/libXcursor.so.1.0.2
7f64335c1000-7f64335c6000 r-xp 00000000 08:07 791912                     /usr/lib/x86_64-linux-gnu/libXdmcp.so.6.0.0
7f64335c6000-7f64337c5000 ---p 00005000 08:07 791912                     /usr/lib/x86_64-linux-gnu/libXdmcp.so.6.0.0
7f64337c5000-7f64337c6000 r--p 00004000 08:07 791912                     /usr/lib/x86_64-linux-gnu/libXdmcp.so.6.0.0
7f64337c6000-7f64337c7000 rw-p 00005000 08:07 791912                     /usr/lib/x86_64-linux-gnu/libXdmcp.so.6.0.0
7f64337c7000-7f64337c9000 r-xp 00000000 08:07 791901                     /usr/lib/x86_64-linux-gnu/libXau.so.6.0.0
7f64337c9000-7f64339c9000 ---p 00002000 08:07 791901                     /usr/lib/x86_64-linux-gnu/libXau.so.6.0.0
7f64339c9000-7f64339ca000 r--p 00002000 08:07 791901                     /usr/lib/x86_64-linux-gnu/libXau.so.6.0.0
7f64339ca000-7f64339cb000 rw-p 00003000 08:07 791901                     /usr/lib/x86_64-linux-gnu/libXau.so.6.0.0
7f64339cb000-7f64339e8000 r-xp 00000000 08:07 793084                     /usr/lib/x86_64-linux-gnu/libxcb.so.1.1.0
7f64339e8000-7f6433be8000 ---p 0001d000 08:07 793084                     /usr/lib/x86_64-linux-gnu/libxcb.so.1.1.0
7f6433be8000-7f6433be9000 r--p 0001d000 08:07 793084                     /usr/lib/x86_64-linux-gnu/libxcb.so.1.1.0
7f6433be9000-7f6433bea000 rw-p 0001e000 08:07 793084                     /usr/lib/x86_64-linux-gnu/libxcb.so.1.1.0
7f6433bea000-7f6433bf9000 r-xp 00000000 08:07 791922                     /usr/lib/x86_64-linux-gnu/libXi.so.6.1.0
7f6433bf9000-7f6433df8000 ---p 0000f000 08:07 791922                     /usr/lib/x86_64-linux-gnu/libXi.so.6.1.0
7f6433df8000-7f6433df9000 r--p 0000e000 08:07 791922                     /usr/lib/x86_64-linux-gnu/libXi.so.6.1.0
7f6433df9000-7f6433dfa000 rw-p 0000f000 08:07 791922                     /usr/lib/x86_64-linux-gnu/libXi.so.6.1.0
7f6433dfa000-7f6433dff000 r-xp 00000000 08:07 791940                     /usr/lib/x86_64-linux-gnu/libXtst.so.6.1.0
7f6433dff000-7f6433ffe000 ---p 00005000 08:07 791940                     /usr/lib/x86_64-linux-gnu/libXtst.so.6.1.0
7f6433ffe000-7f6433fff000 r--p 00004000 08:07 791940                     /usr/lib/x86_64-linux-gnu/libXtst.so.6.1.0
7f6433fff000-7f6434000000 rw-p 00005000 08:07 791940                     /usr/lib/x86_64-linux-gnu/libXtst.so.6.1.0
7f6434000000-7f6434021000 rw-p 00000000 00:00 0 
7f6434021000-7f6438000000 ---p 00000000 00:00 0 
7f6438000000-7f6438001000 r--s 00000000 08:07 919955                     /var/cache/fontconfig/4794a0821666d79190d59a36cb4f44b5-le64.cache-4
7f6438001000-7f643800a000 r--s 00000000 08:07 915758                     /var/cache/fontconfig/3f7329c5293ffd510edef78f73874cfd-le64.cache-4
7f643800a000-7f6438022000 r--s 00000000 08:07 1832442                    /usr/share/fonts/type1/gsfonts/n022003l.pfb
7f6438022000-7f6438033000 r--s 00000000 08:07 1832415                    /usr/share/fonts/type1/gsfonts/n019024l.pfb
7f6438033000-7f643804c000 r--s 00000000 08:07 1832433                    /usr/share/fonts/type1/gsfonts/n021004l.pfb
7f643804c000-7f643805e000 r--s 00000000 08:07 1832409                    /usr/share/fonts/type1/gsfonts/n019004l.pfb
7f643805e000-7f6438077000 r--s 00000000 08:07 1832445                    /usr/share/fonts/type1/gsfonts/n022004l.pfb
7f6438077000-7f6438090000 r--s 00000000 08:07 1832430                    /usr/share/fonts/type1/gsfonts/n021003l.pfb
7f6438090000-7f64380a6000 r--s 00000000 08:07 1832439                    /usr/share/fonts/type1/gsfonts/n021024l.pfb
7f64380a6000-7f64380a9000 ---p 00000000 00:00 0 
7f64380a9000-7f64381a7000 rw-p 00000000 00:00 0                          [stack:22651]
7f64381a7000-7f64381b0000 r-xp 00000000 08:07 791934                     /usr/lib/x86_64-linux-gnu/libXrender.so.1.3.0
7f64381b0000-7f64383af000 ---p 00009000 08:07 791934                     /usr/lib/x86_64-linux-gnu/libXrender.so.1.3.0
7f64383af000-7f64383b0000 r--p 00008000 08:07 791934                     /usr/lib/x86_64-linux-gnu/libXrender.so.1.3.0
7f64383b0000-7f64383b1000 rw-p 00009000 08:07 791934                     /usr/lib/x86_64-linux-gnu/libXrender.so.1.3.0
7f64383b1000-7f64384e1000 r-xp 00000000 08:07 791897                     /usr/lib/x86_64-linux-gnu/libX11.so.6.3.0
7f64384e1000-7f64386e1000 ---p 00130000 08:07 791897                     /usr/lib/x86_64-linux-gnu/libX11.so.6.3.0
7f64386e1000-7f64386e2000 r--p 00130000 08:07 791897                     /usr/lib/x86_64-linux-gnu/libX11.so.6.3.0
7f64386e2000-7f64386e6000 rw-p 00131000 08:07 791897                     /usr/lib/x86_64-linux-gnu/libX11.so.6.3.0
7f64386e6000-7f64386f7000 r-xp 00000000 08:07 791914                     /usr/lib/x86_64-linux-gnu/libXext.so.6.4.0
7f64386f7000-7f64388f6000 ---p 00011000 08:07 791914                     /usr/lib/x86_64-linux-gnu/libXext.so.6.4.0
7f64388f6000-7f64388f7000 r--p 00010000 08:07 791914                     /usr/lib/x86_64-linux-gnu/libXext.so.6.4.0
7f64388f7000-7f64388f8000 rw-p 00011000 08:07 791914                     /usr/lib/x86_64-linux-gnu/libXext.so.6.4.0
7f64388f8000-7f6438948000 r-xp 00000000 08:07 1709461                    /usr/lib/jvm/java-7-oracle/jre/lib/amd64/xawt/libmawt.so
7f6438948000-7f6438b48000 ---p 00050000 08:07 1709461                    /usr/lib/jvm/java-7-oracle/jre/lib/amd64/xawt/libmawt.so
7f6438b48000-7f6438b4c000 rw-p 00050000 08:07 1709461                    /usr/lib/jvm/java-7-oracle/jre/lib/amd64/xawt/libmawt.so
7f6438b4c000-7f6438b4d000 rw-p 00000000 00:00 0 
7f6438b4d000-7f6438bef000 r-xp 00000000 08:07 1709426                    /usr/lib/jvm/java-7-oracle/jre/lib/amd64/libawt.so
7f6438bef000-7f6438def000 ---p 000a2000 08:07 1709426                    /usr/lib/jvm/java-7-oracle/jre/lib/amd64/libawt.so
7f6438def000-7f6438dfb000 rw-p 000a2000 08:07 1709426                    /usr/lib/jvm/java-7-oracle/jre/lib/amd64/libawt.so
7f6438dfb000-7f6438e1f000 rw-p 00000000 00:00 0 
7f6438e1f000-7f6438e20000 ---p 00000000 00:00 0 
7f6438e20000-7f643d000000 rw-p 00000000 00:00 0                          [stack:22650]
7f643d000000-7f643d270000 rwxp 00000000 00:00 0 
7f643d270000-7f6440263000 rw-p 00000000 00:00 0 
7f6440263000-7f6444000000 ---p 00000000 00:00 0 
7f6444000000-7f6444001000 r--s 00000000 08:07 915762                     /var/cache/fontconfig/56cf4f4769d0f4abc89a4895d7bd3ae1-le64.cache-4
7f6444001000-7f6444002000 r--s 00000000 08:07 915761                     /var/cache/fontconfig/b9d506c9ac06c20b433354fa67a72993-le64.cache-4
7f6444002000-7f6444008000 r--s 00000000 08:07 915760                     /var/cache/fontconfig/b47c4e1ecd0709278f4910c18777a504-le64.cache-4
7f6444008000-7f6444009000 r--s 00000000 08:07 915756                     /var/cache/fontconfig/0c9eb80ebd1c36541ebe2852d3bb0c49-le64.cache-4
7f6444009000-7f644400c000 r--s 00000000 08:07 915744                     /var/cache/fontconfig/e13b20fdb08344e0e664864cc2ede53d-le64.cache-4
7f644400c000-7f6444010000 r--s 00000000 08:07 925135                     /var/cache/fontconfig/7ef2298fde41cc6eeb7af42e48b7d293-le64.cache-4
7f6444010000-7f6444026000 r--s 00000000 08:07 1832448                    /usr/share/fonts/type1/gsfonts/n022023l.pfb
7f6444026000-7f644403d000 r--s 00000000 08:07 1832436                    /usr/share/fonts/type1/gsfonts/n021023l.pfb
7f644403d000-7f6444047000 r--s 00000000 08:07 1832472                    /usr/share/fonts/type1/mathml/Symbol.pfb
7f6444047000-7f6444058000 r--s 00000000 08:07 1832412                    /usr/share/fonts/type1/gsfonts/n019023l.pfb
7f6444058000-7f644406c000 r--s 00000000 08:07 1832406                    /usr/share/fonts/type1/gsfonts/n019003l.pfb
7f644406c000-7f64440b3000 rw-s 00000000 00:04 7045123                    /SYSV00000000 (deleted)
7f64440b3000-7f64440b7000 r--s 0002d000 08:07 1709536                    /usr/lib/jvm/java-7-oracle/jre/lib/ext/sunjce_provider.jar
7f64440b7000-7f64440b8000 r--s 00003000 08:07 1709533                    /usr/lib/jvm/java-7-oracle/jre/lib/ext/sunec.jar
7f64440b8000-7f64440bc000 r--s 0008b000 08:07 1450757                    /usr/lib/jvm/java-7-oracle/jre/lib/jsse.jar
7f64440bc000-7f64440bf000 ---p 00000000 00:00 0 
7f64440bf000-7f64441bd000 rw-p 00000000 00:00 0                          [stack:22649]
7f64441bd000-7f64441c0000 ---p 00000000 00:00 0 
7f64441c0000-7f64442be000 rw-p 00000000 00:00 0                          [stack:22648]
7f64442be000-7f64442c1000 ---p 00000000 00:00 0 
7f64442c1000-7f64443bf000 rw-p 00000000 00:00 0                          [stack:22647]
7f64443bf000-7f64443c2000 ---p 00000000 00:00 0 
7f64443c2000-7f64444c0000 rw-p 00000000 00:00 0                          [stack:22646]
7f64444c0000-7f6444789000 r--p 00000000 08:07 790289                     /usr/lib/locale/locale-archive
7f6444789000-7f644478c000 ---p 00000000 00:00 0 
7f644478c000-7f644488a000 rw-p 00000000 00:00 0                          [stack:22645]
7f644488a000-7f644488d000 ---p 00000000 00:00 0 
7f644488d000-7f644498b000 rw-p 00000000 00:00 0                          [stack:22644]
7f644498b000-7f644498c000 ---p 00000000 00:00 0 
7f644498c000-7f64459e6000 rw-p 00000000 00:00 0                          [stack:22643]
7f64459e6000-7f6445ba5000 r--s 039f0000 08:07 1450832                    /usr/lib/jvm/java-7-oracle/jre/lib/rt.jar
7f6445ba5000-7f64460ad000 rw-p 00000000 00:00 0 
7f64460ad000-7f64460ae000 ---p 00000000 00:00 0 
7f64460ae000-7f64461ae000 rw-p 00000000 00:00 0                          [stack:22642]
7f64461ae000-7f64461af000 ---p 00000000 00:00 0 
7f64461af000-7f64462af000 rw-p 00000000 00:00 0                          [stack:22641]
7f64462af000-7f64462b0000 ---p 00000000 00:00 0 
7f64462b0000-7f64463b0000 rw-p 00000000 00:00 0                          [stack:22640]
7f64463b0000-7f64463b1000 ---p 00000000 00:00 0 
7f64463b1000-7f64464bd000 rw-p 00000000 00:00 0                          [stack:22639]
7f64464bd000-7f64464da000 rw-p 00000000 00:00 0 
7f64464da000-7f6446504000 rw-p 00000000 00:00 0 
7f6446504000-7f6446773000 rw-p 00000000 00:00 0 
7f6446773000-7f644677f000 rw-p 00000000 00:00 0 
7f644677f000-7f644679c000 rw-p 00000000 00:00 0 
7f644679c000-7f64467c6000 rw-p 00000000 00:00 0 
7f64467c6000-7f6446a34000 rw-p 00000000 00:00 0 
7f6446a34000-7f6446a4a000 rw-p 00000000 00:00 0 
7f6446a4a000-7f6446b81000 rw-p 00000000 00:00 0 
7f6446b81000-7f6446b82000 rw-p 00000000 00:00 0 
7f6446b82000-7f6446b9c000 r-xp 00000000 08:07 1709469                    /usr/lib/jvm/java-7-oracle/jre/lib/amd64/libzip.so
7f6446b9c000-7f6446d9c000 ---p 0001a000 08:07 1709469                    /usr/lib/jvm/java-7-oracle/jre/lib/amd64/libzip.so
7f6446d9c000-7f6446d9d000 rw-p 0001a000 08:07 1709469                    /usr/lib/jvm/java-7-oracle/jre/lib/amd64/libzip.so
7f6446d9d000-7f6446da8000 r-xp 00000000 08:07 3406420                    /lib/x86_64-linux-gnu/libnss_files-2.19.so
7f6446da8000-7f6446fa7000 ---p 0000b000 08:07 3406420                    /lib/x86_64-linux-gnu/libnss_files-2.19.so
7f6446fa7000-7f6446fa8000 r--p 0000a000 08:07 3406420                    /lib/x86_64-linux-gnu/libnss_files-2.19.so
7f6446fa8000-7f6446fa9000 rw-p 0000b000 08:07 3406420                    /lib/x86_64-linux-gnu/libnss_files-2.19.so
7f6446fa9000-7f6446fb4000 r-xp 00000000 08:07 3406378                    /lib/x86_64-linux-gnu/libnss_nis-2.19.so
7f6446fb4000-7f64471b3000 ---p 0000b000 08:07 3406378                    /lib/x86_64-linux-gnu/libnss_nis-2.19.so
7f64471b3000-7f64471b4000 r--p 0000a000 08:07 3406378                    /lib/x86_64-linux-gnu/libnss_nis-2.19.so
7f64471b4000-7f64471b5000 rw-p 0000b000 08:07 3406378                    /lib/x86_64-linux-gnu/libnss_nis-2.19.so
7f64471b5000-7f64471cc000 r-xp 00000000 08:07 3406350                    /lib/x86_64-linux-gnu/libnsl-2.19.so
7f64471cc000-7f64473cb000 ---p 00017000 08:07 3406350                    /lib/x86_64-linux-gnu/libnsl-2.19.so
7f64473cb000-7f64473cc000 r--p 00016000 08:07 3406350                    /lib/x86_64-linux-gnu/libnsl-2.19.so
7f64473cc000-7f64473cd000 rw-p 00017000 08:07 3406350                    /lib/x86_64-linux-gnu/libnsl-2.19.so
7f64473cd000-7f64473cf000 rw-p 00000000 00:00 0 
7f64473cf000-7f64473d8000 r-xp 00000000 08:07 3406330                    /lib/x86_64-linux-gnu/libnss_compat-2.19.so
7f64473d8000-7f64475d7000 ---p 00009000 08:07 3406330                    /lib/x86_64-linux-gnu/libnss_compat-2.19.so
7f64475d7000-7f64475d8000 r--p 00008000 08:07 3406330                    /lib/x86_64-linux-gnu/libnss_compat-2.19.so
7f64475d8000-7f64475d9000 rw-p 00009000 08:07 3406330                    /lib/x86_64-linux-gnu/libnss_compat-2.19.so
7f64475d9000-7f6447602000 r-xp 00000000 08:07 1709448                    /usr/lib/jvm/java-7-oracle/jre/lib/amd64/libjava.so
7f6447602000-7f6447802000 ---p 00029000 08:07 1709448                    /usr/lib/jvm/java-7-oracle/jre/lib/amd64/libjava.so
7f6447802000-7f6447804000 rw-p 00029000 08:07 1709448                    /usr/lib/jvm/java-7-oracle/jre/lib/amd64/libjava.so
7f6447804000-7f6447811000 r-xp 00000000 08:07 1709430                    /usr/lib/jvm/java-7-oracle/jre/lib/amd64/libverify.so
7f6447811000-7f6447a10000 ---p 0000d000 08:07 1709430                    /usr/lib/jvm/java-7-oracle/jre/lib/amd64/libverify.so
7f6447a10000-7f6447a12000 rw-p 0000c000 08:07 1709430                    /usr/lib/jvm/java-7-oracle/jre/lib/amd64/libverify.so
7f6447a12000-7f6447a19000 r-xp 00000000 08:07 3402315                    /lib/x86_64-linux-gnu/librt-2.19.so
7f6447a19000-7f6447c18000 ---p 00007000 08:07 3402315                    /lib/x86_64-linux-gnu/librt-2.19.so
7f6447c18000-7f6447c19000 r--p 00006000 08:07 3402315                    /lib/x86_64-linux-gnu/librt-2.19.so
7f6447c19000-7f6447c1a000 rw-p 00007000 08:07 3402315                    /lib/x86_64-linux-gnu/librt-2.19.so
7f6447c1a000-7f6447d1f000 r-xp 00000000 08:07 3406348                    /lib/x86_64-linux-gnu/libm-2.19.so
7f6447d1f000-7f6447f1e000 ---p 00105000 08:07 3406348                    /lib/x86_64-linux-gnu/libm-2.19.so
7f6447f1e000-7f6447f1f000 r--p 00104000 08:07 3406348                    /lib/x86_64-linux-gnu/libm-2.19.so
7f6447f1f000-7f6447f20000 rw-p 00105000 08:07 3406348                    /lib/x86_64-linux-gnu/libm-2.19.so
7f6447f20000-7f6448a95000 r-xp 00000000 08:07 1709440                    /usr/lib/jvm/java-7-oracle/jre/lib/amd64/server/libjvm.so
7f6448a95000-7f6448c95000 ---p 00b75000 08:07 1709440                    /usr/lib/jvm/java-7-oracle/jre/lib/amd64/server/libjvm.so
7f6448c95000-7f6448d59000 rw-p 00b75000 08:07 1709440                    /usr/lib/jvm/java-7-oracle/jre/lib/amd64/server/libjvm.so
7f6448d59000-7f6448d9a000 rw-p 00000000 00:00 0 
7f6448d9a000-7f6448f55000 r-xp 00000000 08:07 3402312                    /lib/x86_64-linux-gnu/libc-2.19.so
7f6448f55000-7f6449155000 ---p 001bb000 08:07 3402312                    /lib/x86_64-linux-gnu/libc-2.19.so
7f6449155000-7f6449159000 r--p 001bb000 08:07 3402312                    /lib/x86_64-linux-gnu/libc-2.19.so
7f6449159000-7f644915b000 rw-p 001bf000 08:07 3402312                    /lib/x86_64-linux-gnu/libc-2.19.so
7f644915b000-7f6449160000 rw-p 00000000 00:00 0 
7f6449160000-7f6449163000 r-xp 00000000 08:07 3406316                    /lib/x86_64-linux-gnu/libdl-2.19.so
7f6449163000-7f6449362000 ---p 00003000 08:07 3406316                    /lib/x86_64-linux-gnu/libdl-2.19.so
7f6449362000-7f6449363000 r--p 00002000 08:07 3406316                    /lib/x86_64-linux-gnu/libdl-2.19.so
7f6449363000-7f6449364000 rw-p 00003000 08:07 3406316                    /lib/x86_64-linux-gnu/libdl-2.19.so
7f6449364000-7f644937a000 r-xp 00000000 08:07 1314641                    /usr/lib/jvm/java-7-oracle/lib/amd64/jli/libjli.so
7f644937a000-7f644957a000 ---p 00016000 08:07 1314641                    /usr/lib/jvm/java-7-oracle/lib/amd64/jli/libjli.so
7f644957a000-7f644957b000 rw-p 00016000 08:07 1314641                    /usr/lib/jvm/java-7-oracle/lib/amd64/jli/libjli.so
7f644957b000-7f6449594000 r-xp 00000000 08:07 3406388                    /lib/x86_64-linux-gnu/libpthread-2.19.so
7f6449594000-7f6449793000 ---p 00019000 08:07 3406388                    /lib/x86_64-linux-gnu/libpthread-2.19.so
7f6449793000-7f6449794000 r--p 00018000 08:07 3406388                    /lib/x86_64-linux-gnu/libpthread-2.19.so
7f6449794000-7f6449795000 rw-p 00019000 08:07 3406388                    /lib/x86_64-linux-gnu/libpthread-2.19.so
7f6449795000-7f6449799000 rw-p 00000000 00:00 0 
7f6449799000-7f64497bc000 r-xp 00000000 08:07 3402261                    /lib/x86_64-linux-gnu/ld-2.19.so
7f64497bc000-7f64497bf000 r--s 00019000 08:07 1450777                    /usr/lib/jvm/java-7-oracle/jre/lib/jce.jar
7f64497bf000-7f64497c9000 r--s 00251000 08:07 1450806                    /usr/lib/jvm/java-7-oracle/jre/lib/resources.jar
7f64497c9000-7f64497d4000 r--s 0037c000 08:07 1450833                    /usr/lib/jvm/java-7-oracle/jre/lib/charsets.jar
7f64497d4000-7f64497de000 rw-p 00000000 00:00 0 
7f64497de000-7f6449894000 rw-p 00000000 00:00 0 
7f6449894000-7f6449897000 ---p 00000000 00:00 0 
7f6449897000-7f6449999000 rw-p 00000000 00:00 0                          [stack:22638]
7f6449999000-7f644999a000 r--p 00000000 08:07 1443489                    /usr/share/locale-langpack/en_GB/LC_MESSAGES/libc.mo
7f644999a000-7f64499af000 r--s 001c6000 08:09 14026813                   /home/aymen/prisma/out/artifacts/prisma_jar/prisma.jar
7f64499af000-7f64499b7000 rw-s 00000000 08:07 654114                     /tmp/hsperfdata_aymen/22637
7f64499b7000-7f64499b8000 rw-p 00000000 00:00 0 
7f64499b8000-7f64499b9000 r--p 00000000 00:00 0 
7f64499b9000-7f64499bb000 rw-p 00000000 00:00 0 
7f64499bb000-7f64499bc000 r--p 00022000 08:07 3402261                    /lib/x86_64-linux-gnu/ld-2.19.so
7f64499bc000-7f64499bd000 rw-p 00023000 08:07 3402261                    /lib/x86_64-linux-gnu/ld-2.19.so
7f64499bd000-7f64499be000 rw-p 00000000 00:00 0 
7fff82009000-7fff8202a000 rw-p 00000000 00:00 0                          [stack]
7fff82169000-7fff8216b000 r-xp 00000000 00:00 0                          [vdso]
ffffffffff600000-ffffffffff601000 r-xp 00000000 00:00 0                  [vsyscall]

VM Arguments:
jvm_args: -Dfile.encoding=UTF-8 
java_command: /home/aymen/prisma/out/artifacts/prisma_jar/prisma.jar
Launcher Type: SUN_STANDARD

Environment Variables:
CLASSPATH=/home/aymen/IntelliJ/bin/../lib/bootstrap.jar:/home/aymen/IntelliJ/bin/../lib/extensions.jar:/home/aymen/IntelliJ/bin/../lib/util.jar:/home/aymen/IntelliJ/bin/../lib/jdom.jar:/home/aymen/IntelliJ/bin/../lib/log4j.jar:/home/aymen/IntelliJ/bin/../lib/trove4j.jar:/home/aymen/IntelliJ/bin/../lib/jna.jar:/usr/lib/jvm/java-7-oracle/lib/tools.jar
PATH=/usr/local/sbin:/usr/local/bin:/usr/sbin:/usr/bin:/sbin:/bin:/usr/games:/usr/local/games
USERNAME=aymen
LD_LIBRARY_PATH=/home/aymen/IntelliJ/bin:
SHELL=/bin/bash
DISPLAY=:0.0

Signal Handlers:
SIGSEGV: [libjvm.so+0x9a3bd0], sa_mask[0]=0x7ffbfeff, sa_flags=0x10000004
SIGBUS: [libjvm.so+0x9a3bd0], sa_mask[0]=0x7ffbfeff, sa_flags=0x10000004
SIGFPE: [libjvm.so+0x81cb60], sa_mask[0]=0x7ffbfeff, sa_flags=0x10000004
SIGPIPE: [libjvm.so+0x81cb60], sa_mask[0]=0x7ffbfeff, sa_flags=0x10000004
SIGXFSZ: [libjvm.so+0x81cb60], sa_mask[0]=0x7ffbfeff, sa_flags=0x10000004
SIGILL: [libjvm.so+0x81cb60], sa_mask[0]=0x7ffbfeff, sa_flags=0x10000004
SIGUSR1: SIG_DFL, sa_mask[0]=0x00000000, sa_flags=0x00000000
SIGUSR2: [libjvm.so+0x81e360], sa_mask[0]=0x00000004, sa_flags=0x10000004
SIGHUP: [libjvm.so+0x81f480], sa_mask[0]=0x7ffbfeff, sa_flags=0x10000004
SIGINT: [libjvm.so+0x81f480], sa_mask[0]=0x7ffbfeff, sa_flags=0x10000004
SIGTERM: [libjvm.so+0x81f480], sa_mask[0]=0x7ffbfeff, sa_flags=0x10000004
SIGQUIT: [libjvm.so+0x81f480], sa_mask[0]=0x7ffbfeff, sa_flags=0x10000004


---------------  S Y S T E M  ---------------

OS:jessie/sid

uname:Linux 3.13.0-24-generic #46-Ubuntu SMP Thu Apr 10 19:11:08 UTC 2014 x86_64
libc:glibc 2.19 NPTL 2.19 
rlimit: STACK 8192k, CORE 0k, NPROC 63503, NOFILE 4096, AS infinity
load average:0.63 0.62 0.48

/proc/meminfo:
MemTotal:        8159508 kB
MemFree:         1908552 kB
Buffers:          241468 kB
Cached:          1798404 kB
SwapCached:            0 kB
Active:          4598956 kB
Inactive:        1281896 kB
Active(anon):    3843512 kB
Inactive(anon):    62832 kB
Active(file):     755444 kB
Inactive(file):  1219064 kB
Unevictable:           0 kB
Mlocked:               0 kB
SwapTotal:             0 kB
SwapFree:              0 kB
Dirty:             24004 kB
Writeback:             0 kB
AnonPages:       3840972 kB
Mapped:           347224 kB
Shmem:             65372 kB
Slab:             169252 kB
SReclaimable:     120464 kB
SUnreclaim:        48788 kB
KernelStack:        8488 kB
PageTables:        88212 kB
NFS_Unstable:          0 kB
Bounce:                0 kB
WritebackTmp:          0 kB
CommitLimit:     4079752 kB
Committed_AS:   11982016 kB
VmallocTotal:   34359738367 kB
VmallocUsed:      336212 kB
VmallocChunk:   34359328168 kB
HardwareCorrupted:     0 kB
AnonHugePages:   1826816 kB
HugePages_Total:       0
HugePages_Free:        0
HugePages_Rsvd:        0
HugePages_Surp:        0
Hugepagesize:       2048 kB
DirectMap4k:       87080 kB
DirectMap2M:     8284160 kB


CPU:total 4 (4 cores per cpu, 1 threads per core) family 6 model 42 stepping 7, cmov, cx8, fxsr, mmx, sse, sse2, sse3, ssse3, sse4.1, sse4.2, popcnt, avx, aes, tsc, tscinvbit

/proc/cpuinfo:
processor	: 0
vendor_id	: GenuineIntel
cpu family	: 6
model		: 42
model name	: Intel(R) Core(TM) i5-2320 CPU @ 3.00GHz
stepping	: 7
microcode	: 0x1a
cpu MHz		: 1600.000
cache size	: 6144 KB
physical id	: 0
siblings	: 4
core id		: 0
cpu cores	: 4
apicid		: 0
initial apicid	: 0
fpu		: yes
fpu_exception	: yes
cpuid level	: 13
wp		: yes
flags		: fpu vme de pse tsc msr pae mce cx8 apic sep mtrr pge mca cmov pat pse36 clflush dts acpi mmx fxsr sse sse2 ss ht tm pbe syscall nx rdtscp lm constant_tsc arch_perfmon pebs bts rep_good nopl xtopology nonstop_tsc aperfmperf eagerfpu pni pclmulqdq dtes64 monitor ds_cpl vmx est tm2 ssse3 cx16 xtpr pdcm pcid sse4_1 sse4_2 popcnt tsc_deadline_timer aes xsave avx lahf_lm ida arat epb xsaveopt pln pts dtherm tpr_shadow vnmi flexpriority ept vpid
bogomips	: 5986.50
clflush size	: 64
cache_alignment	: 64
address sizes	: 36 bits physical, 48 bits virtual
power management:

processor	: 1
vendor_id	: GenuineIntel
cpu family	: 6
model		: 42
model name	: Intel(R) Core(TM) i5-2320 CPU @ 3.00GHz
stepping	: 7
microcode	: 0x1a
cpu MHz		: 1600.000
cache size	: 6144 KB
physical id	: 0
siblings	: 4
core id		: 1
cpu cores	: 4
apicid		: 2
initial apicid	: 2
fpu		: yes
fpu_exception	: yes
cpuid level	: 13
wp		: yes
flags		: fpu vme de pse tsc msr pae mce cx8 apic sep mtrr pge mca cmov pat pse36 clflush dts acpi mmx fxsr sse sse2 ss ht tm pbe syscall nx rdtscp lm constant_tsc arch_perfmon pebs bts rep_good nopl xtopology nonstop_tsc aperfmperf eagerfpu pni pclmulqdq dtes64 monitor ds_cpl vmx est tm2 ssse3 cx16 xtpr pdcm pcid sse4_1 sse4_2 popcnt tsc_deadline_timer aes xsave avx lahf_lm ida arat epb xsaveopt pln pts dtherm tpr_shadow vnmi flexpriority ept vpid
bogomips	: 5986.50
clflush size	: 64
cache_alignment	: 64
address sizes	: 36 bits physical, 48 bits virtual
power management:

processor	: 2
vendor_id	: GenuineIntel
cpu family	: 6
model		: 42
model name	: Intel(R) Core(TM) i5-2320 CPU @ 3.00GHz
stepping	: 7
microcode	: 0x1a
cpu MHz		: 3001.000
cache size	: 6144 KB
physical id	: 0
siblings	: 4
core id		: 2
cpu cores	: 4
apicid		: 4
initial apicid	: 4
fpu		: yes
fpu_exception	: yes
cpuid level	: 13
wp		: yes
flags		: fpu vme de pse tsc msr pae mce cx8 apic sep mtrr pge mca cmov pat pse36 clflush dts acpi mmx fxsr sse sse2 ss ht tm pbe syscall nx rdtscp lm constant_tsc arch_perfmon pebs bts rep_good nopl xtopology nonstop_tsc aperfmperf eagerfpu pni pclmulqdq dtes64 monitor ds_cpl vmx est tm2 ssse3 cx16 xtpr pdcm pcid sse4_1 sse4_2 popcnt tsc_deadline_timer aes xsave avx lahf_lm ida arat epb xsaveopt pln pts dtherm tpr_shadow vnmi flexpriority ept vpid
bogomips	: 5986.50
clflush size	: 64
cache_alignment	: 64
address sizes	: 36 bits physical, 48 bits virtual
power management:

processor	: 3
vendor_id	: GenuineIntel
cpu family	: 6
model		: 42
model name	: Intel(R) Core(TM) i5-2320 CPU @ 3.00GHz
stepping	: 7
microcode	: 0x1a
cpu MHz		: 1700.000
cache size	: 6144 KB
physical id	: 0
siblings	: 4
core id		: 3
cpu cores	: 4
apicid		: 6
initial apicid	: 6
fpu		: yes
fpu_exception	: yes
cpuid level	: 13
wp		: yes
flags		: fpu vme de pse tsc msr pae mce cx8 apic sep mtrr pge mca cmov pat pse36 clflush dts acpi mmx fxsr sse sse2 ss ht tm pbe syscall nx rdtscp lm constant_tsc arch_perfmon pebs bts rep_good nopl xtopology nonstop_tsc aperfmperf eagerfpu pni pclmulqdq dtes64 monitor ds_cpl vmx est tm2 ssse3 cx16 xtpr pdcm pcid sse4_1 sse4_2 popcnt tsc_deadline_timer aes xsave avx lahf_lm ida arat epb xsaveopt pln pts dtherm tpr_shadow vnmi flexpriority ept vpid
bogomips	: 5986.50
clflush size	: 64
cache_alignment	: 64
address sizes	: 36 bits physical, 48 bits virtual
power management:



Memory: 4k page, physical 8159508k(1908552k free), swap 0k(0k free)

vm_info: Java HotSpot(TM) 64-Bit Server VM (24.76-b04) for linux-amd64 JRE (1.7.0_76-b13), built on Dec 18 2014 16:58:39 by "java_re" with gcc 4.3.0 20080428 (Red Hat 4.3.0-8)

time: Sat Jan 24 20:14:45 2015
elapsed time: 5 seconds

