#
# A fatal error has been detected by the Java Runtime Environment:
#
#  SIGBUS (0x7) at pc=0x00007f2dc68ed982, pid=23166, tid=139834049746688
#
# JRE version: Java(TM) SE Runtime Environment (7.0_76-b13) (build 1.7.0_76-b13)
# Java VM: Java HotSpot(TM) 64-Bit Server VM (24.76-b04 mixed mode linux-amd64 compressed oops)
# Problematic frame:
# C  [libzip.so+0x4982]  newEntry+0x62
#
# Failed to write core dump. Core dumps have been disabled. To enable core dumping, try "ulimit -c unlimited" before starting Java again
#
# If you would like to submit a bug report, please visit:
#   http://bugreport.java.com/bugreport/crash.jsp
# The crash happened outside the Java Virtual Machine in native code.
# See problematic frame for where to report the bug.
#

---------------  T H R E A D  ---------------

Current thread (0x00007f2dc0261000):  JavaThread "AWT-EventQueue-0" [_thread_in_native, id=23183, stack(0x00007f2da6ccd000,0x00007f2da6dce000)]

siginfo:si_signo=SIGBUS: si_errno=0, si_code=2 (BUS_ADRERR), si_addr=0x00007f2dc9702c88

Registers:
RAX=0x00007f2d70402210, RBX=0x00007f2dc016e890, RCX=0x00007f2d70000020, RDX=0x00007f2d70402210
RSP=0x00007f2da6dc9580, RBP=0x00007f2da6dc95d0, RSI=0x00007f2d70000038, RDI=0x00007f2d70400890
R8 =0x0000000000000003, R9 =0x0000000000003fff, R10=0x00007f2dbd012d6c, R11=0x00007f2dc8c895d0
R12=0x00007f2dc9702c6b, R13=0x00007f2d70402210, R14=0x000000002adcd342, R15=0x00007f2dc016e4c0
RIP=0x00007f2dc68ed982, EFLAGS=0x0000000000010202, CSGSFS=0x0000000000000033, ERR=0x0000000000000004
  TRAPNO=0x000000000000000e

Top of Stack: (sp=0x00007f2da6dc9580)
0x00007f2da6dc9580:   000000077e400c90 00007f2d00000000
0x00007f2da6dc9590:   00007f2da6dc9610 00007f2dc846938c
0x00007f2da6dc95a0:   00007f2d70402210 00007f2dc016e890
0x00007f2da6dc95b0:   00007f2dc016e4c0 00007f2d70402630
0x00007f2da6dc95c0:   000000002adcd342 00007f2da6dc9630
0x00007f2da6dc95d0:   00007f2da6dc9610 00007f2dc68ee0b0
0x00007f2da6dc95e0:   00000026a6dc9610 00007f2da6dc9630
0x00007f2da6dc95f0:   0000000000000026 00007f2dc02611e8
0x00007f2da6dc9600:   00007f2da6dc9630 00007f2da6dc9b08
0x00007f2da6dc9610:   00007f2da6dc9a70 00007f2dc68eceed
0x00007f2da6dc9620:   01007f2da6dc9640 00007f2dc016e4c0
0x00007f2da6dc9630:   7a7a75702f6d6f63 2f72656d6974656c
0x00007f2da6dc9640:   6e69614d2f697567 303224656d617246
0x00007f2da6dc9650:   00007373616c632e 00007f2dc8b71260
0x00007f2da6dc9660:   00007f2dc8b4f029 00007f2dc8b7d2d9
0x00007f2da6dc9670:   00007f2da6dc9c90 00007f2da6dc9c80
0x00007f2da6dc9680:   00007f2dc8b4f029 00007f2dc8675b58
0x00007f2da6dc9690:   00007f2dc8675b41 00007f2dc8b4b4ea
0x00007f2da6dc96a0:   464e492d7f5959a0 656369767265732f
0x00007f2da6dc96b0:   00007f2da6dc97e0 61732e6400000000
0x00007f2da6dc96c0:   70732e64656c706d 00007f2da6dc9790
0x00007f2da6dc96d0:   00007f2da6dc9800 0000000000000800
0x00007f2da6dc96e0:   000000007fa3de90 00007f2da6dc97b0
0x00007f2da6dc96f0:   0000000000000000 00007f2d00000000
0x00007f2da6dc9700:   000000007f9dcd38 fffffffffffffffc
0x00007f2da6dc9710:   0000000a00000000 0000000000000518
0x00007f2da6dc9720:   0000000000000020 0000000000000000
0x00007f2da6dc9730:   0000000000000000 00007f2da6dc9c44
0x00007f2da6dc9740:   0000000000000000 00007f2d00000000
0x00007f2da6dc9750:   0000000000000000 0000000000000000
0x00007f2da6dc9760:   0000000000000000 00007f2dc8b4b4ea
0x00007f2da6dc9770:   ffffffffffffffff 0000000000000064 

Instructions: (pc=0x00007f2dc68ed982)
0x00007f2dc68ed962:   00 48 c7 40 28 00 00 00 00 41 80 7f 30 00 0f 84
0x00007f2dc68ed972:   8a 02 00 00 4c 8b 63 08 4d 2b 67 28 4d 03 67 18
0x00007f2dc68ed982:   41 0f b6 5c 24 1d 41 0f b6 44 24 1c c1 e3 08 09
0x00007f2dc68ed992:   c3 41 0f b6 44 24 1e 88 45 bd 41 0f b6 54 24 20 

Register to memory mapping:

RAX=0x00007f2d70402210 is an unknown value
RBX=0x00007f2dc016e890 is an unknown value
RCX=0x00007f2d70000020 is an unknown value
RDX=0x00007f2d70402210 is an unknown value
RSP=0x00007f2da6dc9580 is pointing into the stack for thread: 0x00007f2dc0261000
RBP=0x00007f2da6dc95d0 is pointing into the stack for thread: 0x00007f2dc0261000
RSI=0x00007f2d70000038 is an unknown value
RDI=0x00007f2d70400890 is an unknown value
R8 =0x0000000000000003 is an unknown value
R9 =0x0000000000003fff is an unknown value
R10=0x00007f2dbd012d6c is at code_begin+620 in an Interpreter codelet
method entry point (kind = native)  [0x00007f2dbd012b00, 0x00007f2dbd013360]  2144 bytes
R11=0x00007f2dc8c895d0: <offset 0x1885d0> in /lib/x86_64-linux-gnu/libc.so.6 at 0x00007f2dc8b01000
R12=0x00007f2dc9702c6b is an unknown value
R13=0x00007f2d70402210 is an unknown value
R14=0x000000002adcd342 is an unknown value
R15=0x00007f2dc016e4c0 is an unknown value


Stack: [0x00007f2da6ccd000,0x00007f2da6dce000],  sp=0x00007f2da6dc9580,  free space=1009k
Native frames: (J=compiled Java code, j=interpreted, Vv=VM code, C=native code)
C  [libzip.so+0x4982]  newEntry+0x62
C  [libzip.so+0x50b0]  ZIP_GetEntry+0xd0
C  [libzip.so+0x3eed]  Java_java_util_zip_ZipFile_getEntry+0xad
j  java.util.zip.ZipFile.getEntry(J[BZ)J+0
j  java.util.zip.ZipFile.getEntry(Ljava/lang/String;)Ljava/util/zip/ZipEntry;+38
j  java.util.jar.JarFile.getEntry(Ljava/lang/String;)Ljava/util/zip/ZipEntry;+2
j  java.util.jar.JarFile.getJarEntry(Ljava/lang/String;)Ljava/util/jar/JarEntry;+2
j  sun.misc.URLClassPath$JarLoader.getResource(Ljava/lang/String;Z)Lsun/misc/Resource;+48
j  sun.misc.URLClassPath.getResource(Ljava/lang/String;Z)Lsun/misc/Resource;+53
j  java.net.URLClassLoader$1.run()Ljava/lang/Class;+26
j  java.net.URLClassLoader$1.run()Ljava/lang/Object;+1
v  ~StubRoutines::call_stub
V  [libjvm.so+0x600e95]  JavaCalls::call_helper(JavaValue*, methodHandle*, JavaCallArguments*, Thread*)+0x365
V  [libjvm.so+0x5ff8f8]  JavaCalls::call(JavaValue*, methodHandle, JavaCallArguments*, Thread*)+0x28
V  [libjvm.so+0x685f84]  JVM_DoPrivileged+0x2a4
j  java.security.AccessController.doPrivileged(Ljava/security/PrivilegedExceptionAction;Ljava/security/AccessControlContext;)Ljava/lang/Object;+0
j  java.net.URLClassLoader.findClass(Ljava/lang/String;)Ljava/lang/Class;+13
j  java.lang.ClassLoader.loadClass(Ljava/lang/String;Z)Ljava/lang/Class;+70
j  sun.misc.Launcher$AppClassLoader.loadClass(Ljava/lang/String;Z)Ljava/lang/Class;+36
j  java.lang.ClassLoader.loadClass(Ljava/lang/String;)Ljava/lang/Class;+3
v  ~StubRoutines::call_stub
V  [libjvm.so+0x600e95]  JavaCalls::call_helper(JavaValue*, methodHandle*, JavaCallArguments*, Thread*)+0x365
V  [libjvm.so+0x5ff8f8]  JavaCalls::call(JavaValue*, methodHandle, JavaCallArguments*, Thread*)+0x28
V  [libjvm.so+0x5ffbc7]  JavaCalls::call_virtual(JavaValue*, KlassHandle, Symbol*, Symbol*, JavaCallArguments*, Thread*)+0x197
V  [libjvm.so+0x5ffc96]  JavaCalls::call_virtual(JavaValue*, Handle, KlassHandle, Symbol*, Symbol*, Handle, Thread*)+0x56
V  [libjvm.so+0x925599]  SystemDictionary::load_instance_class(Symbol*, Handle, Thread*)+0x419
V  [libjvm.so+0x925d41]  SystemDictionary::resolve_instance_class_or_null(Symbol*, Handle, Handle, Thread*)+0x791
V  [libjvm.so+0x9261a4]  SystemDictionary::resolve_or_null(Symbol*, Handle, Handle, Thread*)+0x54
V  [libjvm.so+0x927284]  SystemDictionary::resolve_or_fail(Symbol*, Handle, Handle, bool, Thread*)+0x34
V  [libjvm.so+0x491968]  constantPoolOopDesc::klass_at_impl(constantPoolHandle, int, Thread*)+0x278
V  [libjvm.so+0x5f8e24]  InterpreterRuntime::_new(JavaThread*, constantPoolOopDesc*, int)+0x74
j  com.puzzletimer.gui.MainFrame.<init>(Lcom/puzzletimer/state/MessageManager;Lcom/puzzletimer/state/ConfigurationManager;Lcom/puzzletimer/state/TimerManager;Lcom/puzzletimer/puzzles/PuzzleProvider;Lcom/puzzletimer/state/ColorManager;Lcom/puzzletimer/parsers/ScrambleParserProvider;Lcom/puzzletimer/scramblers/ScramblerProvider;Lcom/puzzletimer/tips/TipProvider;Lcom/puzzletimer/state/CategoryManager;Lcom/puzzletimer/state/ScrambleManager;Lcom/puzzletimer/state/SolutionManager;Lcom/puzzletimer/state/SessionManager;)V+845
j  com.puzzletimer.Main$7.run()V+102
j  java.awt.event.InvocationEvent.dispatch()V+47
j  java.awt.EventQueue.dispatchEventImpl(Ljava/awt/AWTEvent;Ljava/lang/Object;)V+21
j  java.awt.EventQueue.access$300(Ljava/awt/EventQueue;Ljava/awt/AWTEvent;Ljava/lang/Object;)V+3
j  java.awt.EventQueue$3.run()Ljava/lang/Void;+12
j  java.awt.EventQueue$3.run()Ljava/lang/Object;+1
v  ~StubRoutines::call_stub
V  [libjvm.so+0x600e95]  JavaCalls::call_helper(JavaValue*, methodHandle*, JavaCallArguments*, Thread*)+0x365
V  [libjvm.so+0x5ff8f8]  JavaCalls::call(JavaValue*, methodHandle, JavaCallArguments*, Thread*)+0x28
V  [libjvm.so+0x685f84]  JVM_DoPrivileged+0x2a4
j  java.security.AccessController.doPrivileged(Ljava/security/PrivilegedAction;Ljava/security/AccessControlContext;)Ljava/lang/Object;+0
j  java.security.ProtectionDomain$1.doIntersectionPrivilege(Ljava/security/PrivilegedAction;Ljava/security/AccessControlContext;Ljava/security/AccessControlContext;)Ljava/lang/Object;+28
j  java.awt.EventQueue.dispatchEvent(Ljava/awt/AWTEvent;)V+46
j  java.awt.EventDispatchThread.pumpOneEventForFilters(I)V+245
j  java.awt.EventDispatchThread.pumpEventsForFilter(ILjava/awt/Conditional;Ljava/awt/EventFilter;)V+35
j  java.awt.EventDispatchThread.pumpEventsForHierarchy(ILjava/awt/Conditional;Ljava/awt/Component;)V+11
j  java.awt.EventDispatchThread.pumpEvents(ILjava/awt/Conditional;)V+4
j  java.awt.EventDispatchThread.pumpEvents(Ljava/awt/Conditional;)V+3
j  java.awt.EventDispatchThread.run()V+9
v  ~StubRoutines::call_stub
V  [libjvm.so+0x600e95]  JavaCalls::call_helper(JavaValue*, methodHandle*, JavaCallArguments*, Thread*)+0x365
V  [libjvm.so+0x5ff8f8]  JavaCalls::call(JavaValue*, methodHandle, JavaCallArguments*, Thread*)+0x28
V  [libjvm.so+0x5ffbc7]  JavaCalls::call_virtual(JavaValue*, KlassHandle, Symbol*, Symbol*, JavaCallArguments*, Thread*)+0x197
V  [libjvm.so+0x5ffce7]  JavaCalls::call_virtual(JavaValue*, Handle, KlassHandle, Symbol*, Symbol*, Thread*)+0x47
V  [libjvm.so+0x67e805]  thread_entry(JavaThread*, Thread*)+0xe5
V  [libjvm.so+0x95c0ff]  JavaThread::thread_main_inner()+0xdf
V  [libjvm.so+0x95c205]  JavaThread::run()+0xf5
V  [libjvm.so+0x821ca8]  java_start(Thread*)+0x108

Java frames: (J=compiled Java code, j=interpreted, Vv=VM code)
j  java.util.zip.ZipFile.getEntry(J[BZ)J+0
j  java.util.zip.ZipFile.getEntry(Ljava/lang/String;)Ljava/util/zip/ZipEntry;+38
j  java.util.jar.JarFile.getEntry(Ljava/lang/String;)Ljava/util/zip/ZipEntry;+2
j  java.util.jar.JarFile.getJarEntry(Ljava/lang/String;)Ljava/util/jar/JarEntry;+2
j  sun.misc.URLClassPath$JarLoader.getResource(Ljava/lang/String;Z)Lsun/misc/Resource;+48
j  sun.misc.URLClassPath.getResource(Ljava/lang/String;Z)Lsun/misc/Resource;+53
j  java.net.URLClassLoader$1.run()Ljava/lang/Class;+26
j  java.net.URLClassLoader$1.run()Ljava/lang/Object;+1
v  ~StubRoutines::call_stub
j  java.security.AccessController.doPrivileged(Ljava/security/PrivilegedExceptionAction;Ljava/security/AccessControlContext;)Ljava/lang/Object;+0
j  java.net.URLClassLoader.findClass(Ljava/lang/String;)Ljava/lang/Class;+13
j  java.lang.ClassLoader.loadClass(Ljava/lang/String;Z)Ljava/lang/Class;+70
j  sun.misc.Launcher$AppClassLoader.loadClass(Ljava/lang/String;Z)Ljava/lang/Class;+36
j  java.lang.ClassLoader.loadClass(Ljava/lang/String;)Ljava/lang/Class;+3
v  ~StubRoutines::call_stub
j  com.puzzletimer.gui.MainFrame.<init>(Lcom/puzzletimer/state/MessageManager;Lcom/puzzletimer/state/ConfigurationManager;Lcom/puzzletimer/state/TimerManager;Lcom/puzzletimer/puzzles/PuzzleProvider;Lcom/puzzletimer/state/ColorManager;Lcom/puzzletimer/parsers/ScrambleParserProvider;Lcom/puzzletimer/scramblers/ScramblerProvider;Lcom/puzzletimer/tips/TipProvider;Lcom/puzzletimer/state/CategoryManager;Lcom/puzzletimer/state/ScrambleManager;Lcom/puzzletimer/state/SolutionManager;Lcom/puzzletimer/state/SessionManager;)V+845
j  com.puzzletimer.Main$7.run()V+102
j  java.awt.event.InvocationEvent.dispatch()V+47
j  java.awt.EventQueue.dispatchEventImpl(Ljava/awt/AWTEvent;Ljava/lang/Object;)V+21
j  java.awt.EventQueue.access$300(Ljava/awt/EventQueue;Ljava/awt/AWTEvent;Ljava/lang/Object;)V+3
j  java.awt.EventQueue$3.run()Ljava/lang/Void;+12
j  java.awt.EventQueue$3.run()Ljava/lang/Object;+1
v  ~StubRoutines::call_stub
j  java.security.AccessController.doPrivileged(Ljava/security/PrivilegedAction;Ljava/security/AccessControlContext;)Ljava/lang/Object;+0
j  java.security.ProtectionDomain$1.doIntersectionPrivilege(Ljava/security/PrivilegedAction;Ljava/security/AccessControlContext;Ljava/security/AccessControlContext;)Ljava/lang/Object;+28
j  java.awt.EventQueue.dispatchEvent(Ljava/awt/AWTEvent;)V+46
j  java.awt.EventDispatchThread.pumpOneEventForFilters(I)V+245
j  java.awt.EventDispatchThread.pumpEventsForFilter(ILjava/awt/Conditional;Ljava/awt/EventFilter;)V+35
j  java.awt.EventDispatchThread.pumpEventsForHierarchy(ILjava/awt/Conditional;Ljava/awt/Component;)V+11
j  java.awt.EventDispatchThread.pumpEvents(ILjava/awt/Conditional;)V+4
j  java.awt.EventDispatchThread.pumpEvents(Ljava/awt/Conditional;)V+3
j  java.awt.EventDispatchThread.run()V+9
v  ~StubRoutines::call_stub

---------------  P R O C E S S  ---------------

Java Threads: ( => current thread )
  0x00007f2d703ff000 JavaThread "Direct Clip" daemon [_thread_blocked, id=23222, stack(0x00007f2d5448f000,0x00007f2d54590000)]
  0x00007f2d70335800 JavaThread "Direct Clip" daemon [_thread_blocked, id=23219, stack(0x00007f2da428b000,0x00007f2da438c000)]
  0x00007f2d7032a000 JavaThread "Direct Clip" daemon [_thread_blocked, id=23216, stack(0x00007f2da438c000,0x00007f2da448d000)]
  0x00007f2d70322000 JavaThread "Direct Clip" daemon [_thread_blocked, id=23213, stack(0x00007f2da45eb000,0x00007f2da46ec000)]
  0x00007f2d70314800 JavaThread "Java Sound Event Dispatcher" daemon [_thread_blocked, id=23211, stack(0x00007f2da5124000,0x00007f2da5225000)]
  0x00007f2d7038a800 JavaThread "TimerQueue" daemon [_thread_blocked, id=23193, stack(0x00007f2da5225000,0x00007f2da5326000)]
  0x00007f2d7034d800 JavaThread "Timer-0" [_thread_blocked, id=23192, stack(0x00007f2da5326000,0x00007f2da5427000)]
  0x00007f2d7034b800 JavaThread "Thread-4" [_thread_in_native, id=23191, stack(0x00007f2da5427000,0x00007f2da5528000)]
  0x00007f2d70202800 JavaThread "Image Fetcher 0" daemon [_thread_blocked, id=23189, stack(0x00007f2da5a20000,0x00007f2da5b21000)]
  0x00007f2d701d6000 JavaThread "Keep-Alive-Timer" daemon [_thread_blocked, id=23188, stack(0x00007f2da5b21000,0x00007f2da5c22000)]
  0x00007f2d70145800 JavaThread "H2 Log Writer PUZZLETIMER" daemon [_thread_blocked, id=23186, stack(0x00007f2da66a3000,0x00007f2da67a4000)]
  0x00007f2d70051800 JavaThread "H2 File Lock Watchdog /home/aymen/prisma/puzzletimer.lock.db" daemon [_thread_blocked, id=23185, stack(0x00007f2da6bcc000,0x00007f2da6ccd000)]
  0x00007f2dc000a000 JavaThread "DestroyJavaVM" [_thread_blocked, id=23167, stack(0x00007f2dc95fb000,0x00007f2dc96fc000)]
=>0x00007f2dc0261000 JavaThread "AWT-EventQueue-0" [_thread_in_native, id=23183, stack(0x00007f2da6ccd000,0x00007f2da6dce000)]
  0x00007f2dc025f000 JavaThread "AWT-Shutdown" [_thread_blocked, id=23182, stack(0x00007f2da6dce000,0x00007f2da6ecf000)]
  0x00007f2dc025c000 JavaThread "AWT-XAWT" daemon [_thread_in_native, id=23181, stack(0x00007f2da6ecf000,0x00007f2da6fd0000)]
  0x00007f2dc023c000 JavaThread "Java2D Disposer" daemon [_thread_blocked, id=23180, stack(0x00007f2da73e0000,0x00007f2da74e1000)]
  0x00007f2dc0160000 JavaThread "Service Thread" daemon [_thread_blocked, id=23178, stack(0x00007f2dbcdfe000,0x00007f2dbceff000)]
  0x00007f2dc015d800 JavaThread "C2 CompilerThread1" daemon [_thread_blocked, id=23177, stack(0x00007f2dbceff000,0x00007f2dbd000000)]
  0x00007f2dc015a800 JavaThread "C2 CompilerThread0" daemon [_thread_blocked, id=23176, stack(0x00007f2dc4025000,0x00007f2dc4126000)]
  0x00007f2dc0158800 JavaThread "Signal Dispatcher" daemon [_thread_blocked, id=23175, stack(0x00007f2dc4126000,0x00007f2dc4227000)]
  0x00007f2dc0137000 JavaThread "Finalizer" daemon [_thread_blocked, id=23174, stack(0x00007f2dc44f0000,0x00007f2dc45f1000)]
  0x00007f2dc0135000 JavaThread "Reference Handler" daemon [_thread_blocked, id=23173, stack(0x00007f2dc45f1000,0x00007f2dc46f2000)]

Other Threads:
  0x00007f2dc0130800 VMThread [stack: 0x00007f2dc46f2000,0x00007f2dc47f3000] [id=23172]
  0x00007f2dc016a800 WatcherThread [stack: 0x00007f2dbccfd000,0x00007f2dbcdfe000] [id=23179]

VM state:not at safepoint (normal execution)

VM Mutex/Monitor currently owned by a thread: None

Heap
 PSYoungGen      total 37376K, used 35198K [0x00000007d6700000, 0x00000007d9080000, 0x0000000800000000)
  eden space 32256K, 93% used [0x00000007d6700000,0x00000007d845fb38,0x00000007d8680000)
  from space 5120K, 99% used [0x00000007d8b80000,0x00000007d907ff78,0x00000007d9080000)
  to   space 5120K, 0% used [0x00000007d8680000,0x00000007d8680000,0x00000007d8b80000)
 ParOldGen       total 84992K, used 6372K [0x0000000783600000, 0x0000000788900000, 0x00000007d6700000)
  object space 84992K, 7% used [0x0000000783600000,0x0000000783c393d8,0x0000000788900000)
 PSPermGen       total 23552K, used 23271K [0x000000077e400000, 0x000000077fb00000, 0x0000000783600000)
  object space 23552K, 98% used [0x000000077e400000,0x000000077fab9d40,0x000000077fb00000)

Card table byte_map: [0x00007f2dc64da000,0x00007f2dc68e9000] byte_map_base: 0x00007f2dc28e8000

Polling page: 0x00007f2dc971f000

Code Cache  [0x00007f2dbd000000, 0x00007f2dbd270000, 0x00007f2dc0000000)
 total_blobs=842 nmethods=256 adapters=539 free_code_cache=47981Kb largest_free_block=49091584

Compilation events (10 events):
Event: 5.976 Thread 0x00007f2dc015a800 nmethod 270 0x00007f2dbd10a990 code [0x00007f2dbd10aac0, 0x00007f2dbd10ab58]
Event: 5.976 Thread 0x00007f2dc015d800 nmethod 269 0x00007f2dbd109ad0 code [0x00007f2dbd109c20, 0x00007f2dbd109d78]
Event: 5.987 Thread 0x00007f2dc015a800  271             sun.misc.Service::parseLine (239 bytes)
Event: 6.010 Thread 0x00007f2dc015d800  272             java.lang.Object::equals (11 bytes)
Event: 6.011 Thread 0x00007f2dc015d800 nmethod 272 0x00007f2dbd1098d0 code [0x00007f2dbd109a00, 0x00007f2dbd109a78]
Event: 6.016 Thread 0x00007f2dc015a800 nmethod 271 0x00007f2dbd116950 code [0x00007f2dbd116bc0, 0x00007f2dbd117d40]
Event: 6.055 Thread 0x00007f2dc015d800  273             sun.security.provider.ByteArrayAccess::b2iBig64 (614 bytes)
Event: 6.056 Thread 0x00007f2dc015a800  274             java.lang.StringBuilder::<init> (7 bytes)
Event: 6.058 Thread 0x00007f2dc015a800 nmethod 274 0x00007f2dbd1095d0 code [0x00007f2dbd109720, 0x00007f2dbd109818]
Event: 6.058 Thread 0x00007f2dc015d800 nmethod 273 0x00007f2dbd1199d0 code [0x00007f2dbd119b20, 0x00007f2dbd119d38]

GC Heap History (4 events):
Event: 3.569 GC heap before
{Heap before GC invocations=1 (full 0):
 PSYoungGen      total 37376K, used 32256K [0x00000007d6700000, 0x00000007d9080000, 0x0000000800000000)
  eden space 32256K, 100% used [0x00000007d6700000,0x00000007d8680000,0x00000007d8680000)
  from space 5120K, 0% used [0x00000007d8b80000,0x00000007d8b80000,0x00000007d9080000)
  to   space 5120K, 0% used [0x00000007d8680000,0x00000007d8680000,0x00000007d8b80000)
 ParOldGen       total 84992K, used 0K [0x0000000783600000, 0x0000000788900000, 0x00000007d6700000)
  object space 84992K, 0% used [0x0000000783600000,0x0000000783600000,0x0000000788900000)
 PSPermGen       total 21504K, used 15090K [0x000000077e400000, 0x000000077f900000, 0x0000000783600000)
  object space 21504K, 70% used [0x000000077e400000,0x000000077f2bc898,0x000000077f900000)
Event: 3.577 GC heap after
Heap after GC invocations=1 (full 0):
 PSYoungGen      total 37376K, used 5088K [0x00000007d6700000, 0x00000007d9080000, 0x0000000800000000)
  eden space 32256K, 0% used [0x00000007d6700000,0x00000007d6700000,0x00000007d8680000)
  from space 5120K, 99% used [0x00000007d8680000,0x00000007d8b78318,0x00000007d8b80000)
  to   space 5120K, 0% used [0x00000007d8b80000,0x00000007d8b80000,0x00000007d9080000)
 ParOldGen       total 84992K, used 2400K [0x0000000783600000, 0x0000000788900000, 0x00000007d6700000)
  object space 84992K, 2% used [0x0000000783600000,0x00000007838583d0,0x0000000788900000)
 PSPermGen       total 21504K, used 15090K [0x000000077e400000, 0x000000077f900000, 0x0000000783600000)
  object space 21504K, 70% used [0x000000077e400000,0x000000077f2bc898,0x000000077f900000)
}
Event: 5.167 GC heap before
{Heap before GC invocations=2 (full 0):
 PSYoungGen      total 37376K, used 37344K [0x00000007d6700000, 0x00000007d9080000, 0x0000000800000000)
  eden space 32256K, 100% used [0x00000007d6700000,0x00000007d8680000,0x00000007d8680000)
  from space 5120K, 99% used [0x00000007d8680000,0x00000007d8b78318,0x00000007d8b80000)
  to   space 5120K, 0% used [0x00000007d8b80000,0x00000007d8b80000,0x00000007d9080000)
 ParOldGen       total 84992K, used 2400K [0x0000000783600000, 0x0000000788900000, 0x00000007d6700000)
  object space 84992K, 2% used [0x0000000783600000,0x00000007838583d0,0x0000000788900000)
 PSPermGen       total 21504K, used 18749K [0x000000077e400000, 0x000000077f900000, 0x0000000783600000)
  object space 21504K, 87% used [0x000000077e400000,0x000000077f64f698,0x000000077f900000)
Event: 5.175 GC heap after
Heap after GC invocations=2 (full 0):
 PSYoungGen      total 37376K, used 5119K [0x00000007d6700000, 0x00000007d9080000, 0x0000000800000000)
  eden space 32256K, 0% used [0x00000007d6700000,0x00000007d6700000,0x00000007d8680000)
  from space 5120K, 99% used [0x00000007d8b80000,0x00000007d907ff78,0x00000007d9080000)
  to   space 5120K, 0% used [0x00000007d8680000,0x00000007d8680000,0x00000007d8b80000)
 ParOldGen       total 84992K, used 6372K [0x0000000783600000, 0x0000000788900000, 0x00000007d6700000)
  object space 84992K, 7% used [0x0000000783600000,0x0000000783c393d8,0x0000000788900000)
 PSPermGen       total 21504K, used 18749K [0x000000077e400000, 0x000000077f900000, 0x0000000783600000)
  object space 21504K, 87% used [0x000000077e400000,0x000000077f64f698,0x000000077f900000)
}

Deoptimization events (10 events):
Event: 3.598 Thread 0x00007f2dc0261000 Uncommon trap: reason=class_check action=maybe_recompile pc=0x00007f2dbd07b884 method=java.lang.String.equals(Ljava/lang/Object;)Z @ 8
Event: 3.598 Thread 0x00007f2dc0261000 Uncommon trap: reason=class_check action=maybe_recompile pc=0x00007f2dbd07b884 method=java.lang.String.equals(Ljava/lang/Object;)Z @ 8
Event: 3.598 Thread 0x00007f2dc0261000 Uncommon trap: reason=class_check action=maybe_recompile pc=0x00007f2dbd07b884 method=java.lang.String.equals(Ljava/lang/Object;)Z @ 8
Event: 5.187 Thread 0x00007f2dc0261000 Uncommon trap: reason=unreached action=reinterpret pc=0x00007f2dbd0facf0 method=com.puzzletimer.solvers.RubiksPocketCubeSolver.initialize()V @ 348
Event: 5.298 Thread 0x00007f2dc0261000 Uncommon trap: reason=unreached action=reinterpret pc=0x00007f2dbd0a0e08 method=java.util.HashMap.getEntry(Ljava/lang/Object;)Ljava/util/HashMap$Entry; @ 10
Event: 5.640 Thread 0x00007f2dc025c000 Uncommon trap: reason=bimorphic action=maybe_recompile pc=0x00007f2dbd08ecfc method=java.lang.ThreadLocal.get()Ljava/lang/Object; @ 6
Event: 5.640 Thread 0x00007f2dc025c000 Uncommon trap: reason=bimorphic action=maybe_recompile pc=0x00007f2dbd08ecfc method=java.lang.ThreadLocal.get()Ljava/lang/Object; @ 6
Event: 5.640 Thread 0x00007f2dc025c000 Uncommon trap: reason=bimorphic action=maybe_recompile pc=0x00007f2dbd08ecfc method=java.lang.ThreadLocal.get()Ljava/lang/Object; @ 6
Event: 5.640 Thread 0x00007f2dc025c000 Uncommon trap: reason=bimorphic action=maybe_recompile pc=0x00007f2dbd08ecfc method=java.lang.ThreadLocal.get()Ljava/lang/Object; @ 6
Event: 5.959 Thread 0x00007f2d7034b800 Uncommon trap: reason=unreached action=reinterpret pc=0x00007f2dbd1052c8 method=java.lang.ThreadLocal$ThreadLocalMap.getEntry(Ljava/lang/ThreadLocal;)Ljava/lang/ThreadLocal$ThreadLocalMap$Entry; @ 21

Internal exceptions (10 events):
Event: 5.777 Thread 0x00007f2dc0261000 Threw 0x00000007d7c03d28 at /HUDSON/workspace/7u-2-build-linux-amd64/jdk7u76/1941/hotspot/src/share/vm/prims/jvm.cpp:1304
Event: 5.777 Thread 0x00007f2dc0261000 Threw 0x00000007d7c06600 at /HUDSON/workspace/7u-2-build-linux-amd64/jdk7u76/1941/hotspot/src/share/vm/prims/jvm.cpp:1304
Event: 5.778 Thread 0x00007f2dc0261000 Threw 0x00000007d7c08ed0 at /HUDSON/workspace/7u-2-build-linux-amd64/jdk7u76/1941/hotspot/src/share/vm/prims/jvm.cpp:1304
Event: 5.778 Thread 0x00007f2dc0261000 Threw 0x00000007d7c0b748 at /HUDSON/workspace/7u-2-build-linux-amd64/jdk7u76/1941/hotspot/src/share/vm/prims/jvm.cpp:1304
Event: 5.778 Thread 0x00007f2dc0261000 Threw 0x00000007d7c0ddd8 at /HUDSON/workspace/7u-2-build-linux-amd64/jdk7u76/1941/hotspot/src/share/vm/prims/jvm.cpp:1304
Event: 5.778 Thread 0x00007f2dc0261000 Threw 0x00000007d7c10480 at /HUDSON/workspace/7u-2-build-linux-amd64/jdk7u76/1941/hotspot/src/share/vm/prims/jvm.cpp:1304
Event: 5.778 Thread 0x00007f2dc0261000 Threw 0x00000007d7c12b20 at /HUDSON/workspace/7u-2-build-linux-amd64/jdk7u76/1941/hotspot/src/share/vm/prims/jvm.cpp:1304
Event: 5.810 Thread 0x00007f2dc0261000 Threw 0x00000007d7c9f8c0 at /HUDSON/workspace/7u-2-build-linux-amd64/jdk7u76/1941/hotspot/src/share/vm/prims/jvm.cpp:1304
Event: 5.959 Thread 0x00007f2d7034b800 Implicit null exception at 0x00007f2dbd105215 to 0x00007f2dbd1052ad
Event: 6.292 Thread 0x00007f2dc0261000 Threw 0x00000007d83f9100 at /HUDSON/workspace/7u-2-build-linux-amd64/jdk7u76/1941/hotspot/src/share/vm/prims/jvm.cpp:1304

Events (10 events):
Event: 5.815 Executing VM operation: RevokeBias
Event: 5.815 Executing VM operation: RevokeBias done
Event: 5.815 Thread 0x00007f2d64001000 Thread exited: 0x00007f2d64001000
Event: 5.959 Thread 0x00007f2d7034b800 Uncommon trap: trap_request=0xffffffad fr.pc=0x00007f2dbd1052c8
Event: 5.959 Thread 0x00007f2d7034b800 DEOPT PACKING pc=0x00007f2dbd1052c8 sp=0x00007f2da5526670
Event: 5.959 Thread 0x00007f2d7034b800 DEOPT UNPACKING pc=0x00007f2dbd039445 sp=0x00007f2da55265d8 mode 2
Event: 6.056 Executing VM operation: RevokeBias
Event: 6.056 Executing VM operation: RevokeBias done
Event: 6.292 loading class 0x00007f2d701c8980
Event: 6.292 loading class 0x00007f2d701c8980 done


Dynamic libraries:
00400000-00401000 r-xp 00000000 08:07 1450419                            /usr/lib/jvm/java-7-oracle/bin/java
00600000-00601000 rw-p 00000000 08:07 1450419                            /usr/lib/jvm/java-7-oracle/bin/java
024a0000-024c1000 rw-p 00000000 00:00 0                                  [heap]
77e400000-77fb00000 rw-p 00000000 00:00 0 
77fb00000-783600000 rw-p 00000000 00:00 0 
783600000-788900000 rw-p 00000000 00:00 0 
788900000-7d6700000 rw-p 00000000 00:00 0 
7d6700000-7d9080000 rw-p 00000000 00:00 0 
7d9080000-800000000 rw-p 00000000 00:00 0 
7f2d17fff000-7f2d1c000000 rw-s 00000000 00:14 782637                     /run/shm/pulse-shm-1729100277
7f2d1c000000-7f2d1c021000 rw-p 00000000 00:00 0 
7f2d1c021000-7f2d20000000 ---p 00000000 00:00 0 
7f2d24000000-7f2d24021000 rw-p 00000000 00:00 0 
7f2d24021000-7f2d28000000 ---p 00000000 00:00 0 
7f2d2bfff000-7f2d30000000 rw-s 00000000 00:14 782627                     /run/shm/pulse-shm-1355069916
7f2d30000000-7f2d30021000 rw-p 00000000 00:00 0 
7f2d30021000-7f2d34000000 ---p 00000000 00:00 0 
7f2d37fff000-7f2d3c000000 rw-s 00000000 00:14 782617                     /run/shm/pulse-shm-2798193793
7f2d3c000000-7f2d3c021000 rw-p 00000000 00:00 0 
7f2d3c021000-7f2d40000000 ---p 00000000 00:00 0 
7f2d40000000-7f2d40021000 rw-p 00000000 00:00 0 
7f2d40021000-7f2d44000000 ---p 00000000 00:00 0 
7f2d44000000-7f2d44021000 rw-p 00000000 00:00 0 
7f2d44021000-7f2d48000000 ---p 00000000 00:00 0 
7f2d4b7fe000-7f2d4b7ff000 ---p 00000000 00:00 0 
7f2d4b7ff000-7f2d4bfff000 rw-p 00000000 00:00 0 
7f2d4bfff000-7f2d50000000 rw-s 00000000 00:14 778109                     /run/shm/pulse-shm-407114826
7f2d50000000-7f2d50021000 rw-p 00000000 00:00 0 
7f2d50021000-7f2d54000000 ---p 00000000 00:00 0 
7f2d54221000-7f2d5438e000 rw-p 00000000 00:00 0 
7f2d5438e000-7f2d54391000 ---p 00000000 00:00 0 
7f2d54391000-7f2d5448f000 rw-p 00000000 00:00 0 
7f2d5448f000-7f2d54492000 ---p 00000000 00:00 0 
7f2d54492000-7f2d54590000 rw-p 00000000 00:00 0                          [stack:23222]
7f2d54590000-7f2d54591000 ---p 00000000 00:00 0 
7f2d54591000-7f2d54d91000 rw-p 00000000 00:00 0                          [stack:23221]
7f2d54d91000-7f2d54d92000 ---p 00000000 00:00 0 
7f2d54d92000-7f2d55592000 rw-p 00000000 00:00 0                          [stack:23218]
7f2d55592000-7f2d55593000 ---p 00000000 00:00 0 
7f2d55593000-7f2d55d93000 rw-p 00000000 00:00 0                          [stack:23215]
7f2d55d93000-7f2d55d94000 ---p 00000000 00:00 0 
7f2d55d94000-7f2d56594000 rw-p 00000000 00:00 0                          [stack:23212]
7f2d56594000-7f2d5659a000 r-xp 00000000 08:07 1049667                    /usr/lib/x86_64-linux-gnu/alsa-lib/libasound_module_pcm_pulse.so
7f2d5659a000-7f2d56799000 ---p 00006000 08:07 1049667                    /usr/lib/x86_64-linux-gnu/alsa-lib/libasound_module_pcm_pulse.so
7f2d56799000-7f2d5679a000 r--p 00005000 08:07 1049667                    /usr/lib/x86_64-linux-gnu/alsa-lib/libasound_module_pcm_pulse.so
7f2d5679a000-7f2d5679b000 rw-p 00006000 08:07 1049667                    /usr/lib/x86_64-linux-gnu/alsa-lib/libasound_module_pcm_pulse.so
7f2d5679b000-7f2d567a2000 r-xp 00000000 08:07 792714                     /usr/lib/x86_64-linux-gnu/libogg.so.0.8.1
7f2d567a2000-7f2d569a2000 ---p 00007000 08:07 792714                     /usr/lib/x86_64-linux-gnu/libogg.so.0.8.1
7f2d569a2000-7f2d569a3000 r--p 00007000 08:07 792714                     /usr/lib/x86_64-linux-gnu/libogg.so.0.8.1
7f2d569a3000-7f2d569a4000 rw-p 00008000 08:07 792714                     /usr/lib/x86_64-linux-gnu/libogg.so.0.8.1
7f2d569a4000-7f2d569d0000 r-xp 00000000 08:07 793002                     /usr/lib/x86_64-linux-gnu/libvorbis.so.0.4.5
7f2d569d0000-7f2d56bcf000 ---p 0002c000 08:07 793002                     /usr/lib/x86_64-linux-gnu/libvorbis.so.0.4.5
7f2d56bcf000-7f2d56bd0000 r--p 0002b000 08:07 793002                     /usr/lib/x86_64-linux-gnu/libvorbis.so.0.4.5
7f2d56bd0000-7f2d56bd1000 rw-p 0002c000 08:07 793002                     /usr/lib/x86_64-linux-gnu/libvorbis.so.0.4.5
7f2d56bd1000-7f2d56e84000 r-xp 00000000 08:07 793004                     /usr/lib/x86_64-linux-gnu/libvorbisenc.so.2.0.8
7f2d56e84000-7f2d57083000 ---p 002b3000 08:07 793004                     /usr/lib/x86_64-linux-gnu/libvorbisenc.so.2.0.8
7f2d57083000-7f2d5709f000 r--p 002b2000 08:07 793004                     /usr/lib/x86_64-linux-gnu/libvorbisenc.so.2.0.8
7f2d5709f000-7f2d570a0000 rw-p 002ce000 08:07 793004                     /usr/lib/x86_64-linux-gnu/libvorbisenc.so.2.0.8
7f2d570a0000-7f2d570d0000 r-xp 00000000 08:07 788953                     /usr/lib/x86_64-linux-gnu/libFLAC.so.8.3.0
7f2d570d0000-7f2d572cf000 ---p 00030000 08:07 788953                     /usr/lib/x86_64-linux-gnu/libFLAC.so.8.3.0
7f2d572cf000-7f2d572d0000 r--p 0002f000 08:07 788953                     /usr/lib/x86_64-linux-gnu/libFLAC.so.8.3.0
7f2d572d0000-7f2d572d1000 rw-p 00030000 08:07 788953                     /usr/lib/x86_64-linux-gnu/libFLAC.so.8.3.0
7f2d572d1000-7f2d572d6000 r-xp 00000000 08:07 791993                     /usr/lib/x86_64-linux-gnu/libasyncns.so.0.3.1
7f2d572d6000-7f2d574d5000 ---p 00005000 08:07 791993                     /usr/lib/x86_64-linux-gnu/libasyncns.so.0.3.1
7f2d574d5000-7f2d574d6000 r--p 00004000 08:07 791993                     /usr/lib/x86_64-linux-gnu/libasyncns.so.0.3.1
7f2d574d6000-7f2d574d7000 rw-p 00005000 08:07 791993                     /usr/lib/x86_64-linux-gnu/libasyncns.so.0.3.1
7f2d574d7000-7f2d57538000 r-xp 00000000 08:07 792895                     /usr/lib/x86_64-linux-gnu/libsndfile.so.1.0.25
7f2d57538000-7f2d57738000 ---p 00061000 08:07 792895                     /usr/lib/x86_64-linux-gnu/libsndfile.so.1.0.25
7f2d57738000-7f2d5773a000 r--p 00061000 08:07 792895                     /usr/lib/x86_64-linux-gnu/libsndfile.so.1.0.25
7f2d5773a000-7f2d5773b000 rw-p 00063000 08:07 792895                     /usr/lib/x86_64-linux-gnu/libsndfile.so.1.0.25
7f2d5773b000-7f2d5773f000 rw-p 00000000 00:00 0 
7f2d5773f000-7f2d57747000 r-xp 00000000 08:07 3406460                    /lib/x86_64-linux-gnu/libwrap.so.0.7.6
7f2d57747000-7f2d57946000 ---p 00008000 08:07 3406460                    /lib/x86_64-linux-gnu/libwrap.so.0.7.6
7f2d57946000-7f2d57947000 r--p 00007000 08:07 3406460                    /lib/x86_64-linux-gnu/libwrap.so.0.7.6
7f2d57947000-7f2d57948000 rw-p 00008000 08:07 3406460                    /lib/x86_64-linux-gnu/libwrap.so.0.7.6
7f2d57948000-7f2d57949000 rw-p 00000000 00:00 0 
7f2d57949000-7f2d5798d000 r-xp 00000000 08:07 3406313                    /lib/x86_64-linux-gnu/libdbus-1.so.3.7.6
7f2d5798d000-7f2d57b8c000 ---p 00044000 08:07 3406313                    /lib/x86_64-linux-gnu/libdbus-1.so.3.7.6
7f2d57b8c000-7f2d57b8d000 r--p 00043000 08:07 3406313                    /lib/x86_64-linux-gnu/libdbus-1.so.3.7.6
7f2d57b8d000-7f2d57b8e000 rw-p 00044000 08:07 3406313                    /lib/x86_64-linux-gnu/libdbus-1.so.3.7.6
7f2d57b8e000-7f2d57bf4000 r-xp 00000000 08:07 1188242                    /usr/lib/x86_64-linux-gnu/pulseaudio/libpulsecommon-4.0.so
7f2d57bf4000-7f2d57df3000 ---p 00066000 08:07 1188242                    /usr/lib/x86_64-linux-gnu/pulseaudio/libpulsecommon-4.0.so
7f2d57df3000-7f2d57df4000 r--p 00065000 08:07 1188242                    /usr/lib/x86_64-linux-gnu/pulseaudio/libpulsecommon-4.0.so
7f2d57df4000-7f2d57df5000 rw-p 00066000 08:07 1188242                    /usr/lib/x86_64-linux-gnu/pulseaudio/libpulsecommon-4.0.so
7f2d57df5000-7f2d57dff000 r-xp 00000000 08:07 3402225                    /lib/x86_64-linux-gnu/libjson-c.so.2.0.0
7f2d57dff000-7f2d57ffe000 ---p 0000a000 08:07 3402225                    /lib/x86_64-linux-gnu/libjson-c.so.2.0.0
7f2d57ffe000-7f2d57fff000 r--p 00009000 08:07 3402225                    /lib/x86_64-linux-gnu/libjson-c.so.2.0.0
7f2d57fff000-7f2d58000000 rw-p 0000a000 08:07 3402225                    /lib/x86_64-linux-gnu/libjson-c.so.2.0.0
7f2d58000000-7f2d58021000 rw-p 00000000 00:00 0 
7f2d58021000-7f2d5c000000 ---p 00000000 00:00 0 
7f2d5c000000-7f2d5c021000 rw-p 00000000 00:00 0 
7f2d5c021000-7f2d60000000 ---p 00000000 00:00 0 
7f2d60000000-7f2d60021000 rw-p 00000000 00:00 0 
7f2d60021000-7f2d64000000 ---p 00000000 00:00 0 
7f2d64000000-7f2d64021000 rw-p 00000000 00:00 0 
7f2d64021000-7f2d68000000 ---p 00000000 00:00 0 
7f2d68000000-7f2d68021000 rw-p 00000000 00:00 0 
7f2d68021000-7f2d6c000000 ---p 00000000 00:00 0 
7f2d6c000000-7f2d6c021000 rw-p 00000000 00:00 0 
7f2d6c021000-7f2d70000000 ---p 00000000 00:00 0 
7f2d70000000-7f2d704e7000 rw-p 00000000 00:00 0 
7f2d704e7000-7f2d74000000 ---p 00000000 00:00 0 
7f2d74000000-7f2d74021000 rw-p 00000000 00:00 0 
7f2d74021000-7f2d78000000 ---p 00000000 00:00 0 
7f2d78000000-7f2d78021000 rw-p 00000000 00:00 0 
7f2d78021000-7f2d7c000000 ---p 00000000 00:00 0 
7f2d7c000000-7f2d7c021000 rw-p 00000000 00:00 0 
7f2d7c021000-7f2d80000000 ---p 00000000 00:00 0 
7f2d80000000-7f2d80021000 rw-p 00000000 00:00 0 
7f2d80021000-7f2d84000000 ---p 00000000 00:00 0 
7f2d84000000-7f2d84021000 rw-p 00000000 00:00 0 
7f2d84021000-7f2d88000000 ---p 00000000 00:00 0 
7f2d88000000-7f2d886ba000 rw-p 00000000 00:00 0 
7f2d886ba000-7f2d8c000000 ---p 00000000 00:00 0 
7f2d8c000000-7f2d8c021000 rw-p 00000000 00:00 0 
7f2d8c021000-7f2d90000000 ---p 00000000 00:00 0 
7f2d90000000-7f2d90021000 rw-p 00000000 00:00 0 
7f2d90021000-7f2d94000000 ---p 00000000 00:00 0 
7f2d94000000-7f2d94b9b000 rw-p 00000000 00:00 0 
7f2d94b9b000-7f2d98000000 ---p 00000000 00:00 0 
7f2d98000000-7f2d98021000 rw-p 00000000 00:00 0 
7f2d98021000-7f2d9c000000 ---p 00000000 00:00 0 
7f2d9c000000-7f2d9c021000 rw-p 00000000 00:00 0 
7f2d9c021000-7f2da0000000 ---p 00000000 00:00 0 
7f2da0000000-7f2da0021000 rw-p 00000000 00:00 0 
7f2da0021000-7f2da4000000 ---p 00000000 00:00 0 
7f2da4042000-7f2da4089000 r-xp 00000000 08:07 792814                     /usr/lib/x86_64-linux-gnu/libpulse.so.0.16.2
7f2da4089000-7f2da4289000 ---p 00047000 08:07 792814                     /usr/lib/x86_64-linux-gnu/libpulse.so.0.16.2
7f2da4289000-7f2da428a000 r--p 00047000 08:07 792814                     /usr/lib/x86_64-linux-gnu/libpulse.so.0.16.2
7f2da428a000-7f2da428b000 rw-p 00048000 08:07 792814                     /usr/lib/x86_64-linux-gnu/libpulse.so.0.16.2
7f2da428b000-7f2da428e000 ---p 00000000 00:00 0 
7f2da428e000-7f2da438c000 rw-p 00000000 00:00 0                          [stack:23219]
7f2da438c000-7f2da438f000 ---p 00000000 00:00 0 
7f2da438f000-7f2da448d000 rw-p 00000000 00:00 0                          [stack:23216]
7f2da448d000-7f2da448e000 r--s 00000000 08:07 915779                     /var/cache/fontconfig/c05880de57d1f5e948fdfacc138775d9-le64.cache-4
7f2da448e000-7f2da4499000 r--s 00000000 08:07 915778                     /var/cache/fontconfig/945677eb7aeaf62f1d50efc3fb3ec7d8-le64.cache-4
7f2da4499000-7f2da449b000 r--s 00000000 08:07 915776                     /var/cache/fontconfig/99e8ed0e538f840c565b6ed5dad60d56-le64.cache-4
7f2da449b000-7f2da44a1000 r--s 00000000 08:07 915775                     /var/cache/fontconfig/2cd17615ca594fa2959ae173292e504c-le64.cache-4
7f2da44a1000-7f2da44a2000 r--s 00000000 08:07 915774                     /var/cache/fontconfig/e7071f4a29fa870f4323321c154eba04-le64.cache-4
7f2da44a2000-7f2da44a3000 r--s 00000000 08:07 915773                     /var/cache/fontconfig/0d8c3b2ac0904cb8a57a757ad11a4a08-le64.cache-4
7f2da44a3000-7f2da44aa000 r--s 00000000 08:07 915772                     /var/cache/fontconfig/a755afe4a08bf5b97852ceb7400b47bc-le64.cache-4
7f2da44aa000-7f2da44b6000 r--s 00000000 08:07 915771                     /var/cache/fontconfig/6d41288fd70b0be22e8c3a91e032eec0-le64.cache-4
7f2da44b6000-7f2da44ca000 r--s 00000000 08:07 915770                     /var/cache/fontconfig/04aabc0a78ac019cf9454389977116d2-le64.cache-4
7f2da44ca000-7f2da44cb000 r--s 00000000 08:07 915769                     /var/cache/fontconfig/1ac9eb803944fde146138c791f5cc56a-le64.cache-4
7f2da44cb000-7f2da44cf000 r--s 00000000 08:07 915768                     /var/cache/fontconfig/385c0604a188198f04d133e54aba7fe7-le64.cache-4
7f2da44cf000-7f2da44d0000 r--s 00000000 08:07 915767                     /var/cache/fontconfig/dc05db6664285cc2f12bf69c139ae4c3-le64.cache-4
7f2da44d0000-7f2da44e2000 r--s 00000000 08:07 925136                     /var/cache/fontconfig/0bd3dc0958fa2205aaaa8ebb13e2872b-le64.cache-4
7f2da44e2000-7f2da44e7000 r--s 00000000 08:07 915764                     /var/cache/fontconfig/8801497958630a81b71ace7c5f9b32a8-le64.cache-4
7f2da44e7000-7f2da44ee000 r--s 00000000 08:07 915763                     /var/cache/fontconfig/3047814df9a2f067bd2d96a2b9c36e5a-le64.cache-4
7f2da44ee000-7f2da44f4000 r--s 00000000 08:07 915760                     /var/cache/fontconfig/b47c4e1ecd0709278f4910c18777a504-le64.cache-4
7f2da45eb000-7f2da45ee000 ---p 00000000 00:00 0 
7f2da45ee000-7f2da46ec000 rw-p 00000000 00:00 0                          [stack:23213]
7f2da46ec000-7f2da47d5000 r-xp 00000000 08:07 791985                     /usr/lib/x86_64-linux-gnu/libasound.so.2.0.0
7f2da47d5000-7f2da49d4000 ---p 000e9000 08:07 791985                     /usr/lib/x86_64-linux-gnu/libasound.so.2.0.0
7f2da49d4000-7f2da49db000 r--p 000e8000 08:07 791985                     /usr/lib/x86_64-linux-gnu/libasound.so.2.0.0
7f2da49db000-7f2da49dc000 rw-p 000ef000 08:07 791985                     /usr/lib/x86_64-linux-gnu/libasound.so.2.0.0
7f2da49f2000-7f2da49f4000 rw-p 00000000 00:00 0 
7f2da49f4000-7f2da49fb000 r--s 00000000 08:07 1192272                    /usr/lib/x86_64-linux-gnu/gconv/gconv-modules.cache
7f2da49fb000-7f2da49fc000 r--p 00000000 08:07 1444249                    /usr/share/locale-langpack/en_GB/LC_MESSAGES/pulseaudio.mo
7f2da49fc000-7f2da4a0b000 r-xp 00000000 08:07 1709459                    /usr/lib/jvm/java-7-oracle/jre/lib/amd64/libjsoundalsa.so
7f2da4a0b000-7f2da4c0a000 ---p 0000f000 08:07 1709459                    /usr/lib/jvm/java-7-oracle/jre/lib/amd64/libjsoundalsa.so
7f2da4c0a000-7f2da4c0b000 rw-p 0000e000 08:07 1709459                    /usr/lib/jvm/java-7-oracle/jre/lib/amd64/libjsoundalsa.so
7f2da4c0b000-7f2da4c0c000 r-xp 00000000 08:07 1709434                    /usr/lib/jvm/java-7-oracle/jre/lib/amd64/libjsound.so
7f2da4c0c000-7f2da4e0b000 ---p 00001000 08:07 1709434                    /usr/lib/jvm/java-7-oracle/jre/lib/amd64/libjsound.so
7f2da4e0b000-7f2da4e0c000 rw-p 00000000 08:07 1709434                    /usr/lib/jvm/java-7-oracle/jre/lib/amd64/libjsound.so
7f2da4e0c000-7f2da4e1e000 r--s 00000000 08:07 1832421                    /usr/share/fonts/type1/gsfonts/n019044l.pfb
7f2da4e1e000-7f2da4e2e000 r--s 00000000 08:07 1832367                    /usr/share/fonts/type1/gsfonts/a010013l.pfb
7f2da4e2e000-7f2da4e3f000 r--s 00000000 08:07 1832376                    /usr/share/fonts/type1/gsfonts/a010035l.pfb
7f2da4e3f000-7f2da4e4f000 r--s 00000000 08:07 1832373                    /usr/share/fonts/type1/gsfonts/a010033l.pfb
7f2da4e4f000-7f2da4e64000 r--s 00000000 08:07 1832385                    /usr/share/fonts/type1/gsfonts/b018032l.pfb
7f2da4e64000-7f2da4e74000 r--s 00000000 08:07 1832370                    /usr/share/fonts/type1/gsfonts/a010015l.pfb
7f2da4e74000-7f2da4e8c000 r--s 00000000 08:07 1832397                    /usr/share/fonts/type1/gsfonts/c059033l.pfb
7f2da4e8c000-7f2da4e9e000 r--s 00000000 08:07 1832418                    /usr/share/fonts/type1/gsfonts/n019043l.pfb
7f2da4e9e000-7f2da4eb1000 r--s 00000000 08:07 1832382                    /usr/share/fonts/type1/gsfonts/b018015l.pfb
7f2da4eb1000-7f2da4ecb000 r--s 00000000 08:07 1832391                    /usr/share/fonts/type1/gsfonts/c059013l.pfb
7f2da4ecb000-7f2da4ede000 r--s 00000000 08:07 1832427                    /usr/share/fonts/type1/gsfonts/n019064l.pfb
7f2da4ede000-7f2da4ef5000 r--s 00000000 08:07 1832469                    /usr/share/fonts/type1/gsfonts/z003034l.pfb
7f2da4ef5000-7f2da4efe000 r--s 00000000 08:07 1832466                    /usr/share/fonts/type1/gsfonts/s050000l.pfb
7f2da4efe000-7f2da4f19000 r--s 00000000 08:07 1832394                    /usr/share/fonts/type1/gsfonts/c059016l.pfb
7f2da4f19000-7f2da4f2b000 r--s 00000000 08:07 1832388                    /usr/share/fonts/type1/gsfonts/b018035l.pfb
7f2da4f2b000-7f2da4f46000 r--s 00000000 08:07 1832454                    /usr/share/fonts/type1/gsfonts/p052003l.pfb
7f2da4f46000-7f2da4f57000 r--s 00000000 08:07 1832424                    /usr/share/fonts/type1/gsfonts/n019063l.pfb
7f2da4f57000-7f2da4f73000 r--s 00000000 08:07 1832463                    /usr/share/fonts/type1/gsfonts/p052024l.pfb
7f2da4f73000-7f2da4f8e000 r--s 00000000 08:07 1832457                    /usr/share/fonts/type1/gsfonts/p052004l.pfb
7f2da4f8e000-7f2da4fa9000 r--s 00000000 08:07 1832460                    /usr/share/fonts/type1/gsfonts/p052023l.pfb
7f2da4fa9000-7f2da4fc2000 r--s 00000000 08:07 1832379                    /usr/share/fonts/type1/gsfonts/b018012l.pfb
7f2da4fc2000-7f2da4fce000 r--s 00000000 08:07 1832403                    /usr/share/fonts/type1/gsfonts/d050000l.pfb
7f2da4fce000-7f2da4fe6000 r--s 00000000 08:07 1832400                    /usr/share/fonts/type1/gsfonts/c059036l.pfb
7f2da4fe6000-7f2da4fef000 r--s 00000000 08:07 1831638                    /usr/share/fonts/X11/Type1/c0648bt_.pfb
7f2da4fef000-7f2da4ff8000 r--s 00000000 08:07 1831640                    /usr/share/fonts/X11/Type1/c0649bt_.pfb
7f2da4ff8000-7f2da5002000 r--s 00000000 08:07 1831626                    /usr/share/fonts/X11/Type1/c0419bt_.pfb
7f2da5002000-7f2da500c000 r--s 00000000 08:07 1831630                    /usr/share/fonts/X11/Type1/c0583bt_.pfb
7f2da500c000-7f2da5015000 r--s 00000000 08:07 1831636                    /usr/share/fonts/X11/Type1/c0633bt_.pfb
7f2da5015000-7f2da501f000 r--s 00000000 08:07 1831628                    /usr/share/fonts/X11/Type1/c0582bt_.pfb
7f2da501f000-7f2da5028000 r--s 00000000 08:07 1831634                    /usr/share/fonts/X11/Type1/c0632bt_.pfb
7f2da5028000-7f2da5032000 r--s 00000000 08:07 1832472                    /usr/share/fonts/type1/mathml/Symbol.pfb
7f2da5032000-7f2da503c000 r--s 00000000 08:07 1831632                    /usr/share/fonts/X11/Type1/c0611bt_.pfb
7f2da503c000-7f2da503e000 r--s 00000000 08:07 915766                     /var/cache/fontconfig/767a8244fc0220cfb567a839d0392e0b-le64.cache-4
7f2da503e000-7f2da503f000 r--s 00000000 08:07 919955                     /var/cache/fontconfig/4794a0821666d79190d59a36cb4f44b5-le64.cache-4
7f2da503f000-7f2da5040000 r--s 00000000 08:07 915762                     /var/cache/fontconfig/56cf4f4769d0f4abc89a4895d7bd3ae1-le64.cache-4
7f2da5040000-7f2da5053000 r--s 00000000 08:07 915759                     /var/cache/fontconfig/d52a8644073d54c13679302ca1180695-le64.cache-4
7f2da5053000-7f2da505c000 r--s 00000000 08:07 915758                     /var/cache/fontconfig/3f7329c5293ffd510edef78f73874cfd-le64.cache-4
7f2da505c000-7f2da5072000 r--s 00000000 08:07 1832451                    /usr/share/fonts/type1/gsfonts/n022024l.pfb
7f2da5072000-7f2da508a000 r--s 00000000 08:07 1832442                    /usr/share/fonts/type1/gsfonts/n022003l.pfb
7f2da508a000-7f2da509b000 r--s 00000000 08:07 1832415                    /usr/share/fonts/type1/gsfonts/n019024l.pfb
7f2da509b000-7f2da50b4000 r--s 00000000 08:07 1832433                    /usr/share/fonts/type1/gsfonts/n021004l.pfb
7f2da50b4000-7f2da50c6000 r--s 00000000 08:07 1832409                    /usr/share/fonts/type1/gsfonts/n019004l.pfb
7f2da50c6000-7f2da50df000 r--s 00000000 08:07 1832445                    /usr/share/fonts/type1/gsfonts/n022004l.pfb
7f2da50df000-7f2da50f8000 r--s 00000000 08:07 1832430                    /usr/share/fonts/type1/gsfonts/n021003l.pfb
7f2da50f8000-7f2da510e000 r--s 00000000 08:07 1832439                    /usr/share/fonts/type1/gsfonts/n021024l.pfb
7f2da510e000-7f2da5124000 r--s 00000000 08:07 1832448                    /usr/share/fonts/type1/gsfonts/n022023l.pfb
7f2da5124000-7f2da5127000 ---p 00000000 00:00 0 
7f2da5127000-7f2da5225000 rw-p 00000000 00:00 0                          [stack:23211]
7f2da5225000-7f2da5228000 ---p 00000000 00:00 0 
7f2da5228000-7f2da5326000 rw-p 00000000 00:00 0                          [stack:23193]
7f2da5326000-7f2da5329000 ---p 00000000 00:00 0 
7f2da5329000-7f2da5427000 rw-p 00000000 00:00 0                          [stack:23192]
7f2da5427000-7f2da542a000 ---p 00000000 00:00 0 
7f2da542a000-7f2da5528000 rw-p 00000000 00:00 0                          [stack:23191]
7f2da5528000-7f2da5591000 r-xp 00000000 08:07 1709442                    /usr/lib/jvm/java-7-oracle/jre/lib/amd64/libt2k.so
7f2da5591000-7f2da5790000 ---p 00069000 08:07 1709442                    /usr/lib/jvm/java-7-oracle/jre/lib/amd64/libt2k.so
7f2da5790000-7f2da5797000 rw-p 00068000 08:07 1709442                    /usr/lib/jvm/java-7-oracle/jre/lib/amd64/libt2k.so
7f2da5797000-7f2da57a7000 rw-p 00000000 00:00 0 
7f2da57a7000-7f2da580c000 r-xp 00000000 08:07 1709447                    /usr/lib/jvm/java-7-oracle/jre/lib/amd64/libfontmanager.so
7f2da580c000-7f2da5a0b000 ---p 00065000 08:07 1709447                    /usr/lib/jvm/java-7-oracle/jre/lib/amd64/libfontmanager.so
7f2da5a0b000-7f2da5a0f000 rw-p 00064000 08:07 1709447                    /usr/lib/jvm/java-7-oracle/jre/lib/amd64/libfontmanager.so
7f2da5a0f000-7f2da5a20000 rw-p 00000000 00:00 0 
7f2da5a20000-7f2da5a23000 ---p 00000000 00:00 0 
7f2da5a23000-7f2da5b21000 rw-p 00000000 00:00 0                          [stack:23189]
7f2da5b21000-7f2da5b24000 ---p 00000000 00:00 0 
7f2da5b24000-7f2da5c22000 rw-p 00000000 00:00 0                          [stack:23188]
7f2da5c22000-7f2da5c39000 r-xp 00000000 08:07 3406374                    /lib/x86_64-linux-gnu/libresolv-2.19.so
7f2da5c39000-7f2da5e39000 ---p 00017000 08:07 3406374                    /lib/x86_64-linux-gnu/libresolv-2.19.so
7f2da5e39000-7f2da5e3a000 r--p 00017000 08:07 3406374                    /lib/x86_64-linux-gnu/libresolv-2.19.so
7f2da5e3a000-7f2da5e3b000 rw-p 00018000 08:07 3406374                    /lib/x86_64-linux-gnu/libresolv-2.19.so
7f2da5e3b000-7f2da5e3d000 rw-p 00000000 00:00 0 
7f2da5e3d000-7f2da5e42000 r-xp 00000000 08:07 3406304                    /lib/x86_64-linux-gnu/libnss_dns-2.19.so
7f2da5e42000-7f2da6041000 ---p 00005000 08:07 3406304                    /lib/x86_64-linux-gnu/libnss_dns-2.19.so
7f2da6041000-7f2da6042000 r--p 00004000 08:07 3406304                    /lib/x86_64-linux-gnu/libnss_dns-2.19.so
7f2da6042000-7f2da6043000 rw-p 00005000 08:07 3406304                    /lib/x86_64-linux-gnu/libnss_dns-2.19.so
7f2da6043000-7f2da6045000 r-xp 00000000 08:07 3406381                    /lib/x86_64-linux-gnu/libnss_mdns4_minimal.so.2
7f2da6045000-7f2da6244000 ---p 00002000 08:07 3406381                    /lib/x86_64-linux-gnu/libnss_mdns4_minimal.so.2
7f2da6244000-7f2da6245000 r--p 00001000 08:07 3406381                    /lib/x86_64-linux-gnu/libnss_mdns4_minimal.so.2
7f2da6245000-7f2da6246000 rw-p 00002000 08:07 3406381                    /lib/x86_64-linux-gnu/libnss_mdns4_minimal.so.2
7f2da6246000-7f2da625c000 r-xp 00000000 08:07 3402216                    /lib/x86_64-linux-gnu/libgcc_s.so.1
7f2da625c000-7f2da645b000 ---p 00016000 08:07 3402216                    /lib/x86_64-linux-gnu/libgcc_s.so.1
7f2da645b000-7f2da645c000 rw-p 00015000 08:07 3402216                    /lib/x86_64-linux-gnu/libgcc_s.so.1
7f2da645c000-7f2da648e000 r-xp 00000000 08:07 1709483                    /usr/lib/jvm/java-7-oracle/jre/lib/amd64/libsunec.so
7f2da648e000-7f2da668d000 ---p 00032000 08:07 1709483                    /usr/lib/jvm/java-7-oracle/jre/lib/amd64/libsunec.so
7f2da668d000-7f2da6693000 rw-p 00031000 08:07 1709483                    /usr/lib/jvm/java-7-oracle/jre/lib/amd64/libsunec.so
7f2da6693000-7f2da66a3000 rw-p 00000000 00:00 0 
7f2da66a3000-7f2da66a6000 ---p 00000000 00:00 0 
7f2da66a6000-7f2da67a4000 rw-p 00000000 00:00 0                          [stack:23186]
7f2da67a4000-7f2da67ba000 r-xp 00000000 08:07 1709454                    /usr/lib/jvm/java-7-oracle/jre/lib/amd64/libnet.so
7f2da67ba000-7f2da69ba000 ---p 00016000 08:07 1709454                    /usr/lib/jvm/java-7-oracle/jre/lib/amd64/libnet.so
7f2da69ba000-7f2da69bb000 rw-p 00016000 08:07 1709454                    /usr/lib/jvm/java-7-oracle/jre/lib/amd64/libnet.so
7f2da69bb000-7f2da69cb000 r-xp 00000000 08:07 1709457                    /usr/lib/jvm/java-7-oracle/jre/lib/amd64/libnio.so
7f2da69cb000-7f2da6bcb000 ---p 00010000 08:07 1709457                    /usr/lib/jvm/java-7-oracle/jre/lib/amd64/libnio.so
7f2da6bcb000-7f2da6bcc000 rw-p 00010000 08:07 1709457                    /usr/lib/jvm/java-7-oracle/jre/lib/amd64/libnio.so
7f2da6bcc000-7f2da6bcf000 ---p 00000000 00:00 0 
7f2da6bcf000-7f2da6ccd000 rw-p 00000000 00:00 0                          [stack:23185]
7f2da6ccd000-7f2da6cd0000 ---p 00000000 00:00 0 
7f2da6cd0000-7f2da6dce000 rw-p 00000000 00:00 0                          [stack:23183]
7f2da6dce000-7f2da6dd1000 ---p 00000000 00:00 0 
7f2da6dd1000-7f2da6ecf000 rw-p 00000000 00:00 0                          [stack:23182]
7f2da6ecf000-7f2da6ed2000 ---p 00000000 00:00 0 
7f2da6ed2000-7f2da6fd0000 rw-p 00000000 00:00 0                          [stack:23181]
7f2da6fd0000-7f2da6fd5000 r-xp 00000000 08:07 791916                     /usr/lib/x86_64-linux-gnu/libXfixes.so.3.1.0
7f2da6fd5000-7f2da71d4000 ---p 00005000 08:07 791916                     /usr/lib/x86_64-linux-gnu/libXfixes.so.3.1.0
7f2da71d4000-7f2da71d5000 r--p 00004000 08:07 791916                     /usr/lib/x86_64-linux-gnu/libXfixes.so.3.1.0
7f2da71d5000-7f2da71d6000 rw-p 00005000 08:07 791916                     /usr/lib/x86_64-linux-gnu/libXfixes.so.3.1.0
7f2da71d6000-7f2da71df000 r-xp 00000000 08:07 791908                     /usr/lib/x86_64-linux-gnu/libXcursor.so.1.0.2
7f2da71df000-7f2da73de000 ---p 00009000 08:07 791908                     /usr/lib/x86_64-linux-gnu/libXcursor.so.1.0.2
7f2da73de000-7f2da73df000 r--p 00008000 08:07 791908                     /usr/lib/x86_64-linux-gnu/libXcursor.so.1.0.2
7f2da73df000-7f2da73e0000 rw-p 00009000 08:07 791908                     /usr/lib/x86_64-linux-gnu/libXcursor.so.1.0.2
7f2da73e0000-7f2da73e3000 ---p 00000000 00:00 0 
7f2da73e3000-7f2da74e1000 rw-p 00000000 00:00 0                          [stack:23180]
7f2da74e1000-7f2da74e6000 r-xp 00000000 08:07 791912                     /usr/lib/x86_64-linux-gnu/libXdmcp.so.6.0.0
7f2da74e6000-7f2da76e5000 ---p 00005000 08:07 791912                     /usr/lib/x86_64-linux-gnu/libXdmcp.so.6.0.0
7f2da76e5000-7f2da76e6000 r--p 00004000 08:07 791912                     /usr/lib/x86_64-linux-gnu/libXdmcp.so.6.0.0
7f2da76e6000-7f2da76e7000 rw-p 00005000 08:07 791912                     /usr/lib/x86_64-linux-gnu/libXdmcp.so.6.0.0
7f2da76e7000-7f2da76e9000 r-xp 00000000 08:07 791901                     /usr/lib/x86_64-linux-gnu/libXau.so.6.0.0
7f2da76e9000-7f2da78e9000 ---p 00002000 08:07 791901                     /usr/lib/x86_64-linux-gnu/libXau.so.6.0.0
7f2da78e9000-7f2da78ea000 r--p 00002000 08:07 791901                     /usr/lib/x86_64-linux-gnu/libXau.so.6.0.0
7f2da78ea000-7f2da78eb000 rw-p 00003000 08:07 791901                     /usr/lib/x86_64-linux-gnu/libXau.so.6.0.0
7f2da78eb000-7f2da7908000 r-xp 00000000 08:07 793084                     /usr/lib/x86_64-linux-gnu/libxcb.so.1.1.0
7f2da7908000-7f2da7b08000 ---p 0001d000 08:07 793084                     /usr/lib/x86_64-linux-gnu/libxcb.so.1.1.0
7f2da7b08000-7f2da7b09000 r--p 0001d000 08:07 793084                     /usr/lib/x86_64-linux-gnu/libxcb.so.1.1.0
7f2da7b09000-7f2da7b0a000 rw-p 0001e000 08:07 793084                     /usr/lib/x86_64-linux-gnu/libxcb.so.1.1.0
7f2da7b0a000-7f2da7b19000 r-xp 00000000 08:07 791922                     /usr/lib/x86_64-linux-gnu/libXi.so.6.1.0
7f2da7b19000-7f2da7d18000 ---p 0000f000 08:07 791922                     /usr/lib/x86_64-linux-gnu/libXi.so.6.1.0
7f2da7d18000-7f2da7d19000 r--p 0000e000 08:07 791922                     /usr/lib/x86_64-linux-gnu/libXi.so.6.1.0
7f2da7d19000-7f2da7d1a000 rw-p 0000f000 08:07 791922                     /usr/lib/x86_64-linux-gnu/libXi.so.6.1.0
7f2da7d1a000-7f2da7d1f000 r-xp 00000000 08:07 791940                     /usr/lib/x86_64-linux-gnu/libXtst.so.6.1.0
7f2da7d1f000-7f2da7f1e000 ---p 00005000 08:07 791940                     /usr/lib/x86_64-linux-gnu/libXtst.so.6.1.0
7f2da7f1e000-7f2da7f1f000 r--p 00004000 08:07 791940                     /usr/lib/x86_64-linux-gnu/libXtst.so.6.1.0
7f2da7f1f000-7f2da7f20000 rw-p 00005000 08:07 791940                     /usr/lib/x86_64-linux-gnu/libXtst.so.6.1.0
7f2da7f20000-7f2dac000000 rw-p 00000000 00:00 0 
7f2dac000000-7f2dac021000 rw-p 00000000 00:00 0 
7f2dac021000-7f2db0000000 ---p 00000000 00:00 0 
7f2db0000000-7f2db0021000 rw-p 00000000 00:00 0 
7f2db0021000-7f2db4000000 ---p 00000000 00:00 0 
7f2db4000000-7f2db4021000 rw-p 00000000 00:00 0 
7f2db4021000-7f2db8000000 ---p 00000000 00:00 0 
7f2db8000000-7f2db8021000 rw-p 00000000 00:00 0 
7f2db8021000-7f2dbc000000 ---p 00000000 00:00 0 
7f2dbc000000-7f2dbc001000 r--s 00000000 08:07 915761                     /var/cache/fontconfig/b9d506c9ac06c20b433354fa67a72993-le64.cache-4
7f2dbc001000-7f2dbc00c000 r--s 00000000 08:07 915757                     /var/cache/fontconfig/d589a48862398ed80a3d6066f4f56f4c-le64.cache-4
7f2dbc00c000-7f2dbc023000 r--s 00000000 08:07 1832436                    /usr/share/fonts/type1/gsfonts/n021023l.pfb
7f2dbc023000-7f2dbc02d000 r--s 00000000 08:07 1832472                    /usr/share/fonts/type1/mathml/Symbol.pfb
7f2dbc02d000-7f2dbc03e000 r--s 00000000 08:07 1832412                    /usr/share/fonts/type1/gsfonts/n019023l.pfb
7f2dbc03e000-7f2dbc085000 rw-s 00000000 00:04 7110659                    /SYSV00000000 (deleted)
7f2dbc085000-7f2dbc08e000 r-xp 00000000 08:07 791934                     /usr/lib/x86_64-linux-gnu/libXrender.so.1.3.0
7f2dbc08e000-7f2dbc28d000 ---p 00009000 08:07 791934                     /usr/lib/x86_64-linux-gnu/libXrender.so.1.3.0
7f2dbc28d000-7f2dbc28e000 r--p 00008000 08:07 791934                     /usr/lib/x86_64-linux-gnu/libXrender.so.1.3.0
7f2dbc28e000-7f2dbc28f000 rw-p 00009000 08:07 791934                     /usr/lib/x86_64-linux-gnu/libXrender.so.1.3.0
7f2dbc28f000-7f2dbc3bf000 r-xp 00000000 08:07 791897                     /usr/lib/x86_64-linux-gnu/libX11.so.6.3.0
7f2dbc3bf000-7f2dbc5bf000 ---p 00130000 08:07 791897                     /usr/lib/x86_64-linux-gnu/libX11.so.6.3.0
7f2dbc5bf000-7f2dbc5c0000 r--p 00130000 08:07 791897                     /usr/lib/x86_64-linux-gnu/libX11.so.6.3.0
7f2dbc5c0000-7f2dbc5c4000 rw-p 00131000 08:07 791897                     /usr/lib/x86_64-linux-gnu/libX11.so.6.3.0
7f2dbc5c4000-7f2dbc5d5000 r-xp 00000000 08:07 791914                     /usr/lib/x86_64-linux-gnu/libXext.so.6.4.0
7f2dbc5d5000-7f2dbc7d4000 ---p 00011000 08:07 791914                     /usr/lib/x86_64-linux-gnu/libXext.so.6.4.0
7f2dbc7d4000-7f2dbc7d5000 r--p 00010000 08:07 791914                     /usr/lib/x86_64-linux-gnu/libXext.so.6.4.0
7f2dbc7d5000-7f2dbc7d6000 rw-p 00011000 08:07 791914                     /usr/lib/x86_64-linux-gnu/libXext.so.6.4.0
7f2dbc7d6000-7f2dbc826000 r-xp 00000000 08:07 1709461                    /usr/lib/jvm/java-7-oracle/jre/lib/amd64/xawt/libmawt.so
7f2dbc826000-7f2dbca26000 ---p 00050000 08:07 1709461                    /usr/lib/jvm/java-7-oracle/jre/lib/amd64/xawt/libmawt.so
7f2dbca26000-7f2dbca2a000 rw-p 00050000 08:07 1709461                    /usr/lib/jvm/java-7-oracle/jre/lib/amd64/xawt/libmawt.so
7f2dbca2a000-7f2dbca2b000 rw-p 00000000 00:00 0 
7f2dbca2b000-7f2dbcacd000 r-xp 00000000 08:07 1709426                    /usr/lib/jvm/java-7-oracle/jre/lib/amd64/libawt.so
7f2dbcacd000-7f2dbcccd000 ---p 000a2000 08:07 1709426                    /usr/lib/jvm/java-7-oracle/jre/lib/amd64/libawt.so
7f2dbcccd000-7f2dbccd9000 rw-p 000a2000 08:07 1709426                    /usr/lib/jvm/java-7-oracle/jre/lib/amd64/libawt.so
7f2dbccd9000-7f2dbccfd000 rw-p 00000000 00:00 0 
7f2dbccfd000-7f2dbccfe000 ---p 00000000 00:00 0 
7f2dbccfe000-7f2dbcdfe000 rw-p 00000000 00:00 0                          [stack:23179]
7f2dbcdfe000-7f2dbce01000 ---p 00000000 00:00 0 
7f2dbce01000-7f2dbceff000 rw-p 00000000 00:00 0                          [stack:23178]
7f2dbceff000-7f2dbcf02000 ---p 00000000 00:00 0 
7f2dbcf02000-7f2dbd000000 rw-p 00000000 00:00 0                          [stack:23177]
7f2dbd000000-7f2dbd270000 rwxp 00000000 00:00 0 
7f2dbd270000-7f2dc0263000 rw-p 00000000 00:00 0 
7f2dc0263000-7f2dc4000000 ---p 00000000 00:00 0 
7f2dc4000000-7f2dc4001000 r--s 00000000 08:07 915756                     /var/cache/fontconfig/0c9eb80ebd1c36541ebe2852d3bb0c49-le64.cache-4
7f2dc4001000-7f2dc4004000 r--s 00000000 08:07 915744                     /var/cache/fontconfig/e13b20fdb08344e0e664864cc2ede53d-le64.cache-4
7f2dc4004000-7f2dc4008000 r--s 00000000 08:07 925135                     /var/cache/fontconfig/7ef2298fde41cc6eeb7af42e48b7d293-le64.cache-4
7f2dc4008000-7f2dc401c000 r--s 00000000 08:07 1832406                    /usr/share/fonts/type1/gsfonts/n019003l.pfb
7f2dc401c000-7f2dc4020000 r--s 0002d000 08:07 1709536                    /usr/lib/jvm/java-7-oracle/jre/lib/ext/sunjce_provider.jar
7f2dc4020000-7f2dc4021000 r--s 00003000 08:07 1709533                    /usr/lib/jvm/java-7-oracle/jre/lib/ext/sunec.jar
7f2dc4021000-7f2dc4025000 r--s 0008b000 08:07 1450757                    /usr/lib/jvm/java-7-oracle/jre/lib/jsse.jar
7f2dc4025000-7f2dc4028000 ---p 00000000 00:00 0 
7f2dc4028000-7f2dc4126000 rw-p 00000000 00:00 0                          [stack:23176]
7f2dc4126000-7f2dc4129000 ---p 00000000 00:00 0 
7f2dc4129000-7f2dc4227000 rw-p 00000000 00:00 0                          [stack:23175]
7f2dc4227000-7f2dc44f0000 r--p 00000000 08:07 790289                     /usr/lib/locale/locale-archive
7f2dc44f0000-7f2dc44f3000 ---p 00000000 00:00 0 
7f2dc44f3000-7f2dc45f1000 rw-p 00000000 00:00 0                          [stack:23174]
7f2dc45f1000-7f2dc45f4000 ---p 00000000 00:00 0 
7f2dc45f4000-7f2dc46f2000 rw-p 00000000 00:00 0                          [stack:23173]
7f2dc46f2000-7f2dc46f3000 ---p 00000000 00:00 0 
7f2dc46f3000-7f2dc574d000 rw-p 00000000 00:00 0                          [stack:23172]
7f2dc574d000-7f2dc590c000 r--s 039f0000 08:07 1450832                    /usr/lib/jvm/java-7-oracle/jre/lib/rt.jar
7f2dc590c000-7f2dc5e14000 rw-p 00000000 00:00 0 
7f2dc5e14000-7f2dc5e15000 ---p 00000000 00:00 0 
7f2dc5e15000-7f2dc5f15000 rw-p 00000000 00:00 0                          [stack:23171]
7f2dc5f15000-7f2dc5f16000 ---p 00000000 00:00 0 
7f2dc5f16000-7f2dc6016000 rw-p 00000000 00:00 0                          [stack:23170]
7f2dc6016000-7f2dc6017000 ---p 00000000 00:00 0 
7f2dc6017000-7f2dc6117000 rw-p 00000000 00:00 0                          [stack:23169]
7f2dc6117000-7f2dc6118000 ---p 00000000 00:00 0 
7f2dc6118000-7f2dc6224000 rw-p 00000000 00:00 0                          [stack:23168]
7f2dc6224000-7f2dc6241000 rw-p 00000000 00:00 0 
7f2dc6241000-7f2dc626b000 rw-p 00000000 00:00 0 
7f2dc626b000-7f2dc64da000 rw-p 00000000 00:00 0 
7f2dc64da000-7f2dc64e6000 rw-p 00000000 00:00 0 
7f2dc64e6000-7f2dc6503000 rw-p 00000000 00:00 0 
7f2dc6503000-7f2dc652d000 rw-p 00000000 00:00 0 
7f2dc652d000-7f2dc679b000 rw-p 00000000 00:00 0 
7f2dc679b000-7f2dc67b1000 rw-p 00000000 00:00 0 
7f2dc67b1000-7f2dc68e8000 rw-p 00000000 00:00 0 
7f2dc68e8000-7f2dc68e9000 rw-p 00000000 00:00 0 
7f2dc68e9000-7f2dc6903000 r-xp 00000000 08:07 1709469                    /usr/lib/jvm/java-7-oracle/jre/lib/amd64/libzip.so
7f2dc6903000-7f2dc6b03000 ---p 0001a000 08:07 1709469                    /usr/lib/jvm/java-7-oracle/jre/lib/amd64/libzip.so
7f2dc6b03000-7f2dc6b04000 rw-p 0001a000 08:07 1709469                    /usr/lib/jvm/java-7-oracle/jre/lib/amd64/libzip.so
7f2dc6b04000-7f2dc6b0f000 r-xp 00000000 08:07 3406420                    /lib/x86_64-linux-gnu/libnss_files-2.19.so
7f2dc6b0f000-7f2dc6d0e000 ---p 0000b000 08:07 3406420                    /lib/x86_64-linux-gnu/libnss_files-2.19.so
7f2dc6d0e000-7f2dc6d0f000 r--p 0000a000 08:07 3406420                    /lib/x86_64-linux-gnu/libnss_files-2.19.so
7f2dc6d0f000-7f2dc6d10000 rw-p 0000b000 08:07 3406420                    /lib/x86_64-linux-gnu/libnss_files-2.19.so
7f2dc6d10000-7f2dc6d1b000 r-xp 00000000 08:07 3406378                    /lib/x86_64-linux-gnu/libnss_nis-2.19.so
7f2dc6d1b000-7f2dc6f1a000 ---p 0000b000 08:07 3406378                    /lib/x86_64-linux-gnu/libnss_nis-2.19.so
7f2dc6f1a000-7f2dc6f1b000 r--p 0000a000 08:07 3406378                    /lib/x86_64-linux-gnu/libnss_nis-2.19.so
7f2dc6f1b000-7f2dc6f1c000 rw-p 0000b000 08:07 3406378                    /lib/x86_64-linux-gnu/libnss_nis-2.19.so
7f2dc6f1c000-7f2dc6f33000 r-xp 00000000 08:07 3406350                    /lib/x86_64-linux-gnu/libnsl-2.19.so
7f2dc6f33000-7f2dc7132000 ---p 00017000 08:07 3406350                    /lib/x86_64-linux-gnu/libnsl-2.19.so
7f2dc7132000-7f2dc7133000 r--p 00016000 08:07 3406350                    /lib/x86_64-linux-gnu/libnsl-2.19.so
7f2dc7133000-7f2dc7134000 rw-p 00017000 08:07 3406350                    /lib/x86_64-linux-gnu/libnsl-2.19.so
7f2dc7134000-7f2dc7136000 rw-p 00000000 00:00 0 
7f2dc7136000-7f2dc713f000 r-xp 00000000 08:07 3406330                    /lib/x86_64-linux-gnu/libnss_compat-2.19.so
7f2dc713f000-7f2dc733e000 ---p 00009000 08:07 3406330                    /lib/x86_64-linux-gnu/libnss_compat-2.19.so
7f2dc733e000-7f2dc733f000 r--p 00008000 08:07 3406330                    /lib/x86_64-linux-gnu/libnss_compat-2.19.so
7f2dc733f000-7f2dc7340000 rw-p 00009000 08:07 3406330                    /lib/x86_64-linux-gnu/libnss_compat-2.19.so
7f2dc7340000-7f2dc7369000 r-xp 00000000 08:07 1709448                    /usr/lib/jvm/java-7-oracle/jre/lib/amd64/libjava.so
7f2dc7369000-7f2dc7569000 ---p 00029000 08:07 1709448                    /usr/lib/jvm/java-7-oracle/jre/lib/amd64/libjava.so
7f2dc7569000-7f2dc756b000 rw-p 00029000 08:07 1709448                    /usr/lib/jvm/java-7-oracle/jre/lib/amd64/libjava.so
7f2dc756b000-7f2dc7578000 r-xp 00000000 08:07 1709430                    /usr/lib/jvm/java-7-oracle/jre/lib/amd64/libverify.so
7f2dc7578000-7f2dc7777000 ---p 0000d000 08:07 1709430                    /usr/lib/jvm/java-7-oracle/jre/lib/amd64/libverify.so
7f2dc7777000-7f2dc7779000 rw-p 0000c000 08:07 1709430                    /usr/lib/jvm/java-7-oracle/jre/lib/amd64/libverify.so
7f2dc7779000-7f2dc7780000 r-xp 00000000 08:07 3402315                    /lib/x86_64-linux-gnu/librt-2.19.so
7f2dc7780000-7f2dc797f000 ---p 00007000 08:07 3402315                    /lib/x86_64-linux-gnu/librt-2.19.so
7f2dc797f000-7f2dc7980000 r--p 00006000 08:07 3402315                    /lib/x86_64-linux-gnu/librt-2.19.so
7f2dc7980000-7f2dc7981000 rw-p 00007000 08:07 3402315                    /lib/x86_64-linux-gnu/librt-2.19.so
7f2dc7981000-7f2dc7a86000 r-xp 00000000 08:07 3406348                    /lib/x86_64-linux-gnu/libm-2.19.so
7f2dc7a86000-7f2dc7c85000 ---p 00105000 08:07 3406348                    /lib/x86_64-linux-gnu/libm-2.19.so
7f2dc7c85000-7f2dc7c86000 r--p 00104000 08:07 3406348                    /lib/x86_64-linux-gnu/libm-2.19.so
7f2dc7c86000-7f2dc7c87000 rw-p 00105000 08:07 3406348                    /lib/x86_64-linux-gnu/libm-2.19.so
7f2dc7c87000-7f2dc87fc000 r-xp 00000000 08:07 1709440                    /usr/lib/jvm/java-7-oracle/jre/lib/amd64/server/libjvm.so
7f2dc87fc000-7f2dc89fc000 ---p 00b75000 08:07 1709440                    /usr/lib/jvm/java-7-oracle/jre/lib/amd64/server/libjvm.so
7f2dc89fc000-7f2dc8ac0000 rw-p 00b75000 08:07 1709440                    /usr/lib/jvm/java-7-oracle/jre/lib/amd64/server/libjvm.so
7f2dc8ac0000-7f2dc8b01000 rw-p 00000000 00:00 0 
7f2dc8b01000-7f2dc8cbc000 r-xp 00000000 08:07 3402312                    /lib/x86_64-linux-gnu/libc-2.19.so
7f2dc8cbc000-7f2dc8ebc000 ---p 001bb000 08:07 3402312                    /lib/x86_64-linux-gnu/libc-2.19.so
7f2dc8ebc000-7f2dc8ec0000 r--p 001bb000 08:07 3402312                    /lib/x86_64-linux-gnu/libc-2.19.so
7f2dc8ec0000-7f2dc8ec2000 rw-p 001bf000 08:07 3402312                    /lib/x86_64-linux-gnu/libc-2.19.so
7f2dc8ec2000-7f2dc8ec7000 rw-p 00000000 00:00 0 
7f2dc8ec7000-7f2dc8eca000 r-xp 00000000 08:07 3406316                    /lib/x86_64-linux-gnu/libdl-2.19.so
7f2dc8eca000-7f2dc90c9000 ---p 00003000 08:07 3406316                    /lib/x86_64-linux-gnu/libdl-2.19.so
7f2dc90c9000-7f2dc90ca000 r--p 00002000 08:07 3406316                    /lib/x86_64-linux-gnu/libdl-2.19.so
7f2dc90ca000-7f2dc90cb000 rw-p 00003000 08:07 3406316                    /lib/x86_64-linux-gnu/libdl-2.19.so
7f2dc90cb000-7f2dc90e1000 r-xp 00000000 08:07 1314641                    /usr/lib/jvm/java-7-oracle/lib/amd64/jli/libjli.so
7f2dc90e1000-7f2dc92e1000 ---p 00016000 08:07 1314641                    /usr/lib/jvm/java-7-oracle/lib/amd64/jli/libjli.so
7f2dc92e1000-7f2dc92e2000 rw-p 00016000 08:07 1314641                    /usr/lib/jvm/java-7-oracle/lib/amd64/jli/libjli.so
7f2dc92e2000-7f2dc92fb000 r-xp 00000000 08:07 3406388                    /lib/x86_64-linux-gnu/libpthread-2.19.so
7f2dc92fb000-7f2dc94fa000 ---p 00019000 08:07 3406388                    /lib/x86_64-linux-gnu/libpthread-2.19.so
7f2dc94fa000-7f2dc94fb000 r--p 00018000 08:07 3406388                    /lib/x86_64-linux-gnu/libpthread-2.19.so
7f2dc94fb000-7f2dc94fc000 rw-p 00019000 08:07 3406388                    /lib/x86_64-linux-gnu/libpthread-2.19.so
7f2dc94fc000-7f2dc9500000 rw-p 00000000 00:00 0 
7f2dc9500000-7f2dc9523000 r-xp 00000000 08:07 3402261                    /lib/x86_64-linux-gnu/ld-2.19.so
7f2dc9523000-7f2dc9526000 r--s 00019000 08:07 1450777                    /usr/lib/jvm/java-7-oracle/jre/lib/jce.jar
7f2dc9526000-7f2dc9530000 r--s 00251000 08:07 1450806                    /usr/lib/jvm/java-7-oracle/jre/lib/resources.jar
7f2dc9530000-7f2dc953b000 r--s 0037c000 08:07 1450833                    /usr/lib/jvm/java-7-oracle/jre/lib/charsets.jar
7f2dc953b000-7f2dc9545000 rw-p 00000000 00:00 0 
7f2dc9545000-7f2dc95fb000 rw-p 00000000 00:00 0 
7f2dc95fb000-7f2dc95fe000 ---p 00000000 00:00 0 
7f2dc95fe000-7f2dc9700000 rw-p 00000000 00:00 0                          [stack:23167]
7f2dc9700000-7f2dc9701000 r--p 00000000 08:07 1443489                    /usr/share/locale-langpack/en_GB/LC_MESSAGES/libc.mo
7f2dc9701000-7f2dc9716000 r--s 001c6000 08:09 14026830                   /home/aymen/prisma/out/artifacts/prisma_jar/prisma.jar
7f2dc9716000-7f2dc971e000 rw-s 00000000 08:07 654114                     /tmp/hsperfdata_aymen/23166
7f2dc971e000-7f2dc971f000 rw-p 00000000 00:00 0 
7f2dc971f000-7f2dc9720000 r--p 00000000 00:00 0 
7f2dc9720000-7f2dc9722000 rw-p 00000000 00:00 0 
7f2dc9722000-7f2dc9723000 r--p 00022000 08:07 3402261                    /lib/x86_64-linux-gnu/ld-2.19.so
7f2dc9723000-7f2dc9724000 rw-p 00023000 08:07 3402261                    /lib/x86_64-linux-gnu/ld-2.19.so
7f2dc9724000-7f2dc9725000 rw-p 00000000 00:00 0 
7fffcfa50000-7fffcfa71000 rw-p 00000000 00:00 0                          [stack]
7fffcfad7000-7fffcfad9000 r-xp 00000000 00:00 0                          [vdso]
ffffffffff600000-ffffffffff601000 r-xp 00000000 00:00 0                  [vsyscall]

VM Arguments:
jvm_args: -Dfile.encoding=UTF-8 
java_command: /home/aymen/prisma/out/artifacts/prisma_jar/prisma.jar
Launcher Type: SUN_STANDARD

Environment Variables:
CLASSPATH=/home/aymen/IntelliJ/bin/../lib/bootstrap.jar:/home/aymen/IntelliJ/bin/../lib/extensions.jar:/home/aymen/IntelliJ/bin/../lib/util.jar:/home/aymen/IntelliJ/bin/../lib/jdom.jar:/home/aymen/IntelliJ/bin/../lib/log4j.jar:/home/aymen/IntelliJ/bin/../lib/trove4j.jar:/home/aymen/IntelliJ/bin/../lib/jna.jar:/usr/lib/jvm/java-7-oracle/lib/tools.jar
PATH=/usr/local/sbin:/usr/local/bin:/usr/sbin:/usr/bin:/sbin:/bin:/usr/games:/usr/local/games
USERNAME=aymen
LD_LIBRARY_PATH=/home/aymen/IntelliJ/bin:
SHELL=/bin/bash
DISPLAY=:0.0

Signal Handlers:
SIGSEGV: [libjvm.so+0x9a3bd0], sa_mask[0]=0x7ffbfeff, sa_flags=0x10000004
SIGBUS: [libjvm.so+0x9a3bd0], sa_mask[0]=0x7ffbfeff, sa_flags=0x10000004
SIGFPE: [libjvm.so+0x81cb60], sa_mask[0]=0x7ffbfeff, sa_flags=0x10000004
SIGPIPE: [libjvm.so+0x81cb60], sa_mask[0]=0x7ffbfeff, sa_flags=0x10000004
SIGXFSZ: [libjvm.so+0x81cb60], sa_mask[0]=0x7ffbfeff, sa_flags=0x10000004
SIGILL: [libjvm.so+0x81cb60], sa_mask[0]=0x7ffbfeff, sa_flags=0x10000004
SIGUSR1: SIG_DFL, sa_mask[0]=0x00000000, sa_flags=0x00000000
SIGUSR2: [libjvm.so+0x81e360], sa_mask[0]=0x00000004, sa_flags=0x10000004
SIGHUP: [libjvm.so+0x81f480], sa_mask[0]=0x7ffbfeff, sa_flags=0x10000004
SIGINT: [libjvm.so+0x81f480], sa_mask[0]=0x7ffbfeff, sa_flags=0x10000004
SIGTERM: [libjvm.so+0x81f480], sa_mask[0]=0x7ffbfeff, sa_flags=0x10000004
SIGQUIT: [libjvm.so+0x81f480], sa_mask[0]=0x7ffbfeff, sa_flags=0x10000004


---------------  S Y S T E M  ---------------

OS:jessie/sid

uname:Linux 3.13.0-24-generic #46-Ubuntu SMP Thu Apr 10 19:11:08 UTC 2014 x86_64
libc:glibc 2.19 NPTL 2.19 
rlimit: STACK 8192k, CORE 0k, NPROC 63503, NOFILE 4096, AS infinity
load average:0.57 0.57 0.49

/proc/meminfo:
MemTotal:        8159508 kB
MemFree:         2013020 kB
Buffers:          242260 kB
Cached:          1788380 kB
SwapCached:            0 kB
Active:          4512664 kB
Inactive:        1265364 kB
Active(anon):    3749880 kB
Inactive(anon):    43408 kB
Active(file):     762784 kB
Inactive(file):  1221956 kB
Unevictable:           0 kB
Mlocked:               0 kB
SwapTotal:             0 kB
SwapFree:              0 kB
Dirty:               764 kB
Writeback:          2236 kB
AnonPages:       3747368 kB
Mapped:           328168 kB
Shmem:             45980 kB
Slab:             169404 kB
SReclaimable:     120436 kB
SUnreclaim:        48968 kB
KernelStack:        7880 kB
PageTables:        86704 kB
NFS_Unstable:          0 kB
Bounce:                0 kB
WritebackTmp:          0 kB
CommitLimit:     4079752 kB
Committed_AS:   11748732 kB
VmallocTotal:   34359738367 kB
VmallocUsed:      336212 kB
VmallocChunk:   34359328168 kB
HardwareCorrupted:     0 kB
AnonHugePages:   1783808 kB
HugePages_Total:       0
HugePages_Free:        0
HugePages_Rsvd:        0
HugePages_Surp:        0
Hugepagesize:       2048 kB
DirectMap4k:       87080 kB
DirectMap2M:     8284160 kB


CPU:total 4 (4 cores per cpu, 1 threads per core) family 6 model 42 stepping 7, cmov, cx8, fxsr, mmx, sse, sse2, sse3, ssse3, sse4.1, sse4.2, popcnt, avx, aes, tsc, tscinvbit

/proc/cpuinfo:
processor	: 0
vendor_id	: GenuineIntel
cpu family	: 6
model		: 42
model name	: Intel(R) Core(TM) i5-2320 CPU @ 3.00GHz
stepping	: 7
microcode	: 0x1a
cpu MHz		: 1600.000
cache size	: 6144 KB
physical id	: 0
siblings	: 4
core id		: 0
cpu cores	: 4
apicid		: 0
initial apicid	: 0
fpu		: yes
fpu_exception	: yes
cpuid level	: 13
wp		: yes
flags		: fpu vme de pse tsc msr pae mce cx8 apic sep mtrr pge mca cmov pat pse36 clflush dts acpi mmx fxsr sse sse2 ss ht tm pbe syscall nx rdtscp lm constant_tsc arch_perfmon pebs bts rep_good nopl xtopology nonstop_tsc aperfmperf eagerfpu pni pclmulqdq dtes64 monitor ds_cpl vmx est tm2 ssse3 cx16 xtpr pdcm pcid sse4_1 sse4_2 popcnt tsc_deadline_timer aes xsave avx lahf_lm ida arat epb xsaveopt pln pts dtherm tpr_shadow vnmi flexpriority ept vpid
bogomips	: 5986.50
clflush size	: 64
cache_alignment	: 64
address sizes	: 36 bits physical, 48 bits virtual
power management:

processor	: 1
vendor_id	: GenuineIntel
cpu family	: 6
model		: 42
model name	: Intel(R) Core(TM) i5-2320 CPU @ 3.00GHz
stepping	: 7
microcode	: 0x1a
cpu MHz		: 2400.000
cache size	: 6144 KB
physical id	: 0
siblings	: 4
core id		: 1
cpu cores	: 4
apicid		: 2
initial apicid	: 2
fpu		: yes
fpu_exception	: yes
cpuid level	: 13
wp		: yes
flags		: fpu vme de pse tsc msr pae mce cx8 apic sep mtrr pge mca cmov pat pse36 clflush dts acpi mmx fxsr sse sse2 ss ht tm pbe syscall nx rdtscp lm constant_tsc arch_perfmon pebs bts rep_good nopl xtopology nonstop_tsc aperfmperf eagerfpu pni pclmulqdq dtes64 monitor ds_cpl vmx est tm2 ssse3 cx16 xtpr pdcm pcid sse4_1 sse4_2 popcnt tsc_deadline_timer aes xsave avx lahf_lm ida arat epb xsaveopt pln pts dtherm tpr_shadow vnmi flexpriority ept vpid
bogomips	: 5986.50
clflush size	: 64
cache_alignment	: 64
address sizes	: 36 bits physical, 48 bits virtual
power management:

processor	: 2
vendor_id	: GenuineIntel
cpu family	: 6
model		: 42
model name	: Intel(R) Core(TM) i5-2320 CPU @ 3.00GHz
stepping	: 7
microcode	: 0x1a
cpu MHz		: 2500.000
cache size	: 6144 KB
physical id	: 0
siblings	: 4
core id		: 2
cpu cores	: 4
apicid		: 4
initial apicid	: 4
fpu		: yes
fpu_exception	: yes
cpuid level	: 13
wp		: yes
flags		: fpu vme de pse tsc msr pae mce cx8 apic sep mtrr pge mca cmov pat pse36 clflush dts acpi mmx fxsr sse sse2 ss ht tm pbe syscall nx rdtscp lm constant_tsc arch_perfmon pebs bts rep_good nopl xtopology nonstop_tsc aperfmperf eagerfpu pni pclmulqdq dtes64 monitor ds_cpl vmx est tm2 ssse3 cx16 xtpr pdcm pcid sse4_1 sse4_2 popcnt tsc_deadline_timer aes xsave avx lahf_lm ida arat epb xsaveopt pln pts dtherm tpr_shadow vnmi flexpriority ept vpid
bogomips	: 5986.50
clflush size	: 64
cache_alignment	: 64
address sizes	: 36 bits physical, 48 bits virtual
power management:

processor	: 3
vendor_id	: GenuineIntel
cpu family	: 6
model		: 42
model name	: Intel(R) Core(TM) i5-2320 CPU @ 3.00GHz
stepping	: 7
microcode	: 0x1a
cpu MHz		: 3001.000
cache size	: 6144 KB
physical id	: 0
siblings	: 4
core id		: 3
cpu cores	: 4
apicid		: 6
initial apicid	: 6
fpu		: yes
fpu_exception	: yes
cpuid level	: 13
wp		: yes
flags		: fpu vme de pse tsc msr pae mce cx8 apic sep mtrr pge mca cmov pat pse36 clflush dts acpi mmx fxsr sse sse2 ss ht tm pbe syscall nx rdtscp lm constant_tsc arch_perfmon pebs bts rep_good nopl xtopology nonstop_tsc aperfmperf eagerfpu pni pclmulqdq dtes64 monitor ds_cpl vmx est tm2 ssse3 cx16 xtpr pdcm pcid sse4_1 sse4_2 popcnt tsc_deadline_timer aes xsave avx lahf_lm ida arat epb xsaveopt pln pts dtherm tpr_shadow vnmi flexpriority ept vpid
bogomips	: 5986.50
clflush size	: 64
cache_alignment	: 64
address sizes	: 36 bits physical, 48 bits virtual
power management:



Memory: 4k page, physical 8159508k(2013020k free), swap 0k(0k free)

vm_info: Java HotSpot(TM) 64-Bit Server VM (24.76-b04) for linux-amd64 JRE (1.7.0_76-b13), built on Dec 18 2014 16:58:39 by "java_re" with gcc 4.3.0 20080428 (Red Hat 4.3.0-8)

time: Sat Jan 24 20:18:38 2015
elapsed time: 6 seconds

