#
# A fatal error has been detected by the Java Runtime Environment:
#
#  SIGSEGV (0xb) at pc=0x00007ff1ffe592ef, pid=22109, tid=140675469981440
#
# JRE version: Java(TM) SE Runtime Environment (7.0_76-b13) (build 1.7.0_76-b13)
# Java VM: Java HotSpot(TM) 64-Bit Server VM (24.76-b04 mixed mode linux-amd64 compressed oops)
# Problematic frame:
# C  [libc.so.6+0x1512ef]  __nss_hosts_lookup+0x194df
#
# Failed to write core dump. Core dumps have been disabled. To enable core dumping, try "ulimit -c unlimited" before starting Java again
#
# If you would like to submit a bug report, please visit:
#   http://bugreport.java.com/bugreport/crash.jsp
# The crash happened outside the Java Virtual Machine in native code.
# See problematic frame for where to report the bug.
#

---------------  T H R E A D  ---------------

Current thread (0x00007ff14c008000):  JavaThread "Thread-3" [_thread_in_native, id=22172, stack(0x00007ff18f5ab000,0x00007ff18f6ac000)]

siginfo:si_signo=SIGSEGV: si_errno=0, si_code=1 (SEGV_MAPERR), si_addr=0x00007ff20092c000

Registers:
RAX=0x00007ff154011000, RBX=0x000000000000682f, RCX=0x0000000000008000, RDX=0x0000000000001c1f
RSP=0x00007ff18f6a8418, RBP=0x00007ff18f6a8470, RSI=0x00007ff20092bfa4, RDI=0x00007ff154015b10
R8 =0x00007ff154011000, R9 =0x00007ff1ffe592d0, R10=0x00007ff154000078, R11=0x00007ff1ffe90a50
R12=0x00007ff200919df4, R13=0x00007ff154002cb0, R14=0x0000000000006772, R15=0x00007ff1f816e4e0
RIP=0x00007ff1ffe592ef, EFLAGS=0x0000000000010202, CSGSFS=0x0000000000000033, ERR=0x0000000000000004
  TRAPNO=0x000000000000000e

Top of Stack: (sp=0x00007ff18f6a8418)
0x00007ff18f6a8418:   00007ff1fdaf4bce 000000077e400c90
0x00007ff18f6a8428:   682f72f100000000 0000000000006f00
0x00007ff18f6a8438:   00000000756c6f43 00007ff154002cb0
0x00007ff18f6a8448:   00007ff1f81719c0 00007ff1f816e4e0
0x00007ff18f6a8458:   00007ff1b044a1a0 000000005722564e
0x00007ff18f6a8468:   00007ff18f6a84d0 00007ff18f6a84b0
0x00007ff18f6a8478:   00007ff1fdaf50b0 0000001d8f6a84b0
0x00007ff18f6a8488:   00007ff18f6a84d0 000000000000001d
0x00007ff18f6a8498:   00007ff14c0081e8 00007ff18f6a84d0
0x00007ff18f6a84a8:   00007ff18f6a89a8 00007ff18f6a8910
0x00007ff18f6a84b8:   00007ff1fdaf3eed 0100000000000000
0x00007ff18f6a84c8:   00007ff1f816e4e0 732f32682f67726f
0x00007ff18f6a84d8:   626f4c2f65726f74 2e656761726f7453
0x00007ff18f6a84e8:   0000007373616c63 00007ff1ff87cb41
0x00007ff18f6a84f8:   00007ff1ffd78260 00007ff1ffd56029
0x00007ff18f6a8508:   00007ff1ffd842d9 00007ff18f6a8b30
0x00007ff18f6a8518:   00007ff18f6a8b20 00007ff1ffd56029
0x00007ff18f6a8528:   00007ff1ff87cb58 00007ff1ff87cb41
0x00007ff18f6a8538:   00007ff1ffd524ea 000000007f523e70
0x00007ff18f6a8548:   0000000000000000 00007ff18f6a8680
0x00007ff18f6a8558:   0000000000000000 00000000000000c8
0x00007ff18f6a8568:   00007ff18f6a8630 00007ff18f6a86a0
0x00007ff18f6a8578:   0000000000000000 000000007f576598
0x00007ff18f6a8588:   00007ff18f6a8650 0000000000000000
0x00007ff18f6a8598:   0000000000000000 000000007f571900
0x00007ff18f6a85a8:   fffffffffffffffc 0000000a00000000
0x00007ff18f6a85b8:   0000000000000518 0000000000000020
0x00007ff18f6a85c8:   0000000000000000 0000000000000000
0x00007ff18f6a85d8:   00007ff18f6a8ae4 0000000000000000
0x00007ff18f6a85e8:   00007ff100000000 0000000000000000
0x00007ff18f6a85f8:   0000000000000000 0000000000000000
0x00007ff18f6a8608:   00007ff1ffd524ea ffffffffffffffff 

Instructions: (pc=0x00007ff1ffe592ef)
0x00007ff1ffe592cf:   00 48 81 ea 80 00 00 00 0f 28 4e fc 0f 28 56 0c
0x00007ff1ffe592df:   0f 28 5e 1c 0f 28 66 2c 0f 28 6e 3c 0f 28 76 4c
0x00007ff1ffe592ef:   0f 28 7e 5c 44 0f 28 46 6c 44 0f 28 4e 7c 48 8d
0x00007ff1ffe592ff:   b6 80 00 00 00 66 45 0f 3a 0f c8 04 44 0f 29 4f 

Register to memory mapping:

RAX=0x00007ff154011000 is an unknown value
RBX=0x000000000000682f is an unknown value
RCX=0x0000000000008000 is an unknown value
RDX=0x0000000000001c1f is an unknown value
RSP=0x00007ff18f6a8418 is pointing into the stack for thread: 0x00007ff14c008000
RBP=0x00007ff18f6a8470 is pointing into the stack for thread: 0x00007ff14c008000
RSI=0x00007ff20092bfa4 is an unknown value
RDI=0x00007ff154015b10 is an unknown value
R8 =0x00007ff154011000 is an unknown value
R9 =0x00007ff1ffe592d0: <offset 0x1512d0> in /lib/x86_64-linux-gnu/libc.so.6 at 0x00007ff1ffd08000
R10=0x00007ff154000078 is an unknown value
R11=0x00007ff1ffe90a50: <offset 0x188a50> in /lib/x86_64-linux-gnu/libc.so.6 at 0x00007ff1ffd08000
R12=0x00007ff200919df4 is an unknown value
R13=0x00007ff154002cb0 is an unknown value
R14=0x0000000000006772 is an unknown value
R15=0x00007ff1f816e4e0 is an unknown value


Stack: [0x00007ff18f5ab000,0x00007ff18f6ac000],  sp=0x00007ff18f6a8418,  free space=1013k
Native frames: (J=compiled Java code, j=interpreted, Vv=VM code, C=native code)
C  [libc.so.6+0x1512ef]  __nss_hosts_lookup+0x194df
C  [libzip.so+0x50b0]  ZIP_GetEntry+0xd0
C  [libzip.so+0x3eed]  Java_java_util_zip_ZipFile_getEntry+0xad
j  java.util.zip.ZipFile.getEntry(J[BZ)J+0
j  java.util.zip.ZipFile.getEntry(Ljava/lang/String;)Ljava/util/zip/ZipEntry;+38
j  java.util.jar.JarFile.getEntry(Ljava/lang/String;)Ljava/util/zip/ZipEntry;+2
j  java.util.jar.JarFile.getJarEntry(Ljava/lang/String;)Ljava/util/jar/JarEntry;+2
j  sun.misc.URLClassPath$JarLoader.getResource(Ljava/lang/String;Z)Lsun/misc/Resource;+48
j  sun.misc.URLClassPath.getResource(Ljava/lang/String;Z)Lsun/misc/Resource;+53
j  java.net.URLClassLoader$1.run()Ljava/lang/Class;+26
j  java.net.URLClassLoader$1.run()Ljava/lang/Object;+1
v  ~StubRoutines::call_stub
V  [libjvm.so+0x600e95]  JavaCalls::call_helper(JavaValue*, methodHandle*, JavaCallArguments*, Thread*)+0x365
V  [libjvm.so+0x5ff8f8]  JavaCalls::call(JavaValue*, methodHandle, JavaCallArguments*, Thread*)+0x28
V  [libjvm.so+0x685f84]  JVM_DoPrivileged+0x2a4
j  java.security.AccessController.doPrivileged(Ljava/security/PrivilegedExceptionAction;Ljava/security/AccessControlContext;)Ljava/lang/Object;+0
j  java.net.URLClassLoader.findClass(Ljava/lang/String;)Ljava/lang/Class;+13
j  java.lang.ClassLoader.loadClass(Ljava/lang/String;Z)Ljava/lang/Class;+70
j  sun.misc.Launcher$AppClassLoader.loadClass(Ljava/lang/String;Z)Ljava/lang/Class;+36
j  java.lang.ClassLoader.loadClass(Ljava/lang/String;)Ljava/lang/Class;+3
v  ~StubRoutines::call_stub
V  [libjvm.so+0x600e95]  JavaCalls::call_helper(JavaValue*, methodHandle*, JavaCallArguments*, Thread*)+0x365
V  [libjvm.so+0x5ff8f8]  JavaCalls::call(JavaValue*, methodHandle, JavaCallArguments*, Thread*)+0x28
V  [libjvm.so+0x5ffbc7]  JavaCalls::call_virtual(JavaValue*, KlassHandle, Symbol*, Symbol*, JavaCallArguments*, Thread*)+0x197
V  [libjvm.so+0x5ffc96]  JavaCalls::call_virtual(JavaValue*, Handle, KlassHandle, Symbol*, Symbol*, Handle, Thread*)+0x56
V  [libjvm.so+0x925599]  SystemDictionary::load_instance_class(Symbol*, Handle, Thread*)+0x419
V  [libjvm.so+0x925d41]  SystemDictionary::resolve_instance_class_or_null(Symbol*, Handle, Handle, Thread*)+0x791
V  [libjvm.so+0x9261a4]  SystemDictionary::resolve_or_null(Symbol*, Handle, Handle, Thread*)+0x54
V  [libjvm.so+0x927284]  SystemDictionary::resolve_or_fail(Symbol*, Handle, Handle, bool, Thread*)+0x34
V  [libjvm.so+0x491968]  constantPoolOopDesc::klass_at_impl(constantPoolHandle, int, Thread*)+0x278
V  [libjvm.so+0x5f8e24]  InterpreterRuntime::_new(JavaThread*, constantPoolOopDesc*, int)+0x74
j  org.h2.engine.Database.getLobStorage()Lorg/h2/store/LobStorage;+8
j  org.h2.engine.Database.close(Z)V+436
j  org.h2.engine.DatabaseCloser.run()V+88
v  ~StubRoutines::call_stub
V  [libjvm.so+0x600e95]  JavaCalls::call_helper(JavaValue*, methodHandle*, JavaCallArguments*, Thread*)+0x365
V  [libjvm.so+0x5ff8f8]  JavaCalls::call(JavaValue*, methodHandle, JavaCallArguments*, Thread*)+0x28
V  [libjvm.so+0x5ffbc7]  JavaCalls::call_virtual(JavaValue*, KlassHandle, Symbol*, Symbol*, JavaCallArguments*, Thread*)+0x197
V  [libjvm.so+0x5ffce7]  JavaCalls::call_virtual(JavaValue*, Handle, KlassHandle, Symbol*, Symbol*, Thread*)+0x47
V  [libjvm.so+0x67e805]  thread_entry(JavaThread*, Thread*)+0xe5
V  [libjvm.so+0x95c0ff]  JavaThread::thread_main_inner()+0xdf
V  [libjvm.so+0x95c205]  JavaThread::run()+0xf5
V  [libjvm.so+0x821ca8]  java_start(Thread*)+0x108

Java frames: (J=compiled Java code, j=interpreted, Vv=VM code)
j  java.util.zip.ZipFile.getEntry(J[BZ)J+0
j  java.util.zip.ZipFile.getEntry(Ljava/lang/String;)Ljava/util/zip/ZipEntry;+38
j  java.util.jar.JarFile.getEntry(Ljava/lang/String;)Ljava/util/zip/ZipEntry;+2
j  java.util.jar.JarFile.getJarEntry(Ljava/lang/String;)Ljava/util/jar/JarEntry;+2
j  sun.misc.URLClassPath$JarLoader.getResource(Ljava/lang/String;Z)Lsun/misc/Resource;+48
j  sun.misc.URLClassPath.getResource(Ljava/lang/String;Z)Lsun/misc/Resource;+53
j  java.net.URLClassLoader$1.run()Ljava/lang/Class;+26
j  java.net.URLClassLoader$1.run()Ljava/lang/Object;+1
v  ~StubRoutines::call_stub
j  java.security.AccessController.doPrivileged(Ljava/security/PrivilegedExceptionAction;Ljava/security/AccessControlContext;)Ljava/lang/Object;+0
j  java.net.URLClassLoader.findClass(Ljava/lang/String;)Ljava/lang/Class;+13
j  java.lang.ClassLoader.loadClass(Ljava/lang/String;Z)Ljava/lang/Class;+70
j  sun.misc.Launcher$AppClassLoader.loadClass(Ljava/lang/String;Z)Ljava/lang/Class;+36
j  java.lang.ClassLoader.loadClass(Ljava/lang/String;)Ljava/lang/Class;+3
v  ~StubRoutines::call_stub
j  org.h2.engine.Database.getLobStorage()Lorg/h2/store/LobStorage;+8
j  org.h2.engine.Database.close(Z)V+436
j  org.h2.engine.DatabaseCloser.run()V+88
v  ~StubRoutines::call_stub

---------------  P R O C E S S  ---------------

Java Threads: ( => current thread )
=>0x00007ff14c008000 JavaThread "Thread-3" [_thread_in_native, id=22172, stack(0x00007ff18f5ab000,0x00007ff18f6ac000)]
  0x00007ff14c007000 JavaThread "process reaper" daemon [_thread_in_native, id=22171, stack(0x00007ff1d833f000,0x00007ff1d8378000)]
  0x00007ff1b044a800 JavaThread "Thread-10" [_thread_blocked, id=22163, stack(0x00007ff18f6ac000,0x00007ff18f7ad000)]
  0x00007ff1b0352800 JavaThread "Keep-Alive-Timer" daemon [_thread_blocked, id=22160, stack(0x00007ff18f7ad000,0x00007ff18f8ae000)]
  0x00007ff1b02ee800 JavaThread "Direct Clip" daemon [_thread_blocked, id=22158, stack(0x00007ff18fefe000,0x00007ff18ffff000)]
  0x00007ff1b02e4000 JavaThread "Direct Clip" daemon [_thread_blocked, id=22155, stack(0x00007ff198831000,0x00007ff198932000)]
  0x00007ff1b02d8800 JavaThread "Direct Clip" daemon [_thread_blocked, id=22152, stack(0x00007ff199133000,0x00007ff199234000)]
  0x00007ff1b02d0000 JavaThread "Direct Clip" daemon [_thread_blocked, id=22149, stack(0x00007ff199a35000,0x00007ff199b36000)]
  0x00007ff1b02be000 JavaThread "Java Sound Event Dispatcher" daemon [_thread_blocked, id=22147, stack(0x00007ff1d83bf000,0x00007ff1d84c0000)]
  0x00007ff1b024d000 JavaThread "TimerQueue" daemon [_thread_blocked, id=22133, stack(0x00007ff1d8f19000,0x00007ff1d901a000)]
  0x00007ff1b022b000 JavaThread "Image Fetcher 0" daemon [_thread_blocked, id=22132, stack(0x00007ff1d901a000,0x00007ff1d911b000)]
  0x00007ff1b01aa800 JavaThread "Timer-0" [_thread_blocked, id=22131, stack(0x00007ff1d9829000,0x00007ff1d992a000)]
  0x00007ff1b01be000 JavaThread "H2 Log Writer PUZZLETIMER" daemon [_thread_blocked, id=22130, stack(0x00007ff1d992a000,0x00007ff1d9a2b000)]
  0x00007ff1b0097000 JavaThread "H2 File Lock Watchdog /home/aymen/prisma/puzzletimer.lock.db" daemon [_thread_blocked, id=22129, stack(0x00007ff1d9e53000,0x00007ff1d9f54000)]
  0x00007ff1f800a000 JavaThread "DestroyJavaVM" [_thread_blocked, id=22110, stack(0x00007ff200802000,0x00007ff200903000)]
  0x00007ff1f8268800 JavaThread "AWT-EventQueue-0" [_thread_blocked, id=22127, stack(0x00007ff1d9f54000,0x00007ff1da055000)]
  0x00007ff1f8267000 JavaThread "AWT-Shutdown" [_thread_blocked, id=22126, stack(0x00007ff1da055000,0x00007ff1da156000)]
  0x00007ff1f8263000 JavaThread "AWT-XAWT" daemon [_thread_in_native, id=22125, stack(0x00007ff1da156000,0x00007ff1da257000)]
  0x00007ff1f8244000 JavaThread "Java2D Disposer" daemon [_thread_blocked, id=22124, stack(0x00007ff1da667000,0x00007ff1da768000)]
  0x00007ff1f8160000 JavaThread "Service Thread" daemon [_thread_blocked, id=22122, stack(0x00007ff1f402a000,0x00007ff1f412b000)]
  0x00007ff1f815d800 JavaThread "C2 CompilerThread1" daemon [_thread_blocked, id=22121, stack(0x00007ff1f412b000,0x00007ff1f422c000)]
  0x00007ff1f815a800 JavaThread "C2 CompilerThread0" daemon [_thread_blocked, id=22120, stack(0x00007ff1f422c000,0x00007ff1f432d000)]
  0x00007ff1f8158800 JavaThread "Signal Dispatcher" daemon [_thread_blocked, id=22119, stack(0x00007ff1f432d000,0x00007ff1f442e000)]
  0x00007ff1f8137000 JavaThread "Finalizer" daemon [_thread_blocked, id=22117, stack(0x00007ff1f46f7000,0x00007ff1f47f8000)]
  0x00007ff1f8135000 JavaThread "Reference Handler" daemon [_thread_blocked, id=22116, stack(0x00007ff1f47f8000,0x00007ff1f48f9000)]

Other Threads:
  0x00007ff1f8130800 VMThread [stack: 0x00007ff1f48f9000,0x00007ff1f49fa000] [id=22115]
  0x00007ff1f816a800 WatcherThread [stack: 0x00007ff1dbe1f000,0x00007ff1dbf20000] [id=22123]

VM state:not at safepoint (normal execution)

VM Mutex/Monitor currently owned by a thread: None

Heap
 PSYoungGen      total 37376K, used 28868K [0x00000007d6700000, 0x00000007d9080000, 0x0000000800000000)
  eden space 32256K, 73% used [0x00000007d6700000,0x00000007d7e371d8,0x00000007d8680000)
  from space 5120K, 99% used [0x00000007d8b80000,0x00000007d9079f10,0x00000007d9080000)
  to   space 5120K, 0% used [0x00000007d8680000,0x00000007d8680000,0x00000007d8b80000)
 ParOldGen       total 84992K, used 4183K [0x0000000783600000, 0x0000000788900000, 0x00000007d6700000)
  object space 84992K, 4% used [0x0000000783600000,0x0000000783a15f28,0x0000000788900000)
 PSPermGen       total 23552K, used 23400K [0x000000077e400000, 0x000000077fb00000, 0x0000000783600000)
  object space 23552K, 99% used [0x000000077e400000,0x000000077fada0d0,0x000000077fb00000)

Card table byte_map: [0x00007ff1fd6e1000,0x00007ff1fdaf0000] byte_map_base: 0x00007ff1f9aef000

Polling page: 0x00007ff200926000

Code Cache  [0x00007ff1f5000000, 0x00007ff1f5270000, 0x00007ff1f8000000)
 total_blobs=861 nmethods=270 adapters=544 free_code_cache=47960Kb largest_free_block=49086464

Compilation events (10 events):
Event: 5.547 Thread 0x00007ff1f815d800  274             sun.security.provider.ByteArrayAccess::b2iBig64 (614 bytes)
Event: 5.551 Thread 0x00007ff1f815d800 nmethod 274 0x00007ff1f5129e90 code [0x00007ff1f5129fe0, 0x00007ff1f512a1f8]
Event: 6.121 Thread 0x00007ff1f815a800  276             sun.security.ssl.InputRecord::compareMacTags (60 bytes)
Event: 6.126 Thread 0x00007ff1f815a800 nmethod 276 0x00007ff1f50b4bd0 code [0x00007ff1f50b4d20, 0x00007ff1f50b4f58]
Event: 6.156 Thread 0x00007ff1f815d800  277             sun.nio.cs.UTF_8$Encoder::encodeArrayLoop (489 bytes)
Event: 6.174 Thread 0x00007ff1f815d800 nmethod 277 0x00007ff1f512e850 code [0x00007ff1f512ea60, 0x00007ff1f512f650]
Event: 6.216 Thread 0x00007ff1f815a800  278             sun.security.provider.ByteArrayAccess::i2bBig (204 bytes)
Event: 6.221 Thread 0x00007ff1f815a800 nmethod 278 0x00007ff1f50b46d0 code [0x00007ff1f50b4820, 0x00007ff1f50b4a78]
Event: 6.252 Thread 0x00007ff1f815d800  279             java.net.URI$Parser::scan (73 bytes)
Event: 6.255 Thread 0x00007ff1f815d800 nmethod 279 0x00007ff1f512b510 code [0x00007ff1f512b660, 0x00007ff1f512b828]

GC Heap History (4 events):
Event: 0.563 GC heap before
{Heap before GC invocations=1 (full 0):
 PSYoungGen      total 37376K, used 32256K [0x00000007d6700000, 0x00000007d9080000, 0x0000000800000000)
  eden space 32256K, 100% used [0x00000007d6700000,0x00000007d8680000,0x00000007d8680000)
  from space 5120K, 0% used [0x00000007d8b80000,0x00000007d8b80000,0x00000007d9080000)
  to   space 5120K, 0% used [0x00000007d8680000,0x00000007d8680000,0x00000007d8b80000)
 ParOldGen       total 84992K, used 0K [0x0000000783600000, 0x0000000788900000, 0x00000007d6700000)
  object space 84992K, 0% used [0x0000000783600000,0x0000000783600000,0x0000000788900000)
 PSPermGen       total 21504K, used 9040K [0x000000077e400000, 0x000000077f900000, 0x0000000783600000)
  object space 21504K, 42% used [0x000000077e400000,0x000000077ecd4100,0x000000077f900000)
Event: 0.568 GC heap after
Heap after GC invocations=1 (full 0):
 PSYoungGen      total 37376K, used 5098K [0x00000007d6700000, 0x00000007d9080000, 0x0000000800000000)
  eden space 32256K, 0% used [0x00000007d6700000,0x00000007d6700000,0x00000007d8680000)
  from space 5120K, 99% used [0x00000007d8680000,0x00000007d8b7a928,0x00000007d8b80000)
  to   space 5120K, 0% used [0x00000007d8b80000,0x00000007d8b80000,0x00000007d9080000)
 ParOldGen       total 84992K, used 1263K [0x0000000783600000, 0x0000000788900000, 0x00000007d6700000)
  object space 84992K, 1% used [0x0000000783600000,0x000000078373bf38,0x0000000788900000)
 PSPermGen       total 21504K, used 9040K [0x000000077e400000, 0x000000077f900000, 0x0000000783600000)
  object space 21504K, 42% used [0x000000077e400000,0x000000077ecd4100,0x000000077f900000)
}
Event: 1.432 GC heap before
{Heap before GC invocations=2 (full 0):
 PSYoungGen      total 37376K, used 37354K [0x00000007d6700000, 0x00000007d9080000, 0x0000000800000000)
  eden space 32256K, 100% used [0x00000007d6700000,0x00000007d8680000,0x00000007d8680000)
  from space 5120K, 99% used [0x00000007d8680000,0x00000007d8b7a928,0x00000007d8b80000)
  to   space 5120K, 0% used [0x00000007d8b80000,0x00000007d8b80000,0x00000007d9080000)
 ParOldGen       total 84992K, used 1263K [0x0000000783600000, 0x0000000788900000, 0x00000007d6700000)
  object space 84992K, 1% used [0x0000000783600000,0x000000078373bf38,0x0000000788900000)
 PSPermGen       total 21504K, used 18784K [0x000000077e400000, 0x000000077f900000, 0x0000000783600000)
  object space 21504K, 87% used [0x000000077e400000,0x000000077f658188,0x000000077f900000)
Event: 1.439 GC heap after
Heap after GC invocations=2 (full 0):
 PSYoungGen      total 37376K, used 5095K [0x00000007d6700000, 0x00000007d9080000, 0x0000000800000000)
  eden space 32256K, 0% used [0x00000007d6700000,0x00000007d6700000,0x00000007d8680000)
  from space 5120K, 99% used [0x00000007d8b80000,0x00000007d9079f10,0x00000007d9080000)
  to   space 5120K, 0% used [0x00000007d8680000,0x00000007d8680000,0x00000007d8b80000)
 ParOldGen       total 84992K, used 4183K [0x0000000783600000, 0x0000000788900000, 0x00000007d6700000)
  object space 84992K, 4% used [0x0000000783600000,0x0000000783a15f28,0x0000000788900000)
 PSPermGen       total 21504K, used 18784K [0x000000077e400000, 0x000000077f900000, 0x0000000783600000)
  object space 21504K, 87% used [0x000000077e400000,0x000000077f658188,0x000000077f900000)
}

Deoptimization events (10 events):
Event: 2.161 Thread 0x00007ff1f8268800 Uncommon trap: reason=unloaded action=reinterpret pc=0x00007ff1f50be710 method=java.lang.String.toLowerCase(Ljava/util/Locale;)Ljava/lang/String; @ 233
Event: 2.168 Thread 0x00007ff1f8268800 Uncommon trap: reason=class_check action=maybe_recompile pc=0x00007ff1f50ec564 method=java.io.DataInputStream.readChar()C @ 4
Event: 2.168 Thread 0x00007ff1f8268800 Uncommon trap: reason=class_check action=maybe_recompile pc=0x00007ff1f50ec564 method=java.io.DataInputStream.readChar()C @ 4
Event: 2.168 Thread 0x00007ff1f8268800 Uncommon trap: reason=class_check action=maybe_recompile pc=0x00007ff1f50ec564 method=java.io.DataInputStream.readChar()C @ 4
Event: 2.168 Thread 0x00007ff1f8268800 Uncommon trap: reason=class_check action=maybe_recompile pc=0x00007ff1f50ec564 method=java.io.DataInputStream.readChar()C @ 4
Event: 2.173 Thread 0x00007ff1f8268800 Uncommon trap: reason=class_check action=maybe_recompile pc=0x00007ff1f50dc248 method=java.lang.Character.toUpperCaseEx(I)I @ 26
Event: 2.173 Thread 0x00007ff1f8268800 Uncommon trap: reason=class_check action=maybe_recompile pc=0x00007ff1f50dc248 method=java.lang.Character.toUpperCaseEx(I)I @ 26
Event: 2.174 Thread 0x00007ff1f8268800 Uncommon trap: reason=class_check action=maybe_recompile pc=0x00007ff1f50dc248 method=java.lang.Character.toUpperCaseEx(I)I @ 26
Event: 2.247 Thread 0x00007ff1f8268800 Uncommon trap: reason=unreached action=reinterpret pc=0x00007ff1f50e1b64 method=java.util.Arrays.equals([B[B)Z @ 12
Event: 2.681 Thread 0x00007ff1f8268800 Uncommon trap: reason=class_check action=maybe_recompile pc=0x00007ff1f50f70fc method=java.io.DataInputStream.readInt()I @ 4

Internal exceptions (10 events):
Event: 2.247 Thread 0x00007ff1f8268800 Implicit null exception at 0x00007ff1f50e1a38 to 0x00007ff1f50e1b51
Event: 2.504 Thread 0x00007ff1f8268800 Threw 0x00000007d76eb428 at /HUDSON/workspace/7u-2-build-linux-amd64/jdk7u76/1941/hotspot/src/share/vm/prims/jvm.cpp:1304
Event: 2.504 Thread 0x00007ff1f8268800 Threw 0x00000007d76f3fe0 at /HUDSON/workspace/7u-2-build-linux-amd64/jdk7u76/1941/hotspot/src/share/vm/prims/jvm.cpp:1304
Event: 2.505 Thread 0x00007ff1f8268800 Threw 0x00000007d76f5ab8 at /HUDSON/workspace/7u-2-build-linux-amd64/jdk7u76/1941/hotspot/src/share/vm/prims/jvm.cpp:1304
Event: 2.505 Thread 0x00007ff1f8268800 Threw 0x00000007d76fa878 at /HUDSON/workspace/7u-2-build-linux-amd64/jdk7u76/1941/hotspot/src/share/vm/prims/jvm.cpp:1304
Event: 2.506 Thread 0x00007ff1f8268800 Threw 0x00000007d770aec0 at /HUDSON/workspace/7u-2-build-linux-amd64/jdk7u76/1941/hotspot/src/share/vm/prims/jvm.cpp:1304
Event: 2.809 Thread 0x00007ff1f8268800 Threw 0x00000007d7982fa0 at /HUDSON/workspace/7u-2-build-linux-amd64/jdk7u76/1941/hotspot/src/share/vm/prims/jni.cpp:743
Event: 4.558 Thread 0x00007ff1f8268800 Threw 0x00000007d7994e80 at /HUDSON/workspace/7u-2-build-linux-amd64/jdk7u76/1941/hotspot/src/share/vm/prims/jvm.cpp:1304
Event: 4.565 Thread 0x00007ff1f8268800 Threw 0x00000007d799f7e8 at /HUDSON/workspace/7u-2-build-linux-amd64/jdk7u76/1941/hotspot/src/share/vm/prims/jvm.cpp:1304
Event: 6.261 Thread 0x00007ff14c008000 Threw 0x00000007d7de7600 at /HUDSON/workspace/7u-2-build-linux-amd64/jdk7u76/1941/hotspot/src/share/vm/prims/jvm.cpp:1304

Events (10 events):
Event: 6.257 Executing VM operation: Deoptimize done
Event: 6.259 Thread 0x00007ff14c007000 Thread added: 0x00007ff14c007000
Event: 6.259 Thread 0x00007ff14c008000 Thread added: 0x00007ff14c008000
Event: 6.259 Thread 0x00007ff14c009000 Thread added: 0x00007ff14c009000
Event: 6.259 loading class 0x00007ff1f81db5b0
Event: 6.259 loading class 0x00007ff1c80b0b20
Event: 6.259 loading class 0x00007ff1c80b0b20 done
Event: 6.259 loading class 0x00007ff1f81db5b0 done
Event: 6.261 loading class 0x00007ff1b0019680
Event: 6.261 loading class 0x00007ff1b0019680 done


Dynamic libraries:
00400000-00401000 r-xp 00000000 08:07 1450419                            /usr/lib/jvm/java-7-oracle/bin/java
00600000-00601000 rw-p 00000000 08:07 1450419                            /usr/lib/jvm/java-7-oracle/bin/java
01a90000-01ab1000 rw-p 00000000 00:00 0                                  [heap]
77e400000-77fb00000 rw-p 00000000 00:00 0 
77fb00000-783600000 rw-p 00000000 00:00 0 
783600000-788900000 rw-p 00000000 00:00 0 
788900000-7d6700000 rw-p 00000000 00:00 0 
7d6700000-7d9080000 rw-p 00000000 00:00 0 
7d9080000-800000000 rw-p 00000000 00:00 0 
7ff14c000000-7ff14c021000 rw-p 00000000 00:00 0 
7ff14c021000-7ff150000000 ---p 00000000 00:00 0 
7ff154000000-7ff15410b000 rw-p 00000000 00:00 0 
7ff15410b000-7ff158000000 ---p 00000000 00:00 0 
7ff15bfff000-7ff160000000 rw-s 00000000 00:14 733413                     /run/shm/pulse-shm-3950512393
7ff160000000-7ff160021000 rw-p 00000000 00:00 0 
7ff160021000-7ff164000000 ---p 00000000 00:00 0 
7ff167fff000-7ff16c000000 rw-s 00000000 00:14 735553                     /run/shm/pulse-shm-3636898227
7ff16c000000-7ff16c021000 rw-p 00000000 00:00 0 
7ff16c021000-7ff170000000 ---p 00000000 00:00 0 
7ff170000000-7ff170021000 rw-p 00000000 00:00 0 
7ff170021000-7ff174000000 ---p 00000000 00:00 0 
7ff174000000-7ff174021000 rw-p 00000000 00:00 0 
7ff174021000-7ff178000000 ---p 00000000 00:00 0 
7ff17bfff000-7ff180000000 rw-s 00000000 00:14 732537                     /run/shm/pulse-shm-2554553562
7ff180000000-7ff180021000 rw-p 00000000 00:00 0 
7ff180021000-7ff184000000 ---p 00000000 00:00 0 
7ff184000000-7ff184021000 rw-p 00000000 00:00 0 
7ff184021000-7ff188000000 ---p 00000000 00:00 0 
7ff188000000-7ff188021000 rw-p 00000000 00:00 0 
7ff188021000-7ff18c000000 ---p 00000000 00:00 0 
7ff18f33d000-7ff18f4aa000 rw-p 00000000 00:00 0 
7ff18f4aa000-7ff18f4ad000 ---p 00000000 00:00 0 
7ff18f4ad000-7ff18f5ab000 rw-p 00000000 00:00 0 
7ff18f5ab000-7ff18f5ae000 ---p 00000000 00:00 0 
7ff18f5ae000-7ff18f6ac000 rw-p 00000000 00:00 0                          [stack:22172]
7ff18f6ac000-7ff18f6af000 ---p 00000000 00:00 0 
7ff18f6af000-7ff18f7ad000 rw-p 00000000 00:00 0                          [stack:22163]
7ff18f7ad000-7ff18f7b0000 ---p 00000000 00:00 0 
7ff18f7b0000-7ff18f8ae000 rw-p 00000000 00:00 0                          [stack:22160]
7ff18f8ae000-7ff18f8b3000 r-xp 00000000 08:07 3406304                    /lib/x86_64-linux-gnu/libnss_dns-2.19.so
7ff18f8b3000-7ff18fab2000 ---p 00005000 08:07 3406304                    /lib/x86_64-linux-gnu/libnss_dns-2.19.so
7ff18fab2000-7ff18fab3000 r--p 00004000 08:07 3406304                    /lib/x86_64-linux-gnu/libnss_dns-2.19.so
7ff18fab3000-7ff18fab4000 rw-p 00005000 08:07 3406304                    /lib/x86_64-linux-gnu/libnss_dns-2.19.so
7ff18fab4000-7ff18fab6000 r-xp 00000000 08:07 3406381                    /lib/x86_64-linux-gnu/libnss_mdns4_minimal.so.2
7ff18fab6000-7ff18fcb5000 ---p 00002000 08:07 3406381                    /lib/x86_64-linux-gnu/libnss_mdns4_minimal.so.2
7ff18fcb5000-7ff18fcb6000 r--p 00001000 08:07 3406381                    /lib/x86_64-linux-gnu/libnss_mdns4_minimal.so.2
7ff18fcb6000-7ff18fcb7000 rw-p 00002000 08:07 3406381                    /lib/x86_64-linux-gnu/libnss_mdns4_minimal.so.2
7ff18fcb7000-7ff18fce9000 r-xp 00000000 08:07 1709483                    /usr/lib/jvm/java-7-oracle/jre/lib/amd64/libsunec.so
7ff18fce9000-7ff18fee8000 ---p 00032000 08:07 1709483                    /usr/lib/jvm/java-7-oracle/jre/lib/amd64/libsunec.so
7ff18fee8000-7ff18feee000 rw-p 00031000 08:07 1709483                    /usr/lib/jvm/java-7-oracle/jre/lib/amd64/libsunec.so
7ff18feee000-7ff18fefe000 rw-p 00000000 00:00 0 
7ff18fefe000-7ff18ff01000 ---p 00000000 00:00 0 
7ff18ff01000-7ff18ffff000 rw-p 00000000 00:00 0                          [stack:22158]
7ff18ffff000-7ff194000000 rw-s 00000000 00:14 735546                     /run/shm/pulse-shm-2282288977
7ff194000000-7ff194021000 rw-p 00000000 00:00 0 
7ff194021000-7ff198000000 ---p 00000000 00:00 0 
7ff198030000-7ff198031000 ---p 00000000 00:00 0 
7ff198031000-7ff198831000 rw-p 00000000 00:00 0                          [stack:22157]
7ff198831000-7ff198834000 ---p 00000000 00:00 0 
7ff198834000-7ff198932000 rw-p 00000000 00:00 0                          [stack:22155]
7ff198932000-7ff198933000 ---p 00000000 00:00 0 
7ff198933000-7ff199133000 rw-p 00000000 00:00 0                          [stack:22154]
7ff199133000-7ff199136000 ---p 00000000 00:00 0 
7ff199136000-7ff199234000 rw-p 00000000 00:00 0                          [stack:22152]
7ff199234000-7ff199235000 ---p 00000000 00:00 0 
7ff199235000-7ff199a35000 rw-p 00000000 00:00 0                          [stack:22151]
7ff199a35000-7ff199a38000 ---p 00000000 00:00 0 
7ff199a38000-7ff199b36000 rw-p 00000000 00:00 0                          [stack:22149]
7ff199b36000-7ff199b37000 ---p 00000000 00:00 0 
7ff199b37000-7ff19a337000 rw-p 00000000 00:00 0                          [stack:22148]
7ff19a337000-7ff19a34e000 r-xp 00000000 08:07 3406374                    /lib/x86_64-linux-gnu/libresolv-2.19.so
7ff19a34e000-7ff19a54e000 ---p 00017000 08:07 3406374                    /lib/x86_64-linux-gnu/libresolv-2.19.so
7ff19a54e000-7ff19a54f000 r--p 00017000 08:07 3406374                    /lib/x86_64-linux-gnu/libresolv-2.19.so
7ff19a54f000-7ff19a550000 rw-p 00018000 08:07 3406374                    /lib/x86_64-linux-gnu/libresolv-2.19.so
7ff19a550000-7ff19a552000 rw-p 00000000 00:00 0 
7ff19a552000-7ff19a559000 r-xp 00000000 08:07 792714                     /usr/lib/x86_64-linux-gnu/libogg.so.0.8.1
7ff19a559000-7ff19a759000 ---p 00007000 08:07 792714                     /usr/lib/x86_64-linux-gnu/libogg.so.0.8.1
7ff19a759000-7ff19a75a000 r--p 00007000 08:07 792714                     /usr/lib/x86_64-linux-gnu/libogg.so.0.8.1
7ff19a75a000-7ff19a75b000 rw-p 00008000 08:07 792714                     /usr/lib/x86_64-linux-gnu/libogg.so.0.8.1
7ff19a75b000-7ff19a787000 r-xp 00000000 08:07 793002                     /usr/lib/x86_64-linux-gnu/libvorbis.so.0.4.5
7ff19a787000-7ff19a986000 ---p 0002c000 08:07 793002                     /usr/lib/x86_64-linux-gnu/libvorbis.so.0.4.5
7ff19a986000-7ff19a987000 r--p 0002b000 08:07 793002                     /usr/lib/x86_64-linux-gnu/libvorbis.so.0.4.5
7ff19a987000-7ff19a988000 rw-p 0002c000 08:07 793002                     /usr/lib/x86_64-linux-gnu/libvorbis.so.0.4.5
7ff19a988000-7ff19ac3b000 r-xp 00000000 08:07 793004                     /usr/lib/x86_64-linux-gnu/libvorbisenc.so.2.0.8
7ff19ac3b000-7ff19ae3a000 ---p 002b3000 08:07 793004                     /usr/lib/x86_64-linux-gnu/libvorbisenc.so.2.0.8
7ff19ae3a000-7ff19ae56000 r--p 002b2000 08:07 793004                     /usr/lib/x86_64-linux-gnu/libvorbisenc.so.2.0.8
7ff19ae56000-7ff19ae57000 rw-p 002ce000 08:07 793004                     /usr/lib/x86_64-linux-gnu/libvorbisenc.so.2.0.8
7ff19ae57000-7ff19ae87000 r-xp 00000000 08:07 788953                     /usr/lib/x86_64-linux-gnu/libFLAC.so.8.3.0
7ff19ae87000-7ff19b086000 ---p 00030000 08:07 788953                     /usr/lib/x86_64-linux-gnu/libFLAC.so.8.3.0
7ff19b086000-7ff19b087000 r--p 0002f000 08:07 788953                     /usr/lib/x86_64-linux-gnu/libFLAC.so.8.3.0
7ff19b087000-7ff19b088000 rw-p 00030000 08:07 788953                     /usr/lib/x86_64-linux-gnu/libFLAC.so.8.3.0
7ff19b088000-7ff19b08d000 r-xp 00000000 08:07 791993                     /usr/lib/x86_64-linux-gnu/libasyncns.so.0.3.1
7ff19b08d000-7ff19b28c000 ---p 00005000 08:07 791993                     /usr/lib/x86_64-linux-gnu/libasyncns.so.0.3.1
7ff19b28c000-7ff19b28d000 r--p 00004000 08:07 791993                     /usr/lib/x86_64-linux-gnu/libasyncns.so.0.3.1
7ff19b28d000-7ff19b28e000 rw-p 00005000 08:07 791993                     /usr/lib/x86_64-linux-gnu/libasyncns.so.0.3.1
7ff19b28e000-7ff19b2ef000 r-xp 00000000 08:07 792895                     /usr/lib/x86_64-linux-gnu/libsndfile.so.1.0.25
7ff19b2ef000-7ff19b4ef000 ---p 00061000 08:07 792895                     /usr/lib/x86_64-linux-gnu/libsndfile.so.1.0.25
7ff19b4ef000-7ff19b4f1000 r--p 00061000 08:07 792895                     /usr/lib/x86_64-linux-gnu/libsndfile.so.1.0.25
7ff19b4f1000-7ff19b4f2000 rw-p 00063000 08:07 792895                     /usr/lib/x86_64-linux-gnu/libsndfile.so.1.0.25
7ff19b4f2000-7ff19b4f6000 rw-p 00000000 00:00 0 
7ff19b4f6000-7ff19b4fe000 r-xp 00000000 08:07 3406460                    /lib/x86_64-linux-gnu/libwrap.so.0.7.6
7ff19b4fe000-7ff19b6fd000 ---p 00008000 08:07 3406460                    /lib/x86_64-linux-gnu/libwrap.so.0.7.6
7ff19b6fd000-7ff19b6fe000 r--p 00007000 08:07 3406460                    /lib/x86_64-linux-gnu/libwrap.so.0.7.6
7ff19b6fe000-7ff19b6ff000 rw-p 00008000 08:07 3406460                    /lib/x86_64-linux-gnu/libwrap.so.0.7.6
7ff19b6ff000-7ff19b700000 rw-p 00000000 00:00 0 
7ff19b700000-7ff19b744000 r-xp 00000000 08:07 3406313                    /lib/x86_64-linux-gnu/libdbus-1.so.3.7.6
7ff19b744000-7ff19b943000 ---p 00044000 08:07 3406313                    /lib/x86_64-linux-gnu/libdbus-1.so.3.7.6
7ff19b943000-7ff19b944000 r--p 00043000 08:07 3406313                    /lib/x86_64-linux-gnu/libdbus-1.so.3.7.6
7ff19b944000-7ff19b945000 rw-p 00044000 08:07 3406313                    /lib/x86_64-linux-gnu/libdbus-1.so.3.7.6
7ff19b945000-7ff19b9ab000 r-xp 00000000 08:07 1188242                    /usr/lib/x86_64-linux-gnu/pulseaudio/libpulsecommon-4.0.so
7ff19b9ab000-7ff19bbaa000 ---p 00066000 08:07 1188242                    /usr/lib/x86_64-linux-gnu/pulseaudio/libpulsecommon-4.0.so
7ff19bbaa000-7ff19bbab000 r--p 00065000 08:07 1188242                    /usr/lib/x86_64-linux-gnu/pulseaudio/libpulsecommon-4.0.so
7ff19bbab000-7ff19bbac000 rw-p 00066000 08:07 1188242                    /usr/lib/x86_64-linux-gnu/pulseaudio/libpulsecommon-4.0.so
7ff19bbac000-7ff19bbb6000 r-xp 00000000 08:07 3402225                    /lib/x86_64-linux-gnu/libjson-c.so.2.0.0
7ff19bbb6000-7ff19bdb5000 ---p 0000a000 08:07 3402225                    /lib/x86_64-linux-gnu/libjson-c.so.2.0.0
7ff19bdb5000-7ff19bdb6000 r--p 00009000 08:07 3402225                    /lib/x86_64-linux-gnu/libjson-c.so.2.0.0
7ff19bdb6000-7ff19bdb7000 rw-p 0000a000 08:07 3402225                    /lib/x86_64-linux-gnu/libjson-c.so.2.0.0
7ff19bdb7000-7ff19bdfe000 r-xp 00000000 08:07 792814                     /usr/lib/x86_64-linux-gnu/libpulse.so.0.16.2
7ff19bdfe000-7ff19bffe000 ---p 00047000 08:07 792814                     /usr/lib/x86_64-linux-gnu/libpulse.so.0.16.2
7ff19bffe000-7ff19bfff000 r--p 00047000 08:07 792814                     /usr/lib/x86_64-linux-gnu/libpulse.so.0.16.2
7ff19bfff000-7ff19c000000 rw-p 00048000 08:07 792814                     /usr/lib/x86_64-linux-gnu/libpulse.so.0.16.2
7ff19c000000-7ff19c021000 rw-p 00000000 00:00 0 
7ff19c021000-7ff1a0000000 ---p 00000000 00:00 0 
7ff1a0000000-7ff1a0021000 rw-p 00000000 00:00 0 
7ff1a0021000-7ff1a4000000 ---p 00000000 00:00 0 
7ff1a4000000-7ff1a4021000 rw-p 00000000 00:00 0 
7ff1a4021000-7ff1a8000000 ---p 00000000 00:00 0 
7ff1a8000000-7ff1a8021000 rw-p 00000000 00:00 0 
7ff1a8021000-7ff1ac000000 ---p 00000000 00:00 0 
7ff1ac000000-7ff1ac021000 rw-p 00000000 00:00 0 
7ff1ac021000-7ff1b0000000 ---p 00000000 00:00 0 
7ff1b0000000-7ff1b054c000 rw-p 00000000 00:00 0 
7ff1b054c000-7ff1b4000000 ---p 00000000 00:00 0 
7ff1b4000000-7ff1b4021000 rw-p 00000000 00:00 0 
7ff1b4021000-7ff1b8000000 ---p 00000000 00:00 0 
7ff1b8000000-7ff1b8021000 rw-p 00000000 00:00 0 
7ff1b8021000-7ff1bc000000 ---p 00000000 00:00 0 
7ff1bc000000-7ff1bc021000 rw-p 00000000 00:00 0 
7ff1bc021000-7ff1c0000000 ---p 00000000 00:00 0 
7ff1c0000000-7ff1c0021000 rw-p 00000000 00:00 0 
7ff1c0021000-7ff1c4000000 ---p 00000000 00:00 0 
7ff1c4000000-7ff1c4a79000 rw-p 00000000 00:00 0 
7ff1c4a79000-7ff1c8000000 ---p 00000000 00:00 0 
7ff1c8000000-7ff1c87e2000 rw-p 00000000 00:00 0 
7ff1c87e2000-7ff1cc000000 ---p 00000000 00:00 0 
7ff1cc000000-7ff1cc021000 rw-p 00000000 00:00 0 
7ff1cc021000-7ff1d0000000 ---p 00000000 00:00 0 
7ff1d0000000-7ff1d0021000 rw-p 00000000 00:00 0 
7ff1d0021000-7ff1d4000000 ---p 00000000 00:00 0 
7ff1d4000000-7ff1d4021000 rw-p 00000000 00:00 0 
7ff1d4021000-7ff1d8000000 ---p 00000000 00:00 0 
7ff1d804a000-7ff1d8050000 r-xp 00000000 08:07 1049667                    /usr/lib/x86_64-linux-gnu/alsa-lib/libasound_module_pcm_pulse.so
7ff1d8050000-7ff1d824f000 ---p 00006000 08:07 1049667                    /usr/lib/x86_64-linux-gnu/alsa-lib/libasound_module_pcm_pulse.so
7ff1d824f000-7ff1d8250000 r--p 00005000 08:07 1049667                    /usr/lib/x86_64-linux-gnu/alsa-lib/libasound_module_pcm_pulse.so
7ff1d8250000-7ff1d8251000 rw-p 00006000 08:07 1049667                    /usr/lib/x86_64-linux-gnu/alsa-lib/libasound_module_pcm_pulse.so
7ff1d8251000-7ff1d8252000 r--s 00000000 08:07 915779                     /var/cache/fontconfig/c05880de57d1f5e948fdfacc138775d9-le64.cache-4
7ff1d8252000-7ff1d825d000 r--s 00000000 08:07 915778                     /var/cache/fontconfig/945677eb7aeaf62f1d50efc3fb3ec7d8-le64.cache-4
7ff1d825d000-7ff1d825f000 r--s 00000000 08:07 915776                     /var/cache/fontconfig/99e8ed0e538f840c565b6ed5dad60d56-le64.cache-4
7ff1d825f000-7ff1d8265000 r--s 00000000 08:07 915775                     /var/cache/fontconfig/2cd17615ca594fa2959ae173292e504c-le64.cache-4
7ff1d8265000-7ff1d8266000 r--s 00000000 08:07 915774                     /var/cache/fontconfig/e7071f4a29fa870f4323321c154eba04-le64.cache-4
7ff1d8266000-7ff1d8267000 r--s 00000000 08:07 915773                     /var/cache/fontconfig/0d8c3b2ac0904cb8a57a757ad11a4a08-le64.cache-4
7ff1d8267000-7ff1d826e000 r--s 00000000 08:07 915772                     /var/cache/fontconfig/a755afe4a08bf5b97852ceb7400b47bc-le64.cache-4
7ff1d826e000-7ff1d827a000 r--s 00000000 08:07 915771                     /var/cache/fontconfig/6d41288fd70b0be22e8c3a91e032eec0-le64.cache-4
7ff1d827a000-7ff1d828e000 r--s 00000000 08:07 915770                     /var/cache/fontconfig/04aabc0a78ac019cf9454389977116d2-le64.cache-4
7ff1d828e000-7ff1d828f000 r--s 00000000 08:07 915769                     /var/cache/fontconfig/1ac9eb803944fde146138c791f5cc56a-le64.cache-4
7ff1d828f000-7ff1d8293000 r--s 00000000 08:07 915768                     /var/cache/fontconfig/385c0604a188198f04d133e54aba7fe7-le64.cache-4
7ff1d8293000-7ff1d8294000 r--s 00000000 08:07 915767                     /var/cache/fontconfig/dc05db6664285cc2f12bf69c139ae4c3-le64.cache-4
7ff1d8294000-7ff1d8296000 r--s 00000000 08:07 915766                     /var/cache/fontconfig/767a8244fc0220cfb567a839d0392e0b-le64.cache-4
7ff1d8296000-7ff1d8297000 r--s 00000000 08:07 919955                     /var/cache/fontconfig/4794a0821666d79190d59a36cb4f44b5-le64.cache-4
7ff1d8297000-7ff1d82a9000 r--s 00000000 08:07 925136                     /var/cache/fontconfig/0bd3dc0958fa2205aaaa8ebb13e2872b-le64.cache-4
7ff1d82a9000-7ff1d82ae000 r--s 00000000 08:07 915764                     /var/cache/fontconfig/8801497958630a81b71ace7c5f9b32a8-le64.cache-4
7ff1d82ae000-7ff1d82b5000 r--s 00000000 08:07 915763                     /var/cache/fontconfig/3047814df9a2f067bd2d96a2b9c36e5a-le64.cache-4
7ff1d82b5000-7ff1d82c8000 r--s 00000000 08:07 915759                     /var/cache/fontconfig/d52a8644073d54c13679302ca1180695-le64.cache-4
7ff1d833f000-7ff1d8342000 ---p 00000000 00:00 0 
7ff1d8342000-7ff1d8378000 rw-p 00000000 00:00 0                          [stack:22171]
7ff1d8378000-7ff1d83bf000 rw-s 00000000 00:04 6914051                    /SYSV00000000 (deleted)
7ff1d83bf000-7ff1d83c2000 ---p 00000000 00:00 0 
7ff1d83c2000-7ff1d84c0000 rw-p 00000000 00:00 0                          [stack:22147]
7ff1d84c0000-7ff1d85a9000 r-xp 00000000 08:07 791985                     /usr/lib/x86_64-linux-gnu/libasound.so.2.0.0
7ff1d85a9000-7ff1d87a8000 ---p 000e9000 08:07 791985                     /usr/lib/x86_64-linux-gnu/libasound.so.2.0.0
7ff1d87a8000-7ff1d87af000 r--p 000e8000 08:07 791985                     /usr/lib/x86_64-linux-gnu/libasound.so.2.0.0
7ff1d87af000-7ff1d87b0000 rw-p 000ef000 08:07 791985                     /usr/lib/x86_64-linux-gnu/libasound.so.2.0.0
7ff1d87c4000-7ff1d87c5000 r--s 00003000 08:07 1709533                    /usr/lib/jvm/java-7-oracle/jre/lib/ext/sunec.jar
7ff1d87c5000-7ff1d87c8000 r--s 00019000 08:07 1450777                    /usr/lib/jvm/java-7-oracle/jre/lib/jce.jar
7ff1d87c8000-7ff1d87cf000 r--s 00000000 08:07 1192272                    /usr/lib/x86_64-linux-gnu/gconv/gconv-modules.cache
7ff1d87cf000-7ff1d87d0000 r--p 00000000 08:07 1444249                    /usr/share/locale-langpack/en_GB/LC_MESSAGES/pulseaudio.mo
7ff1d87d0000-7ff1d87df000 r-xp 00000000 08:07 1709459                    /usr/lib/jvm/java-7-oracle/jre/lib/amd64/libjsoundalsa.so
7ff1d87df000-7ff1d89de000 ---p 0000f000 08:07 1709459                    /usr/lib/jvm/java-7-oracle/jre/lib/amd64/libjsoundalsa.so
7ff1d89de000-7ff1d89df000 rw-p 0000e000 08:07 1709459                    /usr/lib/jvm/java-7-oracle/jre/lib/amd64/libjsoundalsa.so
7ff1d89df000-7ff1d89e0000 r-xp 00000000 08:07 1709434                    /usr/lib/jvm/java-7-oracle/jre/lib/amd64/libjsound.so
7ff1d89e0000-7ff1d8bdf000 ---p 00001000 08:07 1709434                    /usr/lib/jvm/java-7-oracle/jre/lib/amd64/libjsound.so
7ff1d8bdf000-7ff1d8be0000 rw-p 00000000 08:07 1709434                    /usr/lib/jvm/java-7-oracle/jre/lib/amd64/libjsound.so
7ff1d8be0000-7ff1d8bf2000 r--s 00000000 08:07 1832421                    /usr/share/fonts/type1/gsfonts/n019044l.pfb
7ff1d8c02000-7ff1d8c13000 r--s 00000000 08:07 1832376                    /usr/share/fonts/type1/gsfonts/a010035l.pfb
7ff1d8c13000-7ff1d8c23000 r--s 00000000 08:07 1832373                    /usr/share/fonts/type1/gsfonts/a010033l.pfb
7ff1d8c23000-7ff1d8c38000 r--s 00000000 08:07 1832385                    /usr/share/fonts/type1/gsfonts/b018032l.pfb
7ff1d8c48000-7ff1d8c60000 r--s 00000000 08:07 1832397                    /usr/share/fonts/type1/gsfonts/c059033l.pfb
7ff1d8c60000-7ff1d8c72000 r--s 00000000 08:07 1832418                    /usr/share/fonts/type1/gsfonts/n019043l.pfb
7ff1d8c72000-7ff1d8c85000 r--s 00000000 08:07 1832382                    /usr/share/fonts/type1/gsfonts/b018015l.pfb
7ff1d8c85000-7ff1d8c9f000 r--s 00000000 08:07 1832391                    /usr/share/fonts/type1/gsfonts/c059013l.pfb
7ff1d8c9f000-7ff1d8cb2000 r--s 00000000 08:07 1832427                    /usr/share/fonts/type1/gsfonts/n019064l.pfb
7ff1d8cb2000-7ff1d8cc9000 r--s 00000000 08:07 1832469                    /usr/share/fonts/type1/gsfonts/z003034l.pfb
7ff1d8cc9000-7ff1d8cd2000 r--s 00000000 08:07 1832466                    /usr/share/fonts/type1/gsfonts/s050000l.pfb
7ff1d8cd2000-7ff1d8ced000 r--s 00000000 08:07 1832394                    /usr/share/fonts/type1/gsfonts/c059016l.pfb
7ff1d8ced000-7ff1d8cff000 r--s 00000000 08:07 1832388                    /usr/share/fonts/type1/gsfonts/b018035l.pfb
7ff1d8cff000-7ff1d8d1a000 r--s 00000000 08:07 1832454                    /usr/share/fonts/type1/gsfonts/p052003l.pfb
7ff1d8d1a000-7ff1d8d2b000 r--s 00000000 08:07 1832424                    /usr/share/fonts/type1/gsfonts/n019063l.pfb
7ff1d8d2b000-7ff1d8d47000 r--s 00000000 08:07 1832463                    /usr/share/fonts/type1/gsfonts/p052024l.pfb
7ff1d8d47000-7ff1d8d62000 r--s 00000000 08:07 1832457                    /usr/share/fonts/type1/gsfonts/p052004l.pfb
7ff1d8d62000-7ff1d8d7d000 r--s 00000000 08:07 1832460                    /usr/share/fonts/type1/gsfonts/p052023l.pfb
7ff1d8d7d000-7ff1d8d96000 r--s 00000000 08:07 1832379                    /usr/share/fonts/type1/gsfonts/b018012l.pfb
7ff1d8d96000-7ff1d8da2000 r--s 00000000 08:07 1832403                    /usr/share/fonts/type1/gsfonts/d050000l.pfb
7ff1d8dba000-7ff1d8dc3000 r--s 00000000 08:07 1831638                    /usr/share/fonts/X11/Type1/c0648bt_.pfb
7ff1d8dc3000-7ff1d8dcc000 r--s 00000000 08:07 1831640                    /usr/share/fonts/X11/Type1/c0649bt_.pfb
7ff1d8dcc000-7ff1d8dd6000 r--s 00000000 08:07 1831626                    /usr/share/fonts/X11/Type1/c0419bt_.pfb
7ff1d8dd6000-7ff1d8de0000 r--s 00000000 08:07 1831630                    /usr/share/fonts/X11/Type1/c0583bt_.pfb
7ff1d8de0000-7ff1d8de9000 r--s 00000000 08:07 1831636                    /usr/share/fonts/X11/Type1/c0633bt_.pfb
7ff1d8de9000-7ff1d8df3000 r--s 00000000 08:07 1831628                    /usr/share/fonts/X11/Type1/c0582bt_.pfb
7ff1d8df3000-7ff1d8dfc000 r--s 00000000 08:07 1831634                    /usr/share/fonts/X11/Type1/c0632bt_.pfb
7ff1d8e06000-7ff1d8e10000 r--s 00000000 08:07 1831632                    /usr/share/fonts/X11/Type1/c0611bt_.pfb
7ff1d8e10000-7ff1d8e11000 r--s 00000000 08:07 915762                     /var/cache/fontconfig/56cf4f4769d0f4abc89a4895d7bd3ae1-le64.cache-4
7ff1d8e11000-7ff1d8e12000 r--s 00000000 08:07 915761                     /var/cache/fontconfig/b9d506c9ac06c20b433354fa67a72993-le64.cache-4
7ff1d8e12000-7ff1d8e18000 r--s 00000000 08:07 915760                     /var/cache/fontconfig/b47c4e1ecd0709278f4910c18777a504-le64.cache-4
7ff1d8e18000-7ff1d8e21000 r--s 00000000 08:07 915758                     /var/cache/fontconfig/3f7329c5293ffd510edef78f73874cfd-le64.cache-4
7ff1d8e21000-7ff1d8e2c000 r--s 00000000 08:07 915757                     /var/cache/fontconfig/d589a48862398ed80a3d6066f4f56f4c-le64.cache-4
7ff1d8e2c000-7ff1d8e30000 r--s 00000000 08:07 925135                     /var/cache/fontconfig/7ef2298fde41cc6eeb7af42e48b7d293-le64.cache-4
7ff1d8e30000-7ff1d8e46000 r--s 00000000 08:07 1832451                    /usr/share/fonts/type1/gsfonts/n022024l.pfb
7ff1d8e46000-7ff1d8e5e000 r--s 00000000 08:07 1832442                    /usr/share/fonts/type1/gsfonts/n022003l.pfb
7ff1d8e5e000-7ff1d8e6f000 r--s 00000000 08:07 1832415                    /usr/share/fonts/type1/gsfonts/n019024l.pfb
7ff1d8e6f000-7ff1d8e88000 r--s 00000000 08:07 1832433                    /usr/share/fonts/type1/gsfonts/n021004l.pfb
7ff1d8e88000-7ff1d8e9a000 r--s 00000000 08:07 1832409                    /usr/share/fonts/type1/gsfonts/n019004l.pfb
7ff1d8e9a000-7ff1d8eb3000 r--s 00000000 08:07 1832445                    /usr/share/fonts/type1/gsfonts/n022004l.pfb
7ff1d8eb3000-7ff1d8ecc000 r--s 00000000 08:07 1832430                    /usr/share/fonts/type1/gsfonts/n021003l.pfb
7ff1d8edc000-7ff1d8ede000 rw-p 00000000 00:00 0 
7ff1d8ede000-7ff1d8ee2000 r--s 0002d000 08:07 1709536                    /usr/lib/jvm/java-7-oracle/jre/lib/ext/sunjce_provider.jar
7ff1d8ee2000-7ff1d8ef8000 r--s 00000000 08:07 1832448                    /usr/share/fonts/type1/gsfonts/n022023l.pfb
7ff1d8ef8000-7ff1d8f0f000 r--s 00000000 08:07 1832436                    /usr/share/fonts/type1/gsfonts/n021023l.pfb
7ff1d8f0f000-7ff1d8f19000 r--s 00000000 08:07 1832472                    /usr/share/fonts/type1/mathml/Symbol.pfb
7ff1d8f19000-7ff1d8f1c000 ---p 00000000 00:00 0 
7ff1d8f1c000-7ff1d901a000 rw-p 00000000 00:00 0                          [stack:22133]
7ff1d901a000-7ff1d901d000 ---p 00000000 00:00 0 
7ff1d901d000-7ff1d911b000 rw-p 00000000 00:00 0                          [stack:22132]
7ff1d911b000-7ff1d9184000 r-xp 00000000 08:07 1709442                    /usr/lib/jvm/java-7-oracle/jre/lib/amd64/libt2k.so
7ff1d9184000-7ff1d9383000 ---p 00069000 08:07 1709442                    /usr/lib/jvm/java-7-oracle/jre/lib/amd64/libt2k.so
7ff1d9383000-7ff1d938a000 rw-p 00068000 08:07 1709442                    /usr/lib/jvm/java-7-oracle/jre/lib/amd64/libt2k.so
7ff1d938a000-7ff1d939a000 rw-p 00000000 00:00 0 
7ff1d939a000-7ff1d93b0000 r-xp 00000000 08:07 3402216                    /lib/x86_64-linux-gnu/libgcc_s.so.1
7ff1d93b0000-7ff1d95af000 ---p 00016000 08:07 3402216                    /lib/x86_64-linux-gnu/libgcc_s.so.1
7ff1d95af000-7ff1d95b0000 rw-p 00015000 08:07 3402216                    /lib/x86_64-linux-gnu/libgcc_s.so.1
7ff1d95b0000-7ff1d9615000 r-xp 00000000 08:07 1709447                    /usr/lib/jvm/java-7-oracle/jre/lib/amd64/libfontmanager.so
7ff1d9615000-7ff1d9814000 ---p 00065000 08:07 1709447                    /usr/lib/jvm/java-7-oracle/jre/lib/amd64/libfontmanager.so
7ff1d9814000-7ff1d9818000 rw-p 00064000 08:07 1709447                    /usr/lib/jvm/java-7-oracle/jre/lib/amd64/libfontmanager.so
7ff1d9818000-7ff1d9829000 rw-p 00000000 00:00 0 
7ff1d9829000-7ff1d982c000 ---p 00000000 00:00 0 
7ff1d982c000-7ff1d992a000 rw-p 00000000 00:00 0                          [stack:22131]
7ff1d992a000-7ff1d992d000 ---p 00000000 00:00 0 
7ff1d992d000-7ff1d9a2b000 rw-p 00000000 00:00 0                          [stack:22130]
7ff1d9a2b000-7ff1d9a41000 r-xp 00000000 08:07 1709454                    /usr/lib/jvm/java-7-oracle/jre/lib/amd64/libnet.so
7ff1d9a41000-7ff1d9c41000 ---p 00016000 08:07 1709454                    /usr/lib/jvm/java-7-oracle/jre/lib/amd64/libnet.so
7ff1d9c41000-7ff1d9c42000 rw-p 00016000 08:07 1709454                    /usr/lib/jvm/java-7-oracle/jre/lib/amd64/libnet.so
7ff1d9c42000-7ff1d9c52000 r-xp 00000000 08:07 1709457                    /usr/lib/jvm/java-7-oracle/jre/lib/amd64/libnio.so
7ff1d9c52000-7ff1d9e52000 ---p 00010000 08:07 1709457                    /usr/lib/jvm/java-7-oracle/jre/lib/amd64/libnio.so
7ff1d9e52000-7ff1d9e53000 rw-p 00010000 08:07 1709457                    /usr/lib/jvm/java-7-oracle/jre/lib/amd64/libnio.so
7ff1d9e53000-7ff1d9e56000 ---p 00000000 00:00 0 
7ff1d9e56000-7ff1d9f54000 rw-p 00000000 00:00 0                          [stack:22129]
7ff1d9f54000-7ff1d9f57000 ---p 00000000 00:00 0 
7ff1d9f57000-7ff1da055000 rw-p 00000000 00:00 0                          [stack:22127]
7ff1da055000-7ff1da058000 ---p 00000000 00:00 0 
7ff1da058000-7ff1da156000 rw-p 00000000 00:00 0                          [stack:22126]
7ff1da156000-7ff1da159000 ---p 00000000 00:00 0 
7ff1da159000-7ff1da257000 rw-p 00000000 00:00 0                          [stack:22125]
7ff1da257000-7ff1da25c000 r-xp 00000000 08:07 791916                     /usr/lib/x86_64-linux-gnu/libXfixes.so.3.1.0
7ff1da25c000-7ff1da45b000 ---p 00005000 08:07 791916                     /usr/lib/x86_64-linux-gnu/libXfixes.so.3.1.0
7ff1da45b000-7ff1da45c000 r--p 00004000 08:07 791916                     /usr/lib/x86_64-linux-gnu/libXfixes.so.3.1.0
7ff1da45c000-7ff1da45d000 rw-p 00005000 08:07 791916                     /usr/lib/x86_64-linux-gnu/libXfixes.so.3.1.0
7ff1da45d000-7ff1da466000 r-xp 00000000 08:07 791908                     /usr/lib/x86_64-linux-gnu/libXcursor.so.1.0.2
7ff1da466000-7ff1da665000 ---p 00009000 08:07 791908                     /usr/lib/x86_64-linux-gnu/libXcursor.so.1.0.2
7ff1da665000-7ff1da666000 r--p 00008000 08:07 791908                     /usr/lib/x86_64-linux-gnu/libXcursor.so.1.0.2
7ff1da666000-7ff1da667000 rw-p 00009000 08:07 791908                     /usr/lib/x86_64-linux-gnu/libXcursor.so.1.0.2
7ff1da667000-7ff1da66a000 ---p 00000000 00:00 0 
7ff1da66a000-7ff1da768000 rw-p 00000000 00:00 0                          [stack:22124]
7ff1da768000-7ff1da76d000 r-xp 00000000 08:07 791912                     /usr/lib/x86_64-linux-gnu/libXdmcp.so.6.0.0
7ff1da76d000-7ff1da96c000 ---p 00005000 08:07 791912                     /usr/lib/x86_64-linux-gnu/libXdmcp.so.6.0.0
7ff1da96c000-7ff1da96d000 r--p 00004000 08:07 791912                     /usr/lib/x86_64-linux-gnu/libXdmcp.so.6.0.0
7ff1da96d000-7ff1da96e000 rw-p 00005000 08:07 791912                     /usr/lib/x86_64-linux-gnu/libXdmcp.so.6.0.0
7ff1da96e000-7ff1da970000 r-xp 00000000 08:07 791901                     /usr/lib/x86_64-linux-gnu/libXau.so.6.0.0
7ff1da970000-7ff1dab70000 ---p 00002000 08:07 791901                     /usr/lib/x86_64-linux-gnu/libXau.so.6.0.0
7ff1dab70000-7ff1dab71000 r--p 00002000 08:07 791901                     /usr/lib/x86_64-linux-gnu/libXau.so.6.0.0
7ff1dab71000-7ff1dab72000 rw-p 00003000 08:07 791901                     /usr/lib/x86_64-linux-gnu/libXau.so.6.0.0
7ff1dab72000-7ff1dab8f000 r-xp 00000000 08:07 793084                     /usr/lib/x86_64-linux-gnu/libxcb.so.1.1.0
7ff1dab8f000-7ff1dad8f000 ---p 0001d000 08:07 793084                     /usr/lib/x86_64-linux-gnu/libxcb.so.1.1.0
7ff1dad8f000-7ff1dad90000 r--p 0001d000 08:07 793084                     /usr/lib/x86_64-linux-gnu/libxcb.so.1.1.0
7ff1dad90000-7ff1dad91000 rw-p 0001e000 08:07 793084                     /usr/lib/x86_64-linux-gnu/libxcb.so.1.1.0
7ff1dad91000-7ff1dada0000 r-xp 00000000 08:07 791922                     /usr/lib/x86_64-linux-gnu/libXi.so.6.1.0
7ff1dada0000-7ff1daf9f000 ---p 0000f000 08:07 791922                     /usr/lib/x86_64-linux-gnu/libXi.so.6.1.0
7ff1daf9f000-7ff1dafa0000 r--p 0000e000 08:07 791922                     /usr/lib/x86_64-linux-gnu/libXi.so.6.1.0
7ff1dafa0000-7ff1dafa1000 rw-p 0000f000 08:07 791922                     /usr/lib/x86_64-linux-gnu/libXi.so.6.1.0
7ff1dafa1000-7ff1dafa6000 r-xp 00000000 08:07 791940                     /usr/lib/x86_64-linux-gnu/libXtst.so.6.1.0
7ff1dafa6000-7ff1db1a5000 ---p 00005000 08:07 791940                     /usr/lib/x86_64-linux-gnu/libXtst.so.6.1.0
7ff1db1a5000-7ff1db1a6000 r--p 00004000 08:07 791940                     /usr/lib/x86_64-linux-gnu/libXtst.so.6.1.0
7ff1db1a6000-7ff1db1a7000 rw-p 00005000 08:07 791940                     /usr/lib/x86_64-linux-gnu/libXtst.so.6.1.0
7ff1db1a7000-7ff1db1b0000 r-xp 00000000 08:07 791934                     /usr/lib/x86_64-linux-gnu/libXrender.so.1.3.0
7ff1db1b0000-7ff1db3af000 ---p 00009000 08:07 791934                     /usr/lib/x86_64-linux-gnu/libXrender.so.1.3.0
7ff1db3af000-7ff1db3b0000 r--p 00008000 08:07 791934                     /usr/lib/x86_64-linux-gnu/libXrender.so.1.3.0
7ff1db3b0000-7ff1db3b1000 rw-p 00009000 08:07 791934                     /usr/lib/x86_64-linux-gnu/libXrender.so.1.3.0
7ff1db3b1000-7ff1db4e1000 r-xp 00000000 08:07 791897                     /usr/lib/x86_64-linux-gnu/libX11.so.6.3.0
7ff1db4e1000-7ff1db6e1000 ---p 00130000 08:07 791897                     /usr/lib/x86_64-linux-gnu/libX11.so.6.3.0
7ff1db6e1000-7ff1db6e2000 r--p 00130000 08:07 791897                     /usr/lib/x86_64-linux-gnu/libX11.so.6.3.0
7ff1db6e2000-7ff1db6e6000 rw-p 00131000 08:07 791897                     /usr/lib/x86_64-linux-gnu/libX11.so.6.3.0
7ff1db6e6000-7ff1db6f7000 r-xp 00000000 08:07 791914                     /usr/lib/x86_64-linux-gnu/libXext.so.6.4.0
7ff1db6f7000-7ff1db8f6000 ---p 00011000 08:07 791914                     /usr/lib/x86_64-linux-gnu/libXext.so.6.4.0
7ff1db8f6000-7ff1db8f7000 r--p 00010000 08:07 791914                     /usr/lib/x86_64-linux-gnu/libXext.so.6.4.0
7ff1db8f7000-7ff1db8f8000 rw-p 00011000 08:07 791914                     /usr/lib/x86_64-linux-gnu/libXext.so.6.4.0
7ff1db8f8000-7ff1db948000 r-xp 00000000 08:07 1709461                    /usr/lib/jvm/java-7-oracle/jre/lib/amd64/xawt/libmawt.so
7ff1db948000-7ff1dbb48000 ---p 00050000 08:07 1709461                    /usr/lib/jvm/java-7-oracle/jre/lib/amd64/xawt/libmawt.so
7ff1dbb48000-7ff1dbb4c000 rw-p 00050000 08:07 1709461                    /usr/lib/jvm/java-7-oracle/jre/lib/amd64/xawt/libmawt.so
7ff1dbb4c000-7ff1dbb4d000 rw-p 00000000 00:00 0 
7ff1dbb4d000-7ff1dbbef000 r-xp 00000000 08:07 1709426                    /usr/lib/jvm/java-7-oracle/jre/lib/amd64/libawt.so
7ff1dbbef000-7ff1dbdef000 ---p 000a2000 08:07 1709426                    /usr/lib/jvm/java-7-oracle/jre/lib/amd64/libawt.so
7ff1dbdef000-7ff1dbdfb000 rw-p 000a2000 08:07 1709426                    /usr/lib/jvm/java-7-oracle/jre/lib/amd64/libawt.so
7ff1dbdfb000-7ff1dbe1f000 rw-p 00000000 00:00 0 
7ff1dbe1f000-7ff1dbe20000 ---p 00000000 00:00 0 
7ff1dbe20000-7ff1e0000000 rw-p 00000000 00:00 0                          [stack:22123]
7ff1e0000000-7ff1e0021000 rw-p 00000000 00:00 0 
7ff1e0021000-7ff1e4000000 ---p 00000000 00:00 0 
7ff1e4000000-7ff1e4021000 rw-p 00000000 00:00 0 
7ff1e4021000-7ff1e8000000 ---p 00000000 00:00 0 
7ff1e8000000-7ff1e8021000 rw-p 00000000 00:00 0 
7ff1e8021000-7ff1ec000000 ---p 00000000 00:00 0 
7ff1ec000000-7ff1ec021000 rw-p 00000000 00:00 0 
7ff1ec021000-7ff1f0000000 ---p 00000000 00:00 0 
7ff1f0000000-7ff1f0021000 rw-p 00000000 00:00 0 
7ff1f0021000-7ff1f4000000 ---p 00000000 00:00 0 
7ff1f4000000-7ff1f4001000 r--s 00000000 08:07 915756                     /var/cache/fontconfig/0c9eb80ebd1c36541ebe2852d3bb0c49-le64.cache-4
7ff1f4001000-7ff1f4012000 r--s 00000000 08:07 1832412                    /usr/share/fonts/type1/gsfonts/n019023l.pfb
7ff1f4012000-7ff1f4026000 r--s 00000000 08:07 1832406                    /usr/share/fonts/type1/gsfonts/n019003l.pfb
7ff1f4026000-7ff1f402a000 r--s 0008b000 08:07 1450757                    /usr/lib/jvm/java-7-oracle/jre/lib/jsse.jar
7ff1f402a000-7ff1f402d000 ---p 00000000 00:00 0 
7ff1f402d000-7ff1f412b000 rw-p 00000000 00:00 0                          [stack:22122]
7ff1f412b000-7ff1f412e000 ---p 00000000 00:00 0 
7ff1f412e000-7ff1f422c000 rw-p 00000000 00:00 0                          [stack:22121]
7ff1f422c000-7ff1f422f000 ---p 00000000 00:00 0 
7ff1f422f000-7ff1f432d000 rw-p 00000000 00:00 0                          [stack:22120]
7ff1f432d000-7ff1f4330000 ---p 00000000 00:00 0 
7ff1f4330000-7ff1f442e000 rw-p 00000000 00:00 0                          [stack:22119]
7ff1f442e000-7ff1f46f7000 r--p 00000000 08:07 790289                     /usr/lib/locale/locale-archive
7ff1f46f7000-7ff1f46fa000 ---p 00000000 00:00 0 
7ff1f46fa000-7ff1f47f8000 rw-p 00000000 00:00 0                          [stack:22117]
7ff1f47f8000-7ff1f47fb000 ---p 00000000 00:00 0 
7ff1f47fb000-7ff1f48f9000 rw-p 00000000 00:00 0                          [stack:22116]
7ff1f48f9000-7ff1f48fa000 ---p 00000000 00:00 0 
7ff1f48fa000-7ff1f5000000 rw-p 00000000 00:00 0                          [stack:22115]
7ff1f5000000-7ff1f5270000 rwxp 00000000 00:00 0 
7ff1f5270000-7ff1f826d000 rw-p 00000000 00:00 0 
7ff1f826d000-7ff1fc000000 ---p 00000000 00:00 0 
7ff1fc000000-7ff1fc954000 rw-p 00000000 00:00 0 
7ff1fc954000-7ff1fcb13000 r--s 039f0000 08:07 1450832                    /usr/lib/jvm/java-7-oracle/jre/lib/rt.jar
7ff1fcb13000-7ff1fd01b000 rw-p 00000000 00:00 0 
7ff1fd01b000-7ff1fd01c000 ---p 00000000 00:00 0 
7ff1fd01c000-7ff1fd11c000 rw-p 00000000 00:00 0                          [stack:22114]
7ff1fd11c000-7ff1fd11d000 ---p 00000000 00:00 0 
7ff1fd11d000-7ff1fd21d000 rw-p 00000000 00:00 0                          [stack:22113]
7ff1fd21d000-7ff1fd21e000 ---p 00000000 00:00 0 
7ff1fd21e000-7ff1fd31e000 rw-p 00000000 00:00 0                          [stack:22112]
7ff1fd31e000-7ff1fd31f000 ---p 00000000 00:00 0 
7ff1fd31f000-7ff1fd42b000 rw-p 00000000 00:00 0                          [stack:22111]
7ff1fd42b000-7ff1fd448000 rw-p 00000000 00:00 0 
7ff1fd448000-7ff1fd472000 rw-p 00000000 00:00 0 
7ff1fd472000-7ff1fd6e1000 rw-p 00000000 00:00 0 
7ff1fd6e1000-7ff1fd6ed000 rw-p 00000000 00:00 0 
7ff1fd6ed000-7ff1fd70a000 rw-p 00000000 00:00 0 
7ff1fd70a000-7ff1fd734000 rw-p 00000000 00:00 0 
7ff1fd734000-7ff1fd9a2000 rw-p 00000000 00:00 0 
7ff1fd9a2000-7ff1fd9b8000 rw-p 00000000 00:00 0 
7ff1fd9b8000-7ff1fdaef000 rw-p 00000000 00:00 0 
7ff1fdaef000-7ff1fdaf0000 rw-p 00000000 00:00 0 
7ff1fdaf0000-7ff1fdb0a000 r-xp 00000000 08:07 1709469                    /usr/lib/jvm/java-7-oracle/jre/lib/amd64/libzip.so
7ff1fdb0a000-7ff1fdd0a000 ---p 0001a000 08:07 1709469                    /usr/lib/jvm/java-7-oracle/jre/lib/amd64/libzip.so
7ff1fdd0a000-7ff1fdd0b000 rw-p 0001a000 08:07 1709469                    /usr/lib/jvm/java-7-oracle/jre/lib/amd64/libzip.so
7ff1fdd0b000-7ff1fdd16000 r-xp 00000000 08:07 3406420                    /lib/x86_64-linux-gnu/libnss_files-2.19.so
7ff1fdd16000-7ff1fdf15000 ---p 0000b000 08:07 3406420                    /lib/x86_64-linux-gnu/libnss_files-2.19.so
7ff1fdf15000-7ff1fdf16000 r--p 0000a000 08:07 3406420                    /lib/x86_64-linux-gnu/libnss_files-2.19.so
7ff1fdf16000-7ff1fdf17000 rw-p 0000b000 08:07 3406420                    /lib/x86_64-linux-gnu/libnss_files-2.19.so
7ff1fdf17000-7ff1fdf22000 r-xp 00000000 08:07 3406378                    /lib/x86_64-linux-gnu/libnss_nis-2.19.so
7ff1fdf22000-7ff1fe121000 ---p 0000b000 08:07 3406378                    /lib/x86_64-linux-gnu/libnss_nis-2.19.so
7ff1fe121000-7ff1fe122000 r--p 0000a000 08:07 3406378                    /lib/x86_64-linux-gnu/libnss_nis-2.19.so
7ff1fe122000-7ff1fe123000 rw-p 0000b000 08:07 3406378                    /lib/x86_64-linux-gnu/libnss_nis-2.19.so
7ff1fe123000-7ff1fe13a000 r-xp 00000000 08:07 3406350                    /lib/x86_64-linux-gnu/libnsl-2.19.so
7ff1fe13a000-7ff1fe339000 ---p 00017000 08:07 3406350                    /lib/x86_64-linux-gnu/libnsl-2.19.so
7ff1fe339000-7ff1fe33a000 r--p 00016000 08:07 3406350                    /lib/x86_64-linux-gnu/libnsl-2.19.so
7ff1fe33a000-7ff1fe33b000 rw-p 00017000 08:07 3406350                    /lib/x86_64-linux-gnu/libnsl-2.19.so
7ff1fe33b000-7ff1fe33d000 rw-p 00000000 00:00 0 
7ff1fe33d000-7ff1fe346000 r-xp 00000000 08:07 3406330                    /lib/x86_64-linux-gnu/libnss_compat-2.19.so
7ff1fe346000-7ff1fe545000 ---p 00009000 08:07 3406330                    /lib/x86_64-linux-gnu/libnss_compat-2.19.so
7ff1fe545000-7ff1fe546000 r--p 00008000 08:07 3406330                    /lib/x86_64-linux-gnu/libnss_compat-2.19.so
7ff1fe546000-7ff1fe547000 rw-p 00009000 08:07 3406330                    /lib/x86_64-linux-gnu/libnss_compat-2.19.so
7ff1fe547000-7ff1fe570000 r-xp 00000000 08:07 1709448                    /usr/lib/jvm/java-7-oracle/jre/lib/amd64/libjava.so
7ff1fe570000-7ff1fe770000 ---p 00029000 08:07 1709448                    /usr/lib/jvm/java-7-oracle/jre/lib/amd64/libjava.so
7ff1fe770000-7ff1fe772000 rw-p 00029000 08:07 1709448                    /usr/lib/jvm/java-7-oracle/jre/lib/amd64/libjava.so
7ff1fe772000-7ff1fe77f000 r-xp 00000000 08:07 1709430                    /usr/lib/jvm/java-7-oracle/jre/lib/amd64/libverify.so
7ff1fe77f000-7ff1fe97e000 ---p 0000d000 08:07 1709430                    /usr/lib/jvm/java-7-oracle/jre/lib/amd64/libverify.so
7ff1fe97e000-7ff1fe980000 rw-p 0000c000 08:07 1709430                    /usr/lib/jvm/java-7-oracle/jre/lib/amd64/libverify.so
7ff1fe980000-7ff1fe987000 r-xp 00000000 08:07 3402315                    /lib/x86_64-linux-gnu/librt-2.19.so
7ff1fe987000-7ff1feb86000 ---p 00007000 08:07 3402315                    /lib/x86_64-linux-gnu/librt-2.19.so
7ff1feb86000-7ff1feb87000 r--p 00006000 08:07 3402315                    /lib/x86_64-linux-gnu/librt-2.19.so
7ff1feb87000-7ff1feb88000 rw-p 00007000 08:07 3402315                    /lib/x86_64-linux-gnu/librt-2.19.so
7ff1feb88000-7ff1fec8d000 r-xp 00000000 08:07 3406348                    /lib/x86_64-linux-gnu/libm-2.19.so
7ff1fec8d000-7ff1fee8c000 ---p 00105000 08:07 3406348                    /lib/x86_64-linux-gnu/libm-2.19.so
7ff1fee8c000-7ff1fee8d000 r--p 00104000 08:07 3406348                    /lib/x86_64-linux-gnu/libm-2.19.so
7ff1fee8d000-7ff1fee8e000 rw-p 00105000 08:07 3406348                    /lib/x86_64-linux-gnu/libm-2.19.so
7ff1fee8e000-7ff1ffa03000 r-xp 00000000 08:07 1709440                    /usr/lib/jvm/java-7-oracle/jre/lib/amd64/server/libjvm.so
7ff1ffa03000-7ff1ffc03000 ---p 00b75000 08:07 1709440                    /usr/lib/jvm/java-7-oracle/jre/lib/amd64/server/libjvm.so
7ff1ffc03000-7ff1ffcc7000 rw-p 00b75000 08:07 1709440                    /usr/lib/jvm/java-7-oracle/jre/lib/amd64/server/libjvm.so
7ff1ffcc7000-7ff1ffd08000 rw-p 00000000 00:00 0 
7ff1ffd08000-7ff1ffec3000 r-xp 00000000 08:07 3402312                    /lib/x86_64-linux-gnu/libc-2.19.so
7ff1ffec3000-7ff2000c3000 ---p 001bb000 08:07 3402312                    /lib/x86_64-linux-gnu/libc-2.19.so
7ff2000c3000-7ff2000c7000 r--p 001bb000 08:07 3402312                    /lib/x86_64-linux-gnu/libc-2.19.so
7ff2000c7000-7ff2000c9000 rw-p 001bf000 08:07 3402312                    /lib/x86_64-linux-gnu/libc-2.19.so
7ff2000c9000-7ff2000ce000 rw-p 00000000 00:00 0 
7ff2000ce000-7ff2000d1000 r-xp 00000000 08:07 3406316                    /lib/x86_64-linux-gnu/libdl-2.19.so
7ff2000d1000-7ff2002d0000 ---p 00003000 08:07 3406316                    /lib/x86_64-linux-gnu/libdl-2.19.so
7ff2002d0000-7ff2002d1000 r--p 00002000 08:07 3406316                    /lib/x86_64-linux-gnu/libdl-2.19.so
7ff2002d1000-7ff2002d2000 rw-p 00003000 08:07 3406316                    /lib/x86_64-linux-gnu/libdl-2.19.so
7ff2002d2000-7ff2002e8000 r-xp 00000000 08:07 1314641                    /usr/lib/jvm/java-7-oracle/lib/amd64/jli/libjli.so
7ff2002e8000-7ff2004e8000 ---p 00016000 08:07 1314641                    /usr/lib/jvm/java-7-oracle/lib/amd64/jli/libjli.so
7ff2004e8000-7ff2004e9000 rw-p 00016000 08:07 1314641                    /usr/lib/jvm/java-7-oracle/lib/amd64/jli/libjli.so
7ff2004e9000-7ff200502000 r-xp 00000000 08:07 3406388                    /lib/x86_64-linux-gnu/libpthread-2.19.so
7ff200502000-7ff200701000 ---p 00019000 08:07 3406388                    /lib/x86_64-linux-gnu/libpthread-2.19.so
7ff200701000-7ff200702000 r--p 00018000 08:07 3406388                    /lib/x86_64-linux-gnu/libpthread-2.19.so
7ff200702000-7ff200703000 rw-p 00019000 08:07 3406388                    /lib/x86_64-linux-gnu/libpthread-2.19.so
7ff200703000-7ff200707000 rw-p 00000000 00:00 0 
7ff200707000-7ff20072a000 r-xp 00000000 08:07 3402261                    /lib/x86_64-linux-gnu/ld-2.19.so
7ff20072a000-7ff20072d000 r--s 00000000 08:07 915744                     /var/cache/fontconfig/e13b20fdb08344e0e664864cc2ede53d-le64.cache-4
7ff20072d000-7ff200737000 r--s 00251000 08:07 1450806                    /usr/lib/jvm/java-7-oracle/jre/lib/resources.jar
7ff200737000-7ff200742000 r--s 0037c000 08:07 1450833                    /usr/lib/jvm/java-7-oracle/jre/lib/charsets.jar
7ff200742000-7ff20074c000 rw-p 00000000 00:00 0 
7ff20074c000-7ff200802000 rw-p 00000000 00:00 0 
7ff200802000-7ff200805000 ---p 00000000 00:00 0 
7ff200805000-7ff200907000 rw-p 00000000 00:00 0                          [stack:22110]
7ff200907000-7ff200908000 r--p 00000000 08:07 1443489                    /usr/share/locale-langpack/en_GB/LC_MESSAGES/libc.mo
7ff200908000-7ff20091d000 r--s 001c6000 08:09 14026813                   /home/aymen/prisma/out/artifacts/prisma_jar/prisma.jar
7ff20091d000-7ff200925000 rw-s 00000000 08:07 654114                     /tmp/hsperfdata_aymen/22109
7ff200925000-7ff200926000 rw-p 00000000 00:00 0 
7ff200926000-7ff200927000 r--p 00000000 00:00 0 
7ff200927000-7ff200929000 rw-p 00000000 00:00 0 
7ff200929000-7ff20092a000 r--p 00022000 08:07 3402261                    /lib/x86_64-linux-gnu/ld-2.19.so
7ff20092a000-7ff20092b000 rw-p 00023000 08:07 3402261                    /lib/x86_64-linux-gnu/ld-2.19.so
7ff20092b000-7ff20092c000 rw-p 00000000 00:00 0 
7fff4b4fa000-7fff4b51b000 rw-p 00000000 00:00 0                          [stack]
7fff4b529000-7fff4b52b000 r-xp 00000000 00:00 0                          [vdso]
ffffffffff600000-ffffffffff601000 r-xp 00000000 00:00 0                  [vsyscall]

VM Arguments:
jvm_args: -Dfile.encoding=UTF-8 
java_command: /home/aymen/prisma/out/artifacts/prisma_jar/prisma.jar
Launcher Type: SUN_STANDARD

Environment Variables:
CLASSPATH=/home/aymen/IntelliJ/bin/../lib/bootstrap.jar:/home/aymen/IntelliJ/bin/../lib/extensions.jar:/home/aymen/IntelliJ/bin/../lib/util.jar:/home/aymen/IntelliJ/bin/../lib/jdom.jar:/home/aymen/IntelliJ/bin/../lib/log4j.jar:/home/aymen/IntelliJ/bin/../lib/trove4j.jar:/home/aymen/IntelliJ/bin/../lib/jna.jar:/usr/lib/jvm/java-7-oracle/lib/tools.jar
PATH=/usr/local/sbin:/usr/local/bin:/usr/sbin:/usr/bin:/sbin:/bin:/usr/games:/usr/local/games
USERNAME=aymen
LD_LIBRARY_PATH=/home/aymen/IntelliJ/bin:
SHELL=/bin/bash
DISPLAY=:0.0

Signal Handlers:
SIGSEGV: [libjvm.so+0x9a3bd0], sa_mask[0]=0x7ffbfeff, sa_flags=0x10000004
SIGBUS: [libjvm.so+0x9a3bd0], sa_mask[0]=0x7ffbfeff, sa_flags=0x10000004
SIGFPE: [libjvm.so+0x81cb60], sa_mask[0]=0x7ffbfeff, sa_flags=0x10000004
SIGPIPE: [libjvm.so+0x81cb60], sa_mask[0]=0x7ffbfeff, sa_flags=0x10000004
SIGXFSZ: [libjvm.so+0x81cb60], sa_mask[0]=0x7ffbfeff, sa_flags=0x10000004
SIGILL: [libjvm.so+0x81cb60], sa_mask[0]=0x7ffbfeff, sa_flags=0x10000004
SIGUSR1: SIG_DFL, sa_mask[0]=0x00000000, sa_flags=0x00000000
SIGUSR2: [libjvm.so+0x81e360], sa_mask[0]=0x00000004, sa_flags=0x10000004
SIGHUP: [libjvm.so+0x81f480], sa_mask[0]=0x7ffbfeff, sa_flags=0x10000004
SIGINT: [libjvm.so+0x81f480], sa_mask[0]=0x7ffbfeff, sa_flags=0x10000004
SIGTERM: [libjvm.so+0x81f480], sa_mask[0]=0x7ffbfeff, sa_flags=0x10000004
SIGQUIT: [libjvm.so+0x81f480], sa_mask[0]=0x7ffbfeff, sa_flags=0x10000004


---------------  S Y S T E M  ---------------

OS:jessie/sid

uname:Linux 3.13.0-24-generic #46-Ubuntu SMP Thu Apr 10 19:11:08 UTC 2014 x86_64
libc:glibc 2.19 NPTL 2.19 
rlimit: STACK 8192k, CORE 0k, NPROC 63503, NOFILE 4096, AS infinity
load average:0.71 0.61 0.43

/proc/meminfo:
MemTotal:        8159508 kB
MemFree:         1988552 kB
Buffers:          240728 kB
Cached:          1782176 kB
SwapCached:            0 kB
Active:          4538792 kB
Inactive:        1265864 kB
Active(anon):    3784524 kB
Inactive(anon):    48472 kB
Active(file):     754268 kB
Inactive(file):  1217392 kB
Unevictable:           0 kB
Mlocked:               0 kB
SwapTotal:             0 kB
SwapFree:              0 kB
Dirty:              4696 kB
Writeback:             0 kB
AnonPages:       3781952 kB
Mapped:           332936 kB
Shmem:             50996 kB
Slab:             168088 kB
SReclaimable:     120188 kB
SUnreclaim:        47900 kB
KernelStack:        8248 kB
PageTables:        86884 kB
NFS_Unstable:          0 kB
Bounce:                0 kB
WritebackTmp:          0 kB
CommitLimit:     4079752 kB
Committed_AS:   12007080 kB
VmallocTotal:   34359738367 kB
VmallocUsed:      336212 kB
VmallocChunk:   34359318324 kB
HardwareCorrupted:     0 kB
AnonHugePages:   1841152 kB
HugePages_Total:       0
HugePages_Free:        0
HugePages_Rsvd:        0
HugePages_Surp:        0
Hugepagesize:       2048 kB
DirectMap4k:       87080 kB
DirectMap2M:     8284160 kB


CPU:total 4 (4 cores per cpu, 1 threads per core) family 6 model 42 stepping 7, cmov, cx8, fxsr, mmx, sse, sse2, sse3, ssse3, sse4.1, sse4.2, popcnt, avx, aes, tsc, tscinvbit

/proc/cpuinfo:
processor	: 0
vendor_id	: GenuineIntel
cpu family	: 6
model		: 42
model name	: Intel(R) Core(TM) i5-2320 CPU @ 3.00GHz
stepping	: 7
microcode	: 0x1a
cpu MHz		: 1900.000
cache size	: 6144 KB
physical id	: 0
siblings	: 4
core id		: 0
cpu cores	: 4
apicid		: 0
initial apicid	: 0
fpu		: yes
fpu_exception	: yes
cpuid level	: 13
wp		: yes
flags		: fpu vme de pse tsc msr pae mce cx8 apic sep mtrr pge mca cmov pat pse36 clflush dts acpi mmx fxsr sse sse2 ss ht tm pbe syscall nx rdtscp lm constant_tsc arch_perfmon pebs bts rep_good nopl xtopology nonstop_tsc aperfmperf eagerfpu pni pclmulqdq dtes64 monitor ds_cpl vmx est tm2 ssse3 cx16 xtpr pdcm pcid sse4_1 sse4_2 popcnt tsc_deadline_timer aes xsave avx lahf_lm ida arat epb xsaveopt pln pts dtherm tpr_shadow vnmi flexpriority ept vpid
bogomips	: 5986.50
clflush size	: 64
cache_alignment	: 64
address sizes	: 36 bits physical, 48 bits virtual
power management:

processor	: 1
vendor_id	: GenuineIntel
cpu family	: 6
model		: 42
model name	: Intel(R) Core(TM) i5-2320 CPU @ 3.00GHz
stepping	: 7
microcode	: 0x1a
cpu MHz		: 1600.000
cache size	: 6144 KB
physical id	: 0
siblings	: 4
core id		: 1
cpu cores	: 4
apicid		: 2
initial apicid	: 2
fpu		: yes
fpu_exception	: yes
cpuid level	: 13
wp		: yes
flags		: fpu vme de pse tsc msr pae mce cx8 apic sep mtrr pge mca cmov pat pse36 clflush dts acpi mmx fxsr sse sse2 ss ht tm pbe syscall nx rdtscp lm constant_tsc arch_perfmon pebs bts rep_good nopl xtopology nonstop_tsc aperfmperf eagerfpu pni pclmulqdq dtes64 monitor ds_cpl vmx est tm2 ssse3 cx16 xtpr pdcm pcid sse4_1 sse4_2 popcnt tsc_deadline_timer aes xsave avx lahf_lm ida arat epb xsaveopt pln pts dtherm tpr_shadow vnmi flexpriority ept vpid
bogomips	: 5986.50
clflush size	: 64
cache_alignment	: 64
address sizes	: 36 bits physical, 48 bits virtual
power management:

processor	: 2
vendor_id	: GenuineIntel
cpu family	: 6
model		: 42
model name	: Intel(R) Core(TM) i5-2320 CPU @ 3.00GHz
stepping	: 7
microcode	: 0x1a
cpu MHz		: 3001.000
cache size	: 6144 KB
physical id	: 0
siblings	: 4
core id		: 2
cpu cores	: 4
apicid		: 4
initial apicid	: 4
fpu		: yes
fpu_exception	: yes
cpuid level	: 13
wp		: yes
flags		: fpu vme de pse tsc msr pae mce cx8 apic sep mtrr pge mca cmov pat pse36 clflush dts acpi mmx fxsr sse sse2 ss ht tm pbe syscall nx rdtscp lm constant_tsc arch_perfmon pebs bts rep_good nopl xtopology nonstop_tsc aperfmperf eagerfpu pni pclmulqdq dtes64 monitor ds_cpl vmx est tm2 ssse3 cx16 xtpr pdcm pcid sse4_1 sse4_2 popcnt tsc_deadline_timer aes xsave avx lahf_lm ida arat epb xsaveopt pln pts dtherm tpr_shadow vnmi flexpriority ept vpid
bogomips	: 5986.50
clflush size	: 64
cache_alignment	: 64
address sizes	: 36 bits physical, 48 bits virtual
power management:

processor	: 3
vendor_id	: GenuineIntel
cpu family	: 6
model		: 42
model name	: Intel(R) Core(TM) i5-2320 CPU @ 3.00GHz
stepping	: 7
microcode	: 0x1a
cpu MHz		: 3001.000
cache size	: 6144 KB
physical id	: 0
siblings	: 4
core id		: 3
cpu cores	: 4
apicid		: 6
initial apicid	: 6
fpu		: yes
fpu_exception	: yes
cpuid level	: 13
wp		: yes
flags		: fpu vme de pse tsc msr pae mce cx8 apic sep mtrr pge mca cmov pat pse36 clflush dts acpi mmx fxsr sse sse2 ss ht tm pbe syscall nx rdtscp lm constant_tsc arch_perfmon pebs bts rep_good nopl xtopology nonstop_tsc aperfmperf eagerfpu pni pclmulqdq dtes64 monitor ds_cpl vmx est tm2 ssse3 cx16 xtpr pdcm pcid sse4_1 sse4_2 popcnt tsc_deadline_timer aes xsave avx lahf_lm ida arat epb xsaveopt pln pts dtherm tpr_shadow vnmi flexpriority ept vpid
bogomips	: 5986.50
clflush size	: 64
cache_alignment	: 64
address sizes	: 36 bits physical, 48 bits virtual
power management:



Memory: 4k page, physical 8159508k(1988396k free), swap 0k(0k free)

vm_info: Java HotSpot(TM) 64-Bit Server VM (24.76-b04) for linux-amd64 JRE (1.7.0_76-b13), built on Dec 18 2014 16:58:39 by "java_re" with gcc 4.3.0 20080428 (Red Hat 4.3.0-8)

time: Sat Jan 24 20:10:14 2015
elapsed time: 6 seconds

